mFile = /opt/software/qchem/qchem-5.0.1//bin/mpi/machines
Process 0 of 1 is on vega02.cac.cornell.edu - thread support 0
initial socket setup ...start
initial socket setup ...done 
now start server 0 ... 
vega02.cac.cornell.edu 10.84.3
Q-Chem Developer Version! Running on 10.84.3.*
                  Welcome to Q-Chem
     A Quantum Leap Into The Future Of Chemistry


 Q-Chem 5.0, Q-Chem, Inc., Pleasanton, CA (2017)

 Yihan Shao,  Zhengting Gan,  E. Epifanovsky,  A. T. B. Gilbert,  M. Wormit,  
 J. Kussmann,  A. W. Lange,  A. Behn,  Jia Deng,  Xintian Feng,  D. Ghosh,  
 M. Goldey,  P. R. Horn,  L. D. Jacobson,  I. Kaliman,  T. Kus,  A. Landau,  
 Jie Liu,  E. I. Proynov,  R. M. Richard,  R. P. Steele,  E. J. Sundstrom,  
 H. L. Woodcock III,  P. M. Zimmerman,  D. Zuev,  B. Albrecht,  E. Alguire,  
 S. A. Baeppler,  Z. Benda,  Y. A. Bernard,  E. J. Berquist,  K. B. Bravaya,  
 D. Casanova,  Chun-Min Chang,  Yunqing Chen,  A. Chien,  K. D. Closser,  
 M. P. Coons,  S. Dasgupta,  M. Diedenhofen,  Hainam Do,  R. G. Edgar,  
 Po-Tung Fang,  S. Fatehi,  Qingguo Feng,  Qinghui Ge,  A. Ghysels,  
 J. Gomes,  J. Gonthier,  A. Gunina,  M. W. D. Hanson-Heine,  
 P. H. P. Harbach,  A. W. Hauser,  J. E. Herr,  E. G. Hohenstein,  
 Z. C. Holden,  Kerwin Hui,  T.-C. Jagau,  Hyunjun Ji,  B. Kaduk,  
 K. Khistyaev,  Jaehoon Kim,  P. Klunzinger,  K. Koh,  D. Kosenkov,  
 T. Kowalczyk,  C. M. Krauter,  A. Kunitsa,  Ka Un Lao,  A. Laurent,  
 K. V. Lawler,  Joonho Lee,  D. Lefrancois,  S. Lehtola,  D. S. Levine,  
 Yi-Pei Li,  You-Sheng Lin,  Fenglai Liu,  E. Livshits,  A. Luenser,  
 P. Manohar,  E. Mansoor,  S. F. Manzer,  Shan-Ping Mao,  Yuezhi Mao,  
 N. Mardirossian,  A. V. Marenich,  L. A. Martinez-Martinez,  S. A. Maurer,  
 N. J. Mayhall,  S. C. McKenzie,  J.-M. Mewes,  A. F. Morrison,  K. Nanda,  
 T. S. Nguyen-Beck,  R. Olivares-Amaya,  J. A. Parkhill,  T. M. Perrine,  
 F. Plasser,  S. Prager,  A. Prociuk,  D. R. Rehn,  F. Rob,  M. Schneider,  
 N. Sergueev,  S. M. Sharada,  S. Sharma,  D. W. Small,  T. Stauch,  
 T. Stein,  Yu-Chuan Su,  A. J. W. Thom,  T. Tsuchimochi,  L. Vogt,  
 O. Vydrov,  M. A. Watson,  J. Wenzel,  M. de Wergifosse,  T. A. Wesolowski,  
 A. White,  J. Witte,  A. Yamada,  Jun Yang,  K. Yao,  S. Yeganeh,  
 S. R. Yost,  Zhi-Qiang You,  A. Zech,  Igor Ying Zhang,  Xing Zhang,  
 Yan Zhao,  Ying Zhu,  B. R. Brooks,  G. K. L. Chan,  C. J. Cramer,  
 M. S. Gordon,  W. J. Hehre,  A. Klamt,  M. W. Schmidt,  C. D. Sherrill,  
 D. G. Truhlar,  A. Aspuru-Guzik,  R. Baer,  A. T. Bell,  N. A. Besley,  
 Jeng-Da Chai,  A. Dreuw,  B. D. Dunietz,  T. R. Furlani,  Chao-Ping Hsu,  
 Yousung Jung,  Jing Kong,  D. S. Lambrecht,  WanZhen Liang,  C. Ochsenfeld,  
 V. A. Rassolov,  L. V. Slipchenko,  J. E. Subotnik,  T. Van Voorhis,  
 J. M. Herbert,  A. I. Krylov,  P. M. W. Gill,  M. Head-Gordon

 Contributors to earlier versions of Q-Chem not listed above: 
 R. D. Adamson,  B. Austin,  J. Baker,  G. J. O. Beran,  K. Brandhorst,  
 S. T. Brown,  E. F. C. Byrd,  A. K. Chakraborty,  C.-L. Cheng,  
 Siu Hung Chien,  D. M. Chipman,  D. L. Crittenden,  H. Dachsel,  
 R. A. DiStasio Jr.,  R. J. Doerksen,  A. D. Dutoi,  L. Fusti-Molnar,  
 W. A. Goddard III,  A. Golubeva-Zadorozhnaya,  S. R. Gwaltney,  G. Hawkins,  
 A. Heyden,  S. Hirata,  G. Kedziora,  F. J. Keil,  C. Kelley,  Jihan Kim,  
 R. A. King,  R. Z. Khaliullin,  P. P. Korambath,  W. Kurlancheek,  
 A. M. Lee,  M. S. Lee,  S. V. Levchenko,  Ching Yeh Lin,  D. Liotard,  
 R. C. Lochan,  I. Lotan,  P. E. Maslen,  N. Nair,  D. P. O'Neill,  
 D. Neuhauser,  E. Neuscamman,  C. M. Oana,  R. Olson,  B. Peters,  
 R. Peverati,  P. A. Pieniazek,  Y. M. Rhee,  J. Ritchie,  M. A. Rohrdanz,  
 E. Rosta,  N. J. Russ,  H. F. Schaefer III,  N. E. Schultz,  N. Shenvi,  
 A. C. Simmonett,  A. Sodt,  D. Stuck,  K. S. Thanthiriwatte,  V. Vanovschi,  
 Tao Wang,  A. Warshel,  C. F. Williams,  Q. Wu,  X. Xu,  W. Zhang

 Please cite Q-Chem as follows:
 Y. Shao et al., Mol. Phys. 113, 184-215 (2015)
 DOI: 10.1080/00268976.2014.952696

 Q-Chem 5.0.1 for Intel X86 EM64T Linux

 Parts of Q-Chem use Armadillo 5.200.1 (Boston Tea Smuggler).
 http://arma.sourceforge.net/

 Q-Chem begins on Sat Jan 13 08:13:47 2018  

Host: vega02.cac.cornell.edu
0

     Scratch files written to /scratch/jj585/SOT1001/0016c.save//
 Parallel job on  1  processors

Checking the input file for inconsistencies... 	...done.

--------------------------------------------------------------
User input:
--------------------------------------------------------------
$molecule
0  1
O -3.94934 -3.66094 2.70899
C -3.26408 -4.56952 2.26188
C -3.36658 -6.02376 2.66595
C -3.18715 -7.07505 1.5585
C -2.74922 -6.56083 0.20502
O -3.83866 -6.1552 -0.51193
C -4.91949 -5.70559 0.31203
C -4.38177 -5.144 1.62413
O -4.02159 -3.76398 1.45474
C -4.72058 -3.09096 0.50733
C -6.21118 -3.31138 0.60829
C -7.04799 -2.56949 -0.44414
C -6.28194 -2.02253 -1.63187
O -5.70889 -0.94329 -1.66966
O -1.90542 -4.28012 1.95334
O -6.10358 -2.88707 -2.66555
O -4.24801 -2.0359 0.11909
C -5.37896 -2.60144 -3.80339
C -7.37817 -4.46404 0.72696
C -8.65595 -3.93468 1.42321
C -9.33109 -3.23075 0.27774
C -8.26909 -3.40561 -0.79429
O -7.81091 -4.69965 -0.59024
H -6.35708 -2.80325 1.58831
H -7.398 -1.61304 0.01262
H -7.23959 -5.41194 1.26389
H -9.3219 -4.77356 1.73198
H -8.43302 -3.30597 2.31151
H -10.22395 -3.81617 -0.03975
H -9.62901 -2.17907 0.4792
H -8.68557 -3.18412 -1.80139
O -1.6608 -6.74591 -0.32029
C -1.33271 -3.02374 1.95463
C -2.11037 -6.39534 3.54127
C -2.35527 -7.62703 4.41993
C -2.40797 -8.70285 3.36652
C -1.9991 -7.88797 2.13256
O -1.16088 -6.88466 2.63371
H -4.11931 -6.27174 3.51133
H -4.02366 -7.80359 1.44953
H -1.42052 -2.56761 2.96373
H -1.76678 -5.55892 4.19089
H -1.43082 -7.76723 5.02628
H -3.22698 -7.59346 5.10824
H -1.64958 -9.47693 3.61918
H -3.40248 -9.17787 3.22262
H -1.54542 -8.57033 1.37944
H -1.82274 -2.37143 1.20338
H -0.2583 -3.11726 1.69444
H -5.40124 -3.48143 -4.47848
H -4.32293 -2.37928 -3.53903
H -5.82518 -1.73227 -4.33256
H -5.43777 -5.18213 2.16559
H -5.43777 -5.18213 2.16559
H -5.53276 -6.61981 0.50402
H -5.51575 -5.22117 -0.45693
$end

$opt
CONSTRAINT
tors           1           2           3           4    +142.105
tors           3           4           5           6     -85.263
tors           4           5           6           7     +28.421
tors           5           6           7           8     +28.421
tors           6           7           8           9     +85.263
tors           7           8           9          10     +28.421
tors           8           9          10          11     +47.368
tors           9          10          11          12    -180.000
tors          11          12          13          14     -85.263
ENDCONSTRAINT
$end

$rem
JOBTYPE                   OPT
METHOD                    B3LYP
DFT_D                     d3_op
BASIS                     STO-3G
GEOM_OPT_MAX_CYCLES       100
GEOM_OPT_TOL_GRADIENT     300
GEOM_OPT_TOL_DISPLACEMENT 1200
GEOM_OPT_TOL_ENERGY       100
SYMMETRY                  False
THRESH                    12
SCF_CONVERGENCE           8
MAX_SUB_FILE_NUM          128
MEM_STATIC                400
MEM_TOTAL                 4000
$end
--------------------------------------------------------------
 Adding empirical dispersion correction 
 ----------------------------------------------------------------
 Doing -D3(op) with
 s6 =   1.00000
 s8 =   0.78311
 a1 =   0.30000
 a2 =   4.25000
 n  =  10.00000
 -D3 energy without 3body term =               NaN hartrees
 ----------------------------------------------------------------
             Standard Nuclear Orientation (Angstroms)
    I     Atom           X                Y                Z
 ----------------------------------------------------------------
    1      O       0.8191386190    -0.0757375553     2.0619317182
    2      C       1.5493750024     0.2445805546     1.1350242963
    3      C       2.4775490876    -0.6884615149     0.3890228508
    4      C       2.6145209283    -0.4786000108    -1.1278977652
    5      C       1.9466374469     0.7514092125    -1.7015892934
    6      O       0.6345045346     0.4841335904    -1.9704823492
    7      C       0.0791734283    -0.5238263763    -1.1190853851
    8      C       0.7930282207    -0.5251663317     0.2287061702
    9      O       0.1960972765     0.4484902545     1.0996505454
   10      C      -1.1161897975     0.7057846604     0.8741935146
   11      C      -1.9441414995    -0.5481564987     0.7232173359
   12      C      -3.4392047559    -0.3096266116     0.4660209023
   13      C      -3.8216771504     1.0957358498     0.0472469580
   14      O      -4.0456008867     2.0259124464     0.8083008481
   15      O       2.1468466655     1.5352063485     1.1821301251
   16      O      -3.7502350708     1.3523323462    -1.2857160238
   17      O      -1.5705269754     1.7250332972     1.3660413073
   18      C      -3.9927632628     2.5842872907    -1.8556332087
   19      C      -2.0375372007    -1.9917075104    -0.0590939988
   20      C      -2.8326243933    -3.0460359172     0.7495689515
   21      C      -4.2454140342    -2.6585562383     0.4070519236
   22      C      -3.9774169152    -1.4171436431    -0.4264591161
   23      O      -2.8614979623    -1.7630093047    -1.1755964008
   24      H      -1.8263108942    -0.9147756577     1.7680275809
   25      H      -3.9660222027    -0.3647942627     1.4485447994
   26      H      -1.1572923888    -2.5838678826    -0.3428682329
   27      H      -2.6658425131    -4.0714737302     0.3455775335
   28      H      -2.5795358633    -3.0393773456     1.8312125150
   29      H      -4.6840243870    -3.4260716569    -0.2706327351
   30      H      -4.9176991548    -2.5051152727     1.2787524840
   31      H      -4.8839660803    -1.1245377849    -1.0003181959
   32      O       2.5129033576     1.7356845768    -2.1548091347
   33      C       1.8456789191     2.5255886958     2.0958751155
   34      C       3.9625269457    -0.3610996720     0.8013277719
   35      C       4.9125130149    -1.5354430234     0.5414743073
   36      C       4.9344752214    -1.5355083728    -0.9649639582
   37      C       4.1431484098    -0.2508845714    -1.2431813898
   38      O       4.4094548637     0.5732554297    -0.1430590430
   39      H       2.5335915735    -1.7787013347     0.7776103607
   40      H       2.3966629078    -1.3727107231    -1.7567839948
   41      H       2.0454471832     2.1640735867     3.1271110001
   42      H       4.0630791230    -0.0525667748     1.8663889719
   43      H       5.9135829140    -1.2156149573     0.9122751032
   44      H       4.6561587381    -2.5086458213     1.0125737917
   45      H       5.9922864890    -1.4486130864    -1.2991448155
   46      H       4.4547985554    -2.4149214293    -1.4465699409
   47      H       4.4408050125     0.1522218108    -2.2369299686
   48      H       0.7834051370     2.8307144226     2.0037501885
   49      H       2.4859348685     3.4088390421     1.8940266092
   50      H      -3.8670012565     2.5068084642    -2.9550904638
   51      H      -3.2732714473     3.3352585312    -1.4647184360
   52      H      -5.0323241226     2.9091654362    -1.6357307856
   53      H       0.3784281244    -1.5941517591     0.5371632090
   54      H       0.3784281244    -1.5941517591     0.5371632090
   55      H       0.2636413204    -1.4861029068    -1.6564436798
   56      H      -0.9715808271    -0.3643184138    -1.3470347440
 ----------------------------------------------------------------
 Molecular Point Group                 C1    NOp =  1
 Largest Abelian Subgroup              C1    NOp =  1
 Nuclear Repulsion Energy =              NaN hartrees
 There are      113 alpha and      113 beta electrons
 Requested basis set is STO-3G
 There are 86 shells and 176 basis functions

 Total QAlloc Memory Limit   4000 MB
 Mega-Array Size       392 MB
 MEM_STATIC part       400 MB
 A cutoff of  1.0D-12 yielded   2582 shell pairs
 There are     12332 function pairs
 
 -------------------------------------------------------
 OpenMP Integral Computing Module                       
 Release: version 1.0, May 2013, Q-Chem Inc. Pittsburgh 
 -------------------------------------------------------
 Integral Job Info:
 Integral job number is                      11
 Integral operator is                         1
 short-range coefficients                     0
 long-range coefficients              100000000
 Omega coefficients                           0
 if combine SR and LR in K                    0
 Integral screening is                        0
 Integral computing path is                   2
 max size of driver memory is            800000
 size of driver memory is                 45569
 size of scratch memory is              1046100
 max col of scratch BK array                289
 max len of scratch array in speh3           22
 max len of scratch index in speh4            8
 max int batch size is                      520
 min int batch size is                       52
 fixed nKL is                                52
 max L of basis functions is                  1
 order of int derivative is                   0
 number of shells is                         86
 number of basis is                         176
 number of cartesian basis is               176
 number of contracted shell pairs          2582
 number of primitive shell pairs          13254
 maxK2 (contraction) of shell pair            9
 max number of K2 of shell pair               1
 max number of CS2 of shell pair            382
 max number of PS2 of shell pair           1554
 mem total for path MDJ                   55786
 -------------------------------------------------------
 Smallest overlap matrix eigenvalue = 3.81E-17
 Linear dependence detected in AO basis
 Number of orthogonalized atomic orbitals = 175
 Maximum deviation from orthogonality = 2.998E-15

 Scale SEOQF with 1.000000e-02/1.000000e-01/1.000000e-01

 Standard Electronic Orientation quadrupole field applied
 Nucleus-field energy     =     0.0000000080 hartrees
 Guess from superposition of atomic densities
 Warning:  Energy on first SCF cycle will be non-variational
 A restricted hybrid HF-DFT SCF calculation will be
 performed using Pulay DIIS extrapolation
 Exchange:     0.2000 Hartree-Fock + 0.0800 Slater + 0.7200 B88
 Correlation:  0.1900 VWN1RPA + 0.8100 LYP
 Using SG-1 standard quadrature grid
 Dispersion:   Grimme D3
 SCF converges when DIIS error is below 1.0E-08
 using 48 threads for integral computing
 -------------------------------------------------------
 OpenMP Integral computing Module                
 Release: version 1.0, May 2013, Q-Chem Inc. Pittsburgh 
 -------------------------------------------------------
 -------------------------------------------------------
 OpenMP BLAS3 based DFT computing Module                
 Release: version 1.0, May 2013, Q-Chem Inc. Pittsburgh 
 -------------------------------------------------------
 ---------------------------------------
  Cycle       Energy         DIIS Error
 ---------------------------------------
    1               -nan          -NAN
    2               -nan          -NAN Convergence criterion met
 ---------------------------------------
 SCF time:  CPU 14.22 s  wall 0.36 s
 SCF   energy in the final basis set = -nan
 Total energy in the final basis set = -nan
 
 --------------------------------------------------------------
 
                    Orbital Energies (a.u.)
 --------------------------------------------------------------
 
 Alpha MOs
 -- Occupied --
    NaN     NaN     NaN     NaN     NaN     NaN     NaN     NaN
    NaN     NaN     NaN     NaN     NaN     NaN     NaN     NaN
    NaN     NaN     NaN     NaN     NaN     NaN     NaN     NaN
    NaN     NaN     NaN     NaN     NaN     NaN     NaN     NaN
    NaN     NaN     NaN     NaN     NaN     NaN     NaN     NaN
    NaN     NaN     NaN     NaN     NaN     NaN     NaN     NaN
    NaN     NaN     NaN     NaN     NaN     NaN     NaN     NaN
    NaN     NaN     NaN     NaN     NaN     NaN     NaN     NaN
    NaN     NaN     NaN     NaN     NaN     NaN     NaN     NaN
    NaN     NaN     NaN     NaN     NaN     NaN     NaN     NaN
    NaN     NaN     NaN     NaN     NaN     NaN     NaN     NaN
    NaN     NaN     NaN     NaN     NaN     NaN     NaN     NaN
    NaN     NaN     NaN     NaN     NaN     NaN     NaN     NaN
    NaN     NaN     NaN     NaN     NaN     NaN     NaN     NaN
    NaN
 -- Virtual --
    NaN     NaN     NaN     NaN     NaN     NaN     NaN     NaN
    NaN     NaN     NaN     NaN     NaN     NaN     NaN     NaN
    NaN     NaN     NaN     NaN     NaN     NaN     NaN     NaN
    NaN     NaN     NaN     NaN     NaN     NaN     NaN     NaN
    NaN     NaN     NaN     NaN     NaN     NaN     NaN     NaN
    NaN     NaN     NaN     NaN     NaN     NaN     NaN     NaN
    NaN     NaN     NaN     NaN     NaN     NaN     NaN     NaN
    NaN     NaN     NaN     NaN     NaN     NaN
 --------------------------------------------------------------
 
          Ground-State Mulliken Net Atomic Charges

     Atom                 Charge (a.u.)
  ----------------------------------------
      1 O                          NaN
      2 C                          NaN
      3 C                          NaN
      4 C                          NaN
      5 C                          NaN
      6 O                          NaN
      7 C                          NaN
      8 C                          NaN
      9 O                          NaN
     10 C                          NaN
     11 C                          NaN
     12 C                          NaN
     13 C                          NaN
     14 O                          NaN
     15 O                          NaN
     16 O                          NaN
     17 O                          NaN
     18 C                          NaN
     19 C                          NaN
     20 C                          NaN
     21 C                          NaN
     22 C                          NaN
     23 O                          NaN
     24 H                          NaN
     25 H                          NaN
     26 H                          NaN
     27 H                          NaN
     28 H                          NaN
     29 H                          NaN
     30 H                          NaN
     31 H                          NaN
     32 O                          NaN
     33 C                          NaN
     34 C                          NaN
     35 C                          NaN
     36 C                          NaN
     37 C                          NaN
     38 O                          NaN
     39 H                          NaN
     40 H                          NaN
     41 H                          NaN
     42 H                          NaN
     43 H                          NaN
     44 H                          NaN
     45 H                          NaN
     46 H                          NaN
     47 H                          NaN
     48 H                          NaN
     49 H                          NaN
     50 H                          NaN
     51 H                          NaN
     52 H                          NaN
     53 H                          NaN
     54 H                          NaN
     55 H                          NaN
     56 H                          NaN
  ----------------------------------------
  Sum of atomic charges =          NaN

 -----------------------------------------------------------------
                    Cartesian Multipole Moments
 -----------------------------------------------------------------
    Charge (ESU x 10^10)
                    NaN
    Dipole Moment (Debye)
         X          NaN      Y          NaN      Z          NaN
       Tot          NaN
    Quadrupole Moments (Debye-Ang)
        XX          NaN     XY          NaN     YY          NaN
        XZ          NaN     YZ          NaN     ZZ          NaN
    Octopole Moments (Debye-Ang^2)
       XXX          NaN    XXY          NaN    XYY          NaN
       YYY          NaN    XXZ          NaN    XYZ          NaN
       YYZ          NaN    XZZ          NaN    YZZ          NaN
       ZZZ          NaN
    Hexadecapole Moments (Debye-Ang^3)
      XXXX          NaN   XXXY          NaN   XXYY          NaN
      XYYY          NaN   YYYY          NaN   XXXZ          NaN
      XXYZ          NaN   XYYZ          NaN   YYYZ          NaN
      XXZZ          NaN   XYZZ          NaN   YYZZ          NaN
      XZZZ          NaN   YZZZ          NaN   ZZZZ          NaN
 -----------------------------------------------------------------
 Calculating analytic gradient of the SCF energy
 Gradient of SCF Energy
            1           2           3           4           5           6
    1         nan         nan         nan         nan         nan         nan
    2         nan         nan         nan         nan         nan         nan
    3         nan         nan         nan         nan         nan         nan
            7           8           9          10          11          12
    1         nan         nan         nan         nan         nan         nan
    2         nan         nan         nan         nan         nan         nan
    3         nan         nan         nan         nan         nan         nan
           13          14          15          16          17          18
    1         nan         nan         nan         nan         nan         nan
    2         nan         nan         nan         nan         nan         nan
    3         nan         nan         nan         nan         nan         nan
           19          20          21          22          23          24
    1         nan         nan         nan         nan         nan         nan
    2         nan         nan         nan         nan         nan         nan
    3         nan         nan         nan         nan         nan         nan
           25          26          27          28          29          30
    1         nan         nan         nan         nan         nan         nan
    2         nan         nan         nan         nan         nan         nan
    3         nan         nan         nan         nan         nan         nan
           31          32          33          34          35          36
    1         nan         nan         nan         nan         nan         nan
    2         nan         nan         nan         nan         nan         nan
    3         nan         nan         nan         nan         nan         nan
           37          38          39          40          41          42
    1         nan         nan         nan         nan         nan         nan
    2         nan         nan         nan         nan         nan         nan
    3         nan         nan         nan         nan         nan         nan
           43          44          45          46          47          48
    1         nan         nan         nan         nan         nan         nan
    2         nan         nan         nan         nan         nan         nan
    3         nan         nan         nan         nan         nan         nan
           49          50          51          52          53          54
    1         nan         nan         nan         nan        -nan        -nan
    2         nan         nan         nan         nan        -nan        -nan
    3         nan         nan         nan         nan        -nan        -nan
           55          56
    1         nan         nan
    2         nan         nan
    3         nan         nan
 Max gradient component =       0.000E+00
 RMS gradient           =             NAN
 Gradient time:  CPU 23.53 s  wall 0.51 s
 Geometry Optimization Parameters
   NAtoms,    NIC,     NZ,  NCons,   NDum,   NFix, NCnnct, MaxDiis
       56     627       0       9       0       0       0       0


** CONSTRAINED OPTIMIZATION IN DELOCALIZED INTERNAL COORDINATES **
   Searching for a Minimum

   Optimization Cycle:   1

                       Coordinates (Angstroms)
     ATOM                X               Y               Z
      1  O         0.8191386190   -0.0757375553    2.0619317182
      2  C         1.5493750024    0.2445805546    1.1350242963
      3  C         2.4775490876   -0.6884615149    0.3890228508
      4  C         2.6145209283   -0.4786000108   -1.1278977652
      5  C         1.9466374469    0.7514092125   -1.7015892934
      6  O         0.6345045346    0.4841335904   -1.9704823492
      7  C         0.0791734283   -0.5238263763   -1.1190853851
      8  C         0.7930282207   -0.5251663317    0.2287061702
      9  O         0.1960972765    0.4484902545    1.0996505454
     10  C        -1.1161897975    0.7057846604    0.8741935146
     11  C        -1.9441414995   -0.5481564987    0.7232173359
     12  C        -3.4392047559   -0.3096266116    0.4660209023
     13  C        -3.8216771504    1.0957358498    0.0472469580
     14  O        -4.0456008867    2.0259124464    0.8083008481
     15  O         2.1468466655    1.5352063485    1.1821301251
     16  O        -3.7502350708    1.3523323462   -1.2857160238
     17  O        -1.5705269754    1.7250332972    1.3660413073
     18  C        -3.9927632628    2.5842872907   -1.8556332087
     19  C        -2.0375372007   -1.9917075104   -0.0590939988
     20  C        -2.8326243933   -3.0460359172    0.7495689515
     21  C        -4.2454140342   -2.6585562383    0.4070519236
     22  C        -3.9774169152   -1.4171436431   -0.4264591161
     23  O        -2.8614979623   -1.7630093047   -1.1755964008
     24  H        -1.8263108942   -0.9147756577    1.7680275809
     25  H        -3.9660222027   -0.3647942627    1.4485447994
     26  H        -1.1572923888   -2.5838678826   -0.3428682329
     27  H        -2.6658425131   -4.0714737302    0.3455775335
     28  H        -2.5795358633   -3.0393773456    1.8312125150
     29  H        -4.6840243870   -3.4260716569   -0.2706327351
     30  H        -4.9176991548   -2.5051152727    1.2787524840
     31  H        -4.8839660803   -1.1245377849   -1.0003181959
     32  O         2.5129033576    1.7356845768   -2.1548091347
     33  C         1.8456789191    2.5255886958    2.0958751155
     34  C         3.9625269457   -0.3610996720    0.8013277719
     35  C         4.9125130149   -1.5354430234    0.5414743073
     36  C         4.9344752214   -1.5355083728   -0.9649639582
     37  C         4.1431484098   -0.2508845714   -1.2431813898
     38  O         4.4094548637    0.5732554297   -0.1430590430
     39  H         2.5335915735   -1.7787013347    0.7776103607
     40  H         2.3966629078   -1.3727107231   -1.7567839948
     41  H         2.0454471832    2.1640735867    3.1271110001
     42  H         4.0630791230   -0.0525667748    1.8663889719
     43  H         5.9135829140   -1.2156149573    0.9122751032
     44  H         4.6561587381   -2.5086458213    1.0125737917
     45  H         5.9922864890   -1.4486130864   -1.2991448155
     46  H         4.4547985554   -2.4149214293   -1.4465699409
     47  H         4.4408050125    0.1522218108   -2.2369299686
     48  H         0.7834051370    2.8307144226    2.0037501885
     49  H         2.4859348685    3.4088390421    1.8940266092
     50  H        -3.8670012565    2.5068084642   -2.9550904638
     51  H        -3.2732714473    3.3352585312   -1.4647184360
     52  H        -5.0323241226    2.9091654362   -1.6357307856
     53  H         0.3784281244   -1.5941517591    0.5371632090
     54  H         0.3784281244   -1.5941517591    0.5371632090
     55  H         0.2636413204   -1.4861029068   -1.6564436798
     56  H        -0.9715808271   -0.3643184138   -1.3470347440
   Point Group: c1    Number of degrees of freedom:   162


   Energy is              NaN

              Constraints and their Current Values
                                        Value     Constraint
   Dihedral:        1   2   3   4      142.105      142.105
   Dihedral:        3   4   5   6      -85.263      -85.263
   Dihedral:        4   5   6   7       28.421       28.421
   Dihedral:        5   6   7   8       28.421       28.421
   Dihedral:        6   7   8   9       85.263       85.263
   Dihedral:        7   8   9  10       28.421       28.421
   Dihedral:        8   9  10  11       47.368       47.368
   Dihedral:        9  10  11  12     -180.000     -180.000
   Dihedral:       11  12  13  14      -85.263      -85.263

 Attempting to Generate Delocalized Internal Coordinates

  ***ERROR*** Wrong Number of Internal Coordinates
              Should be: 162  Found: 151
**WARNING** Problems with Internal Coordinates
  Switching to Cartesian Coordinates

   Using Penalty Function Algorithm


 Translations and Rotations Projected Out of Hessian

162 Hessian modes will be used to form the next step
  Hessian Eigenvalues:
     0.999953    0.999963    0.999964    0.999974    0.999977    0.999979
     0.999983    0.999984    0.999989    0.999991    0.999993    0.999993
     0.999996    0.999997    0.999998    0.999999    0.999999    1.000000
     1.000000    1.000000    1.000000    1.000000    1.000000    1.000000
     1.000000    1.000000    1.000000    1.000000    1.000000    1.000000
     1.000000    1.000000    1.000000    1.000000    1.000000    1.000000
     1.000000    1.000000    1.000000    1.000000    1.000000    1.000000
     1.000000    1.000000    1.000000    1.000000    1.000000    1.000000
     1.000000    1.000000    1.000000    1.000000    1.000000    1.000000
     1.000000    1.000000    1.000000    1.000000    1.000000    1.000000
     1.000000    1.000000    1.000000    1.000000    1.000000    1.000000
     1.000000    1.000000    1.000000    1.000000    1.000000    1.000000
     1.000000    1.000000    1.000000    1.000000    1.000000    1.000000
     1.000000    1.000000    1.000000    1.000000    1.000000    1.000000
     1.000000    1.000000    1.000000    1.000000    1.000000    1.000000
     1.000000    1.000000    1.000000    1.000000    1.000000    1.000000
     1.000000    1.000000    1.000000    1.000000    1.000000    1.000000
     1.000000    1.000000    1.000000    1.000000    1.000000    1.000000
     1.000000    1.000000    1.000000    1.000000    1.000000    1.000000
     1.000000    1.000000    1.000000    1.000000    1.000000    1.000000
     1.000000    1.000000    1.000000    1.000000    1.000000    1.000000
     1.000000    1.000000    1.000000    1.000000    1.000000    1.000000
     1.000000    1.000000    1.000000    1.000000    1.000000    1.000000
     1.000000    1.000001    1.000001    1.000003    1.000004    1.000006
     1.000008    1.000009    1.000014    1.000015    1.000021    1.000023
     1.000030    1.000042    1.000046    1.000061    1.256837    1.502691
     2.465215    4.312269    6.940567   12.382132   15.564142   16.344564

 Minimum Search - Taking Simple RFO Step
 Searching for Lamda that Minimizes Along All modes


 ****************************************
 ** UNABLE TO DETERMINE Lamda IN FormD **
 ****************************************



 Taking Simple Newton-Raphson Step
 Step Taken.  Stepsize is       NaN

                             Maximum     Tolerance    Cnvgd?
         Gradient                NaN      0.000300      NO
         Displacement            NaN      0.001200      NO
         Energy change           NaN      0.000001      NO

 Adding empirical dispersion correction 
 ----------------------------------------------------------------
 Doing -D3(op) with
 s6 =   1.00000
 s8 =   0.78311
 a1 =   0.30000
 a2 =   4.25000
 n  =  10.00000
 -D3 energy without 3body term =               NaN hartrees
 ----------------------------------------------------------------
             Standard Nuclear Orientation (Angstroms)
    I     Atom           X                Y                Z
 ----------------------------------------------------------------
    1      O                NaN              NaN              NaN
    2      C                NaN              NaN              NaN
    3      C                NaN              NaN              NaN
    4      C                NaN              NaN              NaN
    5      C                NaN              NaN              NaN
    6      O                NaN              NaN              NaN
    7      C                NaN              NaN              NaN
    8      C                NaN              NaN              NaN
    9      O                NaN              NaN              NaN
   10      C                NaN              NaN              NaN
   11      C                NaN              NaN              NaN
   12      C                NaN              NaN              NaN
   13      C                NaN              NaN              NaN
   14      O                NaN              NaN              NaN
   15      O                NaN              NaN              NaN
   16      O                NaN              NaN              NaN
   17      O                NaN              NaN              NaN
   18      C                NaN              NaN              NaN
   19      C                NaN              NaN              NaN
   20      C                NaN              NaN              NaN
   21      C                NaN              NaN              NaN
   22      C                NaN              NaN              NaN
   23      O                NaN              NaN              NaN
   24      H                NaN              NaN              NaN
   25      H                NaN              NaN              NaN
   26      H                NaN              NaN              NaN
   27      H                NaN              NaN              NaN
   28      H                NaN              NaN              NaN
   29      H                NaN              NaN              NaN
   30      H                NaN              NaN              NaN
   31      H                NaN              NaN              NaN
   32      O                NaN              NaN              NaN
   33      C                NaN              NaN              NaN
   34      C                NaN              NaN              NaN
   35      C                NaN              NaN              NaN
   36      C                NaN              NaN              NaN
   37      C                NaN              NaN              NaN
   38      O                NaN              NaN              NaN
   39      H                NaN              NaN              NaN
   40      H                NaN              NaN              NaN
   41      H                NaN              NaN              NaN
   42      H                NaN              NaN              NaN
   43      H                NaN              NaN              NaN
   44      H                NaN              NaN              NaN
   45      H                NaN              NaN              NaN
   46      H                NaN              NaN              NaN
   47      H                NaN              NaN              NaN
   48      H                NaN              NaN              NaN
   49      H                NaN              NaN              NaN
   50      H                NaN              NaN              NaN
   51      H                NaN              NaN              NaN
   52      H                NaN              NaN              NaN
   53      H                NaN              NaN              NaN
   54      H                NaN              NaN              NaN
   55      H                NaN              NaN              NaN
   56      H                NaN              NaN              NaN
 ----------------------------------------------------------------
 Molecular Point Group                 C1    NOp =  1
 Largest Abelian Subgroup              C1    NOp =  1
 Nuclear Repulsion Energy =              NaN hartrees
 There are      113 alpha and      113 beta electrons
 Applying Cartesian multipole field
    Component          Value
    ---------          -----
     (2,0,0)        1.00000E-12
     (0,2,0)        2.00000E-11
     (0,0,2)       -3.00000E-11
 Requested basis set is STO-3G
 There are 86 shells and 176 basis functions
