mFile = /opt/software/qchem/qchem-5.0.1//bin/mpi/machines
Process 0 of 1 is on vega02.cac.cornell.edu - thread support 0
initial socket setup ...start
initial socket setup ...done 
now start server 0 ... 
vega02.cac.cornell.edu 10.84.3
Q-Chem Developer Version! Running on 10.84.3.*
                  Welcome to Q-Chem
     A Quantum Leap Into The Future Of Chemistry


 Q-Chem 5.0, Q-Chem, Inc., Pleasanton, CA (2017)

 Yihan Shao,  Zhengting Gan,  E. Epifanovsky,  A. T. B. Gilbert,  M. Wormit,  
 J. Kussmann,  A. W. Lange,  A. Behn,  Jia Deng,  Xintian Feng,  D. Ghosh,  
 M. Goldey,  P. R. Horn,  L. D. Jacobson,  I. Kaliman,  T. Kus,  A. Landau,  
 Jie Liu,  E. I. Proynov,  R. M. Richard,  R. P. Steele,  E. J. Sundstrom,  
 H. L. Woodcock III,  P. M. Zimmerman,  D. Zuev,  B. Albrecht,  E. Alguire,  
 S. A. Baeppler,  Z. Benda,  Y. A. Bernard,  E. J. Berquist,  K. B. Bravaya,  
 D. Casanova,  Chun-Min Chang,  Yunqing Chen,  A. Chien,  K. D. Closser,  
 M. P. Coons,  S. Dasgupta,  M. Diedenhofen,  Hainam Do,  R. G. Edgar,  
 Po-Tung Fang,  S. Fatehi,  Qingguo Feng,  Qinghui Ge,  A. Ghysels,  
 J. Gomes,  J. Gonthier,  A. Gunina,  M. W. D. Hanson-Heine,  
 P. H. P. Harbach,  A. W. Hauser,  J. E. Herr,  E. G. Hohenstein,  
 Z. C. Holden,  Kerwin Hui,  T.-C. Jagau,  Hyunjun Ji,  B. Kaduk,  
 K. Khistyaev,  Jaehoon Kim,  P. Klunzinger,  K. Koh,  D. Kosenkov,  
 T. Kowalczyk,  C. M. Krauter,  A. Kunitsa,  Ka Un Lao,  A. Laurent,  
 K. V. Lawler,  Joonho Lee,  D. Lefrancois,  S. Lehtola,  D. S. Levine,  
 Yi-Pei Li,  You-Sheng Lin,  Fenglai Liu,  E. Livshits,  A. Luenser,  
 P. Manohar,  E. Mansoor,  S. F. Manzer,  Shan-Ping Mao,  Yuezhi Mao,  
 N. Mardirossian,  A. V. Marenich,  L. A. Martinez-Martinez,  S. A. Maurer,  
 N. J. Mayhall,  S. C. McKenzie,  J.-M. Mewes,  A. F. Morrison,  K. Nanda,  
 T. S. Nguyen-Beck,  R. Olivares-Amaya,  J. A. Parkhill,  T. M. Perrine,  
 F. Plasser,  S. Prager,  A. Prociuk,  D. R. Rehn,  F. Rob,  M. Schneider,  
 N. Sergueev,  S. M. Sharada,  S. Sharma,  D. W. Small,  T. Stauch,  
 T. Stein,  Yu-Chuan Su,  A. J. W. Thom,  T. Tsuchimochi,  L. Vogt,  
 O. Vydrov,  M. A. Watson,  J. Wenzel,  M. de Wergifosse,  T. A. Wesolowski,  
 A. White,  J. Witte,  A. Yamada,  Jun Yang,  K. Yao,  S. Yeganeh,  
 S. R. Yost,  Zhi-Qiang You,  A. Zech,  Igor Ying Zhang,  Xing Zhang,  
 Yan Zhao,  Ying Zhu,  B. R. Brooks,  G. K. L. Chan,  C. J. Cramer,  
 M. S. Gordon,  W. J. Hehre,  A. Klamt,  M. W. Schmidt,  C. D. Sherrill,  
 D. G. Truhlar,  A. Aspuru-Guzik,  R. Baer,  A. T. Bell,  N. A. Besley,  
 Jeng-Da Chai,  A. Dreuw,  B. D. Dunietz,  T. R. Furlani,  Chao-Ping Hsu,  
 Yousung Jung,  Jing Kong,  D. S. Lambrecht,  WanZhen Liang,  C. Ochsenfeld,  
 V. A. Rassolov,  L. V. Slipchenko,  J. E. Subotnik,  T. Van Voorhis,  
 J. M. Herbert,  A. I. Krylov,  P. M. W. Gill,  M. Head-Gordon

 Contributors to earlier versions of Q-Chem not listed above: 
 R. D. Adamson,  B. Austin,  J. Baker,  G. J. O. Beran,  K. Brandhorst,  
 S. T. Brown,  E. F. C. Byrd,  A. K. Chakraborty,  C.-L. Cheng,  
 Siu Hung Chien,  D. M. Chipman,  D. L. Crittenden,  H. Dachsel,  
 R. A. DiStasio Jr.,  R. J. Doerksen,  A. D. Dutoi,  L. Fusti-Molnar,  
 W. A. Goddard III,  A. Golubeva-Zadorozhnaya,  S. R. Gwaltney,  G. Hawkins,  
 A. Heyden,  S. Hirata,  G. Kedziora,  F. J. Keil,  C. Kelley,  Jihan Kim,  
 R. A. King,  R. Z. Khaliullin,  P. P. Korambath,  W. Kurlancheek,  
 A. M. Lee,  M. S. Lee,  S. V. Levchenko,  Ching Yeh Lin,  D. Liotard,  
 R. C. Lochan,  I. Lotan,  P. E. Maslen,  N. Nair,  D. P. O'Neill,  
 D. Neuhauser,  E. Neuscamman,  C. M. Oana,  R. Olson,  B. Peters,  
 R. Peverati,  P. A. Pieniazek,  Y. M. Rhee,  J. Ritchie,  M. A. Rohrdanz,  
 E. Rosta,  N. J. Russ,  H. F. Schaefer III,  N. E. Schultz,  N. Shenvi,  
 A. C. Simmonett,  A. Sodt,  D. Stuck,  K. S. Thanthiriwatte,  V. Vanovschi,  
 Tao Wang,  A. Warshel,  C. F. Williams,  Q. Wu,  X. Xu,  W. Zhang

 Please cite Q-Chem as follows:
 Y. Shao et al., Mol. Phys. 113, 184-215 (2015)
 DOI: 10.1080/00268976.2014.952696

 Q-Chem 5.0.1 for Intel X86 EM64T Linux

 Parts of Q-Chem use Armadillo 5.200.1 (Boston Tea Smuggler).
 http://arma.sourceforge.net/

 Q-Chem begins on Sat Jan 13 17:52:17 2018  

Host: vega02.cac.cornell.edu
0

     Scratch files written to /scratch/jj585/SOT1001/0157c.save//
 Parallel job on  1  processors

Checking the input file for inconsistencies... 	...done.

--------------------------------------------------------------
User input:
--------------------------------------------------------------
$molecule
0  1
O -3.94934 -3.66094 2.70899
C -3.26408 -4.56952 2.26188
C -3.36658 -6.02376 2.66595
C -4.55778 -6.42467 3.55148
C -5.60993 -5.36381 3.78738
O -5.37997 -4.29275 2.97168
C -4.37078 -4.54107 1.98724
C -3.99766 -6.01987 1.97842
O -4.91618 -6.76125 2.79668
C -6.00231 -6.07176 3.2257
C -6.13989 -4.72048 2.56556
C -5.18309 -4.47394 1.38997
C -4.49914 -5.70297 0.8257
O -4.76863 -6.85979 1.11505
O -1.93768 -4.24194 1.819
O -3.91713 -5.49097 -0.45699
O -7.06113 -6.92111 3.26627
C -3.65851 -6.44557 -1.42675
C -7.55092 -4.95925 1.66637
C -8.24838 -3.70198 1.04663
C -7.43661 -3.54544 -0.17482
C -6.34191 -4.6145 0.13356
O -7.14247 -5.66571 0.55154
H -7.23568 -4.03895 3.06313
H -5.60015 -3.27932 0.97509
H -8.39352 -5.47835 2.19688
H -9.29436 -3.92467 0.73518
H -8.25567 -2.80812 1.70815
H -8.02365 -3.91147 -1.05114
H -7.09794 -2.50842 -0.39371
H -5.94391 -4.75029 -0.8976
O -5.86806 -4.92546 5.07229
C -1.3282 -3.00935 1.96487
C -2.23811 -7.16647 3.37158
C -1.68288 -6.96644 4.82923
C -2.88732 -7.34509 5.67206
C -3.88514 -7.71307 4.55114
O -3.02783 -8.31647 3.60266
H -2.55505 -5.47115 3.41932
H -4.10049 -5.84602 4.49032
H -1.25804 -2.75207 3.04232
H -1.36715 -7.33815 2.69926
H -0.89815 -7.73878 4.99669
H -1.23522 -5.97394 5.05492
H -2.6405 -8.25709 6.26012
H -3.26119 -6.55662 6.36073
H -4.69531 -8.37669 4.92308
H -1.88338 -2.21026 1.4341
H -0.30367 -3.06135 1.5439
H -2.57004 -6.46377 -1.64002
H -4.20053 -6.17382 -2.35547
H -3.98411 -7.46091 -1.11719
H -2.80595 -6.84229 1.00565
H -2.80595 -6.84229 1.00565
H -3.70826 -3.3829 0.74012
H -3.70826 -3.3829 0.74012
$end

$opt
CONSTRAINT
tors           1           2           3           4      +9.474
tors           3           4           5           6      +9.474
tors           4           5           6           7      +9.474
tors           5           6           7           8      +9.474
tors           6           7           8           9      +9.474
tors           7           8           9          10      +9.474
tors           8           9          10          11      +9.474
tors           9          10          11          12      +9.474
tors          11          12          13          14      +9.474
ENDCONSTRAINT
$end

$rem
JOBTYPE                   OPT
METHOD                    B3LYP
DFT_D                     d3_op
BASIS                     STO-3G
GEOM_OPT_MAX_CYCLES       100
GEOM_OPT_TOL_GRADIENT     300
GEOM_OPT_TOL_DISPLACEMENT 1200
GEOM_OPT_TOL_ENERGY       100
SYMMETRY                  False
THRESH                    12
SCF_CONVERGENCE           8
MAX_SUB_FILE_NUM          128
MEM_STATIC                400
MEM_TOTAL                 4000
$end
--------------------------------------------------------------
 Adding empirical dispersion correction 
 ----------------------------------------------------------------
 Doing -D3(op) with
 s6 =   1.00000
 s8 =   0.78311
 a1 =   0.30000
 a2 =   4.25000
 n  =  10.00000
 -D3 energy without 3body term =               NaN hartrees
 ----------------------------------------------------------------
             Standard Nuclear Orientation (Angstroms)
    I     Atom           X                Y                Z
 ----------------------------------------------------------------
    1      O       0.0226239823    -0.7247656847    -1.8959224058
    2      C       0.5821470271    -1.2404513118    -0.9388390592
    3      C       1.3139313808    -0.4933475739     0.1542851135
    4      C       1.1691165825     1.0371212002     0.1776015196
    5      C       0.1672162176     1.6345019562    -0.7854271733
    6      O      -0.5759255686     0.6413805991    -1.3571507699
    7      C      -0.3679451103    -0.6382156724    -0.7500042446
    8      C       0.4570182468    -0.4877010317     0.5239371077
    9      O       0.5933998605     0.9026831861     0.8572605318
   10      C      -0.1728949581     1.7542115338     0.1314336093
   11      C      -1.1871510045     1.0425487873    -0.7319848999
   12      C      -1.3215201504    -0.4637143267    -0.4648212348
   13      C      -0.7101078529    -0.9624478445     0.8290654902
   14      O      -0.2787088379    -0.2551238848     1.7280474149
   15      O       1.1164152061    -2.5616068690    -1.1174274617
   16      O      -1.1577109647    -2.2612284564     1.2056204698
   17      O      -0.5615844892     2.7752124471     0.9380430086
   18      C      -1.1936218565    -2.7964159508     2.4826735915
   19      C      -2.6233922746     1.5358597855     0.0099144887
   20      C      -3.9685030621     1.2750479980    -0.7476540911
   21      C      -4.1972336331    -0.1319238660    -0.3688033200
   22      C      -2.8344952053    -0.4073487487     0.3407322389
   23      O      -2.7375184983     0.7301626584     1.1264226200
   24      H      -1.9158315470     1.9472794681    -1.4825192642
   25      H      -2.3230560315    -0.7743527928    -1.2855593322
   26      H      -2.6929028838     2.6239392785     0.2784879836
   27      H      -4.8016198153     1.8820270433    -0.3255652225
   28      H      -3.9192234419     1.4507041649    -1.8446335733
   29      H      -4.9946631408    -0.1735153584     0.4115216078
   30      H      -4.4916866340    -0.8089985451    -1.2012022571
   31      H      -3.1252617903    -1.3144808718     0.9175337420
   32      O       0.5921429197     2.5190641714    -1.7584443944
   33      C       1.1557421451    -3.2524996728    -2.3145667856
   34      C       2.9679854981    -0.5164330179     0.7379943057
   35      C       4.1573569676    -0.0312222647    -0.1692002208
   36      C       3.9689875804     1.4748676868    -0.1442206873
   37      C       2.7377697723     1.5686723079     0.7846598654
   38      O       2.9979716857     0.5213849862     1.6979892346
   39      H       2.1223706731    -0.7435859261    -0.7486721322
   40      H       1.8316371754     1.1505567459    -0.8090946612
   41      H       1.7548946075    -2.6831099681    -3.0553944428
   42      H       3.2378774409    -1.5189521298     1.1407017627
   43      H       5.1042404648    -0.2614073494     0.3700395863
   44      H       4.2241036820    -0.4873185025    -1.1810859850
   45      H       4.8470282272     1.9373225873     0.3594247868
   46      H       3.8189419134     1.9586604580    -1.1337463004
   47      H       2.6510399585     2.5729522119     1.2526407526
   48      H       0.1401316073    -3.4266958174    -2.7228282117
   49      H       1.6383468434    -4.2367488432    -2.1474508452
   50      H      -0.5541921628    -3.7022481693     2.5170237379
   51      H      -2.2367399027    -3.0854783748     2.7245459505
   52      H      -0.8437505526    -2.0765291937     3.2521612111
   53      H       1.0206926493    -1.7259439881     1.6156579522
   54      H       1.0206926493    -1.7259439881     1.6156579522
   55      H      -1.1021751091    -2.2410486056    -1.2269022323
   56      H      -1.1021751091    -2.2410486056    -1.2269022323
 ----------------------------------------------------------------
 Molecular Point Group                 C1    NOp =  1
 Largest Abelian Subgroup              C1    NOp =  1
 Nuclear Repulsion Energy =              NaN hartrees
 There are      113 alpha and      113 beta electrons
 Requested basis set is STO-3G
 There are 86 shells and 176 basis functions

 Total QAlloc Memory Limit   4000 MB
 Mega-Array Size       392 MB
 MEM_STATIC part       400 MB
 A cutoff of  1.0D-12 yielded   3072 shell pairs
 There are     14418 function pairs
 
 -------------------------------------------------------
 OpenMP Integral Computing Module                       
 Release: version 1.0, May 2013, Q-Chem Inc. Pittsburgh 
 -------------------------------------------------------
 Integral Job Info:
 Integral job number is                      11
 Integral operator is                         1
 short-range coefficients                     0
 long-range coefficients              100000000
 Omega coefficients                           0
 if combine SR and LR in K                    0
 Integral screening is                        0
 Integral computing path is                   2
 max size of driver memory is            800000
 size of driver memory is                 45569
 size of scratch memory is              1046100
 max col of scratch BK array                289
 max len of scratch array in speh3           22
 max len of scratch index in speh4            8
 max int batch size is                      520
 min int batch size is                       52
 fixed nKL is                                52
 max L of basis functions is                  1
 order of int derivative is                   0
 number of shells is                         86
 number of basis is                         176
 number of cartesian basis is               176
 number of contracted shell pairs          3072
 number of primitive shell pairs          16011
 maxK2 (contraction) of shell pair            9
 max number of K2 of shell pair               1
 max number of CS2 of shell pair            496
 max number of PS2 of shell pair           2106
 mem total for path MDJ                   77674
 -------------------------------------------------------
 Smallest overlap matrix eigenvalue = -1.93E-16

 Q-Chem fatal error occurred in module /opt/software/qchem/qchem-5.0.1/stvman/mkSTV.C, line 276:

 Negative overlap matrix eigenvalue.

