mFile = /opt/software/qchem/qchem-5.0.1//bin/mpi/machines
Process 0 of 1 is on vega02.cac.cornell.edu - thread support 0
initial socket setup ...start
initial socket setup ...done 
now start server 0 ... 
vega02.cac.cornell.edu 10.84.3
Q-Chem Developer Version! Running on 10.84.3.*
                  Welcome to Q-Chem
     A Quantum Leap Into The Future Of Chemistry


 Q-Chem 5.0, Q-Chem, Inc., Pleasanton, CA (2017)

 Yihan Shao,  Zhengting Gan,  E. Epifanovsky,  A. T. B. Gilbert,  M. Wormit,  
 J. Kussmann,  A. W. Lange,  A. Behn,  Jia Deng,  Xintian Feng,  D. Ghosh,  
 M. Goldey,  P. R. Horn,  L. D. Jacobson,  I. Kaliman,  T. Kus,  A. Landau,  
 Jie Liu,  E. I. Proynov,  R. M. Richard,  R. P. Steele,  E. J. Sundstrom,  
 H. L. Woodcock III,  P. M. Zimmerman,  D. Zuev,  B. Albrecht,  E. Alguire,  
 S. A. Baeppler,  Z. Benda,  Y. A. Bernard,  E. J. Berquist,  K. B. Bravaya,  
 D. Casanova,  Chun-Min Chang,  Yunqing Chen,  A. Chien,  K. D. Closser,  
 M. P. Coons,  S. Dasgupta,  M. Diedenhofen,  Hainam Do,  R. G. Edgar,  
 Po-Tung Fang,  S. Fatehi,  Qingguo Feng,  Qinghui Ge,  A. Ghysels,  
 J. Gomes,  J. Gonthier,  A. Gunina,  M. W. D. Hanson-Heine,  
 P. H. P. Harbach,  A. W. Hauser,  J. E. Herr,  E. G. Hohenstein,  
 Z. C. Holden,  Kerwin Hui,  T.-C. Jagau,  Hyunjun Ji,  B. Kaduk,  
 K. Khistyaev,  Jaehoon Kim,  P. Klunzinger,  K. Koh,  D. Kosenkov,  
 T. Kowalczyk,  C. M. Krauter,  A. Kunitsa,  Ka Un Lao,  A. Laurent,  
 K. V. Lawler,  Joonho Lee,  D. Lefrancois,  S. Lehtola,  D. S. Levine,  
 Yi-Pei Li,  You-Sheng Lin,  Fenglai Liu,  E. Livshits,  A. Luenser,  
 P. Manohar,  E. Mansoor,  S. F. Manzer,  Shan-Ping Mao,  Yuezhi Mao,  
 N. Mardirossian,  A. V. Marenich,  L. A. Martinez-Martinez,  S. A. Maurer,  
 N. J. Mayhall,  S. C. McKenzie,  J.-M. Mewes,  A. F. Morrison,  K. Nanda,  
 T. S. Nguyen-Beck,  R. Olivares-Amaya,  J. A. Parkhill,  T. M. Perrine,  
 F. Plasser,  S. Prager,  A. Prociuk,  D. R. Rehn,  F. Rob,  M. Schneider,  
 N. Sergueev,  S. M. Sharada,  S. Sharma,  D. W. Small,  T. Stauch,  
 T. Stein,  Yu-Chuan Su,  A. J. W. Thom,  T. Tsuchimochi,  L. Vogt,  
 O. Vydrov,  M. A. Watson,  J. Wenzel,  M. de Wergifosse,  T. A. Wesolowski,  
 A. White,  J. Witte,  A. Yamada,  Jun Yang,  K. Yao,  S. Yeganeh,  
 S. R. Yost,  Zhi-Qiang You,  A. Zech,  Igor Ying Zhang,  Xing Zhang,  
 Yan Zhao,  Ying Zhu,  B. R. Brooks,  G. K. L. Chan,  C. J. Cramer,  
 M. S. Gordon,  W. J. Hehre,  A. Klamt,  M. W. Schmidt,  C. D. Sherrill,  
 D. G. Truhlar,  A. Aspuru-Guzik,  R. Baer,  A. T. Bell,  N. A. Besley,  
 Jeng-Da Chai,  A. Dreuw,  B. D. Dunietz,  T. R. Furlani,  Chao-Ping Hsu,  
 Yousung Jung,  Jing Kong,  D. S. Lambrecht,  WanZhen Liang,  C. Ochsenfeld,  
 V. A. Rassolov,  L. V. Slipchenko,  J. E. Subotnik,  T. Van Voorhis,  
 J. M. Herbert,  A. I. Krylov,  P. M. W. Gill,  M. Head-Gordon

 Contributors to earlier versions of Q-Chem not listed above: 
 R. D. Adamson,  B. Austin,  J. Baker,  G. J. O. Beran,  K. Brandhorst,  
 S. T. Brown,  E. F. C. Byrd,  A. K. Chakraborty,  C.-L. Cheng,  
 Siu Hung Chien,  D. M. Chipman,  D. L. Crittenden,  H. Dachsel,  
 R. A. DiStasio Jr.,  R. J. Doerksen,  A. D. Dutoi,  L. Fusti-Molnar,  
 W. A. Goddard III,  A. Golubeva-Zadorozhnaya,  S. R. Gwaltney,  G. Hawkins,  
 A. Heyden,  S. Hirata,  G. Kedziora,  F. J. Keil,  C. Kelley,  Jihan Kim,  
 R. A. King,  R. Z. Khaliullin,  P. P. Korambath,  W. Kurlancheek,  
 A. M. Lee,  M. S. Lee,  S. V. Levchenko,  Ching Yeh Lin,  D. Liotard,  
 R. C. Lochan,  I. Lotan,  P. E. Maslen,  N. Nair,  D. P. O'Neill,  
 D. Neuhauser,  E. Neuscamman,  C. M. Oana,  R. Olson,  B. Peters,  
 R. Peverati,  P. A. Pieniazek,  Y. M. Rhee,  J. Ritchie,  M. A. Rohrdanz,  
 E. Rosta,  N. J. Russ,  H. F. Schaefer III,  N. E. Schultz,  N. Shenvi,  
 A. C. Simmonett,  A. Sodt,  D. Stuck,  K. S. Thanthiriwatte,  V. Vanovschi,  
 Tao Wang,  A. Warshel,  C. F. Williams,  Q. Wu,  X. Xu,  W. Zhang

 Please cite Q-Chem as follows:
 Y. Shao et al., Mol. Phys. 113, 184-215 (2015)
 DOI: 10.1080/00268976.2014.952696

 Q-Chem 5.0.1 for Intel X86 EM64T Linux

 Parts of Q-Chem use Armadillo 5.200.1 (Boston Tea Smuggler).
 http://arma.sourceforge.net/

 Q-Chem begins on Sat Jan 13 18:38:35 2018  

Host: vega02.cac.cornell.edu
0

     Scratch files written to /scratch/jj585/SOT1001/0166c.save//
 Parallel job on  1  processors

Checking the input file for inconsistencies... 	...done.

--------------------------------------------------------------
User input:
--------------------------------------------------------------
$molecule
0  1
O -3.94934 -3.66094 2.70899
C -3.26408 -4.56952 2.26188
C -3.36658 -6.02376 2.66595
C -2.40867 -7.01244 1.98128
C -1.33566 -6.41165 1.10049
O -0.56628 -7.40434 0.5638
C 0.71469 -7.52553 1.19124
C 0.55108 -7.98977 2.6348
O -0.11002 -6.97284 3.40399
C -1.22044 -6.44107 2.83538
C -1.60635 -5.10848 3.43198
C -2.06171 -5.16291 4.89757
C -1.73205 -6.4394 5.64497
O -1.61115 -7.54581 5.1392
O -3.05675 -4.24997 0.93496
O -1.81952 -6.39084 7.00417
O -1.62059 -8.64992 1.89587
C -1.62981 -7.47115 7.84079
C -0.227 -4.29484 3.81738
C -0.43776 -2.75403 3.90107
C -1.34738 -2.70181 5.09158
C -1.15935 -4.1335 5.60878
O 0.08166 -4.54737 5.15292
H -1.23797 -4.40423 2.62716
H -3.0998 -4.8326 5.08591
H 0.67401 -4.50442 3.16601
H 0.5526 -2.31979 4.17285
H -0.82177 -2.22692 3.00047
H -0.96531 -1.92171 5.78616
H -2.42044 -2.52495 4.8612
H -1.27508 -4.1223 6.7149
O -1.14587 -5.32439 0.56273
C -3.03329 -2.9935 0.34194
C -4.46223 -6.68053 3.57255
C -5.76941 -6.97958 2.82628
C -5.20474 -7.93411 1.78778
C -3.76326 -8.13073 2.3632
O -3.95045 -7.95104 3.7309
H -4.08235 -5.87186 1.83241
H -2.85033 -7.14382 0.93071
H -3.1447 -2.1663 1.07468
H -4.65921 -6.16303 4.52968
H -6.43131 -7.52562 3.53719
H -6.30544 -6.10162 2.406
H -5.8181 -8.8631 1.83253
H -5.16152 -7.56113 0.7424
H -3.63047 -9.2215 2.15067
H -3.84903 -2.92882 -0.4071
H -2.06278 -2.85577 -0.17707
H -1.75477 -7.14265 8.89285
H -0.60357 -7.87709 7.71205
H -2.37785 -8.26265 7.62145
H 0.24095 -9.0289 2.87744
H 1.58611 -8.03763 3.03462
H 1.26298 -6.55657 1.14449
H 1.31237 -8.2838 0.64316
$end

$opt
CONSTRAINT
tors           1           2           3           4    -180.000
tors           3           4           5           6    -180.000
tors           4           5           6           7    -104.211
tors           5           6           7           8     +66.316
tors           6           7           8           9     -66.316
tors           7           8           9          10     +47.368
tors           8           9          10          11    -161.053
tors           9          10          11          12     -66.316
tors          11          12          13          14     -28.421
ENDCONSTRAINT
$end

$rem
JOBTYPE                   OPT
METHOD                    B3LYP
DFT_D                     d3_op
BASIS                     STO-3G
GEOM_OPT_MAX_CYCLES       100
GEOM_OPT_TOL_GRADIENT     300
GEOM_OPT_TOL_DISPLACEMENT 1200
GEOM_OPT_TOL_ENERGY       100
SYMMETRY                  False
THRESH                    12
SCF_CONVERGENCE           8
MAX_SUB_FILE_NUM          128
MEM_STATIC                400
MEM_TOTAL                 4000
$end
--------------------------------------------------------------
 Adding empirical dispersion correction 
 ----------------------------------------------------------------
 Doing -D3(op) with
 s6 =   1.00000
 s8 =   0.78311
 a1 =   0.30000
 a2 =   4.25000
 n  =  10.00000
 -D3 energy without 3body term =     -0.0875913012 hartrees
 ----------------------------------------------------------------
             Standard Nuclear Orientation (Angstroms)
    I     Atom           X                Y                Z
 ----------------------------------------------------------------
    1      O       0.6911867955    -1.8478826969     2.3400040906
    2      C       1.0325872263    -1.3147947920     1.2939308295
    3      C       1.0274932907     0.1744400852     1.0279490164
    4      C       1.4965872384     0.6419767769    -0.3595714445
    5      C       1.7493948902    -0.4399867663    -1.3859891425
    6      O       2.1578695806     0.1221988712    -2.5617913848
    7      C       1.1346046823     0.1403485969    -3.5627167796
    8      C       0.0010259928     1.0684634017    -3.1387418426
    9      O      -0.6628249192     0.5338267436    -1.9827493247
   10      C       0.1527404660     0.1182037149    -0.9821295958
   11      C      -0.5296532960    -0.8251978988    -0.0203674916
   12      C      -1.6623269007    -0.1992642811     0.8063894341
   13      C      -2.1789671072     1.1375920078     0.3138375529
   14      O      -1.5273429139     1.9634414944    -0.3089960743
   15      O       2.0765015951    -2.0825778777     0.8179407647
   16      O      -3.3781662319     1.5500448214     0.8130748215
   17      O       1.6338751436     1.9371776748    -1.6297337846
   18      C      -3.9649807375     2.7676001776     0.5370308119
   19      C      -1.5778849508    -1.7661601101    -0.8741532649
   20      C      -1.9113932865    -3.1060107058    -0.1536729937
   21      C      -2.6479138770    -2.5618995766     1.0333105916
   22      C      -2.8698475748    -1.1238866995     0.5480768580
   23      O      -2.8399825295    -1.1759384088    -0.8359756104
   24      H      -0.1005646604    -1.8155756336    -0.3586602708
   25      H      -1.5103596210    -0.2031657177     1.9014228694
   26      H      -1.2881624029    -1.9904414509    -1.9445664556
   27      H      -2.6266639825    -3.6454700874    -0.8174599193
   28      H      -1.0719344511    -3.7912818471     0.0955283682
   29      H      -3.5884054203    -3.1431084112     1.1543346349
   30      H      -2.0726306970    -2.5514040826     1.9844947351
   31      H      -3.8226449878    -0.7519667967     0.9849670076
   32      O       1.9221026772    -1.6552108454    -1.3587342863
   33      C       2.3248277139    -3.4327019465     1.0334380743
   34      C       0.7723623608     1.3213305971     2.0639363125
   35      C       2.0046278404     1.6570149111     2.9147636727
   36      C       2.9334281595     2.0699614415     1.7854864215
   37      C       1.9125953404     2.1037261801     0.6004157532
   38      O       0.7147966194     2.4214196779     1.2346719694
   39      H       2.0148806538    -0.0682697724     1.4710600122
   40      H       2.6372616006     0.5266042854    -0.3199132496
   41      H       1.5268818735    -3.9313148389     1.6235631078
   42      H      -0.1268353401     1.1990120228     2.6957486804
   43      H       1.7365579956     2.5394493442     3.5401534307
   44      H       2.3929979675     0.8388746072     3.5586520857
   45      H       3.3297875110     3.0788298501     2.0430117035
   46      H       3.7748009853     1.3813798832     1.5580032379
   47      H       2.2926971962     3.0067366282     0.0594202932
   48      H       3.2933283414    -3.5451238337     1.5626299351
   49      H       2.3929767290    -3.9494449712     0.0543757928
   50      H      -4.9353367191     2.8328199833     1.0704285446
   51      H      -4.1494228587     2.8628558069    -0.5544989759
   52      H      -3.3103383865     3.5962892512     0.8817973108
   53      H       0.1286688612     2.1723116108    -3.1302346199
   54      H      -0.7404503211     1.0026999507    -3.9629516201
   55      H       0.7559511912    -0.8908979003    -3.7493800163
   56      H       1.5669875797     0.5230757989    -4.5109527105
 ----------------------------------------------------------------
 Molecular Point Group                 C1    NOp =  1
 Largest Abelian Subgroup              C1    NOp =  1
 Nuclear Repulsion Energy =  3703.8866160988 hartrees
 There are      113 alpha and      113 beta electrons
 Requested basis set is STO-3G
 There are 86 shells and 176 basis functions

 Total QAlloc Memory Limit   4000 MB
 Mega-Array Size       392 MB
 MEM_STATIC part       400 MB
 A cutoff of  1.0D-12 yielded   2961 shell pairs
 There are     14166 function pairs
 
 -------------------------------------------------------
 OpenMP Integral Computing Module                       
 Release: version 1.0, May 2013, Q-Chem Inc. Pittsburgh 
 -------------------------------------------------------
 Integral Job Info:
 Integral job number is                      11
 Integral operator is                         1
 short-range coefficients                     0
 long-range coefficients              100000000
 Omega coefficients                           0
 if combine SR and LR in K                    0
 Integral screening is                        0
 Integral computing path is                   2
 max size of driver memory is            800000
 size of driver memory is                 45569
 size of scratch memory is              1046100
 max col of scratch BK array                289
 max len of scratch array in speh3           22
 max len of scratch index in speh4            8
 max int batch size is                      520
 min int batch size is                       52
 fixed nKL is                                52
 max L of basis functions is                  1
 order of int derivative is                   0
 number of shells is                         86
 number of basis is                         176
 number of cartesian basis is               176
 number of contracted shell pairs          2961
 number of primitive shell pairs          14557
 maxK2 (contraction) of shell pair            9
 max number of K2 of shell pair               1
 max number of CS2 of shell pair            480
 max number of PS2 of shell pair           1668
 mem total for path MDJ                   66730
 -------------------------------------------------------
 Smallest overlap matrix eigenvalue = 1.97E-01

 Scale SEOQF with 1.000000e-01/1.000000e-01/1.000000e-01

 Standard Electronic Orientation quadrupole field applied
 Nucleus-field energy     =     0.0000000208 hartrees
 Guess from superposition of atomic densities
 Warning:  Energy on first SCF cycle will be non-variational
 A restricted hybrid HF-DFT SCF calculation will be
 performed using Pulay DIIS extrapolation
 Exchange:     0.2000 Hartree-Fock + 0.0800 Slater + 0.7200 B88
 Correlation:  0.1900 VWN1RPA + 0.8100 LYP
 Using SG-1 standard quadrature grid
 Dispersion:   Grimme D3
 SCF converges when DIIS error is below 1.0E-08
 using 48 threads for integral computing
 -------------------------------------------------------
 OpenMP Integral computing Module                
 Release: version 1.0, May 2013, Q-Chem Inc. Pittsburgh 
 -------------------------------------------------------
 -------------------------------------------------------
 OpenMP BLAS3 based DFT computing Module                
 Release: version 1.0, May 2013, Q-Chem Inc. Pittsburgh 
 -------------------------------------------------------
 ---------------------------------------
  Cycle       Energy         DIIS Error
 ---------------------------------------
    1   -1509.3634703636      8.22E-02
    2   -1507.9120854570      1.37E-02
    3   -1493.8755394724      4.94E-02
    4   -1506.0549744287      2.07E-02
    5   -1507.3394657163      1.43E-02
    6   -1504.4027631471      2.19E-02
    7   -1507.4817473728      1.62E-02
    8   -1507.3334755851      1.66E-02
    9   -1507.2671929391      1.68E-02
   10   -1507.2932578300      1.68E-02
   11   -1507.2373132059      1.69E-02
   12   -1507.1389097053      1.71E-02
   13   -1507.1051030334      1.72E-02
   14   -1507.0374987103      1.73E-02
   15   -1507.1582679961      1.71E-02
   16   -1506.8552564452      1.76E-02
   17   -1506.9193856377      1.75E-02
   18   -1503.0932096988      2.69E-02
   19   -1506.1033660632      1.55E-02
   20   -1504.8945771982      2.01E-02
   21   -1507.0793357986      1.76E-02
   22   -1505.2826968046      1.84E-02
   23   -1505.5523939681      1.76E-02
   24   -1505.6236889150      1.75E-02
   25   -1505.6420480283      1.74E-02
   26   -1505.5312158922      1.76E-02
   27   -1505.2656646707      1.82E-02
   28   -1505.3320268883      1.81E-02
   29   -1505.3739658460      1.79E-02
   30   -1505.3053118176      1.81E-02
   31   -1505.2973780061      1.81E-02
   32   -1505.1637744739      1.84E-02
   33   -1475.8454935329      4.55E-02
   34   -1504.9776498044      1.80E-02
   35   -1506.6232170945      1.64E-02
   36   -1506.5134156339      1.84E-02
   37   -1505.7425616794      1.69E-02
   38   -1506.9025071017      1.75E-02
   39   -1506.9053545590      1.76E-02
   40   -1507.3257488621      1.70E-02
   41   -1507.2562196842      1.73E-02
   42   -1506.8336236738      1.79E-02
   43   -1506.7289766852      1.81E-02
   44   -1506.6806223448      1.82E-02
   45   -1506.7220627092      1.82E-02
   46   -1507.2568230075      1.74E-02
   47   -1507.6930995954      1.61E-02
   48   -1508.1852058509      1.35E-02
   49   -1509.0998355824      4.47E-03
   50   -1509.1391677606      3.49E-03    Convergence failure

 Q-Chem fatal error occurred in module /opt/software/qchem/qchem-5.0.1/scfman/scfman.C, line 5029:

 SCF failed to converge

