mFile = /opt/software/qchem/qchem-5.0.1//bin/mpi/machines
Process 0 of 1 is on vega02.cac.cornell.edu - thread support 0
initial socket setup ...start
initial socket setup ...done 
now start server 0 ... 
vega02.cac.cornell.edu 10.84.3
Q-Chem Developer Version! Running on 10.84.3.*
                  Welcome to Q-Chem
     A Quantum Leap Into The Future Of Chemistry


 Q-Chem 5.0, Q-Chem, Inc., Pleasanton, CA (2017)

 Yihan Shao,  Zhengting Gan,  E. Epifanovsky,  A. T. B. Gilbert,  M. Wormit,  
 J. Kussmann,  A. W. Lange,  A. Behn,  Jia Deng,  Xintian Feng,  D. Ghosh,  
 M. Goldey,  P. R. Horn,  L. D. Jacobson,  I. Kaliman,  T. Kus,  A. Landau,  
 Jie Liu,  E. I. Proynov,  R. M. Richard,  R. P. Steele,  E. J. Sundstrom,  
 H. L. Woodcock III,  P. M. Zimmerman,  D. Zuev,  B. Albrecht,  E. Alguire,  
 S. A. Baeppler,  Z. Benda,  Y. A. Bernard,  E. J. Berquist,  K. B. Bravaya,  
 D. Casanova,  Chun-Min Chang,  Yunqing Chen,  A. Chien,  K. D. Closser,  
 M. P. Coons,  S. Dasgupta,  M. Diedenhofen,  Hainam Do,  R. G. Edgar,  
 Po-Tung Fang,  S. Fatehi,  Qingguo Feng,  Qinghui Ge,  A. Ghysels,  
 J. Gomes,  J. Gonthier,  A. Gunina,  M. W. D. Hanson-Heine,  
 P. H. P. Harbach,  A. W. Hauser,  J. E. Herr,  E. G. Hohenstein,  
 Z. C. Holden,  Kerwin Hui,  T.-C. Jagau,  Hyunjun Ji,  B. Kaduk,  
 K. Khistyaev,  Jaehoon Kim,  P. Klunzinger,  K. Koh,  D. Kosenkov,  
 T. Kowalczyk,  C. M. Krauter,  A. Kunitsa,  Ka Un Lao,  A. Laurent,  
 K. V. Lawler,  Joonho Lee,  D. Lefrancois,  S. Lehtola,  D. S. Levine,  
 Yi-Pei Li,  You-Sheng Lin,  Fenglai Liu,  E. Livshits,  A. Luenser,  
 P. Manohar,  E. Mansoor,  S. F. Manzer,  Shan-Ping Mao,  Yuezhi Mao,  
 N. Mardirossian,  A. V. Marenich,  L. A. Martinez-Martinez,  S. A. Maurer,  
 N. J. Mayhall,  S. C. McKenzie,  J.-M. Mewes,  A. F. Morrison,  K. Nanda,  
 T. S. Nguyen-Beck,  R. Olivares-Amaya,  J. A. Parkhill,  T. M. Perrine,  
 F. Plasser,  S. Prager,  A. Prociuk,  D. R. Rehn,  F. Rob,  M. Schneider,  
 N. Sergueev,  S. M. Sharada,  S. Sharma,  D. W. Small,  T. Stauch,  
 T. Stein,  Yu-Chuan Su,  A. J. W. Thom,  T. Tsuchimochi,  L. Vogt,  
 O. Vydrov,  M. A. Watson,  J. Wenzel,  M. de Wergifosse,  T. A. Wesolowski,  
 A. White,  J. Witte,  A. Yamada,  Jun Yang,  K. Yao,  S. Yeganeh,  
 S. R. Yost,  Zhi-Qiang You,  A. Zech,  Igor Ying Zhang,  Xing Zhang,  
 Yan Zhao,  Ying Zhu,  B. R. Brooks,  G. K. L. Chan,  C. J. Cramer,  
 M. S. Gordon,  W. J. Hehre,  A. Klamt,  M. W. Schmidt,  C. D. Sherrill,  
 D. G. Truhlar,  A. Aspuru-Guzik,  R. Baer,  A. T. Bell,  N. A. Besley,  
 Jeng-Da Chai,  A. Dreuw,  B. D. Dunietz,  T. R. Furlani,  Chao-Ping Hsu,  
 Yousung Jung,  Jing Kong,  D. S. Lambrecht,  WanZhen Liang,  C. Ochsenfeld,  
 V. A. Rassolov,  L. V. Slipchenko,  J. E. Subotnik,  T. Van Voorhis,  
 J. M. Herbert,  A. I. Krylov,  P. M. W. Gill,  M. Head-Gordon

 Contributors to earlier versions of Q-Chem not listed above: 
 R. D. Adamson,  B. Austin,  J. Baker,  G. J. O. Beran,  K. Brandhorst,  
 S. T. Brown,  E. F. C. Byrd,  A. K. Chakraborty,  C.-L. Cheng,  
 Siu Hung Chien,  D. M. Chipman,  D. L. Crittenden,  H. Dachsel,  
 R. A. DiStasio Jr.,  R. J. Doerksen,  A. D. Dutoi,  L. Fusti-Molnar,  
 W. A. Goddard III,  A. Golubeva-Zadorozhnaya,  S. R. Gwaltney,  G. Hawkins,  
 A. Heyden,  S. Hirata,  G. Kedziora,  F. J. Keil,  C. Kelley,  Jihan Kim,  
 R. A. King,  R. Z. Khaliullin,  P. P. Korambath,  W. Kurlancheek,  
 A. M. Lee,  M. S. Lee,  S. V. Levchenko,  Ching Yeh Lin,  D. Liotard,  
 R. C. Lochan,  I. Lotan,  P. E. Maslen,  N. Nair,  D. P. O'Neill,  
 D. Neuhauser,  E. Neuscamman,  C. M. Oana,  R. Olson,  B. Peters,  
 R. Peverati,  P. A. Pieniazek,  Y. M. Rhee,  J. Ritchie,  M. A. Rohrdanz,  
 E. Rosta,  N. J. Russ,  H. F. Schaefer III,  N. E. Schultz,  N. Shenvi,  
 A. C. Simmonett,  A. Sodt,  D. Stuck,  K. S. Thanthiriwatte,  V. Vanovschi,  
 Tao Wang,  A. Warshel,  C. F. Williams,  Q. Wu,  X. Xu,  W. Zhang

 Please cite Q-Chem as follows:
 Y. Shao et al., Mol. Phys. 113, 184-215 (2015)
 DOI: 10.1080/00268976.2014.952696

 Q-Chem 5.0.1 for Intel X86 EM64T Linux

 Parts of Q-Chem use Armadillo 5.200.1 (Boston Tea Smuggler).
 http://arma.sourceforge.net/

 Q-Chem begins on Sun Jan 14 08:53:52 2018  

Host: vega02.cac.cornell.edu
0

     Scratch files written to /scratch/jj585/SOT1001/0376c.save//
 Parallel job on  1  processors

Checking the input file for inconsistencies... 	...done.

--------------------------------------------------------------
User input:
--------------------------------------------------------------
$molecule
0  1
O -3.94934 -3.66094 2.70899
C -3.26408 -4.56952 2.26188
C -3.36658 -6.02376 2.66595
C -3.41669 -6.33291 4.1712
C -3.53792 -5.14515 5.09996
O -2.63612 -4.18336 4.74339
C -2.31411 -4.20268 3.34869
C -2.8974 -5.44943 2.69179
O -4.26032 -5.20833 2.3081
C -5.1069 -6.25455 2.47508
C -5.67228 -6.33661 3.87303
C -5.02507 -5.38511 4.88992
C -4.18438 -4.26717 4.3067
O -4.35604 -3.07328 4.50596
O -2.84308 -4.14984 0.85199
O -5.71306 -4.10783 2.6943
O -5.71823 -6.75654 1.53276
C -6.38228 -2.9411 2.30922
C -7.20399 -6.03172 4.04169
C -7.75267 -6.63049 5.35274
C -7.28248 -5.58147 6.34795
C -6.40721 -4.70839 5.41763
O -7.27099 -4.66686 4.3167
H -5.67266 -7.41878 4.12001
H -5.17748 -6.19958 5.80678
H -7.79784 -6.3899 3.17346
H -8.86509 -6.64082 5.36059
H -7.37357 -7.65903 5.5348
H -8.15596 -4.95584 6.64503
H -6.80742 -5.9742 7.27305
H -6.24538 -3.73092 5.92192
O -3.26185 -5.38305 6.3547
C -2.96309 -2.88276 0.31883
C -2.87421 -7.85135 2.47914
C -1.49511 -8.24243 3.09522
C -1.88318 -8.51045 4.53153
C -3.30071 -7.90233 4.49951
O -3.76891 -8.49879 3.33758
H -3.39403 -6.76561 1.31738
H -2.34341 -6.34674 4.59663
H -2.39498 -2.15374 0.93277
H -2.85257 -8.51147 1.53578
H -1.0842 -9.1938 2.68557
H -0.72935 -7.45514 2.97451
H -2.00787 -9.60559 4.69539
H -1.16766 -8.11095 5.28312
H -3.87428 -8.18732 5.40744
H -4.03056 -2.58858 0.27249
H -2.55168 -2.8823 -0.71101
H -5.67578 -2.17675 1.92832
H -6.92523 -2.5057 3.17213
H -7.10705 -3.18677 1.50692
H -1.54637 -5.69103 1.95414
H -1.54637 -5.69103 1.95414
H -1.2236 -4.46568 3.54451
H -1.81844 -3.15577 3.07035
$end

$opt
CONSTRAINT
tors           1           2           3           4     -47.368
tors           3           4           5           6     -47.368
tors           4           5           6           7     +28.421
tors           5           6           7           8      -9.474
tors           6           7           8           9     +85.263
tors           7           8           9          10    -142.105
tors           8           9          10          11     +85.263
tors           9          10          11          12      -9.474
tors          11          12          13          14    +123.158
ENDCONSTRAINT
$end

$rem
JOBTYPE                   OPT
METHOD                    B3LYP
DFT_D                     d3_op
BASIS                     STO-3G
GEOM_OPT_MAX_CYCLES       100
GEOM_OPT_TOL_GRADIENT     300
GEOM_OPT_TOL_DISPLACEMENT 1200
GEOM_OPT_TOL_ENERGY       100
SYMMETRY                  False
THRESH                    12
SCF_CONVERGENCE           8
MAX_SUB_FILE_NUM          128
MEM_STATIC                400
MEM_TOTAL                 4000
$end
--------------------------------------------------------------
 Adding empirical dispersion correction 
 ----------------------------------------------------------------
 Doing -D3(op) with
 s6 =   1.00000
 s8 =   0.78311
 a1 =   0.30000
 a2 =   4.25000
 n  =  10.00000
 -D3 energy without 3body term =               NaN hartrees
 ----------------------------------------------------------------
             Standard Nuclear Orientation (Angstroms)
    I     Atom           X                Y                Z
 ----------------------------------------------------------------
    1      O      -0.3004486899    -1.9591572940     0.4396057645
    2      C      -1.2886917633    -1.3874893223     0.0019099865
    3      C      -1.3357872341     0.0540695201    -0.4544702420
    4      C      -0.7070265569     1.1059212609     0.4740394366
    5      C       0.0554393722     0.5802023485     1.6700039011
    6      O      -0.6824470760    -0.3766548008     2.3066933030
    7      C      -1.5718986369    -1.0773464305     1.4308171969
    8      C      -1.6124171105    -0.3952947849     0.0672578096
    9      O      -0.5331311343    -0.8730023313    -0.7511769368
   10      C       0.0562908588     0.0586342323    -1.5409815536
   11      C       1.1385557668     0.8343733656    -0.8285322175
   12      C       1.2155437724     0.5956833382     0.6865249511
   13      C       0.4665962700    -0.6161627674     1.2034405565
   14      O       0.9589793890    -1.5335881638     1.8440922101
   15      O      -2.1773259011    -2.4636058928    -0.6253575883
   16      O       1.1420214757    -1.6796920585    -0.6336200785
   17      O       0.0764694572    -0.0430840765    -2.7669226293
   18      C       1.8115582008    -2.9075338169    -0.6726853783
   19      C       2.6182627154     0.5843618305    -1.2927532967
   20      C       3.5375786980     1.7538028712    -0.8856990815
   21      C       3.7811145276     1.4116904498     0.5756749060
   22      C       2.7992630192     0.2268275131     0.7366997436
   23      O       3.0883957483    -0.4328484945    -0.4637657179
   24      H       1.0138112675     1.8828083437    -1.1710436484
   25      H       1.5710814850     1.7614664452     0.8908901414
   26      H       2.6860013933     0.4004845359    -2.3865424353
   27      H       4.5129733923     1.7086099725    -1.4188119963
   28      H       3.0639114432     2.7423745218    -1.0676952594
   29      H       4.8086569406     0.9913999721     0.6764183313
   30      H       3.6810843587     2.2566246742     1.2910831728
   31      H       3.0851565664    -0.3289865999     1.6560911213
   32      O       0.3054503540     1.4567931281     2.6060950487
   33      C      -2.0313150103    -3.8258607847    -0.4607485320
   34      C      -2.2394545085     1.5326465956    -1.2384387938
   35      C      -3.2645263203     2.2607804865    -0.3146077700
   36      C      -2.3608009962     3.2237977653     0.4211216101
   37      C      -1.0029132595     2.6167825850     0.0113656083
   38      O      -1.2233245842     2.4871590272    -1.3523329206
   39      H      -2.0540826215    -0.0273499159    -1.8135723654
   40      H      -1.4658969340     1.3975722892     1.2938975589
   41      H      -2.1070376276    -4.0918879251     0.6137918822
   42      H      -2.8079434595     1.5976478905    -2.2378135672
   43      H      -4.0054706302     2.8741515642    -0.8772288486
   44      H      -3.8186441611     1.5690379548     0.3451122571
   45      H      -2.4154146783     4.2330109138    -0.0481709233
   46      H      -2.5766934798     3.3175812715     1.5078836531
   47      H      -0.1689334724     3.3064774095     0.2630350218
   48      H      -1.0534689334    -4.1556744633    -0.8647552846
   49      H      -2.8369924440    -4.3466791980    -1.0170406123
   50      H       1.1918709102    -3.7198151910    -0.2429824419
   51      H       2.7536306278    -2.8513607824    -0.0910276927
   52      H       2.0465822054    -3.1590476402    -1.7266470027
   53      H      -3.1664574204    -0.5078440398     0.0588006352
   54      H      -3.1664574204    -0.5078440398     0.0588006352
   55      H      -2.4985793881    -0.6941357414     1.9703900702
   56      H      -1.9020310573    -2.0864921004     1.9710209127
 ----------------------------------------------------------------
 Molecular Point Group                 C1    NOp =  1
 Largest Abelian Subgroup              C1    NOp =  1
 Nuclear Repulsion Energy =              NaN hartrees
 There are      113 alpha and      113 beta electrons
 Requested basis set is STO-3G
 There are 86 shells and 176 basis functions

 Total QAlloc Memory Limit   4000 MB
 Mega-Array Size       392 MB
 MEM_STATIC part       400 MB
 A cutoff of  1.0D-12 yielded   3082 shell pairs
 There are     14542 function pairs
 
 -------------------------------------------------------
 OpenMP Integral Computing Module                       
 Release: version 1.0, May 2013, Q-Chem Inc. Pittsburgh 
 -------------------------------------------------------
 Integral Job Info:
 Integral job number is                      11
 Integral operator is                         1
 short-range coefficients                     0
 long-range coefficients              100000000
 Omega coefficients                           0
 if combine SR and LR in K                    0
 Integral screening is                        0
 Integral computing path is                   2
 max size of driver memory is            800000
 size of driver memory is                 45569
 size of scratch memory is              1046100
 max col of scratch BK array                289
 max len of scratch array in speh3           22
 max len of scratch index in speh4            8
 max int batch size is                      520
 min int batch size is                       52
 fixed nKL is                                52
 max L of basis functions is                  1
 order of int derivative is                   0
 number of shells is                         86
 number of basis is                         176
 number of cartesian basis is               176
 number of contracted shell pairs          3082
 number of primitive shell pairs          15912
 maxK2 (contraction) of shell pair            9
 max number of K2 of shell pair               1
 max number of CS2 of shell pair            466
 max number of PS2 of shell pair           2196
 mem total for path MDJ                   83146
 -------------------------------------------------------
 Smallest overlap matrix eigenvalue = 1.08E-15
 Linear dependence detected in AO basis
 Number of orthogonalized atomic orbitals = 175
 Maximum deviation from orthogonality = 4.385E-14

 Scale SEOQF with 1.000000e-01/1.000000e-01/1.000000e-01

 Standard Electronic Orientation quadrupole field applied
 Nucleus-field energy     =     0.0000000442 hartrees
 Guess from superposition of atomic densities
 Warning:  Energy on first SCF cycle will be non-variational
 A restricted hybrid HF-DFT SCF calculation will be
 performed using Pulay DIIS extrapolation
 Exchange:     0.2000 Hartree-Fock + 0.0800 Slater + 0.7200 B88
 Correlation:  0.1900 VWN1RPA + 0.8100 LYP
 Using SG-1 standard quadrature grid
 Dispersion:   Grimme D3
 SCF converges when DIIS error is below 1.0E-08
 using 48 threads for integral computing
 -------------------------------------------------------
 OpenMP Integral computing Module                
 Release: version 1.0, May 2013, Q-Chem Inc. Pittsburgh 
 -------------------------------------------------------
 -------------------------------------------------------
 OpenMP BLAS3 based DFT computing Module                
 Release: version 1.0, May 2013, Q-Chem Inc. Pittsburgh 
 -------------------------------------------------------
 ---------------------------------------
  Cycle       Energy         DIIS Error
 ---------------------------------------
    1               -nan          -NAN
    2               -nan          -NAN Convergence criterion met
 ---------------------------------------
 SCF time:  CPU 16.25 s  wall 0.39 s
 SCF   energy in the final basis set = -nan
 Total energy in the final basis set = -nan
 
 --------------------------------------------------------------
 
                    Orbital Energies (a.u.)
 --------------------------------------------------------------
 
 Alpha MOs
 -- Occupied --
    NaN     NaN     NaN     NaN     NaN     NaN     NaN     NaN
    NaN     NaN     NaN     NaN     NaN     NaN     NaN     NaN
    NaN     NaN     NaN     NaN     NaN     NaN     NaN     NaN
    NaN     NaN     NaN     NaN     NaN     NaN     NaN     NaN
    NaN     NaN     NaN     NaN     NaN     NaN     NaN     NaN
    NaN     NaN     NaN     NaN     NaN     NaN     NaN     NaN
    NaN     NaN     NaN     NaN     NaN     NaN     NaN     NaN
    NaN     NaN     NaN     NaN     NaN     NaN     NaN     NaN
    NaN     NaN     NaN     NaN     NaN     NaN     NaN     NaN
    NaN     NaN     NaN     NaN     NaN     NaN     NaN     NaN
    NaN     NaN     NaN     NaN     NaN     NaN     NaN     NaN
    NaN     NaN     NaN     NaN     NaN     NaN     NaN     NaN
    NaN     NaN     NaN     NaN     NaN     NaN     NaN     NaN
    NaN     NaN     NaN     NaN     NaN     NaN     NaN     NaN
    NaN
 -- Virtual --
    NaN     NaN     NaN     NaN     NaN     NaN     NaN     NaN
    NaN     NaN     NaN     NaN     NaN     NaN     NaN     NaN
    NaN     NaN     NaN     NaN     NaN     NaN     NaN     NaN
    NaN     NaN     NaN     NaN     NaN     NaN     NaN     NaN
    NaN     NaN     NaN     NaN     NaN     NaN     NaN     NaN
    NaN     NaN     NaN     NaN     NaN     NaN     NaN     NaN
    NaN     NaN     NaN     NaN     NaN     NaN     NaN     NaN
    NaN     NaN     NaN     NaN     NaN     NaN
 --------------------------------------------------------------
 
          Ground-State Mulliken Net Atomic Charges

     Atom                 Charge (a.u.)
  ----------------------------------------
      1 O                          NaN
      2 C                          NaN
      3 C                          NaN
      4 C                          NaN
      5 C                          NaN
      6 O                          NaN
      7 C                          NaN
      8 C                          NaN
      9 O                          NaN
     10 C                          NaN
     11 C                          NaN
     12 C                          NaN
     13 C                          NaN
     14 O                          NaN
     15 O                          NaN
     16 O                          NaN
     17 O                          NaN
     18 C                          NaN
     19 C                          NaN
     20 C                          NaN
     21 C                          NaN
     22 C                          NaN
     23 O                          NaN
     24 H                          NaN
     25 H                          NaN
     26 H                          NaN
     27 H                          NaN
     28 H                          NaN
     29 H                          NaN
     30 H                          NaN
     31 H                          NaN
     32 O                          NaN
     33 C                          NaN
     34 C                          NaN
     35 C                          NaN
     36 C                          NaN
     37 C                          NaN
     38 O                          NaN
     39 H                          NaN
     40 H                          NaN
     41 H                          NaN
     42 H                          NaN
     43 H                          NaN
     44 H                          NaN
     45 H                          NaN
     46 H                          NaN
     47 H                          NaN
     48 H                          NaN
     49 H                          NaN
     50 H                          NaN
     51 H                          NaN
     52 H                          NaN
     53 H                          NaN
     54 H                          NaN
     55 H                          NaN
     56 H                          NaN
  ----------------------------------------
  Sum of atomic charges =          NaN

 -----------------------------------------------------------------
                    Cartesian Multipole Moments
 -----------------------------------------------------------------
    Charge (ESU x 10^10)
                    NaN
    Dipole Moment (Debye)
         X          NaN      Y          NaN      Z          NaN
       Tot          NaN
    Quadrupole Moments (Debye-Ang)
        XX          NaN     XY          NaN     YY          NaN
        XZ          NaN     YZ          NaN     ZZ          NaN
    Octopole Moments (Debye-Ang^2)
       XXX          NaN    XXY          NaN    XYY          NaN
       YYY          NaN    XXZ          NaN    XYZ          NaN
       YYZ          NaN    XZZ          NaN    YZZ          NaN
       ZZZ          NaN
    Hexadecapole Moments (Debye-Ang^3)
      XXXX          NaN   XXXY          NaN   XXYY          NaN
      XYYY          NaN   YYYY          NaN   XXXZ          NaN
      XXYZ          NaN   XYYZ          NaN   YYYZ          NaN
      XXZZ          NaN   XYZZ          NaN   YYZZ          NaN
      XZZZ          NaN   YZZZ          NaN   ZZZZ          NaN
 -----------------------------------------------------------------
 Calculating analytic gradient of the SCF energy
 Gradient of SCF Energy
            1           2           3           4           5           6
    1         nan         nan         nan         nan         nan         nan
    2         nan         nan         nan         nan         nan         nan
    3         nan         nan         nan         nan         nan         nan
            7           8           9          10          11          12
    1         nan         nan         nan         nan         nan         nan
    2         nan         nan         nan         nan         nan         nan
    3         nan         nan         nan         nan         nan         nan
           13          14          15          16          17          18
    1         nan         nan         nan         nan         nan         nan
    2         nan         nan         nan         nan         nan         nan
    3         nan         nan         nan         nan         nan         nan
           19          20          21          22          23          24
    1         nan         nan         nan         nan         nan         nan
    2         nan         nan         nan         nan         nan         nan
    3         nan         nan         nan         nan         nan         nan
           25          26          27          28          29          30
    1         nan         nan         nan         nan         nan         nan
    2         nan         nan         nan         nan         nan         nan
    3         nan         nan         nan         nan         nan         nan
           31          32          33          34          35          36
    1         nan         nan         nan         nan         nan         nan
    2         nan         nan         nan         nan         nan         nan
    3         nan         nan         nan         nan         nan         nan
           37          38          39          40          41          42
    1         nan         nan         nan         nan         nan         nan
    2         nan         nan         nan         nan         nan         nan
    3         nan         nan         nan         nan         nan         nan
           43          44          45          46          47          48
    1         nan         nan         nan         nan         nan         nan
    2         nan         nan         nan         nan         nan         nan
    3         nan         nan         nan         nan         nan         nan
           49          50          51          52          53          54
    1         nan         nan         nan         nan        -nan        -nan
    2         nan         nan         nan         nan        -nan        -nan
    3         nan         nan         nan         nan        -nan        -nan
           55          56
    1         nan         nan
    2         nan         nan
    3         nan         nan
 Max gradient component =       0.000E+00
 RMS gradient           =             NAN
 Gradient time:  CPU 25.67 s  wall 0.56 s
 Geometry Optimization Parameters
   NAtoms,    NIC,     NZ,  NCons,   NDum,   NFix, NCnnct, MaxDiis
       56    1332       0       9       0       0       0       0


** CONSTRAINED OPTIMIZATION IN DELOCALIZED INTERNAL COORDINATES **
   Searching for a Minimum

   Optimization Cycle:   1

                       Coordinates (Angstroms)
     ATOM                X               Y               Z
      1  O        -0.3004486899   -1.9591572940    0.4396057645
      2  C        -1.2886917633   -1.3874893223    0.0019099865
      3  C        -1.3357872341    0.0540695201   -0.4544702420
      4  C        -0.7070265569    1.1059212609    0.4740394366
      5  C         0.0554393722    0.5802023485    1.6700039011
      6  O        -0.6824470760   -0.3766548008    2.3066933030
      7  C        -1.5718986369   -1.0773464305    1.4308171969
      8  C        -1.6124171105   -0.3952947849    0.0672578096
      9  O        -0.5331311343   -0.8730023313   -0.7511769368
     10  C         0.0562908588    0.0586342323   -1.5409815536
     11  C         1.1385557668    0.8343733656   -0.8285322175
     12  C         1.2155437724    0.5956833382    0.6865249511
     13  C         0.4665962700   -0.6161627674    1.2034405565
     14  O         0.9589793890   -1.5335881638    1.8440922101
     15  O        -2.1773259011   -2.4636058928   -0.6253575883
     16  O         1.1420214757   -1.6796920585   -0.6336200785
     17  O         0.0764694572   -0.0430840765   -2.7669226293
     18  C         1.8115582008   -2.9075338169   -0.6726853783
     19  C         2.6182627154    0.5843618305   -1.2927532967
     20  C         3.5375786980    1.7538028712   -0.8856990815
     21  C         3.7811145276    1.4116904498    0.5756749060
     22  C         2.7992630192    0.2268275131    0.7366997436
     23  O         3.0883957483   -0.4328484945   -0.4637657179
     24  H         1.0138112675    1.8828083437   -1.1710436484
     25  H         1.5710814850    1.7614664452    0.8908901414
     26  H         2.6860013933    0.4004845359   -2.3865424353
     27  H         4.5129733923    1.7086099725   -1.4188119963
     28  H         3.0639114432    2.7423745218   -1.0676952594
     29  H         4.8086569406    0.9913999721    0.6764183313
     30  H         3.6810843587    2.2566246742    1.2910831728
     31  H         3.0851565664   -0.3289865999    1.6560911213
     32  O         0.3054503540    1.4567931281    2.6060950487
     33  C        -2.0313150103   -3.8258607847   -0.4607485320
     34  C        -2.2394545085    1.5326465956   -1.2384387938
     35  C        -3.2645263203    2.2607804865   -0.3146077700
     36  C        -2.3608009962    3.2237977653    0.4211216101
     37  C        -1.0029132595    2.6167825850    0.0113656083
     38  O        -1.2233245842    2.4871590272   -1.3523329206
     39  H        -2.0540826215   -0.0273499159   -1.8135723654
     40  H        -1.4658969340    1.3975722892    1.2938975589
     41  H        -2.1070376276   -4.0918879251    0.6137918822
     42  H        -2.8079434595    1.5976478905   -2.2378135672
     43  H        -4.0054706302    2.8741515642   -0.8772288486
     44  H        -3.8186441611    1.5690379548    0.3451122571
     45  H        -2.4154146783    4.2330109138   -0.0481709233
     46  H        -2.5766934798    3.3175812715    1.5078836531
     47  H        -0.1689334724    3.3064774095    0.2630350218
     48  H        -1.0534689334   -4.1556744633   -0.8647552846
     49  H        -2.8369924440   -4.3466791980   -1.0170406123
     50  H         1.1918709102   -3.7198151910   -0.2429824419
     51  H         2.7536306278   -2.8513607824   -0.0910276927
     52  H         2.0465822054   -3.1590476402   -1.7266470027
     53  H        -3.1664574204   -0.5078440398    0.0588006352
     54  H        -3.1664574204   -0.5078440398    0.0588006352
     55  H        -2.4985793881   -0.6941357414    1.9703900702
     56  H        -1.9020310573   -2.0864921004    1.9710209127
   Point Group: c1    Number of degrees of freedom:   162


   Energy is              NaN

              Constraints and their Current Values
                                        Value     Constraint
   Dihedral:        1   2   3   4      -47.368      -47.368
   Dihedral:        3   4   5   6      -47.368      -47.368
   Dihedral:        4   5   6   7       28.421       28.421
   Dihedral:        5   6   7   8       -9.474       -9.474
   Dihedral:        6   7   8   9       85.263       85.263
   Dihedral:        7   8   9  10     -142.105     -142.105
   Dihedral:        8   9  10  11       85.263       85.263
   Dihedral:        9  10  11  12       -9.473       -9.474
   Dihedral:       11  12  13  14      123.158      123.158

 Attempting to Generate Delocalized Internal Coordinates

  ***ERROR*** Wrong Number of Internal Coordinates
              Should be: 162  Found: 155
**WARNING** Problems with Internal Coordinates
  Switching to Cartesian Coordinates

   Using Penalty Function Algorithm


 Translations and Rotations Projected Out of Hessian

162 Hessian modes will be used to form the next step
  Hessian Eigenvalues:
     0.999942    0.999952    0.999953    0.999961    0.999964    0.999974
     0.999980    0.999983    0.999985    0.999988    0.999990    0.999991
     0.999992    0.999994    0.999996    0.999996    0.999997    1.000000
     1.000000    1.000000    1.000000    1.000000    1.000000    1.000000
     1.000000    1.000000    1.000000    1.000000    1.000000    1.000000
     1.000000    1.000000    1.000000    1.000000    1.000000    1.000000
     1.000000    1.000000    1.000000    1.000000    1.000000    1.000000
     1.000000    1.000000    1.000000    1.000000    1.000000    1.000000
     1.000000    1.000000    1.000000    1.000000    1.000000    1.000000
     1.000000    1.000000    1.000000    1.000000    1.000000    1.000000
     1.000000    1.000000    1.000000    1.000000    1.000000    1.000000
     1.000000    1.000000    1.000000    1.000000    1.000000    1.000000
     1.000000    1.000000    1.000000    1.000000    1.000000    1.000000
     1.000000    1.000000    1.000000    1.000000    1.000000    1.000000
     1.000000    1.000000    1.000000    1.000000    1.000000    1.000000
     1.000000    1.000000    1.000000    1.000000    1.000000    1.000000
     1.000000    1.000000    1.000000    1.000000    1.000000    1.000000
     1.000000    1.000000    1.000000    1.000000    1.000000    1.000000
     1.000000    1.000000    1.000000    1.000000    1.000000    1.000000
     1.000000    1.000000    1.000000    1.000000    1.000000    1.000000
     1.000000    1.000000    1.000000    1.000000    1.000000    1.000000
     1.000000    1.000000    1.000000    1.000000    1.000000    1.000000
     1.000000    1.000000    1.000000    1.000000    1.000000    1.000000
     1.000000    1.000001    1.000002    1.000004    1.000004    1.000007
     1.000008    1.000010    1.000013    1.000016    1.000023    1.000035
     1.000036    1.000038    1.000101    1.037805    1.122216    1.610304
     2.971638    6.212261    8.407391    9.757748   12.915108   14.953676

 Minimum Search - Taking Simple RFO Step
 Searching for Lamda that Minimizes Along All modes


 ****************************************
 ** UNABLE TO DETERMINE Lamda IN FormD **
 ****************************************



 Taking Simple Newton-Raphson Step
 Step Taken.  Stepsize is       NaN

                             Maximum     Tolerance    Cnvgd?
         Gradient                NaN      0.000300      NO
         Displacement            NaN      0.001200      NO
         Energy change           NaN      0.000001      NO

 Adding empirical dispersion correction 
 ----------------------------------------------------------------
 Doing -D3(op) with
 s6 =   1.00000
 s8 =   0.78311
 a1 =   0.30000
 a2 =   4.25000
 n  =  10.00000
 -D3 energy without 3body term =               NaN hartrees
 ----------------------------------------------------------------
             Standard Nuclear Orientation (Angstroms)
    I     Atom           X                Y                Z
 ----------------------------------------------------------------
    1      O                NaN              NaN              NaN
    2      C                NaN              NaN              NaN
    3      C                NaN              NaN              NaN
    4      C                NaN              NaN              NaN
    5      C                NaN              NaN              NaN
    6      O                NaN              NaN              NaN
    7      C                NaN              NaN              NaN
    8      C                NaN              NaN              NaN
    9      O                NaN              NaN              NaN
   10      C                NaN              NaN              NaN
   11      C                NaN              NaN              NaN
   12      C                NaN              NaN              NaN
   13      C                NaN              NaN              NaN
   14      O                NaN              NaN              NaN
   15      O                NaN              NaN              NaN
   16      O                NaN              NaN              NaN
   17      O                NaN              NaN              NaN
   18      C                NaN              NaN              NaN
   19      C                NaN              NaN              NaN
   20      C                NaN              NaN              NaN
   21      C                NaN              NaN              NaN
   22      C                NaN              NaN              NaN
   23      O                NaN              NaN              NaN
   24      H                NaN              NaN              NaN
   25      H                NaN              NaN              NaN
   26      H                NaN              NaN              NaN
   27      H                NaN              NaN              NaN
   28      H                NaN              NaN              NaN
   29      H                NaN              NaN              NaN
   30      H                NaN              NaN              NaN
   31      H                NaN              NaN              NaN
   32      O                NaN              NaN              NaN
   33      C                NaN              NaN              NaN
   34      C                NaN              NaN              NaN
   35      C                NaN              NaN              NaN
   36      C                NaN              NaN              NaN
   37      C                NaN              NaN              NaN
   38      O                NaN              NaN              NaN
   39      H                NaN              NaN              NaN
   40      H                NaN              NaN              NaN
   41      H                NaN              NaN              NaN
   42      H                NaN              NaN              NaN
   43      H                NaN              NaN              NaN
   44      H                NaN              NaN              NaN
   45      H                NaN              NaN              NaN
   46      H                NaN              NaN              NaN
   47      H                NaN              NaN              NaN
   48      H                NaN              NaN              NaN
   49      H                NaN              NaN              NaN
   50      H                NaN              NaN              NaN
   51      H                NaN              NaN              NaN
   52      H                NaN              NaN              NaN
   53      H                NaN              NaN              NaN
   54      H                NaN              NaN              NaN
   55      H                NaN              NaN              NaN
   56      H                NaN              NaN              NaN
 ----------------------------------------------------------------
 Molecular Point Group                 C1    NOp =  1
 Largest Abelian Subgroup              C1    NOp =  1
 Nuclear Repulsion Energy =              NaN hartrees
 There are      113 alpha and      113 beta electrons
 Applying Cartesian multipole field
    Component          Value
    ---------          -----
     (2,0,0)        1.00000E-11
     (0,2,0)        2.00000E-11
     (0,0,2)       -3.00000E-11
 Requested basis set is STO-3G
 There are 86 shells and 176 basis functions
