mFile = /opt/software/qchem/qchem-5.0.1//bin/mpi/machines
Process 0 of 1 is on vega02.cac.cornell.edu - thread support 0
initial socket setup ...start
initial socket setup ...done 
now start server 0 ... 
vega02.cac.cornell.edu 10.84.3
Q-Chem Developer Version! Running on 10.84.3.*
                  Welcome to Q-Chem
     A Quantum Leap Into The Future Of Chemistry


 Q-Chem 5.0, Q-Chem, Inc., Pleasanton, CA (2017)

 Yihan Shao,  Zhengting Gan,  E. Epifanovsky,  A. T. B. Gilbert,  M. Wormit,  
 J. Kussmann,  A. W. Lange,  A. Behn,  Jia Deng,  Xintian Feng,  D. Ghosh,  
 M. Goldey,  P. R. Horn,  L. D. Jacobson,  I. Kaliman,  T. Kus,  A. Landau,  
 Jie Liu,  E. I. Proynov,  R. M. Richard,  R. P. Steele,  E. J. Sundstrom,  
 H. L. Woodcock III,  P. M. Zimmerman,  D. Zuev,  B. Albrecht,  E. Alguire,  
 S. A. Baeppler,  Z. Benda,  Y. A. Bernard,  E. J. Berquist,  K. B. Bravaya,  
 D. Casanova,  Chun-Min Chang,  Yunqing Chen,  A. Chien,  K. D. Closser,  
 M. P. Coons,  S. Dasgupta,  M. Diedenhofen,  Hainam Do,  R. G. Edgar,  
 Po-Tung Fang,  S. Fatehi,  Qingguo Feng,  Qinghui Ge,  A. Ghysels,  
 J. Gomes,  J. Gonthier,  A. Gunina,  M. W. D. Hanson-Heine,  
 P. H. P. Harbach,  A. W. Hauser,  J. E. Herr,  E. G. Hohenstein,  
 Z. C. Holden,  Kerwin Hui,  T.-C. Jagau,  Hyunjun Ji,  B. Kaduk,  
 K. Khistyaev,  Jaehoon Kim,  P. Klunzinger,  K. Koh,  D. Kosenkov,  
 T. Kowalczyk,  C. M. Krauter,  A. Kunitsa,  Ka Un Lao,  A. Laurent,  
 K. V. Lawler,  Joonho Lee,  D. Lefrancois,  S. Lehtola,  D. S. Levine,  
 Yi-Pei Li,  You-Sheng Lin,  Fenglai Liu,  E. Livshits,  A. Luenser,  
 P. Manohar,  E. Mansoor,  S. F. Manzer,  Shan-Ping Mao,  Yuezhi Mao,  
 N. Mardirossian,  A. V. Marenich,  L. A. Martinez-Martinez,  S. A. Maurer,  
 N. J. Mayhall,  S. C. McKenzie,  J.-M. Mewes,  A. F. Morrison,  K. Nanda,  
 T. S. Nguyen-Beck,  R. Olivares-Amaya,  J. A. Parkhill,  T. M. Perrine,  
 F. Plasser,  S. Prager,  A. Prociuk,  D. R. Rehn,  F. Rob,  M. Schneider,  
 N. Sergueev,  S. M. Sharada,  S. Sharma,  D. W. Small,  T. Stauch,  
 T. Stein,  Yu-Chuan Su,  A. J. W. Thom,  T. Tsuchimochi,  L. Vogt,  
 O. Vydrov,  M. A. Watson,  J. Wenzel,  M. de Wergifosse,  T. A. Wesolowski,  
 A. White,  J. Witte,  A. Yamada,  Jun Yang,  K. Yao,  S. Yeganeh,  
 S. R. Yost,  Zhi-Qiang You,  A. Zech,  Igor Ying Zhang,  Xing Zhang,  
 Yan Zhao,  Ying Zhu,  B. R. Brooks,  G. K. L. Chan,  C. J. Cramer,  
 M. S. Gordon,  W. J. Hehre,  A. Klamt,  M. W. Schmidt,  C. D. Sherrill,  
 D. G. Truhlar,  A. Aspuru-Guzik,  R. Baer,  A. T. Bell,  N. A. Besley,  
 Jeng-Da Chai,  A. Dreuw,  B. D. Dunietz,  T. R. Furlani,  Chao-Ping Hsu,  
 Yousung Jung,  Jing Kong,  D. S. Lambrecht,  WanZhen Liang,  C. Ochsenfeld,  
 V. A. Rassolov,  L. V. Slipchenko,  J. E. Subotnik,  T. Van Voorhis,  
 J. M. Herbert,  A. I. Krylov,  P. M. W. Gill,  M. Head-Gordon

 Contributors to earlier versions of Q-Chem not listed above: 
 R. D. Adamson,  B. Austin,  J. Baker,  G. J. O. Beran,  K. Brandhorst,  
 S. T. Brown,  E. F. C. Byrd,  A. K. Chakraborty,  C.-L. Cheng,  
 Siu Hung Chien,  D. M. Chipman,  D. L. Crittenden,  H. Dachsel,  
 R. A. DiStasio Jr.,  R. J. Doerksen,  A. D. Dutoi,  L. Fusti-Molnar,  
 W. A. Goddard III,  A. Golubeva-Zadorozhnaya,  S. R. Gwaltney,  G. Hawkins,  
 A. Heyden,  S. Hirata,  G. Kedziora,  F. J. Keil,  C. Kelley,  Jihan Kim,  
 R. A. King,  R. Z. Khaliullin,  P. P. Korambath,  W. Kurlancheek,  
 A. M. Lee,  M. S. Lee,  S. V. Levchenko,  Ching Yeh Lin,  D. Liotard,  
 R. C. Lochan,  I. Lotan,  P. E. Maslen,  N. Nair,  D. P. O'Neill,  
 D. Neuhauser,  E. Neuscamman,  C. M. Oana,  R. Olson,  B. Peters,  
 R. Peverati,  P. A. Pieniazek,  Y. M. Rhee,  J. Ritchie,  M. A. Rohrdanz,  
 E. Rosta,  N. J. Russ,  H. F. Schaefer III,  N. E. Schultz,  N. Shenvi,  
 A. C. Simmonett,  A. Sodt,  D. Stuck,  K. S. Thanthiriwatte,  V. Vanovschi,  
 Tao Wang,  A. Warshel,  C. F. Williams,  Q. Wu,  X. Xu,  W. Zhang

 Please cite Q-Chem as follows:
 Y. Shao et al., Mol. Phys. 113, 184-215 (2015)
 DOI: 10.1080/00268976.2014.952696

 Q-Chem 5.0.1 for Intel X86 EM64T Linux

 Parts of Q-Chem use Armadillo 5.200.1 (Boston Tea Smuggler).
 http://arma.sourceforge.net/

 Q-Chem begins on Sun Jan 14 18:32:29 2018  

Host: vega02.cac.cornell.edu
0

     Scratch files written to /scratch/jj585/SOT1001/0527c.save//
 Parallel job on  1  processors

Checking the input file for inconsistencies... 	...done.

--------------------------------------------------------------
User input:
--------------------------------------------------------------
$molecule
0  1
O -3.94934 -3.66094 2.70899
C -3.26408 -4.56952 2.26188
C -3.36658 -6.02376 2.66595
C -4.55778 -6.42467 3.55148
C -5.60993 -5.36381 3.78738
O -5.37997 -4.29275 2.97168
C -4.37078 -4.54107 1.98724
C -3.99766 -6.01987 1.97842
O -4.91618 -6.76125 2.79668
C -6.00231 -6.07176 3.2257
C -6.13989 -4.72048 2.56556
C -5.18309 -4.47394 1.38997
C -4.49914 -5.70297 0.8257
O -4.76863 -6.85979 1.11505
O -1.93759 -4.24128 1.82069
O -3.91729 -5.49099 -0.45704
O -7.06114 -6.9211 3.26625
C -3.65885 -6.44554 -1.42688
C -7.55093 -4.95918 1.66637
C -8.24844 -3.70182 1.04683
C -7.43665 -3.54506 -0.17456
C -6.34196 -4.61423 0.13359
O -7.14252 -5.66548 0.55143
H -7.23568 -4.03899 3.06321
H -5.59998 -3.27918 0.97494
H -8.39351 -5.47835 2.19685
H -9.29441 -3.92452 0.73534
H -8.25581 -2.80806 1.7085
H -8.02371 -3.91082 -1.05097
H -7.09796 -2.50797 -0.39318
H -5.94396 -4.74987 -0.89758
O -5.8678 -4.92541 5.07232
C -1.32788 -3.01012 1.97635
C -2.23835 -7.16749 3.37068
C -1.68274 -6.96878 4.82821
C -2.88715 -7.3475 5.67112
C -3.88538 -7.71419 4.55031
O -3.02855 -8.31732 3.60122
H -2.55543 -5.47155 3.41991
H -4.10085 -5.84693 4.49113
H -1.25536 -2.76349 3.05647
H -1.36754 -7.33919 2.69808
H -0.89841 -7.74183 4.99477
H -1.23436 -5.97678 5.05446
H -2.6406 -8.26021 6.25835
H -3.26046 -6.55941 6.36049
H -4.69573 -8.37777 4.9219
H -1.88557 -2.20639 1.45455
H -0.30406 -3.05827 1.55284
H -2.57045 -6.46364 -1.64044
H -4.20116 -6.1738 -2.35544
H -3.98431 -7.46086 -1.11725
H -2.8059 -6.84215 1.00559
H -2.8059 -6.84215 1.00559
H -3.70823 -3.38291 0.74009
H -3.70823 -3.38291 0.74009
$end

$opt
CONSTRAINT
tors           1           2           3           4      +9.474
tors           3           4           5           6      +9.474
tors           4           5           6           7      +9.474
tors           5           6           7           8      +9.474
tors           6           7           8           9      +9.474
tors           7           8           9          10      +9.474
tors           8           9          10          11      +9.474
tors           9          10          11          12      +9.474
tors          11          12          13          14      +9.474
ENDCONSTRAINT
$end

$rem
JOBTYPE                   OPT
METHOD                    B3LYP
DFT_D                     d3_op
BASIS                     STO-3G
GEOM_OPT_MAX_CYCLES       100
GEOM_OPT_TOL_GRADIENT     300
GEOM_OPT_TOL_DISPLACEMENT 1200
GEOM_OPT_TOL_ENERGY       100
SYMMETRY                  False
THRESH                    12
SCF_CONVERGENCE           8
MAX_SUB_FILE_NUM          128
MEM_STATIC                400
MEM_TOTAL                 4000
$end
--------------------------------------------------------------
 Adding empirical dispersion correction 
 ----------------------------------------------------------------
 Doing -D3(op) with
 s6 =   1.00000
 s8 =   0.78311
 a1 =   0.30000
 a2 =   4.25000
 n  =  10.00000
 -D3 energy without 3body term =               NaN hartrees
 ----------------------------------------------------------------
             Standard Nuclear Orientation (Angstroms)
    I     Atom           X                Y                Z
 ----------------------------------------------------------------
    1      O       0.0225072825    -0.7254151991    -1.8958456229
    2      C       0.5822448307    -1.2407480861    -0.9386977091
    3      C       1.3138029944    -0.4932088686     0.1542801333
    4      C       1.1684492753     1.0372125069     0.1773530327
    5      C       0.1663054215     1.6340835475    -0.7857383592
    6      O      -0.5765056114     0.6406073758    -1.3572753053
    7      C      -0.3680531800    -0.6388168825    -0.7499281696
    8      C       0.4569005449    -0.4878045015     0.5239605144
    9      O       0.5928032068     0.9026818226     0.8570535515
   10      C      -0.1738166423     1.7538220325     0.1311146095
   11      C      -1.1878511360     1.0416614842    -0.7321536649
   12      C      -1.3216799612    -0.4646055262    -0.4647408778
   13      C      -0.7100476415    -0.9629133250     0.8292058828
   14      O      -0.2788673981    -0.2552913331     1.7280582118
   15      O       1.1177994632    -2.5609098032    -1.1184756560
   16      O      -1.1573141520    -2.2617032662     1.2060403395
   17      O      -0.5628615557     2.7748081503     0.9375729838
   18      C      -1.1931860090    -2.7966338087     2.4831891508
   19      C      -2.6242748948     1.5345735445     0.0096540687
   20      C      -3.9692686511     1.2733028846    -0.7479959951
   21      C      -4.1975246744    -0.1337264301    -0.3691319967
   22      C      -2.8347681403    -0.4086649174     0.3406077896
   23      O      -2.7382346774     0.7289295610     1.1262115287
   24      H      -1.9168127356     1.9460761244    -1.4828127163
   25      H      -2.3231596116    -0.7759876272    -1.2854590558
   26      H      -2.6941371765     2.6226585129     0.2781274171
   27      H      -4.8025982409     1.8800266415    -0.3259502291
   28      H      -3.9200155422     1.4489801529    -1.8449828100
   29      H      -4.9950849602    -0.1755931222     0.4110340624
   30      H      -4.4916176572    -0.8109006289    -1.2016016421
   31      H      -3.1252588805    -1.3158550881     0.9174395697
   32      O       0.5910675699     2.5184577918    -1.7589914681
   33      C       1.1639367704    -3.2454440466    -2.3188986996
   34      C       2.9675678996    -0.5157333129     0.7392757798
   35      C       4.1574388735    -0.0302211188    -0.1668515910
   36      C       3.9686353332     1.4758564297    -0.1420888011
   37      C       2.7366991193     1.5693717830     0.7856653628
   38      O       2.9964945254     0.5221965300     1.6992438271
   39      H       2.1225432479    -0.7425451467    -0.7485634363
   40      H       1.8314825627     1.1517577796    -0.8089414949
   41      H       1.7702217858    -2.6728857672    -3.0519336363
   42      H       3.2375612852    -1.5181594939     1.1422981481
   43      H       5.1038734784    -0.2600765057     0.3734725014
   44      H       4.2253451568    -0.4864671342    -1.1785462075
   45      H       4.8461146848     1.9385635239     0.3624879047
   46      H       3.8193447832     1.9595960354    -1.1317278902
   47      H       2.6492790553     2.5735885011     1.2536302999
   48      H       0.1502344513    -3.4138370109    -2.7352239413
   49      H       1.6433857212    -4.2317226435    -2.1537630951
   50      H      -0.5536978472    -3.7024001188     2.5177192270
   51      H      -2.2362963818    -3.0857129423     2.7250991384
   52      H      -0.8434099599    -2.0765590042     3.2524866500
   53      H       1.0209937908    -1.7257853980     1.6157648076
   54      H       1.0209937908    -1.7257853980     1.6157648076
   55      H      -1.1017274095    -2.2420238057    -1.2265201304
   56      H      -1.1017274095    -2.2420238057    -1.2265201304
 ----------------------------------------------------------------
 Molecular Point Group                 C1    NOp =  1
 Largest Abelian Subgroup              C1    NOp =  1
 Nuclear Repulsion Energy =              NaN hartrees
 There are      113 alpha and      113 beta electrons
 Requested basis set is STO-3G
 There are 86 shells and 176 basis functions

 Total QAlloc Memory Limit   4000 MB
 Mega-Array Size       392 MB
 MEM_STATIC part       400 MB
 A cutoff of  1.0D-12 yielded   3072 shell pairs
 There are     14418 function pairs
 
 -------------------------------------------------------
 OpenMP Integral Computing Module                       
 Release: version 1.0, May 2013, Q-Chem Inc. Pittsburgh 
 -------------------------------------------------------
 Integral Job Info:
 Integral job number is                      11
 Integral operator is                         1
 short-range coefficients                     0
 long-range coefficients              100000000
 Omega coefficients                           0
 if combine SR and LR in K                    0
 Integral screening is                        0
 Integral computing path is                   2
 max size of driver memory is            800000
 size of driver memory is                 45569
 size of scratch memory is              1046100
 max col of scratch BK array                289
 max len of scratch array in speh3           22
 max len of scratch index in speh4            8
 max int batch size is                      520
 min int batch size is                       52
 fixed nKL is                                52
 max L of basis functions is                  1
 order of int derivative is                   0
 number of shells is                         86
 number of basis is                         176
 number of cartesian basis is               176
 number of contracted shell pairs          3072
 number of primitive shell pairs          16009
 maxK2 (contraction) of shell pair            9
 max number of K2 of shell pair               1
 max number of CS2 of shell pair            497
 max number of PS2 of shell pair           2106
 mem total for path MDJ                   77674
 -------------------------------------------------------
 Smallest overlap matrix eigenvalue = -2.96E-16

 Q-Chem fatal error occurred in module /opt/software/qchem/qchem-5.0.1/stvman/mkSTV.C, line 276:

 Negative overlap matrix eigenvalue.

