mFile = /opt/software/qchem/qchem-5.0.1//bin/mpi/machines
Process 0 of 1 is on vega02.cac.cornell.edu - thread support 0
initial socket setup ...start
initial socket setup ...done 
now start server 0 ... 
vega02.cac.cornell.edu 10.84.3
Q-Chem Developer Version! Running on 10.84.3.*
                  Welcome to Q-Chem
     A Quantum Leap Into The Future Of Chemistry


 Q-Chem 5.0, Q-Chem, Inc., Pleasanton, CA (2017)

 Yihan Shao,  Zhengting Gan,  E. Epifanovsky,  A. T. B. Gilbert,  M. Wormit,  
 J. Kussmann,  A. W. Lange,  A. Behn,  Jia Deng,  Xintian Feng,  D. Ghosh,  
 M. Goldey,  P. R. Horn,  L. D. Jacobson,  I. Kaliman,  T. Kus,  A. Landau,  
 Jie Liu,  E. I. Proynov,  R. M. Richard,  R. P. Steele,  E. J. Sundstrom,  
 H. L. Woodcock III,  P. M. Zimmerman,  D. Zuev,  B. Albrecht,  E. Alguire,  
 S. A. Baeppler,  Z. Benda,  Y. A. Bernard,  E. J. Berquist,  K. B. Bravaya,  
 D. Casanova,  Chun-Min Chang,  Yunqing Chen,  A. Chien,  K. D. Closser,  
 M. P. Coons,  S. Dasgupta,  M. Diedenhofen,  Hainam Do,  R. G. Edgar,  
 Po-Tung Fang,  S. Fatehi,  Qingguo Feng,  Qinghui Ge,  A. Ghysels,  
 J. Gomes,  J. Gonthier,  A. Gunina,  M. W. D. Hanson-Heine,  
 P. H. P. Harbach,  A. W. Hauser,  J. E. Herr,  E. G. Hohenstein,  
 Z. C. Holden,  Kerwin Hui,  T.-C. Jagau,  Hyunjun Ji,  B. Kaduk,  
 K. Khistyaev,  Jaehoon Kim,  P. Klunzinger,  K. Koh,  D. Kosenkov,  
 T. Kowalczyk,  C. M. Krauter,  A. Kunitsa,  Ka Un Lao,  A. Laurent,  
 K. V. Lawler,  Joonho Lee,  D. Lefrancois,  S. Lehtola,  D. S. Levine,  
 Yi-Pei Li,  You-Sheng Lin,  Fenglai Liu,  E. Livshits,  A. Luenser,  
 P. Manohar,  E. Mansoor,  S. F. Manzer,  Shan-Ping Mao,  Yuezhi Mao,  
 N. Mardirossian,  A. V. Marenich,  L. A. Martinez-Martinez,  S. A. Maurer,  
 N. J. Mayhall,  S. C. McKenzie,  J.-M. Mewes,  A. F. Morrison,  K. Nanda,  
 T. S. Nguyen-Beck,  R. Olivares-Amaya,  J. A. Parkhill,  T. M. Perrine,  
 F. Plasser,  S. Prager,  A. Prociuk,  D. R. Rehn,  F. Rob,  M. Schneider,  
 N. Sergueev,  S. M. Sharada,  S. Sharma,  D. W. Small,  T. Stauch,  
 T. Stein,  Yu-Chuan Su,  A. J. W. Thom,  T. Tsuchimochi,  L. Vogt,  
 O. Vydrov,  M. A. Watson,  J. Wenzel,  M. de Wergifosse,  T. A. Wesolowski,  
 A. White,  J. Witte,  A. Yamada,  Jun Yang,  K. Yao,  S. Yeganeh,  
 S. R. Yost,  Zhi-Qiang You,  A. Zech,  Igor Ying Zhang,  Xing Zhang,  
 Yan Zhao,  Ying Zhu,  B. R. Brooks,  G. K. L. Chan,  C. J. Cramer,  
 M. S. Gordon,  W. J. Hehre,  A. Klamt,  M. W. Schmidt,  C. D. Sherrill,  
 D. G. Truhlar,  A. Aspuru-Guzik,  R. Baer,  A. T. Bell,  N. A. Besley,  
 Jeng-Da Chai,  A. Dreuw,  B. D. Dunietz,  T. R. Furlani,  Chao-Ping Hsu,  
 Yousung Jung,  Jing Kong,  D. S. Lambrecht,  WanZhen Liang,  C. Ochsenfeld,  
 V. A. Rassolov,  L. V. Slipchenko,  J. E. Subotnik,  T. Van Voorhis,  
 J. M. Herbert,  A. I. Krylov,  P. M. W. Gill,  M. Head-Gordon

 Contributors to earlier versions of Q-Chem not listed above: 
 R. D. Adamson,  B. Austin,  J. Baker,  G. J. O. Beran,  K. Brandhorst,  
 S. T. Brown,  E. F. C. Byrd,  A. K. Chakraborty,  C.-L. Cheng,  
 Siu Hung Chien,  D. M. Chipman,  D. L. Crittenden,  H. Dachsel,  
 R. A. DiStasio Jr.,  R. J. Doerksen,  A. D. Dutoi,  L. Fusti-Molnar,  
 W. A. Goddard III,  A. Golubeva-Zadorozhnaya,  S. R. Gwaltney,  G. Hawkins,  
 A. Heyden,  S. Hirata,  G. Kedziora,  F. J. Keil,  C. Kelley,  Jihan Kim,  
 R. A. King,  R. Z. Khaliullin,  P. P. Korambath,  W. Kurlancheek,  
 A. M. Lee,  M. S. Lee,  S. V. Levchenko,  Ching Yeh Lin,  D. Liotard,  
 R. C. Lochan,  I. Lotan,  P. E. Maslen,  N. Nair,  D. P. O'Neill,  
 D. Neuhauser,  E. Neuscamman,  C. M. Oana,  R. Olson,  B. Peters,  
 R. Peverati,  P. A. Pieniazek,  Y. M. Rhee,  J. Ritchie,  M. A. Rohrdanz,  
 E. Rosta,  N. J. Russ,  H. F. Schaefer III,  N. E. Schultz,  N. Shenvi,  
 A. C. Simmonett,  A. Sodt,  D. Stuck,  K. S. Thanthiriwatte,  V. Vanovschi,  
 Tao Wang,  A. Warshel,  C. F. Williams,  Q. Wu,  X. Xu,  W. Zhang

 Please cite Q-Chem as follows:
 Y. Shao et al., Mol. Phys. 113, 184-215 (2015)
 DOI: 10.1080/00268976.2014.952696

 Q-Chem 5.0.1 for Intel X86 EM64T Linux

 Parts of Q-Chem use Armadillo 5.200.1 (Boston Tea Smuggler).
 http://arma.sourceforge.net/

 Q-Chem begins on Mon Jan 15 05:49:27 2018  

Host: vega02.cac.cornell.edu
0

     Scratch files written to /scratch/jj585/SOT1001/0684c.save//
 Parallel job on  1  processors

Checking the input file for inconsistencies... 	...done.

--------------------------------------------------------------
User input:
--------------------------------------------------------------
$molecule
0  1
O -3.94934 -3.66094 2.70899
C -3.26408 -4.56952 2.26188
C -3.36658 -6.02376 2.66595
C -2.40867 -7.01244 1.98128
C -1.33566 -6.41165 1.10049
O -1.88678 -5.47972 0.26791
C -2.75645 -4.56513 0.94352
C -1.95817 -3.6992 1.91257
O -2.48805 -3.83492 3.24061
C -1.60298 -4.24587 4.18238
C -0.78449 -5.43584 3.74115
C -0.11441 -6.21865 4.87978
C -0.63373 -5.93121 6.2742
O -1.08691 -6.76287 7.0472
O -2.562 -2.89065 0.09502
O -0.31226 -4.73643 6.89581
O -1.82349 -3.857 5.31323
C -0.60764 -4.4095 8.20483
C 0.55947 -5.77968 2.83542
C 2.03234 -5.45645 3.30921
C 2.31662 -6.65663 4.22657
C 0.8954 -7.22998 4.28276
O 0.58122 -7.18126 2.92518
H -0.20195 -4.48668 3.6898
H 0.65697 -5.50454 5.21345
H 0.60217 -5.36227 1.81202
H 2.76996 -5.50195 2.47668
H 2.08651 -4.4553 3.78995
H 2.94798 -7.40652 3.69764
H 2.78003 -6.39558 5.20254
H 0.80629 -8.24638 4.72026
O -0.49789 -7.15971 0.61542
C -2.02908 -3.01877 -1.19578
C -3.56959 -6.68901 4.05163
C -4.50297 -7.90327 3.92812
C -3.58764 -8.89721 3.21051
C -2.28671 -8.07845 3.10629
O -2.36124 -7.35503 4.30788
H -4.36845 -6.18265 2.1979
H -2.97287 -7.54253 1.17692
H -1.87398 -4.06079 -1.52521
H -3.92327 -5.97656 4.82668
H -4.6999 -8.28617 4.95504
H -5.47578 -7.70473 3.42909
H -3.42181 -9.76443 3.88831
H -3.96188 -9.26971 2.23287
H -1.41584 -8.75209 2.96876
H -1.06121 -2.47917 -1.24287
H -2.72929 -2.54923 -1.91637
H -0.23355 -3.38711 8.41719
H -0.11312 -5.122 8.89888
H -1.70686 -4.4294 8.36383
H -0.89235 -3.94274 1.78369
H -1.67483 -2.59411 1.90916
H -3.75433 -4.5983 0.2074
H -3.75433 -4.5983 0.2074
$end

$opt
CONSTRAINT
tors           1           2           3           4    -180.000
tors           3           4           5           6     -47.368
tors           4           5           6           7     +47.368
tors           5           6           7           8     +66.316
tors           6           7           8           9    -123.158
tors           7           8           9          10    +123.158
tors           8           9          10          11     -47.368
tors           9          10          11          12    -161.053
tors          11          12          13          14    +123.158
ENDCONSTRAINT
$end

$rem
JOBTYPE                   OPT
METHOD                    B3LYP
DFT_D                     d3_op
BASIS                     STO-3G
GEOM_OPT_MAX_CYCLES       100
GEOM_OPT_TOL_GRADIENT     300
GEOM_OPT_TOL_DISPLACEMENT 1200
GEOM_OPT_TOL_ENERGY       100
SYMMETRY                  False
THRESH                    12
SCF_CONVERGENCE           8
MAX_SUB_FILE_NUM          128
MEM_STATIC                400
MEM_TOTAL                 4000
$end
--------------------------------------------------------------
 Adding empirical dispersion correction 
 ----------------------------------------------------------------
 Doing -D3(op) with
 s6 =   1.00000
 s8 =   0.78311
 a1 =   0.30000
 a2 =   4.25000
 n  =  10.00000
 -D3 energy without 3body term =               NaN hartrees
 ----------------------------------------------------------------
             Standard Nuclear Orientation (Angstroms)
    I     Atom           X                Y                Z
 ----------------------------------------------------------------
    1      O       1.8970573291     0.9345453706     2.4219039223
    2      C       1.8348677946     0.7046709002     1.2226139550
    3      C       1.1773205259     1.5970845661     0.1931372768
    4      C       1.2083912982     1.1239061997    -1.2693912050
    5      C       1.7363251772    -0.2720892540    -1.5155062614
    6      O       2.9039146604    -0.4540462267    -0.8306393439
    7      C       2.8310463812    -0.0206765388     0.5317594878
    8      C       1.8596796560    -0.9004094652     1.3119263220
    9      O       0.8330752278    -0.0895641861     1.9047975187
   10      C      -0.4383306421    -0.4202675871     1.5681643131
   11      C      -0.6199906897    -0.6224555435     0.0826482239
   12      C      -2.0730270848    -0.5451575506    -0.4082562824
   13      C      -3.0664377627     0.0635458747     0.5609379795
   14      O      -3.7820470246     1.0275398622     0.3303334602
   15      O       3.9040616210    -1.1986319078     1.5430486486
   16      O      -3.4720172622    -0.6549647326     1.6729132393
   17      O      -1.2833551527    -0.1720195525     2.4065990150
   18      C      -4.4633618525    -0.2732392343     2.5556292055
   19      C      -0.3870450681    -1.7872492622    -1.0722514212
   20      C      -1.2896320706    -3.0786944174    -1.1979763111
   21      C      -2.4950238691    -2.5212757578    -1.9719992891
   22      C      -2.1453239633    -1.0311553287    -1.8771050855
   23      O      -0.7964921981    -1.0958702590    -2.2243384570
   24      H      -0.5744998988    -1.5909258159     0.6330029269
   25      H      -2.4979758310    -1.4703303424     0.0157599129
   26      H       0.6123325834    -2.2584430673    -1.1234633920
   27      H      -0.8275295595    -3.8637969305    -1.8377692687
   28      H      -1.5129525077    -3.5087636744    -0.1972190601
   29      H      -2.4272164640    -2.8022635244    -3.0477155330
   30      H      -3.4857858718    -2.8202128445    -1.5664864734
   31      H      -2.7377611352    -0.3578887973    -2.5314338844
   32      O       1.6879559567    -0.7177415176    -2.6538382515
   33      C       4.8356991587    -1.8738713268     0.7413714530
   34      C      -0.1444424622     2.4064407379     0.2351476975
   35      C       0.0377607454     3.7611436325    -0.4666089204
   36      C       0.1131552278     3.3189676074    -1.9293139075
   37      C      -0.0922580292     1.7985066759    -1.7891263168
   38      O      -0.9789099392     1.7752777234    -0.7000815281
   39      H       1.9362455554     2.4127981951     0.2750177180
   40      H       2.0210425851     1.6785318524    -1.7969329844
   41      H       4.8354270664    -1.5657246019    -0.3185489861
   42      H      -0.5458521153     2.5275780644     1.2635314225
   43      H      -0.8992220988     4.3458792212    -0.3248134257
   44      H       0.8954348615     4.3696158949    -0.1074919686
   45      H      -0.7564582320     3.7583958305    -2.4675129642
   46      H       1.0465829494     3.5973533509    -2.4639220476
   47      H      -0.4483536626     1.3664856220    -2.7470791425
   48      H       4.6395985746    -2.9640157726     0.7987091653
   49      H       5.8525917203    -1.6777896282     1.1382256952
   50      H      -4.5602103856    -1.0431514665     3.3482053381
   51      H      -5.4350774517    -0.1827468531     2.0250713801
   52      H      -4.1998478621     0.6968653394     3.0283015142
   53      H       1.5213141486    -1.7060537205     0.6423442317
   54      H       2.0096184360    -1.6831511993     2.1282294714
   55      H       3.8581870122     0.6696043539     0.6167995426
   56      H       3.8581870122     0.6696043539     0.6167995426
 ----------------------------------------------------------------
 Molecular Point Group                 C1    NOp =  1
 Largest Abelian Subgroup              C1    NOp =  1
 Nuclear Repulsion Energy =              NaN hartrees
 There are      113 alpha and      113 beta electrons
 Requested basis set is STO-3G
 There are 86 shells and 176 basis functions

 Total QAlloc Memory Limit   4000 MB
 Mega-Array Size       392 MB
 MEM_STATIC part       400 MB
 A cutoff of  1.0D-12 yielded   2890 shell pairs
 There are     13762 function pairs
 
 -------------------------------------------------------
 OpenMP Integral Computing Module                       
 Release: version 1.0, May 2013, Q-Chem Inc. Pittsburgh 
 -------------------------------------------------------
 Integral Job Info:
 Integral job number is                      11
 Integral operator is                         1
 short-range coefficients                     0
 long-range coefficients              100000000
 Omega coefficients                           0
 if combine SR and LR in K                    0
 Integral screening is                        0
 Integral computing path is                   2
 max size of driver memory is            800000
 size of driver memory is                 45569
 size of scratch memory is              1046100
 max col of scratch BK array                289
 max len of scratch array in speh3           22
 max len of scratch index in speh4            8
 max int batch size is                      520
 min int batch size is                       52
 fixed nKL is                                52
 max L of basis functions is                  1
 order of int derivative is                   0
 number of shells is                         86
 number of basis is                         176
 number of cartesian basis is               176
 number of contracted shell pairs          2890
 number of primitive shell pairs          14453
 maxK2 (contraction) of shell pair            9
 max number of K2 of shell pair               1
 max number of CS2 of shell pair            453
 max number of PS2 of shell pair           1602
 mem total for path MDJ                   64906
 -------------------------------------------------------
 Smallest overlap matrix eigenvalue = 4.88E-16
 Linear dependence detected in AO basis
 Number of orthogonalized atomic orbitals = 175
 Maximum deviation from orthogonality = 3.775E-15

 Scale SEOQF with 1.000000e-02/1.000000e-01/1.000000e-01

 Standard Electronic Orientation quadrupole field applied
 Nucleus-field energy     =    -0.0000000116 hartrees
 Guess from superposition of atomic densities
 Warning:  Energy on first SCF cycle will be non-variational
 A restricted hybrid HF-DFT SCF calculation will be
 performed using Pulay DIIS extrapolation
 Exchange:     0.2000 Hartree-Fock + 0.0800 Slater + 0.7200 B88
 Correlation:  0.1900 VWN1RPA + 0.8100 LYP
 Using SG-1 standard quadrature grid
 Dispersion:   Grimme D3
 SCF converges when DIIS error is below 1.0E-08
 using 48 threads for integral computing
 -------------------------------------------------------
 OpenMP Integral computing Module                
 Release: version 1.0, May 2013, Q-Chem Inc. Pittsburgh 
 -------------------------------------------------------
 -------------------------------------------------------
 OpenMP BLAS3 based DFT computing Module                
 Release: version 1.0, May 2013, Q-Chem Inc. Pittsburgh 
 -------------------------------------------------------
 ---------------------------------------
  Cycle       Energy         DIIS Error
 ---------------------------------------
    1               -nan          -NAN
    2               -nan          -NAN Convergence criterion met
 ---------------------------------------
 SCF time:  CPU 16.77 s  wall 0.38 s
 SCF   energy in the final basis set = -nan
 Total energy in the final basis set = -nan
 
 --------------------------------------------------------------
 
                    Orbital Energies (a.u.)
 --------------------------------------------------------------
 
 Alpha MOs
 -- Occupied --
    NaN     NaN     NaN     NaN     NaN     NaN     NaN     NaN
    NaN     NaN     NaN     NaN     NaN     NaN     NaN     NaN
    NaN     NaN     NaN     NaN     NaN     NaN     NaN     NaN
    NaN     NaN     NaN     NaN     NaN     NaN     NaN     NaN
    NaN     NaN     NaN     NaN     NaN     NaN     NaN     NaN
    NaN     NaN     NaN     NaN     NaN     NaN     NaN     NaN
    NaN     NaN     NaN     NaN     NaN     NaN     NaN     NaN
    NaN     NaN     NaN     NaN     NaN     NaN     NaN     NaN
    NaN     NaN     NaN     NaN     NaN     NaN     NaN     NaN
    NaN     NaN     NaN     NaN     NaN     NaN     NaN     NaN
    NaN     NaN     NaN     NaN     NaN     NaN     NaN     NaN
    NaN     NaN     NaN     NaN     NaN     NaN     NaN     NaN
    NaN     NaN     NaN     NaN     NaN     NaN     NaN     NaN
    NaN     NaN     NaN     NaN     NaN     NaN     NaN     NaN
    NaN
 -- Virtual --
    NaN     NaN     NaN     NaN     NaN     NaN     NaN     NaN
    NaN     NaN     NaN     NaN     NaN     NaN     NaN     NaN
    NaN     NaN     NaN     NaN     NaN     NaN     NaN     NaN
    NaN     NaN     NaN     NaN     NaN     NaN     NaN     NaN
    NaN     NaN     NaN     NaN     NaN     NaN     NaN     NaN
    NaN     NaN     NaN     NaN     NaN     NaN     NaN     NaN
    NaN     NaN     NaN     NaN     NaN     NaN     NaN     NaN
    NaN     NaN     NaN     NaN     NaN     NaN
 --------------------------------------------------------------
 
          Ground-State Mulliken Net Atomic Charges

     Atom                 Charge (a.u.)
  ----------------------------------------
      1 O                          NaN
      2 C                          NaN
      3 C                          NaN
      4 C                          NaN
      5 C                          NaN
      6 O                          NaN
      7 C                          NaN
      8 C                          NaN
      9 O                          NaN
     10 C                          NaN
     11 C                          NaN
     12 C                          NaN
     13 C                          NaN
     14 O                          NaN
     15 O                          NaN
     16 O                          NaN
     17 O                          NaN
     18 C                          NaN
     19 C                          NaN
     20 C                          NaN
     21 C                          NaN
     22 C                          NaN
     23 O                          NaN
     24 H                          NaN
     25 H                          NaN
     26 H                          NaN
     27 H                          NaN
     28 H                          NaN
     29 H                          NaN
     30 H                          NaN
     31 H                          NaN
     32 O                          NaN
     33 C                          NaN
     34 C                          NaN
     35 C                          NaN
     36 C                          NaN
     37 C                          NaN
     38 O                          NaN
     39 H                          NaN
     40 H                          NaN
     41 H                          NaN
     42 H                          NaN
     43 H                          NaN
     44 H                          NaN
     45 H                          NaN
     46 H                          NaN
     47 H                          NaN
     48 H                          NaN
     49 H                          NaN
     50 H                          NaN
     51 H                          NaN
     52 H                          NaN
     53 H                          NaN
     54 H                          NaN
     55 H                          NaN
     56 H                          NaN
  ----------------------------------------
  Sum of atomic charges =          NaN

 -----------------------------------------------------------------
                    Cartesian Multipole Moments
 -----------------------------------------------------------------
    Charge (ESU x 10^10)
                    NaN
    Dipole Moment (Debye)
         X          NaN      Y          NaN      Z          NaN
       Tot          NaN
    Quadrupole Moments (Debye-Ang)
        XX          NaN     XY          NaN     YY          NaN
        XZ          NaN     YZ          NaN     ZZ          NaN
    Octopole Moments (Debye-Ang^2)
       XXX          NaN    XXY          NaN    XYY          NaN
       YYY          NaN    XXZ          NaN    XYZ          NaN
       YYZ          NaN    XZZ          NaN    YZZ          NaN
       ZZZ          NaN
    Hexadecapole Moments (Debye-Ang^3)
      XXXX          NaN   XXXY          NaN   XXYY          NaN
      XYYY          NaN   YYYY          NaN   XXXZ          NaN
      XXYZ          NaN   XYYZ          NaN   YYYZ          NaN
      XXZZ          NaN   XYZZ          NaN   YYZZ          NaN
      XZZZ          NaN   YZZZ          NaN   ZZZZ          NaN
 -----------------------------------------------------------------
 Calculating analytic gradient of the SCF energy
 Gradient of SCF Energy
            1           2           3           4           5           6
    1         nan         nan         nan         nan         nan         nan
    2         nan         nan         nan         nan         nan         nan
    3         nan         nan         nan         nan         nan         nan
            7           8           9          10          11          12
    1         nan         nan         nan         nan         nan         nan
    2         nan         nan         nan         nan         nan         nan
    3         nan         nan         nan         nan         nan         nan
           13          14          15          16          17          18
    1         nan         nan         nan         nan         nan         nan
    2         nan         nan         nan         nan         nan         nan
    3         nan         nan         nan         nan         nan         nan
           19          20          21          22          23          24
    1         nan         nan         nan         nan         nan         nan
    2         nan         nan         nan         nan         nan         nan
    3         nan         nan         nan         nan         nan         nan
           25          26          27          28          29          30
    1         nan         nan         nan         nan         nan         nan
    2         nan         nan         nan         nan         nan         nan
    3         nan         nan         nan         nan         nan         nan
           31          32          33          34          35          36
    1         nan         nan         nan         nan         nan         nan
    2         nan         nan         nan         nan         nan         nan
    3         nan         nan         nan         nan         nan         nan
           37          38          39          40          41          42
    1         nan         nan         nan         nan         nan         nan
    2         nan         nan         nan         nan         nan         nan
    3         nan         nan         nan         nan         nan         nan
           43          44          45          46          47          48
    1         nan         nan         nan         nan         nan         nan
    2         nan         nan         nan         nan         nan         nan
    3         nan         nan         nan         nan         nan         nan
           49          50          51          52          53          54
    1         nan         nan         nan         nan         nan         nan
    2         nan         nan         nan         nan         nan         nan
    3         nan         nan         nan         nan         nan         nan
           55          56
    1        -nan        -nan
    2        -nan        -nan
    3        -nan        -nan
 Max gradient component =       0.000E+00
 RMS gradient           =             NAN
 Gradient time:  CPU 28.81 s  wall 0.63 s
 Geometry Optimization Parameters
   NAtoms,    NIC,     NZ,  NCons,   NDum,   NFix, NCnnct, MaxDiis
       56     580       0       9       0       0       0       0


** CONSTRAINED OPTIMIZATION IN DELOCALIZED INTERNAL COORDINATES **
   Searching for a Minimum

   Optimization Cycle:   1

                       Coordinates (Angstroms)
     ATOM                X               Y               Z
      1  O         1.8970573291    0.9345453706    2.4219039223
      2  C         1.8348677946    0.7046709002    1.2226139550
      3  C         1.1773205259    1.5970845661    0.1931372768
      4  C         1.2083912982    1.1239061997   -1.2693912050
      5  C         1.7363251772   -0.2720892540   -1.5155062614
      6  O         2.9039146604   -0.4540462267   -0.8306393439
      7  C         2.8310463812   -0.0206765388    0.5317594878
      8  C         1.8596796560   -0.9004094652    1.3119263220
      9  O         0.8330752278   -0.0895641861    1.9047975187
     10  C        -0.4383306421   -0.4202675871    1.5681643131
     11  C        -0.6199906897   -0.6224555435    0.0826482239
     12  C        -2.0730270848   -0.5451575506   -0.4082562824
     13  C        -3.0664377627    0.0635458747    0.5609379795
     14  O        -3.7820470246    1.0275398622    0.3303334602
     15  O         3.9040616210   -1.1986319078    1.5430486486
     16  O        -3.4720172622   -0.6549647326    1.6729132393
     17  O        -1.2833551527   -0.1720195525    2.4065990150
     18  C        -4.4633618525   -0.2732392343    2.5556292055
     19  C        -0.3870450681   -1.7872492622   -1.0722514212
     20  C        -1.2896320706   -3.0786944174   -1.1979763111
     21  C        -2.4950238691   -2.5212757578   -1.9719992891
     22  C        -2.1453239633   -1.0311553287   -1.8771050855
     23  O        -0.7964921981   -1.0958702590   -2.2243384570
     24  H        -0.5744998988   -1.5909258159    0.6330029269
     25  H        -2.4979758310   -1.4703303424    0.0157599129
     26  H         0.6123325834   -2.2584430673   -1.1234633920
     27  H        -0.8275295595   -3.8637969305   -1.8377692687
     28  H        -1.5129525077   -3.5087636744   -0.1972190601
     29  H        -2.4272164640   -2.8022635244   -3.0477155330
     30  H        -3.4857858718   -2.8202128445   -1.5664864734
     31  H        -2.7377611352   -0.3578887973   -2.5314338844
     32  O         1.6879559567   -0.7177415176   -2.6538382515
     33  C         4.8356991587   -1.8738713268    0.7413714530
     34  C        -0.1444424622    2.4064407379    0.2351476975
     35  C         0.0377607454    3.7611436325   -0.4666089204
     36  C         0.1131552278    3.3189676074   -1.9293139075
     37  C        -0.0922580292    1.7985066759   -1.7891263168
     38  O        -0.9789099392    1.7752777234   -0.7000815281
     39  H         1.9362455554    2.4127981951    0.2750177180
     40  H         2.0210425851    1.6785318524   -1.7969329844
     41  H         4.8354270664   -1.5657246019   -0.3185489861
     42  H        -0.5458521153    2.5275780644    1.2635314225
     43  H        -0.8992220988    4.3458792212   -0.3248134257
     44  H         0.8954348615    4.3696158949   -0.1074919686
     45  H        -0.7564582320    3.7583958305   -2.4675129642
     46  H         1.0465829494    3.5973533509   -2.4639220476
     47  H        -0.4483536626    1.3664856220   -2.7470791425
     48  H         4.6395985746   -2.9640157726    0.7987091653
     49  H         5.8525917203   -1.6777896282    1.1382256952
     50  H        -4.5602103856   -1.0431514665    3.3482053381
     51  H        -5.4350774517   -0.1827468531    2.0250713801
     52  H        -4.1998478621    0.6968653394    3.0283015142
     53  H         1.5213141486   -1.7060537205    0.6423442317
     54  H         2.0096184360   -1.6831511993    2.1282294714
     55  H         3.8581870122    0.6696043539    0.6167995426
     56  H         3.8581870122    0.6696043539    0.6167995426
   Point Group: c1    Number of degrees of freedom:   162


   Energy is              NaN

              Constraints and their Current Values
                                        Value     Constraint
   Dihedral:        1   2   3   4     -180.000     -180.000
   Dihedral:        3   4   5   6      -47.368      -47.368
   Dihedral:        4   5   6   7       47.368       47.368
   Dihedral:        5   6   7   8       66.316       66.316
   Dihedral:        6   7   8   9     -123.158     -123.158
   Dihedral:        7   8   9  10      123.158      123.158
   Dihedral:        8   9  10  11      -47.369      -47.368
   Dihedral:        9  10  11  12     -161.052     -161.053
   Dihedral:       11  12  13  14      123.159      123.158

 Attempting to Generate Delocalized Internal Coordinates

  ***ERROR*** Wrong Number of Internal Coordinates
              Should be: 162  Found: 155
**WARNING** Problems with Internal Coordinates
  Switching to Cartesian Coordinates

   Using Penalty Function Algorithm


 Translations and Rotations Projected Out of Hessian

162 Hessian modes will be used to form the next step
  Hessian Eigenvalues:
     0.999843    0.999932    0.999959    0.999966    0.999968    0.999973
     0.999982    0.999982    0.999986    0.999989    0.999994    0.999995
     0.999999    0.999999    1.000000    1.000000    1.000000    1.000000
     1.000000    1.000000    1.000000    1.000000    1.000000    1.000000
     1.000000    1.000000    1.000000    1.000000    1.000000    1.000000
     1.000000    1.000000    1.000000    1.000000    1.000000    1.000000
     1.000000    1.000000    1.000000    1.000000    1.000000    1.000000
     1.000000    1.000000    1.000000    1.000000    1.000000    1.000000
     1.000000    1.000000    1.000000    1.000000    1.000000    1.000000
     1.000000    1.000000    1.000000    1.000000    1.000000    1.000000
     1.000000    1.000000    1.000000    1.000000    1.000000    1.000000
     1.000000    1.000000    1.000000    1.000000    1.000000    1.000000
     1.000000    1.000000    1.000000    1.000000    1.000000    1.000000
     1.000000    1.000000    1.000000    1.000000    1.000000    1.000000
     1.000000    1.000000    1.000000    1.000000    1.000000    1.000000
     1.000000    1.000000    1.000000    1.000000    1.000000    1.000000
     1.000000    1.000000    1.000000    1.000000    1.000000    1.000000
     1.000000    1.000000    1.000000    1.000000    1.000000    1.000000
     1.000000    1.000000    1.000000    1.000000    1.000000    1.000000
     1.000000    1.000000    1.000000    1.000000    1.000000    1.000000
     1.000000    1.000000    1.000000    1.000000    1.000000    1.000000
     1.000000    1.000000    1.000000    1.000000    1.000000    1.000000
     1.000000    1.000000    1.000000    1.000000    1.000000    1.000000
     1.000000    1.000000    1.000000    1.000002    1.000005    1.000009
     1.000010    1.000011    1.000021    1.000023    1.000036    1.000038
     1.000041    1.000042    1.000056    1.000068    1.447589    1.717897
     2.690698    5.524979    7.342552    9.013793   11.363552   17.108809

 Minimum Search - Taking Simple RFO Step
 Searching for Lamda that Minimizes Along All modes


 ****************************************
 ** UNABLE TO DETERMINE Lamda IN FormD **
 ****************************************



 Taking Simple Newton-Raphson Step
 Step Taken.  Stepsize is       NaN

                             Maximum     Tolerance    Cnvgd?
         Gradient                NaN      0.000300      NO
         Displacement            NaN      0.001200      NO
         Energy change           NaN      0.000001      NO

 Adding empirical dispersion correction 
 ----------------------------------------------------------------
 Doing -D3(op) with
 s6 =   1.00000
 s8 =   0.78311
 a1 =   0.30000
 a2 =   4.25000
 n  =  10.00000
 -D3 energy without 3body term =               NaN hartrees
 ----------------------------------------------------------------
             Standard Nuclear Orientation (Angstroms)
    I     Atom           X                Y                Z
 ----------------------------------------------------------------
    1      O                NaN              NaN              NaN
    2      C                NaN              NaN              NaN
    3      C                NaN              NaN              NaN
    4      C                NaN              NaN              NaN
    5      C                NaN              NaN              NaN
    6      O                NaN              NaN              NaN
    7      C                NaN              NaN              NaN
    8      C                NaN              NaN              NaN
    9      O                NaN              NaN              NaN
   10      C                NaN              NaN              NaN
   11      C                NaN              NaN              NaN
   12      C                NaN              NaN              NaN
   13      C                NaN              NaN              NaN
   14      O                NaN              NaN              NaN
   15      O                NaN              NaN              NaN
   16      O                NaN              NaN              NaN
   17      O                NaN              NaN              NaN
   18      C                NaN              NaN              NaN
   19      C                NaN              NaN              NaN
   20      C                NaN              NaN              NaN
   21      C                NaN              NaN              NaN
   22      C                NaN              NaN              NaN
   23      O                NaN              NaN              NaN
   24      H                NaN              NaN              NaN
   25      H                NaN              NaN              NaN
   26      H                NaN              NaN              NaN
   27      H                NaN              NaN              NaN
   28      H                NaN              NaN              NaN
   29      H                NaN              NaN              NaN
   30      H                NaN              NaN              NaN
   31      H                NaN              NaN              NaN
   32      O                NaN              NaN              NaN
   33      C                NaN              NaN              NaN
   34      C                NaN              NaN              NaN
   35      C                NaN              NaN              NaN
   36      C                NaN              NaN              NaN
   37      C                NaN              NaN              NaN
   38      O                NaN              NaN              NaN
   39      H                NaN              NaN              NaN
   40      H                NaN              NaN              NaN
   41      H                NaN              NaN              NaN
   42      H                NaN              NaN              NaN
   43      H                NaN              NaN              NaN
   44      H                NaN              NaN              NaN
   45      H                NaN              NaN              NaN
   46      H                NaN              NaN              NaN
   47      H                NaN              NaN              NaN
   48      H                NaN              NaN              NaN
   49      H                NaN              NaN              NaN
   50      H                NaN              NaN              NaN
   51      H                NaN              NaN              NaN
   52      H                NaN              NaN              NaN
   53      H                NaN              NaN              NaN
   54      H                NaN              NaN              NaN
   55      H                NaN              NaN              NaN
   56      H                NaN              NaN              NaN
 ----------------------------------------------------------------
 Molecular Point Group                 C1    NOp =  1
 Largest Abelian Subgroup              C1    NOp =  1
 Nuclear Repulsion Energy =              NaN hartrees
 There are      113 alpha and      113 beta electrons
 Applying Cartesian multipole field
    Component          Value
    ---------          -----
     (2,0,0)        1.00000E-12
     (0,2,0)        2.00000E-11
     (0,0,2)       -3.00000E-11
 Requested basis set is STO-3G
 There are 86 shells and 176 basis functions
