mFile = /opt/software/qchem/qchem-5.0.1//bin/mpi/machines
Process 0 of 1 is on vega02.cac.cornell.edu - thread support 0
initial socket setup ...start
initial socket setup ...done 
now start server 0 ... 
vega02.cac.cornell.edu 10.84.3
Q-Chem Developer Version! Running on 10.84.3.*
                  Welcome to Q-Chem
     A Quantum Leap Into The Future Of Chemistry


 Q-Chem 5.0, Q-Chem, Inc., Pleasanton, CA (2017)

 Yihan Shao,  Zhengting Gan,  E. Epifanovsky,  A. T. B. Gilbert,  M. Wormit,  
 J. Kussmann,  A. W. Lange,  A. Behn,  Jia Deng,  Xintian Feng,  D. Ghosh,  
 M. Goldey,  P. R. Horn,  L. D. Jacobson,  I. Kaliman,  T. Kus,  A. Landau,  
 Jie Liu,  E. I. Proynov,  R. M. Richard,  R. P. Steele,  E. J. Sundstrom,  
 H. L. Woodcock III,  P. M. Zimmerman,  D. Zuev,  B. Albrecht,  E. Alguire,  
 S. A. Baeppler,  Z. Benda,  Y. A. Bernard,  E. J. Berquist,  K. B. Bravaya,  
 D. Casanova,  Chun-Min Chang,  Yunqing Chen,  A. Chien,  K. D. Closser,  
 M. P. Coons,  S. Dasgupta,  M. Diedenhofen,  Hainam Do,  R. G. Edgar,  
 Po-Tung Fang,  S. Fatehi,  Qingguo Feng,  Qinghui Ge,  A. Ghysels,  
 J. Gomes,  J. Gonthier,  A. Gunina,  M. W. D. Hanson-Heine,  
 P. H. P. Harbach,  A. W. Hauser,  J. E. Herr,  E. G. Hohenstein,  
 Z. C. Holden,  Kerwin Hui,  T.-C. Jagau,  Hyunjun Ji,  B. Kaduk,  
 K. Khistyaev,  Jaehoon Kim,  P. Klunzinger,  K. Koh,  D. Kosenkov,  
 T. Kowalczyk,  C. M. Krauter,  A. Kunitsa,  Ka Un Lao,  A. Laurent,  
 K. V. Lawler,  Joonho Lee,  D. Lefrancois,  S. Lehtola,  D. S. Levine,  
 Yi-Pei Li,  You-Sheng Lin,  Fenglai Liu,  E. Livshits,  A. Luenser,  
 P. Manohar,  E. Mansoor,  S. F. Manzer,  Shan-Ping Mao,  Yuezhi Mao,  
 N. Mardirossian,  A. V. Marenich,  L. A. Martinez-Martinez,  S. A. Maurer,  
 N. J. Mayhall,  S. C. McKenzie,  J.-M. Mewes,  A. F. Morrison,  K. Nanda,  
 T. S. Nguyen-Beck,  R. Olivares-Amaya,  J. A. Parkhill,  T. M. Perrine,  
 F. Plasser,  S. Prager,  A. Prociuk,  D. R. Rehn,  F. Rob,  M. Schneider,  
 N. Sergueev,  S. M. Sharada,  S. Sharma,  D. W. Small,  T. Stauch,  
 T. Stein,  Yu-Chuan Su,  A. J. W. Thom,  T. Tsuchimochi,  L. Vogt,  
 O. Vydrov,  M. A. Watson,  J. Wenzel,  M. de Wergifosse,  T. A. Wesolowski,  
 A. White,  J. Witte,  A. Yamada,  Jun Yang,  K. Yao,  S. Yeganeh,  
 S. R. Yost,  Zhi-Qiang You,  A. Zech,  Igor Ying Zhang,  Xing Zhang,  
 Yan Zhao,  Ying Zhu,  B. R. Brooks,  G. K. L. Chan,  C. J. Cramer,  
 M. S. Gordon,  W. J. Hehre,  A. Klamt,  M. W. Schmidt,  C. D. Sherrill,  
 D. G. Truhlar,  A. Aspuru-Guzik,  R. Baer,  A. T. Bell,  N. A. Besley,  
 Jeng-Da Chai,  A. Dreuw,  B. D. Dunietz,  T. R. Furlani,  Chao-Ping Hsu,  
 Yousung Jung,  Jing Kong,  D. S. Lambrecht,  WanZhen Liang,  C. Ochsenfeld,  
 V. A. Rassolov,  L. V. Slipchenko,  J. E. Subotnik,  T. Van Voorhis,  
 J. M. Herbert,  A. I. Krylov,  P. M. W. Gill,  M. Head-Gordon

 Contributors to earlier versions of Q-Chem not listed above: 
 R. D. Adamson,  B. Austin,  J. Baker,  G. J. O. Beran,  K. Brandhorst,  
 S. T. Brown,  E. F. C. Byrd,  A. K. Chakraborty,  C.-L. Cheng,  
 Siu Hung Chien,  D. M. Chipman,  D. L. Crittenden,  H. Dachsel,  
 R. A. DiStasio Jr.,  R. J. Doerksen,  A. D. Dutoi,  L. Fusti-Molnar,  
 W. A. Goddard III,  A. Golubeva-Zadorozhnaya,  S. R. Gwaltney,  G. Hawkins,  
 A. Heyden,  S. Hirata,  G. Kedziora,  F. J. Keil,  C. Kelley,  Jihan Kim,  
 R. A. King,  R. Z. Khaliullin,  P. P. Korambath,  W. Kurlancheek,  
 A. M. Lee,  M. S. Lee,  S. V. Levchenko,  Ching Yeh Lin,  D. Liotard,  
 R. C. Lochan,  I. Lotan,  P. E. Maslen,  N. Nair,  D. P. O'Neill,  
 D. Neuhauser,  E. Neuscamman,  C. M. Oana,  R. Olson,  B. Peters,  
 R. Peverati,  P. A. Pieniazek,  Y. M. Rhee,  J. Ritchie,  M. A. Rohrdanz,  
 E. Rosta,  N. J. Russ,  H. F. Schaefer III,  N. E. Schultz,  N. Shenvi,  
 A. C. Simmonett,  A. Sodt,  D. Stuck,  K. S. Thanthiriwatte,  V. Vanovschi,  
 Tao Wang,  A. Warshel,  C. F. Williams,  Q. Wu,  X. Xu,  W. Zhang

 Please cite Q-Chem as follows:
 Y. Shao et al., Mol. Phys. 113, 184-215 (2015)
 DOI: 10.1080/00268976.2014.952696

 Q-Chem 5.0.1 for Intel X86 EM64T Linux

 Parts of Q-Chem use Armadillo 5.200.1 (Boston Tea Smuggler).
 http://arma.sourceforge.net/

 Q-Chem begins on Mon Jan 15 09:38:48 2018  

Host: vega02.cac.cornell.edu
0

     Scratch files written to /scratch/jj585/SOT1001/0747c.save//
 Parallel job on  1  processors

Checking the input file for inconsistencies... 	...done.

--------------------------------------------------------------
User input:
--------------------------------------------------------------
$molecule
0  1
O -3.94934 -3.66094 2.70899
C -3.26408 -4.56952 2.26188
C -3.36658 -6.02376 2.66595
C -3.85957 -6.32399 4.09097
C -4.36389 -5.14454 4.89263
O -3.7372 -4.00252 4.48219
C -2.64744 -4.24873 3.58717
C -3.0536 -3.90588 2.15762
O -2.48222 -4.85656 1.24514
C -1.41518 -4.4142 0.5346
C -0.35566 -5.47323 0.34343
C -0.56563 -6.75443 1.16363
C -1.94672 -6.93845 1.7598
O -2.19088 -7.09636 2.94724
O -4.37265 -4.79212 0.74922
O -2.70175 -7.61653 0.8063
O -1.36941 -3.34816 -0.06786
C -3.05274 -7.339 -0.51374
C 0.07529 -6.02851 -1.02726
C 1.5538 -6.42516 -0.96421
C 1.48267 -7.64864 -0.05541
C -0.03936 -7.78107 0.12065
O -0.51649 -7.29524 -1.11123
H 0.53391 -4.93832 0.74931
H 0.10577 -6.76786 2.05202
H -0.12237 -5.32838 -1.86676
H 1.84506 -6.75826 -1.98633
H 2.25517 -5.62923 -0.63306
H 1.88958 -8.52016 -0.61461
H 2.00701 -7.54848 0.91931
H -0.32038 -8.82265 0.38721
O -5.00234 -5.19393 5.93378
C -5.08674 -3.80443 0.09134
C -4.69788 -7.10459 2.19647
C -4.45932 -8.65056 2.36316
C -4.47049 -8.77956 3.84802
C -4.99043 -7.39699 4.18228
O -5.79106 -7.03765 3.12223
H -4.37868 -5.70347 2.56115
H -3.0913 -6.67014 4.83626
H -4.91953 -2.80821 0.54893
H -5.09658 -6.97706 1.16223
H -5.39915 -9.11723 1.9796
H -3.6664 -9.27275 1.9044
H -5.16526 -9.60087 4.13293
H -3.47879 -8.93932 4.32392
H -5.499 -7.43531 5.17074
H -6.1679 -4.04685 0.12978
H -4.75901 -3.76741 -0.96781
H -2.68853 -8.152 -1.17405
H -2.71288 -6.34273 -0.84985
H -4.14725 -7.36244 -0.65047
H -2.39914 -2.72063 1.88017
H -2.39914 -2.72063 1.88017
H -1.75766 -4.86046 3.99835
H -1.94141 -3.40428 3.88998
$end

$opt
CONSTRAINT
tors           1           2           3           4     -28.421
tors           3           4           5           6     -28.421
tors           4           5           6           7      -9.474
tors           5           6           7           8    +104.211
tors           6           7           8           9    -142.105
tors           7           8           9          10    -104.211
tors           8           9          10          11    +142.105
tors           9          10          11          12      -9.474
tors          11          12          13          14    -123.158
ENDCONSTRAINT
$end

$rem
JOBTYPE                   OPT
METHOD                    B3LYP
DFT_D                     d3_op
BASIS                     STO-3G
GEOM_OPT_MAX_CYCLES       100
GEOM_OPT_TOL_GRADIENT     300
GEOM_OPT_TOL_DISPLACEMENT 1200
GEOM_OPT_TOL_ENERGY       100
SYMMETRY                  False
THRESH                    12
SCF_CONVERGENCE           8
MAX_SUB_FILE_NUM          128
MEM_STATIC                400
MEM_TOTAL                 4000
$end
--------------------------------------------------------------
 Adding empirical dispersion correction 
 ----------------------------------------------------------------
 Doing -D3(op) with
 s6 =   1.00000
 s8 =   0.78311
 a1 =   0.30000
 a2 =   4.25000
 n  =  10.00000
 -D3 energy without 3body term =               NaN hartrees
 ----------------------------------------------------------------
             Standard Nuclear Orientation (Angstroms)
    I     Atom           X                Y                Z
 ----------------------------------------------------------------
    1      O       1.7780684025    -2.1576444484    -0.0188430741
    2      C       0.8830386743    -1.3284363990     0.0607938045
    3      C       1.0826673126     0.1661298094     0.1833215479
    4      C       2.3750209528     0.6490883996     0.8618731393
    5      C       3.4052203635    -0.4111014362     1.1824763315
    6      O       2.7868212366    -1.6107968567     1.3915802478
    7      C       1.3613454824    -1.5038033184     1.4679234143
    8      C       0.7266046848    -2.0052570583     0.1749525959
    9      O      -0.4041163659    -1.1872531048    -0.1644980700
   10      C      -1.6181137565    -1.7407197644     0.0784192312
   11      C      -2.6286937607    -0.7415119193     0.5892860217
   12      C      -2.0517285199     0.6343813258     0.9530411178
   13      C      -0.6594481544     0.9262092453     0.4304672316
   14      O       0.3052150831     1.2325776073     1.1161250853
   15      O       0.6471894220    -1.2597623706    -1.8117118666
   16      O      -0.8218923914     1.5046699801    -0.8257254628
   17      O      -1.9500000434    -2.8724217815    -0.2541409336
   18      C      -1.4295513610     1.0797357903    -2.0059390001
   19      C      -3.9262763086    -0.3672824990    -0.1517110966
   20      C      -5.0033373859    -0.0061026635     0.8762903175
   21      C      -4.4619508421     1.3194272577     1.4033114416
   22      C      -3.2454668428     1.5132634003     0.4826028131
   23      O      -3.6802272458     0.8956595636    -0.7051518136
   24      H      -2.9491686203    -1.2475152070     1.5292108085
   25      H      -1.9427556686     0.7365587474     2.0566170369
   26      H      -4.2779889013    -1.1578411891    -0.8483652089
   27      H      -5.9407149103     0.1934229543     0.3088132726
   28      H      -5.2103283324    -0.7750359551     1.6515200290
   29      H      -5.2257789335     2.1058912488     1.2139215369
   30      H      -4.1757031487     1.3232661698     2.4771322183
   31      H      -2.9663882503     2.5865946115     0.4119584881
   32      O       4.5698870856    -0.2193714173     1.5000328200
   33      C       0.8245127173    -2.2998175184    -2.7089876866
   34      C       1.6269294910     1.2181728865    -1.1425550279
   35      C       1.4078147777     2.7659346881    -0.9660845815
   36      C       2.4063703238     3.0731376207     0.0969714698
   37      C       3.1527865887     1.7554953761     0.0811971030
   38      O       3.0573978834     1.2928734018    -1.2113668369
   39      H       1.7832721433    -0.1369322316    -0.5618102556
   40      H       2.2826422267     1.0615769154     1.9043870216
   41      H       1.1133069786    -3.2378128753    -2.1926886785
   42      H       1.2319615084     0.9778141175    -2.1579888876
   43      H       1.7870200110     3.2082699836    -1.9193539394
   44      H       0.4555279873     3.3066260237    -0.8014455563
   45      H       3.0223253519     3.9412974912    -0.2275697751
   46      H       1.9878363836     3.2621585805     1.1091835895
   47      H       4.1881660295     1.9263758186     0.4499169519
   48      H       1.6149594730    -2.0253493406    -3.4363206099
   49      H      -0.1267727763    -2.4730280175    -3.2527065372
   50      H      -2.2245798376     1.7971025529    -2.2939353015
   51      H      -1.8032059488     0.0413957389    -1.9488351353
   52      H      -0.7254212739     1.1161577283    -2.8545089320
   53      H       0.1822255494    -3.2325816170     0.5027326156
   54      H       0.1822255494    -3.2325816170     0.5027326156
   55      H       0.9273796451    -0.8713088508     2.3319925285
   56      H       1.1367466097    -2.3244257090     2.2291082131
 ----------------------------------------------------------------
 Molecular Point Group                 C1    NOp =  1
 Largest Abelian Subgroup              C1    NOp =  1
 Nuclear Repulsion Energy =              NaN hartrees
 There are      113 alpha and      113 beta electrons
 Requested basis set is STO-3G
 There are 86 shells and 176 basis functions

 Total QAlloc Memory Limit   4000 MB
 Mega-Array Size       392 MB
 MEM_STATIC part       400 MB
 A cutoff of  1.0D-12 yielded   2919 shell pairs
 There are     13686 function pairs
 
 -------------------------------------------------------
 OpenMP Integral Computing Module                       
 Release: version 1.0, May 2013, Q-Chem Inc. Pittsburgh 
 -------------------------------------------------------
 Integral Job Info:
 Integral job number is                      11
 Integral operator is                         1
 short-range coefficients                     0
 long-range coefficients              100000000
 Omega coefficients                           0
 if combine SR and LR in K                    0
 Integral screening is                        0
 Integral computing path is                   2
 max size of driver memory is            800000
 size of driver memory is                 45569
 size of scratch memory is              1046100
 max col of scratch BK array                289
 max len of scratch array in speh3           22
 max len of scratch index in speh4            8
 max int batch size is                      520
 min int batch size is                       52
 fixed nKL is                                52
 max L of basis functions is                  1
 order of int derivative is                   0
 number of shells is                         86
 number of basis is                         176
 number of cartesian basis is               176
 number of contracted shell pairs          2919
 number of primitive shell pairs          15024
 maxK2 (contraction) of shell pair            9
 max number of K2 of shell pair               1
 max number of CS2 of shell pair            451
 max number of PS2 of shell pair           1830
 mem total for path MDJ                   70986
 -------------------------------------------------------
 Smallest overlap matrix eigenvalue = 1.37E-16
 Linear dependence detected in AO basis
 Number of orthogonalized atomic orbitals = 175
 Maximum deviation from orthogonality = 6.095E-14

 Scale SEOQF with 1.000000e-02/1.000000e-01/1.000000e-01

 Standard Electronic Orientation quadrupole field applied
 Nucleus-field energy     =     0.0000000141 hartrees
 Guess from superposition of atomic densities
 Warning:  Energy on first SCF cycle will be non-variational
 A restricted hybrid HF-DFT SCF calculation will be
 performed using Pulay DIIS extrapolation
 Exchange:     0.2000 Hartree-Fock + 0.0800 Slater + 0.7200 B88
 Correlation:  0.1900 VWN1RPA + 0.8100 LYP
 Using SG-1 standard quadrature grid
 Dispersion:   Grimme D3
 SCF converges when DIIS error is below 1.0E-08
 using 48 threads for integral computing
 -------------------------------------------------------
 OpenMP Integral computing Module                
 Release: version 1.0, May 2013, Q-Chem Inc. Pittsburgh 
 -------------------------------------------------------
 -------------------------------------------------------
 OpenMP BLAS3 based DFT computing Module                
 Release: version 1.0, May 2013, Q-Chem Inc. Pittsburgh 
 -------------------------------------------------------
 ---------------------------------------
  Cycle       Energy         DIIS Error
 ---------------------------------------
    1               -nan          -NAN
    2               -nan          -NAN Convergence criterion met
 ---------------------------------------
 SCF time:  CPU 15.96 s  wall 0.38 s
 SCF   energy in the final basis set = -nan
 Total energy in the final basis set = -nan
 
 --------------------------------------------------------------
 
                    Orbital Energies (a.u.)
 --------------------------------------------------------------
 
 Alpha MOs
 -- Occupied --
    NaN     NaN     NaN     NaN     NaN     NaN     NaN     NaN
    NaN     NaN     NaN     NaN     NaN     NaN     NaN     NaN
    NaN     NaN     NaN     NaN     NaN     NaN     NaN     NaN
    NaN     NaN     NaN     NaN     NaN     NaN     NaN     NaN
    NaN     NaN     NaN     NaN     NaN     NaN     NaN     NaN
    NaN     NaN     NaN     NaN     NaN     NaN     NaN     NaN
    NaN     NaN     NaN     NaN     NaN     NaN     NaN     NaN
    NaN     NaN     NaN     NaN     NaN     NaN     NaN     NaN
    NaN     NaN     NaN     NaN     NaN     NaN     NaN     NaN
    NaN     NaN     NaN     NaN     NaN     NaN     NaN     NaN
    NaN     NaN     NaN     NaN     NaN     NaN     NaN     NaN
    NaN     NaN     NaN     NaN     NaN     NaN     NaN     NaN
    NaN     NaN     NaN     NaN     NaN     NaN     NaN     NaN
    NaN     NaN     NaN     NaN     NaN     NaN     NaN     NaN
    NaN
 -- Virtual --
    NaN     NaN     NaN     NaN     NaN     NaN     NaN     NaN
    NaN     NaN     NaN     NaN     NaN     NaN     NaN     NaN
    NaN     NaN     NaN     NaN     NaN     NaN     NaN     NaN
    NaN     NaN     NaN     NaN     NaN     NaN     NaN     NaN
    NaN     NaN     NaN     NaN     NaN     NaN     NaN     NaN
    NaN     NaN     NaN     NaN     NaN     NaN     NaN     NaN
    NaN     NaN     NaN     NaN     NaN     NaN     NaN     NaN
    NaN     NaN     NaN     NaN     NaN     NaN
 --------------------------------------------------------------
 
          Ground-State Mulliken Net Atomic Charges

     Atom                 Charge (a.u.)
  ----------------------------------------
      1 O                          NaN
      2 C                          NaN
      3 C                          NaN
      4 C                          NaN
      5 C                          NaN
      6 O                          NaN
      7 C                          NaN
      8 C                          NaN
      9 O                          NaN
     10 C                          NaN
     11 C                          NaN
     12 C                          NaN
     13 C                          NaN
     14 O                          NaN
     15 O                          NaN
     16 O                          NaN
     17 O                          NaN
     18 C                          NaN
     19 C                          NaN
     20 C                          NaN
     21 C                          NaN
     22 C                          NaN
     23 O                          NaN
     24 H                          NaN
     25 H                          NaN
     26 H                          NaN
     27 H                          NaN
     28 H                          NaN
     29 H                          NaN
     30 H                          NaN
     31 H                          NaN
     32 O                          NaN
     33 C                          NaN
     34 C                          NaN
     35 C                          NaN
     36 C                          NaN
     37 C                          NaN
     38 O                          NaN
     39 H                          NaN
     40 H                          NaN
     41 H                          NaN
     42 H                          NaN
     43 H                          NaN
     44 H                          NaN
     45 H                          NaN
     46 H                          NaN
     47 H                          NaN
     48 H                          NaN
     49 H                          NaN
     50 H                          NaN
     51 H                          NaN
     52 H                          NaN
     53 H                          NaN
     54 H                          NaN
     55 H                          NaN
     56 H                          NaN
  ----------------------------------------
  Sum of atomic charges =          NaN

 -----------------------------------------------------------------
                    Cartesian Multipole Moments
 -----------------------------------------------------------------
    Charge (ESU x 10^10)
                    NaN
    Dipole Moment (Debye)
         X          NaN      Y          NaN      Z          NaN
       Tot          NaN
    Quadrupole Moments (Debye-Ang)
        XX          NaN     XY          NaN     YY          NaN
        XZ          NaN     YZ          NaN     ZZ          NaN
    Octopole Moments (Debye-Ang^2)
       XXX          NaN    XXY          NaN    XYY          NaN
       YYY          NaN    XXZ          NaN    XYZ          NaN
       YYZ          NaN    XZZ          NaN    YZZ          NaN
       ZZZ          NaN
    Hexadecapole Moments (Debye-Ang^3)
      XXXX          NaN   XXXY          NaN   XXYY          NaN
      XYYY          NaN   YYYY          NaN   XXXZ          NaN
      XXYZ          NaN   XYYZ          NaN   YYYZ          NaN
      XXZZ          NaN   XYZZ          NaN   YYZZ          NaN
      XZZZ          NaN   YZZZ          NaN   ZZZZ          NaN
 -----------------------------------------------------------------
 Calculating analytic gradient of the SCF energy
 Gradient of SCF Energy
            1           2           3           4           5           6
    1         nan         nan         nan         nan         nan         nan
    2         nan         nan         nan         nan         nan         nan
    3         nan         nan         nan         nan         nan         nan
            7           8           9          10          11          12
    1         nan         nan         nan         nan         nan         nan
    2         nan         nan         nan         nan         nan         nan
    3         nan         nan         nan         nan         nan         nan
           13          14          15          16          17          18
    1         nan         nan         nan         nan         nan         nan
    2         nan         nan         nan         nan         nan         nan
    3         nan         nan         nan         nan         nan         nan
           19          20          21          22          23          24
    1         nan         nan         nan         nan         nan         nan
    2         nan         nan         nan         nan         nan         nan
    3         nan         nan         nan         nan         nan         nan
           25          26          27          28          29          30
    1         nan         nan         nan         nan         nan         nan
    2         nan         nan         nan         nan         nan         nan
    3         nan         nan         nan         nan         nan         nan
           31          32          33          34          35          36
    1         nan         nan         nan         nan         nan         nan
    2         nan         nan         nan         nan         nan         nan
    3         nan         nan         nan         nan         nan         nan
           37          38          39          40          41          42
    1         nan         nan         nan         nan         nan         nan
    2         nan         nan         nan         nan         nan         nan
    3         nan         nan         nan         nan         nan         nan
           43          44          45          46          47          48
    1         nan         nan         nan         nan         nan         nan
    2         nan         nan         nan         nan         nan         nan
    3         nan         nan         nan         nan         nan         nan
           49          50          51          52          53          54
    1         nan         nan         nan         nan        -nan        -nan
    2         nan         nan         nan         nan        -nan        -nan
    3         nan         nan         nan         nan        -nan        -nan
           55          56
    1         nan         nan
    2         nan         nan
    3         nan         nan
 Max gradient component =       0.000E+00
 RMS gradient           =             NAN
 Gradient time:  CPU 23.29 s  wall 0.51 s
 Geometry Optimization Parameters
   NAtoms,    NIC,     NZ,  NCons,   NDum,   NFix, NCnnct, MaxDiis
       56     736       0       9       0       0       0       0


** CONSTRAINED OPTIMIZATION IN DELOCALIZED INTERNAL COORDINATES **
   Searching for a Minimum

   Optimization Cycle:   1

                       Coordinates (Angstroms)
     ATOM                X               Y               Z
      1  O         1.7780684025   -2.1576444484   -0.0188430741
      2  C         0.8830386743   -1.3284363990    0.0607938045
      3  C         1.0826673126    0.1661298094    0.1833215479
      4  C         2.3750209528    0.6490883996    0.8618731393
      5  C         3.4052203635   -0.4111014362    1.1824763315
      6  O         2.7868212366   -1.6107968567    1.3915802478
      7  C         1.3613454824   -1.5038033184    1.4679234143
      8  C         0.7266046848   -2.0052570583    0.1749525959
      9  O        -0.4041163659   -1.1872531048   -0.1644980700
     10  C        -1.6181137565   -1.7407197644    0.0784192312
     11  C        -2.6286937607   -0.7415119193    0.5892860217
     12  C        -2.0517285199    0.6343813258    0.9530411178
     13  C        -0.6594481544    0.9262092453    0.4304672316
     14  O         0.3052150831    1.2325776073    1.1161250853
     15  O         0.6471894220   -1.2597623706   -1.8117118666
     16  O        -0.8218923914    1.5046699801   -0.8257254628
     17  O        -1.9500000434   -2.8724217815   -0.2541409336
     18  C        -1.4295513610    1.0797357903   -2.0059390001
     19  C        -3.9262763086   -0.3672824990   -0.1517110966
     20  C        -5.0033373859   -0.0061026635    0.8762903175
     21  C        -4.4619508421    1.3194272577    1.4033114416
     22  C        -3.2454668428    1.5132634003    0.4826028131
     23  O        -3.6802272458    0.8956595636   -0.7051518136
     24  H        -2.9491686203   -1.2475152070    1.5292108085
     25  H        -1.9427556686    0.7365587474    2.0566170369
     26  H        -4.2779889013   -1.1578411891   -0.8483652089
     27  H        -5.9407149103    0.1934229543    0.3088132726
     28  H        -5.2103283324   -0.7750359551    1.6515200290
     29  H        -5.2257789335    2.1058912488    1.2139215369
     30  H        -4.1757031487    1.3232661698    2.4771322183
     31  H        -2.9663882503    2.5865946115    0.4119584881
     32  O         4.5698870856   -0.2193714173    1.5000328200
     33  C         0.8245127173   -2.2998175184   -2.7089876866
     34  C         1.6269294910    1.2181728865   -1.1425550279
     35  C         1.4078147777    2.7659346881   -0.9660845815
     36  C         2.4063703238    3.0731376207    0.0969714698
     37  C         3.1527865887    1.7554953761    0.0811971030
     38  O         3.0573978834    1.2928734018   -1.2113668369
     39  H         1.7832721433   -0.1369322316   -0.5618102556
     40  H         2.2826422267    1.0615769154    1.9043870216
     41  H         1.1133069786   -3.2378128753   -2.1926886785
     42  H         1.2319615084    0.9778141175   -2.1579888876
     43  H         1.7870200110    3.2082699836   -1.9193539394
     44  H         0.4555279873    3.3066260237   -0.8014455563
     45  H         3.0223253519    3.9412974912   -0.2275697751
     46  H         1.9878363836    3.2621585805    1.1091835895
     47  H         4.1881660295    1.9263758186    0.4499169519
     48  H         1.6149594730   -2.0253493406   -3.4363206099
     49  H        -0.1267727763   -2.4730280175   -3.2527065372
     50  H        -2.2245798376    1.7971025529   -2.2939353015
     51  H        -1.8032059488    0.0413957389   -1.9488351353
     52  H        -0.7254212739    1.1161577283   -2.8545089320
     53  H         0.1822255494   -3.2325816170    0.5027326156
     54  H         0.1822255494   -3.2325816170    0.5027326156
     55  H         0.9273796451   -0.8713088508    2.3319925285
     56  H         1.1367466097   -2.3244257090    2.2291082131
   Point Group: c1    Number of degrees of freedom:   162


   Energy is              NaN

              Constraints and their Current Values
                                        Value     Constraint
   Dihedral:        1   2   3   4      -28.421      -28.421
   Dihedral:        3   4   5   6      -28.421      -28.421
   Dihedral:        4   5   6   7       -9.474       -9.474
   Dihedral:        5   6   7   8      104.211      104.211
   Dihedral:        6   7   8   9     -142.105     -142.105
   Dihedral:        7   8   9  10     -104.211     -104.211
   Dihedral:        8   9  10  11      142.105      142.105
   Dihedral:        9  10  11  12       -9.474       -9.474
   Dihedral:       11  12  13  14     -123.158     -123.158

 Attempting to Generate Delocalized Internal Coordinates

  ***ERROR*** Wrong Number of Internal Coordinates
              Should be: 162  Found: 154
**WARNING** Problems with Internal Coordinates
  Switching to Cartesian Coordinates

   Using Penalty Function Algorithm


 Translations and Rotations Projected Out of Hessian

162 Hessian modes will be used to form the next step
  Hessian Eigenvalues:
     0.999962    0.999976    0.999978    0.999983    0.999985    0.999989
     0.999990    0.999992    0.999994    0.999995    0.999996    0.999996
     0.999996    0.999997    0.999998    0.999999    0.999999    0.999999
     0.999999    1.000000    1.000000    1.000000    1.000000    1.000000
     1.000000    1.000000    1.000000    1.000000    1.000000    1.000000
     1.000000    1.000000    1.000000    1.000000    1.000000    1.000000
     1.000000    1.000000    1.000000    1.000000    1.000000    1.000000
     1.000000    1.000000    1.000000    1.000000    1.000000    1.000000
     1.000000    1.000000    1.000000    1.000000    1.000000    1.000000
     1.000000    1.000000    1.000000    1.000000    1.000000    1.000000
     1.000000    1.000000    1.000000    1.000000    1.000000    1.000000
     1.000000    1.000000    1.000000    1.000000    1.000000    1.000000
     1.000000    1.000000    1.000000    1.000000    1.000000    1.000000
     1.000000    1.000000    1.000000    1.000000    1.000000    1.000000
     1.000000    1.000000    1.000000    1.000000    1.000000    1.000000
     1.000000    1.000000    1.000000    1.000000    1.000000    1.000000
     1.000000    1.000000    1.000000    1.000000    1.000000    1.000000
     1.000000    1.000000    1.000000    1.000000    1.000000    1.000000
     1.000000    1.000000    1.000000    1.000000    1.000000    1.000000
     1.000000    1.000000    1.000000    1.000000    1.000000    1.000000
     1.000000    1.000000    1.000000    1.000000    1.000000    1.000000
     1.000000    1.000000    1.000000    1.000000    1.000000    1.000000
     1.000000    1.000000    1.000000    1.000000    1.000000    1.000000
     1.000000    1.000000    1.000000    1.000000    1.000000    1.000000
     1.000001    1.000002    1.000003    1.000003    1.000005    1.000006
     1.000006    1.000016    1.000028    1.047285    1.153489    2.292773
     3.224667    3.853059    5.773841    7.996941    9.124551   12.413608

 Minimum Search - Taking Simple RFO Step
 Searching for Lamda that Minimizes Along All modes


 ****************************************
 ** UNABLE TO DETERMINE Lamda IN FormD **
 ****************************************



 Taking Simple Newton-Raphson Step
 Step Taken.  Stepsize is       NaN

                             Maximum     Tolerance    Cnvgd?
         Gradient                NaN      0.000300      NO
         Displacement            NaN      0.001200      NO
         Energy change           NaN      0.000001      NO

 Adding empirical dispersion correction 
 ----------------------------------------------------------------
 Doing -D3(op) with
 s6 =   1.00000
 s8 =   0.78311
 a1 =   0.30000
 a2 =   4.25000
 n  =  10.00000
 -D3 energy without 3body term =               NaN hartrees
 ----------------------------------------------------------------
             Standard Nuclear Orientation (Angstroms)
    I     Atom           X                Y                Z
 ----------------------------------------------------------------
    1      O                NaN              NaN              NaN
    2      C                NaN              NaN              NaN
    3      C                NaN              NaN              NaN
    4      C                NaN              NaN              NaN
    5      C                NaN              NaN              NaN
    6      O                NaN              NaN              NaN
    7      C                NaN              NaN              NaN
    8      C                NaN              NaN              NaN
    9      O                NaN              NaN              NaN
   10      C                NaN              NaN              NaN
   11      C                NaN              NaN              NaN
   12      C                NaN              NaN              NaN
   13      C                NaN              NaN              NaN
   14      O                NaN              NaN              NaN
   15      O                NaN              NaN              NaN
   16      O                NaN              NaN              NaN
   17      O                NaN              NaN              NaN
   18      C                NaN              NaN              NaN
   19      C                NaN              NaN              NaN
   20      C                NaN              NaN              NaN
   21      C                NaN              NaN              NaN
   22      C                NaN              NaN              NaN
   23      O                NaN              NaN              NaN
   24      H                NaN              NaN              NaN
   25      H                NaN              NaN              NaN
   26      H                NaN              NaN              NaN
   27      H                NaN              NaN              NaN
   28      H                NaN              NaN              NaN
   29      H                NaN              NaN              NaN
   30      H                NaN              NaN              NaN
   31      H                NaN              NaN              NaN
   32      O                NaN              NaN              NaN
   33      C                NaN              NaN              NaN
   34      C                NaN              NaN              NaN
   35      C                NaN              NaN              NaN
   36      C                NaN              NaN              NaN
   37      C                NaN              NaN              NaN
   38      O                NaN              NaN              NaN
   39      H                NaN              NaN              NaN
   40      H                NaN              NaN              NaN
   41      H                NaN              NaN              NaN
   42      H                NaN              NaN              NaN
   43      H                NaN              NaN              NaN
   44      H                NaN              NaN              NaN
   45      H                NaN              NaN              NaN
   46      H                NaN              NaN              NaN
   47      H                NaN              NaN              NaN
   48      H                NaN              NaN              NaN
   49      H                NaN              NaN              NaN
   50      H                NaN              NaN              NaN
   51      H                NaN              NaN              NaN
   52      H                NaN              NaN              NaN
   53      H                NaN              NaN              NaN
   54      H                NaN              NaN              NaN
   55      H                NaN              NaN              NaN
   56      H                NaN              NaN              NaN
 ----------------------------------------------------------------
 Molecular Point Group                 C1    NOp =  1
 Largest Abelian Subgroup              C1    NOp =  1
 Nuclear Repulsion Energy =              NaN hartrees
 There are      113 alpha and      113 beta electrons
 Applying Cartesian multipole field
    Component          Value
    ---------          -----
     (2,0,0)        1.00000E-12
     (0,2,0)        2.00000E-11
     (0,0,2)       -3.00000E-11
 Requested basis set is STO-3G
 There are 86 shells and 176 basis functions
