mFile = /opt/software/qchem/qchem-5.0.1//bin/mpi/machines
Process 0 of 1 is on vega02.cac.cornell.edu - thread support 0
initial socket setup ...start
initial socket setup ...done 
now start server 0 ... 
vega02.cac.cornell.edu 10.84.3
Q-Chem Developer Version! Running on 10.84.3.*
                  Welcome to Q-Chem
     A Quantum Leap Into The Future Of Chemistry


 Q-Chem 5.0, Q-Chem, Inc., Pleasanton, CA (2017)

 Yihan Shao,  Zhengting Gan,  E. Epifanovsky,  A. T. B. Gilbert,  M. Wormit,  
 J. Kussmann,  A. W. Lange,  A. Behn,  Jia Deng,  Xintian Feng,  D. Ghosh,  
 M. Goldey,  P. R. Horn,  L. D. Jacobson,  I. Kaliman,  T. Kus,  A. Landau,  
 Jie Liu,  E. I. Proynov,  R. M. Richard,  R. P. Steele,  E. J. Sundstrom,  
 H. L. Woodcock III,  P. M. Zimmerman,  D. Zuev,  B. Albrecht,  E. Alguire,  
 S. A. Baeppler,  Z. Benda,  Y. A. Bernard,  E. J. Berquist,  K. B. Bravaya,  
 D. Casanova,  Chun-Min Chang,  Yunqing Chen,  A. Chien,  K. D. Closser,  
 M. P. Coons,  S. Dasgupta,  M. Diedenhofen,  Hainam Do,  R. G. Edgar,  
 Po-Tung Fang,  S. Fatehi,  Qingguo Feng,  Qinghui Ge,  A. Ghysels,  
 J. Gomes,  J. Gonthier,  A. Gunina,  M. W. D. Hanson-Heine,  
 P. H. P. Harbach,  A. W. Hauser,  J. E. Herr,  E. G. Hohenstein,  
 Z. C. Holden,  Kerwin Hui,  T.-C. Jagau,  Hyunjun Ji,  B. Kaduk,  
 K. Khistyaev,  Jaehoon Kim,  P. Klunzinger,  K. Koh,  D. Kosenkov,  
 T. Kowalczyk,  C. M. Krauter,  A. Kunitsa,  Ka Un Lao,  A. Laurent,  
 K. V. Lawler,  Joonho Lee,  D. Lefrancois,  S. Lehtola,  D. S. Levine,  
 Yi-Pei Li,  You-Sheng Lin,  Fenglai Liu,  E. Livshits,  A. Luenser,  
 P. Manohar,  E. Mansoor,  S. F. Manzer,  Shan-Ping Mao,  Yuezhi Mao,  
 N. Mardirossian,  A. V. Marenich,  L. A. Martinez-Martinez,  S. A. Maurer,  
 N. J. Mayhall,  S. C. McKenzie,  J.-M. Mewes,  A. F. Morrison,  K. Nanda,  
 T. S. Nguyen-Beck,  R. Olivares-Amaya,  J. A. Parkhill,  T. M. Perrine,  
 F. Plasser,  S. Prager,  A. Prociuk,  D. R. Rehn,  F. Rob,  M. Schneider,  
 N. Sergueev,  S. M. Sharada,  S. Sharma,  D. W. Small,  T. Stauch,  
 T. Stein,  Yu-Chuan Su,  A. J. W. Thom,  T. Tsuchimochi,  L. Vogt,  
 O. Vydrov,  M. A. Watson,  J. Wenzel,  M. de Wergifosse,  T. A. Wesolowski,  
 A. White,  J. Witte,  A. Yamada,  Jun Yang,  K. Yao,  S. Yeganeh,  
 S. R. Yost,  Zhi-Qiang You,  A. Zech,  Igor Ying Zhang,  Xing Zhang,  
 Yan Zhao,  Ying Zhu,  B. R. Brooks,  G. K. L. Chan,  C. J. Cramer,  
 M. S. Gordon,  W. J. Hehre,  A. Klamt,  M. W. Schmidt,  C. D. Sherrill,  
 D. G. Truhlar,  A. Aspuru-Guzik,  R. Baer,  A. T. Bell,  N. A. Besley,  
 Jeng-Da Chai,  A. Dreuw,  B. D. Dunietz,  T. R. Furlani,  Chao-Ping Hsu,  
 Yousung Jung,  Jing Kong,  D. S. Lambrecht,  WanZhen Liang,  C. Ochsenfeld,  
 V. A. Rassolov,  L. V. Slipchenko,  J. E. Subotnik,  T. Van Voorhis,  
 J. M. Herbert,  A. I. Krylov,  P. M. W. Gill,  M. Head-Gordon

 Contributors to earlier versions of Q-Chem not listed above: 
 R. D. Adamson,  B. Austin,  J. Baker,  G. J. O. Beran,  K. Brandhorst,  
 S. T. Brown,  E. F. C. Byrd,  A. K. Chakraborty,  C.-L. Cheng,  
 Siu Hung Chien,  D. M. Chipman,  D. L. Crittenden,  H. Dachsel,  
 R. A. DiStasio Jr.,  R. J. Doerksen,  A. D. Dutoi,  L. Fusti-Molnar,  
 W. A. Goddard III,  A. Golubeva-Zadorozhnaya,  S. R. Gwaltney,  G. Hawkins,  
 A. Heyden,  S. Hirata,  G. Kedziora,  F. J. Keil,  C. Kelley,  Jihan Kim,  
 R. A. King,  R. Z. Khaliullin,  P. P. Korambath,  W. Kurlancheek,  
 A. M. Lee,  M. S. Lee,  S. V. Levchenko,  Ching Yeh Lin,  D. Liotard,  
 R. C. Lochan,  I. Lotan,  P. E. Maslen,  N. Nair,  D. P. O'Neill,  
 D. Neuhauser,  E. Neuscamman,  C. M. Oana,  R. Olson,  B. Peters,  
 R. Peverati,  P. A. Pieniazek,  Y. M. Rhee,  J. Ritchie,  M. A. Rohrdanz,  
 E. Rosta,  N. J. Russ,  H. F. Schaefer III,  N. E. Schultz,  N. Shenvi,  
 A. C. Simmonett,  A. Sodt,  D. Stuck,  K. S. Thanthiriwatte,  V. Vanovschi,  
 Tao Wang,  A. Warshel,  C. F. Williams,  Q. Wu,  X. Xu,  W. Zhang

 Please cite Q-Chem as follows:
 Y. Shao et al., Mol. Phys. 113, 184-215 (2015)
 DOI: 10.1080/00268976.2014.952696

 Q-Chem 5.0.1 for Intel X86 EM64T Linux

 Parts of Q-Chem use Armadillo 5.200.1 (Boston Tea Smuggler).
 http://arma.sourceforge.net/

 Q-Chem begins on Mon Jan 15 09:48:43 2018  

Host: vega02.cac.cornell.edu
0

     Scratch files written to /scratch/jj585/SOT1001/0751c.save//
 Parallel job on  1  processors

Checking the input file for inconsistencies... 	...done.

--------------------------------------------------------------
User input:
--------------------------------------------------------------
$molecule
0  1
O -3.94934 -3.66094 2.70899
C -3.26408 -4.56952 2.26188
C -3.36658 -6.02376 2.66595
C -4.77372 -6.64113 2.71769
C -5.90468 -5.78727 2.1886
O -5.55781 -5.255 0.97956
C -4.63048 -6.06728 0.25188
C -3.20288 -5.75474 0.68826
O -2.32952 -6.83131 0.31261
C -1.28041 -6.4839 -0.4734
C -1.23985 -7.25115 -1.77353
C -2.60791 -7.71582 -2.29389
C -3.81543 -7.05869 -1.6561
O -4.84155 -6.74235 -2.24055
O -1.94064 -4.17086 2.08526
O -4.06243 -8.08087 -0.52783
O -0.33674 -5.83668 -0.04358
C -4.15268 -7.99445 1.03333
C -0.76762 -6.36914 -2.94919
C -0.19678 -7.255 -4.0537
C -1.46082 -7.91106 -4.56304
C -2.51022 -7.1585 -3.73424
O -1.94808 -5.88716 -3.53393
H -0.50408 -8.07536 -1.63905
H -2.73586 -8.82238 -2.33075
H -0.02022 -5.59932 -2.65709
H 0.1945 -6.57387 -4.84348
H 0.60893 -7.95455 -3.74331
H -1.56407 -7.6768 -5.64592
H -1.52653 -9.00877 -4.40126
H -3.48475 -7.17642 -4.27013
O -7.04536 -5.69493 2.63877
C -1.48524 -2.88004 1.88314
C -2.61357 -7.05585 3.65142
C -2.87998 -6.92116 5.19162
C -4.33537 -7.39022 5.26721
C -4.57521 -7.80908 3.78752
O -3.28491 -8.2778 3.47531
H -3.18904 -5.43331 3.57903
H -5.11625 -6.03213 3.5854
H -0.79727 -2.60261 2.70788
H -1.52398 -7.09405 3.43235
H -2.23864 -7.67414 5.70411
H -2.67866 -5.92623 5.64547
H -4.3735 -8.28604 5.92613
H -5.06356 -6.64047 5.64565
H -5.381 -8.56853 3.69856
H -2.31049 -2.13848 1.83436
H -0.92889 -2.84085 0.92415
H -4.41102 -5.37047 1.74004
H -3.3052 -8.63307 1.35257
H -5.07605 -8.574 1.28507
H -2.88434 -4.85451 0.03933
H -2.88434 -4.85451 0.03933
H -4.80772 -5.36032 -0.60255
H -4.80772 -5.36032 -0.60255
$end

$opt
CONSTRAINT
tors           1           2           3           4     +47.368
tors           3           4           5           6     +47.368
tors           4           5           6           7     +28.421
tors           5           6           7           8     -85.263
tors           6           7           8           9    +161.053
tors           7           8           9          10    +123.158
tors           8           9          10          11    -123.158
tors           9          10          11          12     +28.421
tors          11          12          13          14    +142.105
ENDCONSTRAINT
$end

$rem
JOBTYPE                   OPT
METHOD                    B3LYP
DFT_D                     d3_op
BASIS                     STO-3G
GEOM_OPT_MAX_CYCLES       100
GEOM_OPT_TOL_GRADIENT     300
GEOM_OPT_TOL_DISPLACEMENT 1200
GEOM_OPT_TOL_ENERGY       100
SYMMETRY                  False
THRESH                    12
SCF_CONVERGENCE           8
MAX_SUB_FILE_NUM          128
MEM_STATIC                400
MEM_TOTAL                 4000
$end
--------------------------------------------------------------
 Adding empirical dispersion correction 
 ----------------------------------------------------------------
 Doing -D3(op) with
 s6 =   1.00000
 s8 =   0.78311
 a1 =   0.30000
 a2 =   4.25000
 n  =  10.00000
 -D3 energy without 3body term =               NaN hartrees
 ----------------------------------------------------------------
             Standard Nuclear Orientation (Angstroms)
    I     Atom           X                Y                Z
 ----------------------------------------------------------------
    1      O      -2.5943848783    -1.4243797129     2.0017289330
    2      C      -1.8413367653    -1.3332431639     1.0427613084
    3      C      -2.0947480795    -0.4983330342    -0.1930787191
    4      C      -2.5631052551     0.9502725278     0.0215120682
    5      C      -2.5550459749     1.4575714313     1.4465266365
    6      O      -1.3664379818     1.1465282966     2.0430759461
    7      C      -0.2786192963     1.0548161178     1.1170644486
    8      C      -0.2247243105    -0.3416038440     0.5061167119
    9      O       0.5452244590    -0.3160609812    -0.7060714052
   10      C       1.6031204797    -1.1637859237    -0.7428905789
   11      C       2.9121899576    -0.4598059902    -1.0101078099
   12      C       2.9737557796     0.9971159263    -0.5285799489
   13      C       1.8895421440     1.4183411670     0.4428883010
   14      O       2.0441141845     2.1681809328     1.3960004992
   15      O      -1.2617735091    -2.5614179488     0.7308142238
   16      O       0.8642085186     1.9538257816    -0.5773084102
   17      O       1.4589863387    -2.3743501283    -0.8318382357
   18      C      -0.6310405391     1.6260289082    -0.9083876903
   19      C       4.0749880998    -1.0795995246    -0.2058219752
   20      C       5.3984318221    -0.7654514600    -0.8988993827
   21      C       5.5066354047     0.7187697875    -0.6286802975
   22      C       4.2888252487     0.9181741929     0.2832805902
   23      O       4.1583007507    -0.3051035376     0.9607655131
   24      H       3.1316583000    -0.5869535745    -2.0938197761
   25      H       3.0844376780     1.7483274204    -1.3444449525
   26      H       3.9778081342    -2.1770260409    -0.0549475309
   27      H       6.1955603128    -1.2912575393    -0.3253972467
   28      H       5.4646373151    -1.0590053825    -1.9686300432
   29      H       6.4542606239     0.9050578606    -0.0759863477
   30      H       5.4528374463     1.3718093734    -1.5265126290
   31      H       4.4524743782     1.8109783663     0.9261861897
   32      O      -3.3797084379     2.1964281537     1.9816463733
   33      C      -1.0564486060    -3.6226887090     1.5945294456
   34      C      -2.6395216775    -0.7080389405    -1.6972828638
   35      C      -4.1815320179    -0.9213048503    -1.8923558908
   36      C      -4.7049981084     0.4735930636    -1.5400289893
   37      C      -3.3637573739     1.2347325603    -1.3298162879
   38      O      -2.5747602363     0.5666296530    -2.2854153852
   39      H      -2.9483615269    -1.1839949280    -0.0702838073
   40      H      -3.5566355455     0.6710622432     0.4411161961
   41      H      -1.6167945081    -4.5063643959     1.2262959005
   42      H      -2.0537817769    -1.4899044869    -2.2285570954
   43      H      -4.3547425869    -1.1002335283    -2.9781387894
   44      H      -4.6431409514    -1.7581168772    -1.3239738942
   45      H      -5.2344507257     0.8768652367    -2.4317545166
   46      H      -5.3916177532     0.5236483932    -0.6673030875
   47      H      -3.4772051882     2.3265287307    -1.5003637124
   48      H      -1.3777509012    -3.3965998081     2.6332675880
   49      H       0.0255203916    -3.8670451866     1.6133973778
   50      H      -1.6651207211     0.1462718482     1.1391588514
   51      H      -0.5652545768     1.2624076809    -1.9531000156
   52      H      -1.1222744985     2.6293588397    -0.9706904403
   53      H       0.3920810562    -0.9691694158     1.2535821105
   54      H       0.3920810562    -0.9691694158     1.2535821105
   55      H       0.3789776558     0.9734595302     2.0238193429
   56      H       0.3789776558     0.9734595302     2.0238193429
 ----------------------------------------------------------------
 Molecular Point Group                 C1    NOp =  1
 Largest Abelian Subgroup              C1    NOp =  1
 Nuclear Repulsion Energy =              NaN hartrees
 There are      113 alpha and      113 beta electrons
 Requested basis set is STO-3G
 There are 86 shells and 176 basis functions

 Total QAlloc Memory Limit   4000 MB
 Mega-Array Size       392 MB
 MEM_STATIC part       400 MB
 A cutoff of  1.0D-12 yielded   2658 shell pairs
 There are     12660 function pairs
 
 -------------------------------------------------------
 OpenMP Integral Computing Module                       
 Release: version 1.0, May 2013, Q-Chem Inc. Pittsburgh 
 -------------------------------------------------------
 Integral Job Info:
 Integral job number is                      11
 Integral operator is                         1
 short-range coefficients                     0
 long-range coefficients              100000000
 Omega coefficients                           0
 if combine SR and LR in K                    0
 Integral screening is                        0
 Integral computing path is                   2
 max size of driver memory is            800000
 size of driver memory is                 45569
 size of scratch memory is              1046100
 max col of scratch BK array                289
 max len of scratch array in speh3           22
 max len of scratch index in speh4            8
 max int batch size is                      520
 min int batch size is                       52
 fixed nKL is                                52
 max L of basis functions is                  1
 order of int derivative is                   0
 number of shells is                         86
 number of basis is                         176
 number of cartesian basis is               176
 number of contracted shell pairs          2658
 number of primitive shell pairs          13737
 maxK2 (contraction) of shell pair            9
 max number of K2 of shell pair               1
 max number of CS2 of shell pair            368
 max number of PS2 of shell pair           1602
 mem total for path MDJ                   62474
 -------------------------------------------------------
 Smallest overlap matrix eigenvalue = -2.00E-16

 Q-Chem fatal error occurred in module /opt/software/qchem/qchem-5.0.1/stvman/mkSTV.C, line 276:

 Negative overlap matrix eigenvalue.

