mFile = /opt/software/qchem/qchem-5.0.1//bin/mpi/machines
Process 0 of 1 is on vega02.cac.cornell.edu - thread support 0
initial socket setup ...start
initial socket setup ...done 
now start server 0 ... 
vega02.cac.cornell.edu 10.84.3
Q-Chem Developer Version! Running on 10.84.3.*
                  Welcome to Q-Chem
     A Quantum Leap Into The Future Of Chemistry


 Q-Chem 5.0, Q-Chem, Inc., Pleasanton, CA (2017)

 Yihan Shao,  Zhengting Gan,  E. Epifanovsky,  A. T. B. Gilbert,  M. Wormit,  
 J. Kussmann,  A. W. Lange,  A. Behn,  Jia Deng,  Xintian Feng,  D. Ghosh,  
 M. Goldey,  P. R. Horn,  L. D. Jacobson,  I. Kaliman,  T. Kus,  A. Landau,  
 Jie Liu,  E. I. Proynov,  R. M. Richard,  R. P. Steele,  E. J. Sundstrom,  
 H. L. Woodcock III,  P. M. Zimmerman,  D. Zuev,  B. Albrecht,  E. Alguire,  
 S. A. Baeppler,  Z. Benda,  Y. A. Bernard,  E. J. Berquist,  K. B. Bravaya,  
 D. Casanova,  Chun-Min Chang,  Yunqing Chen,  A. Chien,  K. D. Closser,  
 M. P. Coons,  S. Dasgupta,  M. Diedenhofen,  Hainam Do,  R. G. Edgar,  
 Po-Tung Fang,  S. Fatehi,  Qingguo Feng,  Qinghui Ge,  A. Ghysels,  
 J. Gomes,  J. Gonthier,  A. Gunina,  M. W. D. Hanson-Heine,  
 P. H. P. Harbach,  A. W. Hauser,  J. E. Herr,  E. G. Hohenstein,  
 Z. C. Holden,  Kerwin Hui,  T.-C. Jagau,  Hyunjun Ji,  B. Kaduk,  
 K. Khistyaev,  Jaehoon Kim,  P. Klunzinger,  K. Koh,  D. Kosenkov,  
 T. Kowalczyk,  C. M. Krauter,  A. Kunitsa,  Ka Un Lao,  A. Laurent,  
 K. V. Lawler,  Joonho Lee,  D. Lefrancois,  S. Lehtola,  D. S. Levine,  
 Yi-Pei Li,  You-Sheng Lin,  Fenglai Liu,  E. Livshits,  A. Luenser,  
 P. Manohar,  E. Mansoor,  S. F. Manzer,  Shan-Ping Mao,  Yuezhi Mao,  
 N. Mardirossian,  A. V. Marenich,  L. A. Martinez-Martinez,  S. A. Maurer,  
 N. J. Mayhall,  S. C. McKenzie,  J.-M. Mewes,  A. F. Morrison,  K. Nanda,  
 T. S. Nguyen-Beck,  R. Olivares-Amaya,  J. A. Parkhill,  T. M. Perrine,  
 F. Plasser,  S. Prager,  A. Prociuk,  D. R. Rehn,  F. Rob,  M. Schneider,  
 N. Sergueev,  S. M. Sharada,  S. Sharma,  D. W. Small,  T. Stauch,  
 T. Stein,  Yu-Chuan Su,  A. J. W. Thom,  T. Tsuchimochi,  L. Vogt,  
 O. Vydrov,  M. A. Watson,  J. Wenzel,  M. de Wergifosse,  T. A. Wesolowski,  
 A. White,  J. Witte,  A. Yamada,  Jun Yang,  K. Yao,  S. Yeganeh,  
 S. R. Yost,  Zhi-Qiang You,  A. Zech,  Igor Ying Zhang,  Xing Zhang,  
 Yan Zhao,  Ying Zhu,  B. R. Brooks,  G. K. L. Chan,  C. J. Cramer,  
 M. S. Gordon,  W. J. Hehre,  A. Klamt,  M. W. Schmidt,  C. D. Sherrill,  
 D. G. Truhlar,  A. Aspuru-Guzik,  R. Baer,  A. T. Bell,  N. A. Besley,  
 Jeng-Da Chai,  A. Dreuw,  B. D. Dunietz,  T. R. Furlani,  Chao-Ping Hsu,  
 Yousung Jung,  Jing Kong,  D. S. Lambrecht,  WanZhen Liang,  C. Ochsenfeld,  
 V. A. Rassolov,  L. V. Slipchenko,  J. E. Subotnik,  T. Van Voorhis,  
 J. M. Herbert,  A. I. Krylov,  P. M. W. Gill,  M. Head-Gordon

 Contributors to earlier versions of Q-Chem not listed above: 
 R. D. Adamson,  B. Austin,  J. Baker,  G. J. O. Beran,  K. Brandhorst,  
 S. T. Brown,  E. F. C. Byrd,  A. K. Chakraborty,  C.-L. Cheng,  
 Siu Hung Chien,  D. M. Chipman,  D. L. Crittenden,  H. Dachsel,  
 R. A. DiStasio Jr.,  R. J. Doerksen,  A. D. Dutoi,  L. Fusti-Molnar,  
 W. A. Goddard III,  A. Golubeva-Zadorozhnaya,  S. R. Gwaltney,  G. Hawkins,  
 A. Heyden,  S. Hirata,  G. Kedziora,  F. J. Keil,  C. Kelley,  Jihan Kim,  
 R. A. King,  R. Z. Khaliullin,  P. P. Korambath,  W. Kurlancheek,  
 A. M. Lee,  M. S. Lee,  S. V. Levchenko,  Ching Yeh Lin,  D. Liotard,  
 R. C. Lochan,  I. Lotan,  P. E. Maslen,  N. Nair,  D. P. O'Neill,  
 D. Neuhauser,  E. Neuscamman,  C. M. Oana,  R. Olson,  B. Peters,  
 R. Peverati,  P. A. Pieniazek,  Y. M. Rhee,  J. Ritchie,  M. A. Rohrdanz,  
 E. Rosta,  N. J. Russ,  H. F. Schaefer III,  N. E. Schultz,  N. Shenvi,  
 A. C. Simmonett,  A. Sodt,  D. Stuck,  K. S. Thanthiriwatte,  V. Vanovschi,  
 Tao Wang,  A. Warshel,  C. F. Williams,  Q. Wu,  X. Xu,  W. Zhang

 Please cite Q-Chem as follows:
 Y. Shao et al., Mol. Phys. 113, 184-215 (2015)
 DOI: 10.1080/00268976.2014.952696

 Q-Chem 5.0.1 for Intel X86 EM64T Linux

 Parts of Q-Chem use Armadillo 5.200.1 (Boston Tea Smuggler).
 http://arma.sourceforge.net/

 Q-Chem begins on Mon Jan 15 20:05:49 2018  

Host: vega02.cac.cornell.edu
0

     Scratch files written to /scratch/jj585/SOT1001/0902c.save//
 Parallel job on  1  processors

Checking the input file for inconsistencies... 	...done.

--------------------------------------------------------------
User input:
--------------------------------------------------------------
$molecule
0  1
O -3.94934 -3.66094 2.70899
C -3.26408 -4.56952 2.26188
C -3.36658 -6.02376 2.66595
C -4.06137 -6.97914 1.68189
C -4.41791 -6.40938 0.32677
O -4.62628 -7.42435 -0.56308
C -3.53937 -7.60379 -1.47724
C -2.23107 -7.15829 -0.83226
O -2.40425 -5.87561 -0.20966
C -1.56055 -4.90256 -0.63451
C -1.46444 -3.74467 0.33023
C -0.91195 -2.44452 -0.27196
C -0.87677 -2.3801 -1.78567
O -1.65476 -1.74917 -2.48654
O -1.97809 -4.32542 2.65051
O 0.20745 -2.94199 -2.38571
O -0.68189 -5.11278 -1.45926
C 0.43015 -2.94734 -3.7471
C -2.81399 -2.70966 0.55488
C -2.74018 -1.7192 1.81012
C -1.68675 -0.78597 1.4282
C -1.67097 -1.16675 -0.00614
O -2.90254 -1.66791 -0.36171
H -0.65699 -3.94382 1.06262
H 0.14966 -2.27822 0.03447
H -3.7736 -3.24635 0.42745
H -3.71494 -1.16852 1.7795
H -2.62191 -1.91517 2.88245
H -2.02686 0.25452 1.63105
H -0.68594 -0.97206 1.87738
H -1.30919 -0.28529 -0.59177
O -5.08714 -5.39077 0.23391
C -1.49013 -3.87665 3.88156
C -2.18064 -6.91802 3.14873
C -2.68261 -7.96768 4.14441
C -3.43901 -8.89899 3.22046
C -3.17197 -8.23215 1.8653
O -1.87472 -7.70417 2.03609
H -4.04698 -5.93581 3.5457
H -5.07273 -7.24967 2.06516
H -0.861 -2.97218 3.75021
H -1.32099 -6.39615 3.60923
H -1.79623 -8.51291 4.5418
H -3.2681 -7.55981 4.99633
H -2.94286 -9.89518 3.24846
H -4.52097 -9.01846 3.44363
H -3.32205 -8.98833 1.0657
H -2.30591 -3.6879 4.61112
H -2.30591 -3.6879 4.61112
H 1.38228 -3.476 -3.9577
H 0.50554 -1.90666 -4.12822
H -0.39592 -3.47936 -4.26605
H -1.83933 -7.91846 -0.16429
H -1.47658 -7.19656 -1.64701
H -3.73646 -6.95313 -2.3572
H -3.48172 -8.6562 -1.82677
$end

$opt
CONSTRAINT
tors           1           2           3           4    +104.211
tors           3           4           5           6    +161.053
tors           4           5           6           7    -104.211
tors           5           6           7           8     +28.421
tors           6           7           8           9     -47.368
tors           7           8           9          10    -123.158
tors           8           9          10          11    -161.053
tors           9          10          11          12    -161.053
tors          11          12          13          14    +104.211
ENDCONSTRAINT
$end

$rem
JOBTYPE                   OPT
METHOD                    B3LYP
DFT_D                     d3_op
BASIS                     STO-3G
GEOM_OPT_MAX_CYCLES       100
GEOM_OPT_TOL_GRADIENT     300
GEOM_OPT_TOL_DISPLACEMENT 1200
GEOM_OPT_TOL_ENERGY       100
SYMMETRY                  False
THRESH                    12
SCF_CONVERGENCE           8
MAX_SUB_FILE_NUM          128
MEM_STATIC                400
MEM_TOTAL                 4000
$end
--------------------------------------------------------------
 Adding empirical dispersion correction 
 ----------------------------------------------------------------
 Doing -D3(op) with
 s6 =   1.00000
 s8 =   0.78311
 a1 =   0.30000
 a2 =   4.25000
 n  =  10.00000
 -D3 energy without 3body term =               NaN hartrees
 ----------------------------------------------------------------
             Standard Nuclear Orientation (Angstroms)
    I     Atom           X                Y                Z
 ----------------------------------------------------------------
    1      O      -0.7359945469    -2.4379521492     1.2344156570
    2      C      -0.9883878827    -1.5048532881     0.4856631242
    3      C      -2.3754018586    -1.0053889427     0.1460745629
    4      C      -2.8359920509     0.2994075177     0.8163141050
    5      C      -1.7937825464     1.0529685249     1.6125820253
    6      O      -2.1907090934     2.3479994580     1.7879655446
    7      C      -1.4934590402     3.2699626080     0.9435208272
    8      C      -1.0528678926     2.5761522583    -0.3412456806
    9      O      -0.4308723061     1.3194483016    -0.0302686553
   10      C       0.8332887585     1.1635161820    -0.4958172478
   11      C       1.2660504629    -0.2823112224    -0.5503156487
   12      C       2.7843074055    -0.5012823512    -0.6225342045
   13      C       3.6422568880     0.6985036194    -0.2744798364
   14      O       4.2498976750     0.8549297838     0.7747405365
   15      O      -0.5783554568    -1.8753480376    -0.7629342558
   16      O       3.8734353983     1.5839512622    -1.2813762315
   17      O       1.3909070484     2.0162099413    -1.1728871128
   18      C       4.6582264246     2.7122720678    -1.1630468211
   19      C       1.5161581293    -1.1514735529     0.9074228476
   20      C       1.6575041030    -2.7394709358     0.7646922870
   21      C       2.9368184357    -2.8933770416     0.0819305182
   22      C       3.3973951582    -1.5037245302     0.3254641557
   23      O       2.7862091232    -1.0087609394     1.4549856074
   24      H       0.9902610392    -0.7106431095    -1.5344413141
   25      H       3.1027416377    -0.7751580967    -1.6579870246
   26      H       0.8465779032    -0.8037923149     1.7173030799
   27      H       1.7850975908    -3.0967836390     1.8184430347
   28      H       0.9788680477    -3.4933422022     0.3482611631
   29      H       3.5346099365    -3.6798204973     0.5953449583
   30      H       2.8837548008    -3.0852130978    -1.0127822271
   31      H       4.5157695082    -1.5084006453     0.3314594931
   32      O      -1.1659055495     0.4980549864     2.5024694037
   33      C      -0.7130727923    -3.1043175963    -1.4159799205
   34      C      -2.9408238656    -0.8050805726    -1.2959398859
   35      C      -4.4528367436    -1.0475778954    -1.3082184921
   36      C      -4.9464055469     0.1902070859    -0.5888847345
   37      C      -3.6229696211     0.9300618524    -0.3574180034
   38      O      -2.8719968028     0.5748018980    -1.4978652218
   39      H      -2.9926672625    -1.8192811124     0.5946304481
   40      H      -3.5822872206     0.0741290136     1.6133238532
   41      H       0.2724221341    -3.4746547946    -1.7663703740
   42      H      -2.4908526954    -1.4226069881    -2.0956859340
   43      H      -4.7980475273    -0.9984630940    -2.3661794179
   44      H      -4.7732813131    -2.0162631802    -0.8678910454
   45      H      -5.5795052351     0.7734524351    -1.2948259403
   46      H      -5.5132334276     0.0038994355     0.3485111181
   47      H      -3.8451552257     2.0066720555    -0.1985583594
   48      H      -1.2168115913    -3.8628006965    -0.7801088851
   49      H      -1.2168115913    -3.8628006965    -0.7801088851
   50      H       4.6672897639     3.2521178362    -2.1319997068
   51      H       5.6998175783     2.4299783767    -0.8997046303
   52      H       4.2420647026     3.3855642378    -0.3831538139
   53      H      -1.8716078958     2.4947896386    -1.0487395030
   54      H      -0.4064399611     3.3134779348    -0.8637579692
   55      H      -0.5851710019     3.6002811514     1.4934617375
   56      H      -2.1163621572     4.1638232849     0.7288901011
 ----------------------------------------------------------------
 Molecular Point Group                 C1    NOp =  1
 Largest Abelian Subgroup              C1    NOp =  1
 Nuclear Repulsion Energy =              NaN hartrees
 There are      113 alpha and      113 beta electrons
 Requested basis set is STO-3G
 There are 86 shells and 176 basis functions

 Total QAlloc Memory Limit   4000 MB
 Mega-Array Size       392 MB
 MEM_STATIC part       400 MB
 A cutoff of  1.0D-12 yielded   2680 shell pairs
 There are     12856 function pairs
 
 -------------------------------------------------------
 OpenMP Integral Computing Module                       
 Release: version 1.0, May 2013, Q-Chem Inc. Pittsburgh 
 -------------------------------------------------------
 Integral Job Info:
 Integral job number is                      11
 Integral operator is                         1
 short-range coefficients                     0
 long-range coefficients              100000000
 Omega coefficients                           0
 if combine SR and LR in K                    0
 Integral screening is                        0
 Integral computing path is                   2
 max size of driver memory is            800000
 size of driver memory is                 45569
 size of scratch memory is              1046100
 max col of scratch BK array                289
 max len of scratch array in speh3           22
 max len of scratch index in speh4            8
 max int batch size is                      520
 min int batch size is                       52
 fixed nKL is                                52
 max L of basis functions is                  1
 order of int derivative is                   0
 number of shells is                         86
 number of basis is                         176
 number of cartesian basis is               176
 number of contracted shell pairs          2680
 number of primitive shell pairs          13452
 maxK2 (contraction) of shell pair            9
 max number of K2 of shell pair               1
 max number of CS2 of shell pair            398
 max number of PS2 of shell pair           1482
 mem total for path MDJ                   60650
 -------------------------------------------------------
 Smallest overlap matrix eigenvalue = 1.54E-16
 Linear dependence detected in AO basis
 Number of orthogonalized atomic orbitals = 175
 Maximum deviation from orthogonality = 3.775E-15

 Scale SEOQF with 1.000000e-02/1.000000e-01/1.000000e-01

 Standard Electronic Orientation quadrupole field applied
 Nucleus-field energy     =     0.0000000302 hartrees
 Guess from superposition of atomic densities
 Warning:  Energy on first SCF cycle will be non-variational
 A restricted hybrid HF-DFT SCF calculation will be
 performed using Pulay DIIS extrapolation
 Exchange:     0.2000 Hartree-Fock + 0.0800 Slater + 0.7200 B88
 Correlation:  0.1900 VWN1RPA + 0.8100 LYP
 Using SG-1 standard quadrature grid
 Dispersion:   Grimme D3
 SCF converges when DIIS error is below 1.0E-08
 using 48 threads for integral computing
 -------------------------------------------------------
 OpenMP Integral computing Module                
 Release: version 1.0, May 2013, Q-Chem Inc. Pittsburgh 
 -------------------------------------------------------
 -------------------------------------------------------
 OpenMP BLAS3 based DFT computing Module                
 Release: version 1.0, May 2013, Q-Chem Inc. Pittsburgh 
 -------------------------------------------------------
 ---------------------------------------
  Cycle       Energy         DIIS Error
 ---------------------------------------
    1               -nan          -NAN
    2               -nan          -NAN Convergence criterion met
 ---------------------------------------
 SCF time:  CPU 15.24 s  wall 0.37 s
 SCF   energy in the final basis set = -nan
 Total energy in the final basis set = -nan
 
 --------------------------------------------------------------
 
                    Orbital Energies (a.u.)
 --------------------------------------------------------------
 
 Alpha MOs
 -- Occupied --
    NaN     NaN     NaN     NaN     NaN     NaN     NaN     NaN
    NaN     NaN     NaN     NaN     NaN     NaN     NaN     NaN
    NaN     NaN     NaN     NaN     NaN     NaN     NaN     NaN
    NaN     NaN     NaN     NaN     NaN     NaN     NaN     NaN
    NaN     NaN     NaN     NaN     NaN     NaN     NaN     NaN
    NaN     NaN     NaN     NaN     NaN     NaN     NaN     NaN
    NaN     NaN     NaN     NaN     NaN     NaN     NaN     NaN
    NaN     NaN     NaN     NaN     NaN     NaN     NaN     NaN
    NaN     NaN     NaN     NaN     NaN     NaN     NaN     NaN
    NaN     NaN     NaN     NaN     NaN     NaN     NaN     NaN
    NaN     NaN     NaN     NaN     NaN     NaN     NaN     NaN
    NaN     NaN     NaN     NaN     NaN     NaN     NaN     NaN
    NaN     NaN     NaN     NaN     NaN     NaN     NaN     NaN
    NaN     NaN     NaN     NaN     NaN     NaN     NaN     NaN
    NaN
 -- Virtual --
    NaN     NaN     NaN     NaN     NaN     NaN     NaN     NaN
    NaN     NaN     NaN     NaN     NaN     NaN     NaN     NaN
    NaN     NaN     NaN     NaN     NaN     NaN     NaN     NaN
    NaN     NaN     NaN     NaN     NaN     NaN     NaN     NaN
    NaN     NaN     NaN     NaN     NaN     NaN     NaN     NaN
    NaN     NaN     NaN     NaN     NaN     NaN     NaN     NaN
    NaN     NaN     NaN     NaN     NaN     NaN     NaN     NaN
    NaN     NaN     NaN     NaN     NaN     NaN
 --------------------------------------------------------------
 
          Ground-State Mulliken Net Atomic Charges

     Atom                 Charge (a.u.)
  ----------------------------------------
      1 O                          NaN
      2 C                          NaN
      3 C                          NaN
      4 C                          NaN
      5 C                          NaN
      6 O                          NaN
      7 C                          NaN
      8 C                          NaN
      9 O                          NaN
     10 C                          NaN
     11 C                          NaN
     12 C                          NaN
     13 C                          NaN
     14 O                          NaN
     15 O                          NaN
     16 O                          NaN
     17 O                          NaN
     18 C                          NaN
     19 C                          NaN
     20 C                          NaN
     21 C                          NaN
     22 C                          NaN
     23 O                          NaN
     24 H                          NaN
     25 H                          NaN
     26 H                          NaN
     27 H                          NaN
     28 H                          NaN
     29 H                          NaN
     30 H                          NaN
     31 H                          NaN
     32 O                          NaN
     33 C                          NaN
     34 C                          NaN
     35 C                          NaN
     36 C                          NaN
     37 C                          NaN
     38 O                          NaN
     39 H                          NaN
     40 H                          NaN
     41 H                          NaN
     42 H                          NaN
     43 H                          NaN
     44 H                          NaN
     45 H                          NaN
     46 H                          NaN
     47 H                          NaN
     48 H                          NaN
     49 H                          NaN
     50 H                          NaN
     51 H                          NaN
     52 H                          NaN
     53 H                          NaN
     54 H                          NaN
     55 H                          NaN
     56 H                          NaN
  ----------------------------------------
  Sum of atomic charges =          NaN

 -----------------------------------------------------------------
                    Cartesian Multipole Moments
 -----------------------------------------------------------------
    Charge (ESU x 10^10)
                    NaN
    Dipole Moment (Debye)
         X          NaN      Y          NaN      Z          NaN
       Tot          NaN
    Quadrupole Moments (Debye-Ang)
        XX          NaN     XY          NaN     YY          NaN
        XZ          NaN     YZ          NaN     ZZ          NaN
    Octopole Moments (Debye-Ang^2)
       XXX          NaN    XXY          NaN    XYY          NaN
       YYY          NaN    XXZ          NaN    XYZ          NaN
       YYZ          NaN    XZZ          NaN    YZZ          NaN
       ZZZ          NaN
    Hexadecapole Moments (Debye-Ang^3)
      XXXX          NaN   XXXY          NaN   XXYY          NaN
      XYYY          NaN   YYYY          NaN   XXXZ          NaN
      XXYZ          NaN   XYYZ          NaN   YYYZ          NaN
      XXZZ          NaN   XYZZ          NaN   YYZZ          NaN
      XZZZ          NaN   YZZZ          NaN   ZZZZ          NaN
 -----------------------------------------------------------------
 Calculating analytic gradient of the SCF energy
 Gradient of SCF Energy
            1           2           3           4           5           6
    1         nan         nan         nan         nan         nan         nan
    2         nan         nan         nan         nan         nan         nan
    3         nan         nan         nan         nan         nan         nan
            7           8           9          10          11          12
    1         nan         nan         nan         nan         nan         nan
    2         nan         nan         nan         nan         nan         nan
    3         nan         nan         nan         nan         nan         nan
           13          14          15          16          17          18
    1         nan         nan         nan         nan         nan         nan
    2         nan         nan         nan         nan         nan         nan
    3         nan         nan         nan         nan         nan         nan
           19          20          21          22          23          24
    1         nan         nan         nan         nan         nan         nan
    2         nan         nan         nan         nan         nan         nan
    3         nan         nan         nan         nan         nan         nan
           25          26          27          28          29          30
    1         nan         nan         nan         nan         nan         nan
    2         nan         nan         nan         nan         nan         nan
    3         nan         nan         nan         nan         nan         nan
           31          32          33          34          35          36
    1         nan         nan         nan         nan         nan         nan
    2         nan         nan         nan         nan         nan         nan
    3         nan         nan         nan         nan         nan         nan
           37          38          39          40          41          42
    1         nan         nan         nan         nan         nan         nan
    2         nan         nan         nan         nan         nan         nan
    3         nan         nan         nan         nan         nan         nan
           43          44          45          46          47          48
    1         nan         nan         nan         nan         nan        -nan
    2         nan         nan         nan         nan         nan        -nan
    3         nan         nan         nan         nan         nan        -nan
           49          50          51          52          53          54
    1        -nan         nan         nan         nan         nan         nan
    2        -nan         nan         nan         nan         nan         nan
    3        -nan         nan         nan         nan         nan         nan
           55          56
    1         nan         nan
    2         nan         nan
    3         nan         nan
 Max gradient component =       0.000E+00
 RMS gradient           =             NAN
 Gradient time:  CPU 21.61 s  wall 0.47 s
 Geometry Optimization Parameters
   NAtoms,    NIC,     NZ,  NCons,   NDum,   NFix, NCnnct, MaxDiis
       56     501       0       9       0       0       0       0


** CONSTRAINED OPTIMIZATION IN DELOCALIZED INTERNAL COORDINATES **
   Searching for a Minimum

   Optimization Cycle:   1

                       Coordinates (Angstroms)
     ATOM                X               Y               Z
      1  O        -0.7359945469   -2.4379521492    1.2344156570
      2  C        -0.9883878827   -1.5048532881    0.4856631242
      3  C        -2.3754018586   -1.0053889427    0.1460745629
      4  C        -2.8359920509    0.2994075177    0.8163141050
      5  C        -1.7937825464    1.0529685249    1.6125820253
      6  O        -2.1907090934    2.3479994580    1.7879655446
      7  C        -1.4934590402    3.2699626080    0.9435208272
      8  C        -1.0528678926    2.5761522583   -0.3412456806
      9  O        -0.4308723061    1.3194483016   -0.0302686553
     10  C         0.8332887585    1.1635161820   -0.4958172478
     11  C         1.2660504629   -0.2823112224   -0.5503156487
     12  C         2.7843074055   -0.5012823512   -0.6225342045
     13  C         3.6422568880    0.6985036194   -0.2744798364
     14  O         4.2498976750    0.8549297838    0.7747405365
     15  O        -0.5783554568   -1.8753480376   -0.7629342558
     16  O         3.8734353983    1.5839512622   -1.2813762315
     17  O         1.3909070484    2.0162099413   -1.1728871128
     18  C         4.6582264246    2.7122720678   -1.1630468211
     19  C         1.5161581293   -1.1514735529    0.9074228476
     20  C         1.6575041030   -2.7394709358    0.7646922870
     21  C         2.9368184357   -2.8933770416    0.0819305182
     22  C         3.3973951582   -1.5037245302    0.3254641557
     23  O         2.7862091232   -1.0087609394    1.4549856074
     24  H         0.9902610392   -0.7106431095   -1.5344413141
     25  H         3.1027416377   -0.7751580967   -1.6579870246
     26  H         0.8465779032   -0.8037923149    1.7173030799
     27  H         1.7850975908   -3.0967836390    1.8184430347
     28  H         0.9788680477   -3.4933422022    0.3482611631
     29  H         3.5346099365   -3.6798204973    0.5953449583
     30  H         2.8837548008   -3.0852130978   -1.0127822271
     31  H         4.5157695082   -1.5084006453    0.3314594931
     32  O        -1.1659055495    0.4980549864    2.5024694037
     33  C        -0.7130727923   -3.1043175963   -1.4159799205
     34  C        -2.9408238656   -0.8050805726   -1.2959398859
     35  C        -4.4528367436   -1.0475778954   -1.3082184921
     36  C        -4.9464055469    0.1902070859   -0.5888847345
     37  C        -3.6229696211    0.9300618524   -0.3574180034
     38  O        -2.8719968028    0.5748018980   -1.4978652218
     39  H        -2.9926672625   -1.8192811124    0.5946304481
     40  H        -3.5822872206    0.0741290136    1.6133238532
     41  H         0.2724221341   -3.4746547946   -1.7663703740
     42  H        -2.4908526954   -1.4226069881   -2.0956859340
     43  H        -4.7980475273   -0.9984630940   -2.3661794179
     44  H        -4.7732813131   -2.0162631802   -0.8678910454
     45  H        -5.5795052351    0.7734524351   -1.2948259403
     46  H        -5.5132334276    0.0038994355    0.3485111181
     47  H        -3.8451552257    2.0066720555   -0.1985583594
     48  H        -1.2168115913   -3.8628006965   -0.7801088851
     49  H        -1.2168115913   -3.8628006965   -0.7801088851
     50  H         4.6672897639    3.2521178362   -2.1319997068
     51  H         5.6998175783    2.4299783767   -0.8997046303
     52  H         4.2420647026    3.3855642378   -0.3831538139
     53  H        -1.8716078958    2.4947896386   -1.0487395030
     54  H        -0.4064399611    3.3134779348   -0.8637579692
     55  H        -0.5851710019    3.6002811514    1.4934617375
     56  H        -2.1163621572    4.1638232849    0.7288901011
   Point Group: c1    Number of degrees of freedom:   162


   Energy is              NaN

              Constraints and their Current Values
                                        Value     Constraint
   Dihedral:        1   2   3   4      104.211      104.211
   Dihedral:        3   4   5   6      161.053      161.053
   Dihedral:        4   5   6   7     -104.211     -104.211
   Dihedral:        5   6   7   8       28.421       28.421
   Dihedral:        6   7   8   9      -47.368      -47.368
   Dihedral:        7   8   9  10     -123.158     -123.158
   Dihedral:        8   9  10  11     -161.053     -161.053
   Dihedral:        9  10  11  12     -161.053     -161.053
   Dihedral:       11  12  13  14      104.211      104.211

 Attempting to Generate Delocalized Internal Coordinates

  ***ERROR*** Wrong Number of Internal Coordinates
              Should be: 162  Found: 136
**WARNING** Problems with Internal Coordinates
  Switching to Cartesian Coordinates

   Using Penalty Function Algorithm


 Translations and Rotations Projected Out of Hessian

162 Hessian modes will be used to form the next step
  Hessian Eigenvalues:
     0.999942    0.999958    0.999959    0.999968    0.999970    0.999976
     0.999980    0.999988    0.999989    0.999993    0.999996    0.999997
     0.999998    0.999999    1.000000    1.000000    1.000000    1.000000
     1.000000    1.000000    1.000000    1.000000    1.000000    1.000000
     1.000000    1.000000    1.000000    1.000000    1.000000    1.000000
     1.000000    1.000000    1.000000    1.000000    1.000000    1.000000
     1.000000    1.000000    1.000000    1.000000    1.000000    1.000000
     1.000000    1.000000    1.000000    1.000000    1.000000    1.000000
     1.000000    1.000000    1.000000    1.000000    1.000000    1.000000
     1.000000    1.000000    1.000000    1.000000    1.000000    1.000000
     1.000000    1.000000    1.000000    1.000000    1.000000    1.000000
     1.000000    1.000000    1.000000    1.000000    1.000000    1.000000
     1.000000    1.000000    1.000000    1.000000    1.000000    1.000000
     1.000000    1.000000    1.000000    1.000000    1.000000    1.000000
     1.000000    1.000000    1.000000    1.000000    1.000000    1.000000
     1.000000    1.000000    1.000000    1.000000    1.000000    1.000000
     1.000000    1.000000    1.000000    1.000000    1.000000    1.000000
     1.000000    1.000000    1.000000    1.000000    1.000000    1.000000
     1.000000    1.000000    1.000000    1.000000    1.000000    1.000000
     1.000000    1.000000    1.000000    1.000000    1.000000    1.000000
     1.000000    1.000000    1.000000    1.000000    1.000000    1.000000
     1.000000    1.000000    1.000000    1.000000    1.000000    1.000000
     1.000000    1.000000    1.000000    1.000002    1.000003    1.000004
     1.000006    1.000006    1.000007    1.000009    1.000012    1.000014
     1.000016    1.000018    1.000021    1.000029    1.000037    1.000039
     1.000061    1.000102    1.000129    1.315048    1.475029    1.539514
     1.947625    4.348788    6.712140   12.728579   13.319538   14.432912

 Minimum Search - Taking Simple RFO Step
 Searching for Lamda that Minimizes Along All modes


 ****************************************
 ** UNABLE TO DETERMINE Lamda IN FormD **
 ****************************************



 Taking Simple Newton-Raphson Step
 Step Taken.  Stepsize is       NaN

                             Maximum     Tolerance    Cnvgd?
         Gradient                NaN      0.000300      NO
         Displacement            NaN      0.001200      NO
         Energy change           NaN      0.000001      NO

 Adding empirical dispersion correction 
 ----------------------------------------------------------------
 Doing -D3(op) with
 s6 =   1.00000
 s8 =   0.78311
 a1 =   0.30000
 a2 =   4.25000
 n  =  10.00000
 -D3 energy without 3body term =               NaN hartrees
 ----------------------------------------------------------------
             Standard Nuclear Orientation (Angstroms)
    I     Atom           X                Y                Z
 ----------------------------------------------------------------
    1      O                NaN              NaN              NaN
    2      C                NaN              NaN              NaN
    3      C                NaN              NaN              NaN
    4      C                NaN              NaN              NaN
    5      C                NaN              NaN              NaN
    6      O                NaN              NaN              NaN
    7      C                NaN              NaN              NaN
    8      C                NaN              NaN              NaN
    9      O                NaN              NaN              NaN
   10      C                NaN              NaN              NaN
   11      C                NaN              NaN              NaN
   12      C                NaN              NaN              NaN
   13      C                NaN              NaN              NaN
   14      O                NaN              NaN              NaN
   15      O                NaN              NaN              NaN
   16      O                NaN              NaN              NaN
   17      O                NaN              NaN              NaN
   18      C                NaN              NaN              NaN
   19      C                NaN              NaN              NaN
   20      C                NaN              NaN              NaN
   21      C                NaN              NaN              NaN
   22      C                NaN              NaN              NaN
   23      O                NaN              NaN              NaN
   24      H                NaN              NaN              NaN
   25      H                NaN              NaN              NaN
   26      H                NaN              NaN              NaN
   27      H                NaN              NaN              NaN
   28      H                NaN              NaN              NaN
   29      H                NaN              NaN              NaN
   30      H                NaN              NaN              NaN
   31      H                NaN              NaN              NaN
   32      O                NaN              NaN              NaN
   33      C                NaN              NaN              NaN
   34      C                NaN              NaN              NaN
   35      C                NaN              NaN              NaN
   36      C                NaN              NaN              NaN
   37      C                NaN              NaN              NaN
   38      O                NaN              NaN              NaN
   39      H                NaN              NaN              NaN
   40      H                NaN              NaN              NaN
   41      H                NaN              NaN              NaN
   42      H                NaN              NaN              NaN
   43      H                NaN              NaN              NaN
   44      H                NaN              NaN              NaN
   45      H                NaN              NaN              NaN
   46      H                NaN              NaN              NaN
   47      H                NaN              NaN              NaN
   48      H                NaN              NaN              NaN
   49      H                NaN              NaN              NaN
   50      H                NaN              NaN              NaN
   51      H                NaN              NaN              NaN
   52      H                NaN              NaN              NaN
   53      H                NaN              NaN              NaN
   54      H                NaN              NaN              NaN
   55      H                NaN              NaN              NaN
   56      H                NaN              NaN              NaN
 ----------------------------------------------------------------
 Molecular Point Group                 C1    NOp =  1
 Largest Abelian Subgroup              C1    NOp =  1
 Nuclear Repulsion Energy =              NaN hartrees
 There are      113 alpha and      113 beta electrons
 Applying Cartesian multipole field
    Component          Value
    ---------          -----
     (2,0,0)        1.00000E-12
     (0,2,0)        2.00000E-11
     (0,0,2)       -3.00000E-11
 Requested basis set is STO-3G
 There are 86 shells and 176 basis functions
