mFile = /opt/software/qchem/qchem-5.0.1//bin/mpi/machines
Process 0 of 1 is on vega02.cac.cornell.edu - thread support 0
initial socket setup ...start
initial socket setup ...done 
now start server 0 ... 
vega02.cac.cornell.edu 10.84.3
Q-Chem Developer Version! Running on 10.84.3.*
                  Welcome to Q-Chem
     A Quantum Leap Into The Future Of Chemistry


 Q-Chem 5.0, Q-Chem, Inc., Pleasanton, CA (2017)

 Yihan Shao,  Zhengting Gan,  E. Epifanovsky,  A. T. B. Gilbert,  M. Wormit,  
 J. Kussmann,  A. W. Lange,  A. Behn,  Jia Deng,  Xintian Feng,  D. Ghosh,  
 M. Goldey,  P. R. Horn,  L. D. Jacobson,  I. Kaliman,  T. Kus,  A. Landau,  
 Jie Liu,  E. I. Proynov,  R. M. Richard,  R. P. Steele,  E. J. Sundstrom,  
 H. L. Woodcock III,  P. M. Zimmerman,  D. Zuev,  B. Albrecht,  E. Alguire,  
 S. A. Baeppler,  Z. Benda,  Y. A. Bernard,  E. J. Berquist,  K. B. Bravaya,  
 D. Casanova,  Chun-Min Chang,  Yunqing Chen,  A. Chien,  K. D. Closser,  
 M. P. Coons,  S. Dasgupta,  M. Diedenhofen,  Hainam Do,  R. G. Edgar,  
 Po-Tung Fang,  S. Fatehi,  Qingguo Feng,  Qinghui Ge,  A. Ghysels,  
 J. Gomes,  J. Gonthier,  A. Gunina,  M. W. D. Hanson-Heine,  
 P. H. P. Harbach,  A. W. Hauser,  J. E. Herr,  E. G. Hohenstein,  
 Z. C. Holden,  Kerwin Hui,  T.-C. Jagau,  Hyunjun Ji,  B. Kaduk,  
 K. Khistyaev,  Jaehoon Kim,  P. Klunzinger,  K. Koh,  D. Kosenkov,  
 T. Kowalczyk,  C. M. Krauter,  A. Kunitsa,  Ka Un Lao,  A. Laurent,  
 K. V. Lawler,  Joonho Lee,  D. Lefrancois,  S. Lehtola,  D. S. Levine,  
 Yi-Pei Li,  You-Sheng Lin,  Fenglai Liu,  E. Livshits,  A. Luenser,  
 P. Manohar,  E. Mansoor,  S. F. Manzer,  Shan-Ping Mao,  Yuezhi Mao,  
 N. Mardirossian,  A. V. Marenich,  L. A. Martinez-Martinez,  S. A. Maurer,  
 N. J. Mayhall,  S. C. McKenzie,  J.-M. Mewes,  A. F. Morrison,  K. Nanda,  
 T. S. Nguyen-Beck,  R. Olivares-Amaya,  J. A. Parkhill,  T. M. Perrine,  
 F. Plasser,  S. Prager,  A. Prociuk,  D. R. Rehn,  F. Rob,  M. Schneider,  
 N. Sergueev,  S. M. Sharada,  S. Sharma,  D. W. Small,  T. Stauch,  
 T. Stein,  Yu-Chuan Su,  A. J. W. Thom,  T. Tsuchimochi,  L. Vogt,  
 O. Vydrov,  M. A. Watson,  J. Wenzel,  M. de Wergifosse,  T. A. Wesolowski,  
 A. White,  J. Witte,  A. Yamada,  Jun Yang,  K. Yao,  S. Yeganeh,  
 S. R. Yost,  Zhi-Qiang You,  A. Zech,  Igor Ying Zhang,  Xing Zhang,  
 Yan Zhao,  Ying Zhu,  B. R. Brooks,  G. K. L. Chan,  C. J. Cramer,  
 M. S. Gordon,  W. J. Hehre,  A. Klamt,  M. W. Schmidt,  C. D. Sherrill,  
 D. G. Truhlar,  A. Aspuru-Guzik,  R. Baer,  A. T. Bell,  N. A. Besley,  
 Jeng-Da Chai,  A. Dreuw,  B. D. Dunietz,  T. R. Furlani,  Chao-Ping Hsu,  
 Yousung Jung,  Jing Kong,  D. S. Lambrecht,  WanZhen Liang,  C. Ochsenfeld,  
 V. A. Rassolov,  L. V. Slipchenko,  J. E. Subotnik,  T. Van Voorhis,  
 J. M. Herbert,  A. I. Krylov,  P. M. W. Gill,  M. Head-Gordon

 Contributors to earlier versions of Q-Chem not listed above: 
 R. D. Adamson,  B. Austin,  J. Baker,  G. J. O. Beran,  K. Brandhorst,  
 S. T. Brown,  E. F. C. Byrd,  A. K. Chakraborty,  C.-L. Cheng,  
 Siu Hung Chien,  D. M. Chipman,  D. L. Crittenden,  H. Dachsel,  
 R. A. DiStasio Jr.,  R. J. Doerksen,  A. D. Dutoi,  L. Fusti-Molnar,  
 W. A. Goddard III,  A. Golubeva-Zadorozhnaya,  S. R. Gwaltney,  G. Hawkins,  
 A. Heyden,  S. Hirata,  G. Kedziora,  F. J. Keil,  C. Kelley,  Jihan Kim,  
 R. A. King,  R. Z. Khaliullin,  P. P. Korambath,  W. Kurlancheek,  
 A. M. Lee,  M. S. Lee,  S. V. Levchenko,  Ching Yeh Lin,  D. Liotard,  
 R. C. Lochan,  I. Lotan,  P. E. Maslen,  N. Nair,  D. P. O'Neill,  
 D. Neuhauser,  E. Neuscamman,  C. M. Oana,  R. Olson,  B. Peters,  
 R. Peverati,  P. A. Pieniazek,  Y. M. Rhee,  J. Ritchie,  M. A. Rohrdanz,  
 E. Rosta,  N. J. Russ,  H. F. Schaefer III,  N. E. Schultz,  N. Shenvi,  
 A. C. Simmonett,  A. Sodt,  D. Stuck,  K. S. Thanthiriwatte,  V. Vanovschi,  
 Tao Wang,  A. Warshel,  C. F. Williams,  Q. Wu,  X. Xu,  W. Zhang

 Please cite Q-Chem as follows:
 Y. Shao et al., Mol. Phys. 113, 184-215 (2015)
 DOI: 10.1080/00268976.2014.952696

 Q-Chem 5.0.1 for Intel X86 EM64T Linux

 Parts of Q-Chem use Armadillo 5.200.1 (Boston Tea Smuggler).
 http://arma.sourceforge.net/

 Q-Chem begins on Mon Jan 15 20:09:00 2018  

Host: vega02.cac.cornell.edu
0

     Scratch files written to /scratch/jj585/SOT1001/0904c.save//
 Parallel job on  1  processors

Checking the input file for inconsistencies... 	...done.

--------------------------------------------------------------
User input:
--------------------------------------------------------------
$molecule
0  1
O -3.94934 -3.66094 2.70899
C -3.26408 -4.56952 2.26188
C -3.36658 -6.02376 2.66595
C -3.18715 -7.07505 1.5585
C -2.74922 -6.56083 0.20502
O -2.79973 -5.19606 0.18862
C -3.78507 -4.6583 1.07697
C -5.00042 -4.18246 0.2879
O -6.20278 -4.47693 1.01626
C -6.56822 -3.55095 1.93721
C -5.50768 -2.50106 2.16882
C -4.90565 -1.89641 0.89201
C -5.67687 -2.15182 -0.38733
O -5.18014 -2.37582 -1.4817
O -1.87007 -4.2221 2.32582
O -7.03707 -2.03898 -0.34266
O -7.66752 -3.57237 2.47021
C -7.87638 -2.22333 -1.42137
C -6.2228 -1.14196 2.64359
C -5.24144 -0.21823 3.39712
C -4.36373 0.21227 2.25394
C -5.15979 -0.38217 1.08653
O -6.48185 -0.36714 1.51481
H -5.44332 -2.53648 3.31078
H -3.80646 -1.90319 0.77827
H -7.13419 -1.28511 3.27799
H -5.83753 0.65924 3.73964
H -4.70263 -0.64299 4.27157
H -4.34838 1.32438 2.22466
H -3.3263 -0.17936 2.2715
H -4.95563 0.20359 0.15986
O -2.34691 -7.23662 -0.72857
C -1.32578 -2.95322 2.39881
C -2.25381 -6.48132 3.64534
C -2.68455 -7.73767 4.40441
C -2.5591 -8.77793 3.31488
C -2.0422 -7.91266 2.16341
O -1.23551 -6.95633 2.80238
H -4.33009 -6.13725 3.21962
H -4.08564 -7.71245 1.39321
H -0.72144 -2.87032 3.32503
H -1.96416 -5.69005 4.37167
H -1.91705 -7.94865 5.18308
H -3.68507 -7.66557 4.8825
H -1.7714 -9.50574 3.61293
H -3.49597 -9.31983 3.06215
H -1.53237 -8.55327 1.41035
H -2.09768 -2.16099 2.41009
H -0.6664 -2.79088 1.52147
H -8.92561 -2.07244 -1.09491
H -7.76874 -3.25651 -1.81545
H -7.64026 -1.48842 -2.22022
H -5.10663 -4.61312 -0.76891
H -5.10663 -4.61312 -0.76891
H -3.47943 -3.77067 0.32342
H -4.57348 -5.55559 0.87364
$end

$opt
CONSTRAINT
tors           1           2           3           4    +142.105
tors           3           4           5           6      -9.474
tors           4           5           6           7     -28.421
tors           5           6           7           8    -104.211
tors           6           7           8           9    +142.105
tors           7           8           9          10     +85.263
tors           8           9          10          11      -9.474
tors           9          10          11          12     +47.368
tors          11          12          13          14    -142.105
ENDCONSTRAINT
$end

$rem
JOBTYPE                   OPT
METHOD                    B3LYP
DFT_D                     d3_op
BASIS                     STO-3G
GEOM_OPT_MAX_CYCLES       100
GEOM_OPT_TOL_GRADIENT     300
GEOM_OPT_TOL_DISPLACEMENT 1200
GEOM_OPT_TOL_ENERGY       100
SYMMETRY                  False
THRESH                    12
SCF_CONVERGENCE           8
MAX_SUB_FILE_NUM          128
MEM_STATIC                400
MEM_TOTAL                 4000
$end
--------------------------------------------------------------
 Adding empirical dispersion correction 
 ----------------------------------------------------------------
 Doing -D3(op) with
 s6 =   1.00000
 s8 =   0.78311
 a1 =   0.30000
 a2 =   4.25000
 n  =  10.00000
 -D3 energy without 3body term =               NaN hartrees
 ----------------------------------------------------------------
             Standard Nuclear Orientation (Angstroms)
    I     Atom           X                Y                Z
 ----------------------------------------------------------------
    1      O      -0.1408906228    -1.2181704018     0.2362323614
    2      C      -1.1609825982    -0.6913313090    -0.1843139120
    3      C      -2.3683093811    -0.3294410438     0.6523402984
    4      C      -3.0917555194     0.9835390261     0.3109309948
    5      C      -2.6353914837     1.6991404272    -0.9411710400
    6      O      -1.4967780717     1.1162062617    -1.4198824663
    7      C      -0.7043410432     0.5043710935    -0.3966778246
    8      C       0.5087670224     1.3732750955    -0.0812329808
    9      O       0.7773716833     1.3452047244     1.3294243236
   10      C       1.5392056205     0.3081115612     1.7574209118
   11      C       1.7637056220    -0.7367108449     0.6903674057
   12      C       2.1879535936    -0.1836899033    -0.6780137606
   13      C       2.6656198339     1.2545071217    -0.6902478268
   14      O       2.4373916799     2.0697094158    -1.5722452866
   15      O      -1.6544367791    -1.4033066857    -1.3322019268
   16      O       3.4917760483     1.6583247455     0.3193409760
   17      O       2.0132560663     0.2794091071     2.8832364608
   18      C       4.0230629102     2.9252694799     0.4402821723
   19      C       3.1600667415    -1.4782281278     0.9806839920
   20      C       3.2180818226    -2.8638603233     0.3018543428
   21      C       3.3227527638    -2.4410791126    -1.1378906514
   22      C       3.5158207135    -0.9326502810    -0.9448005892
   23      O       4.1628079228    -0.8118214010     0.2792501596
   24      H       1.4647926407    -1.6765425763     1.2707438128
   25      H       1.6048081459    -0.4846239731    -1.5671602528
   26      H       3.4117083258    -1.6027658805     2.0645446268
   27      H       4.1856874869    -3.3234757968     0.6102205768
   28      H       2.3987990004    -3.5812198618     0.5244998591
   29      H       4.2229498837    -2.9235001777    -1.5792483909
   30      H       2.4340249701    -2.6536360553    -1.7663219287
   31      H       4.0702504800    -0.5133999976    -1.8167812117
   32      O      -3.2117362802     2.6205815270    -1.4969666170
   33      C      -0.9372807312    -2.2308145598    -2.1763307795
   34      C      -3.5496511451    -1.3249580611     0.5102118232
   35      C      -4.4899361879    -1.2235647994     1.7125940336
   36      C      -5.1786011653     0.0893044258     1.4175192340
   37      C      -4.5220799426     0.4533486316     0.0840228357
   38      O      -4.3185239874    -0.7903462253    -0.5367722689
   39      H      -2.0474853546    -0.3825911286     1.7209978589
   40      H      -3.0837436229     1.7299476904     1.1377887453
   41      H      -1.3910417878    -3.2427125229    -2.1642415377
   42      H      -3.2153081580    -2.3789847306     0.3885436222
   43      H      -5.2410610915    -2.0415449978     1.6312579816
   44      H      -3.9827020641    -1.2852045085     2.6993679785
   45      H      -6.2613260397    -0.1107551613     1.2541316687
   46      H      -5.0541048951     0.8779712255     2.1906678728
   47      H      -5.1658127961     1.1727033625    -0.4687374641
   48      H       0.1254375593    -2.3180724950    -1.8820501156
   49      H      -0.9855585693    -1.8255395023    -3.2079717605
   50      H       4.6520764337     2.9695608696     1.3527556112
   51      H       3.2067840215     3.6734646303     0.5310517764
   52      H       4.6547630302     3.1614373375    -0.4424331762
   53      H       0.4347820897     2.4685605319    -0.4105838855
   54      H       0.4347820897     2.4685605319    -0.4105838855
   55      H       0.0039682823     0.6096749081    -1.3643293296
   56      H      -0.9596160140     1.3591287555     0.4232531418
 ----------------------------------------------------------------
 Molecular Point Group                 C1    NOp =  1
 Largest Abelian Subgroup              C1    NOp =  1
 Nuclear Repulsion Energy =              NaN hartrees
 There are      113 alpha and      113 beta electrons
 Requested basis set is STO-3G
 There are 86 shells and 176 basis functions

 Total QAlloc Memory Limit   4000 MB
 Mega-Array Size       392 MB
 MEM_STATIC part       400 MB
 A cutoff of  1.0D-12 yielded   2663 shell pairs
 There are     12632 function pairs
 
 -------------------------------------------------------
 OpenMP Integral Computing Module                       
 Release: version 1.0, May 2013, Q-Chem Inc. Pittsburgh 
 -------------------------------------------------------
 Integral Job Info:
 Integral job number is                      11
 Integral operator is                         1
 short-range coefficients                     0
 long-range coefficients              100000000
 Omega coefficients                           0
 if combine SR and LR in K                    0
 Integral screening is                        0
 Integral computing path is                   2
 max size of driver memory is            800000
 size of driver memory is                 45569
 size of scratch memory is              1046100
 max col of scratch BK array                289
 max len of scratch array in speh3           22
 max len of scratch index in speh4            8
 max int batch size is                      520
 min int batch size is                       52
 fixed nKL is                                52
 max L of basis functions is                  1
 order of int derivative is                   0
 number of shells is                         86
 number of basis is                         176
 number of cartesian basis is               176
 number of contracted shell pairs          2663
 number of primitive shell pairs          13730
 maxK2 (contraction) of shell pair            9
 max number of K2 of shell pair               1
 max number of CS2 of shell pair            403
 max number of PS2 of shell pair           1578
 mem total for path MDJ                   63082
 -------------------------------------------------------
 Smallest overlap matrix eigenvalue = 6.39E-16
 Linear dependence detected in AO basis
 Number of orthogonalized atomic orbitals = 175
 Maximum deviation from orthogonality = 4.885E-15

 Scale SEOQF with 1.000000e-02/1.000000e-01/1.000000e-01

 Standard Electronic Orientation quadrupole field applied
 Nucleus-field energy     =     0.0000000116 hartrees
 Guess from superposition of atomic densities
 Warning:  Energy on first SCF cycle will be non-variational
 A restricted hybrid HF-DFT SCF calculation will be
 performed using Pulay DIIS extrapolation
 Exchange:     0.2000 Hartree-Fock + 0.0800 Slater + 0.7200 B88
 Correlation:  0.1900 VWN1RPA + 0.8100 LYP
 Using SG-1 standard quadrature grid
 Dispersion:   Grimme D3
 SCF converges when DIIS error is below 1.0E-08
 using 48 threads for integral computing
 -------------------------------------------------------
 OpenMP Integral computing Module                
 Release: version 1.0, May 2013, Q-Chem Inc. Pittsburgh 
 -------------------------------------------------------
 -------------------------------------------------------
 OpenMP BLAS3 based DFT computing Module                
 Release: version 1.0, May 2013, Q-Chem Inc. Pittsburgh 
 -------------------------------------------------------
 ---------------------------------------
  Cycle       Energy         DIIS Error
 ---------------------------------------
    1               -nan          -NAN
    2               -nan          -NAN Convergence criterion met
 ---------------------------------------
 SCF time:  CPU 15.98 s  wall 0.37 s
 SCF   energy in the final basis set = -nan
 Total energy in the final basis set = -nan
 
 --------------------------------------------------------------
 
                    Orbital Energies (a.u.)
 --------------------------------------------------------------
 
 Alpha MOs
 -- Occupied --
    NaN     NaN     NaN     NaN     NaN     NaN     NaN     NaN
    NaN     NaN     NaN     NaN     NaN     NaN     NaN     NaN
    NaN     NaN     NaN     NaN     NaN     NaN     NaN     NaN
    NaN     NaN     NaN     NaN     NaN     NaN     NaN     NaN
    NaN     NaN     NaN     NaN     NaN     NaN     NaN     NaN
    NaN     NaN     NaN     NaN     NaN     NaN     NaN     NaN
    NaN     NaN     NaN     NaN     NaN     NaN     NaN     NaN
    NaN     NaN     NaN     NaN     NaN     NaN     NaN     NaN
    NaN     NaN     NaN     NaN     NaN     NaN     NaN     NaN
    NaN     NaN     NaN     NaN     NaN     NaN     NaN     NaN
    NaN     NaN     NaN     NaN     NaN     NaN     NaN     NaN
    NaN     NaN     NaN     NaN     NaN     NaN     NaN     NaN
    NaN     NaN     NaN     NaN     NaN     NaN     NaN     NaN
    NaN     NaN     NaN     NaN     NaN     NaN     NaN     NaN
    NaN
 -- Virtual --
    NaN     NaN     NaN     NaN     NaN     NaN     NaN     NaN
    NaN     NaN     NaN     NaN     NaN     NaN     NaN     NaN
    NaN     NaN     NaN     NaN     NaN     NaN     NaN     NaN
    NaN     NaN     NaN     NaN     NaN     NaN     NaN     NaN
    NaN     NaN     NaN     NaN     NaN     NaN     NaN     NaN
    NaN     NaN     NaN     NaN     NaN     NaN     NaN     NaN
    NaN     NaN     NaN     NaN     NaN     NaN     NaN     NaN
    NaN     NaN     NaN     NaN     NaN     NaN
 --------------------------------------------------------------
 
          Ground-State Mulliken Net Atomic Charges

     Atom                 Charge (a.u.)
  ----------------------------------------
      1 O                          NaN
      2 C                          NaN
      3 C                          NaN
      4 C                          NaN
      5 C                          NaN
      6 O                          NaN
      7 C                          NaN
      8 C                          NaN
      9 O                          NaN
     10 C                          NaN
     11 C                          NaN
     12 C                          NaN
     13 C                          NaN
     14 O                          NaN
     15 O                          NaN
     16 O                          NaN
     17 O                          NaN
     18 C                          NaN
     19 C                          NaN
     20 C                          NaN
     21 C                          NaN
     22 C                          NaN
     23 O                          NaN
     24 H                          NaN
     25 H                          NaN
     26 H                          NaN
     27 H                          NaN
     28 H                          NaN
     29 H                          NaN
     30 H                          NaN
     31 H                          NaN
     32 O                          NaN
     33 C                          NaN
     34 C                          NaN
     35 C                          NaN
     36 C                          NaN
     37 C                          NaN
     38 O                          NaN
     39 H                          NaN
     40 H                          NaN
     41 H                          NaN
     42 H                          NaN
     43 H                          NaN
     44 H                          NaN
     45 H                          NaN
     46 H                          NaN
     47 H                          NaN
     48 H                          NaN
     49 H                          NaN
     50 H                          NaN
     51 H                          NaN
     52 H                          NaN
     53 H                          NaN
     54 H                          NaN
     55 H                          NaN
     56 H                          NaN
  ----------------------------------------
  Sum of atomic charges =          NaN

 -----------------------------------------------------------------
                    Cartesian Multipole Moments
 -----------------------------------------------------------------
    Charge (ESU x 10^10)
                    NaN
    Dipole Moment (Debye)
         X          NaN      Y          NaN      Z          NaN
       Tot          NaN
    Quadrupole Moments (Debye-Ang)
        XX          NaN     XY          NaN     YY          NaN
        XZ          NaN     YZ          NaN     ZZ          NaN
    Octopole Moments (Debye-Ang^2)
       XXX          NaN    XXY          NaN    XYY          NaN
       YYY          NaN    XXZ          NaN    XYZ          NaN
       YYZ          NaN    XZZ          NaN    YZZ          NaN
       ZZZ          NaN
    Hexadecapole Moments (Debye-Ang^3)
      XXXX          NaN   XXXY          NaN   XXYY          NaN
      XYYY          NaN   YYYY          NaN   XXXZ          NaN
      XXYZ          NaN   XYYZ          NaN   YYYZ          NaN
      XXZZ          NaN   XYZZ          NaN   YYZZ          NaN
      XZZZ          NaN   YZZZ          NaN   ZZZZ          NaN
 -----------------------------------------------------------------
 Calculating analytic gradient of the SCF energy
 Gradient of SCF Energy
            1           2           3           4           5           6
    1         nan         nan         nan         nan         nan         nan
    2         nan         nan         nan         nan         nan         nan
    3         nan         nan         nan         nan         nan         nan
            7           8           9          10          11          12
    1         nan         nan         nan         nan         nan         nan
    2         nan         nan         nan         nan         nan         nan
    3         nan         nan         nan         nan         nan         nan
           13          14          15          16          17          18
    1         nan         nan         nan         nan         nan         nan
    2         nan         nan         nan         nan         nan         nan
    3         nan         nan         nan         nan         nan         nan
           19          20          21          22          23          24
    1         nan         nan         nan         nan         nan         nan
    2         nan         nan         nan         nan         nan         nan
    3         nan         nan         nan         nan         nan         nan
           25          26          27          28          29          30
    1         nan         nan         nan         nan         nan         nan
    2         nan         nan         nan         nan         nan         nan
    3         nan         nan         nan         nan         nan         nan
           31          32          33          34          35          36
    1         nan         nan         nan         nan         nan         nan
    2         nan         nan         nan         nan         nan         nan
    3         nan         nan         nan         nan         nan         nan
           37          38          39          40          41          42
    1         nan         nan         nan         nan         nan         nan
    2         nan         nan         nan         nan         nan         nan
    3         nan         nan         nan         nan         nan         nan
           43          44          45          46          47          48
    1         nan         nan         nan         nan         nan         nan
    2         nan         nan         nan         nan         nan         nan
    3         nan         nan         nan         nan         nan         nan
           49          50          51          52          53          54
    1         nan         nan         nan         nan        -nan        -nan
    2         nan         nan         nan         nan        -nan        -nan
    3         nan         nan         nan         nan        -nan        -nan
           55          56
    1         nan         nan
    2         nan         nan
    3         nan         nan
 Max gradient component =       0.000E+00
 RMS gradient           =             NAN
 Gradient time:  CPU 23.87 s  wall 0.52 s
 Geometry Optimization Parameters
   NAtoms,    NIC,     NZ,  NCons,   NDum,   NFix, NCnnct, MaxDiis
       56     512       0       9       0       0       0       0


** CONSTRAINED OPTIMIZATION IN DELOCALIZED INTERNAL COORDINATES **
   Searching for a Minimum

   Optimization Cycle:   1

                       Coordinates (Angstroms)
     ATOM                X               Y               Z
      1  O        -0.1408906228   -1.2181704018    0.2362323614
      2  C        -1.1609825982   -0.6913313090   -0.1843139120
      3  C        -2.3683093811   -0.3294410438    0.6523402984
      4  C        -3.0917555194    0.9835390261    0.3109309948
      5  C        -2.6353914837    1.6991404272   -0.9411710400
      6  O        -1.4967780717    1.1162062617   -1.4198824663
      7  C        -0.7043410432    0.5043710935   -0.3966778246
      8  C         0.5087670224    1.3732750955   -0.0812329808
      9  O         0.7773716833    1.3452047244    1.3294243236
     10  C         1.5392056205    0.3081115612    1.7574209118
     11  C         1.7637056220   -0.7367108449    0.6903674057
     12  C         2.1879535936   -0.1836899033   -0.6780137606
     13  C         2.6656198339    1.2545071217   -0.6902478268
     14  O         2.4373916799    2.0697094158   -1.5722452866
     15  O        -1.6544367791   -1.4033066857   -1.3322019268
     16  O         3.4917760483    1.6583247455    0.3193409760
     17  O         2.0132560663    0.2794091071    2.8832364608
     18  C         4.0230629102    2.9252694799    0.4402821723
     19  C         3.1600667415   -1.4782281278    0.9806839920
     20  C         3.2180818226   -2.8638603233    0.3018543428
     21  C         3.3227527638   -2.4410791126   -1.1378906514
     22  C         3.5158207135   -0.9326502810   -0.9448005892
     23  O         4.1628079228   -0.8118214010    0.2792501596
     24  H         1.4647926407   -1.6765425763    1.2707438128
     25  H         1.6048081459   -0.4846239731   -1.5671602528
     26  H         3.4117083258   -1.6027658805    2.0645446268
     27  H         4.1856874869   -3.3234757968    0.6102205768
     28  H         2.3987990004   -3.5812198618    0.5244998591
     29  H         4.2229498837   -2.9235001777   -1.5792483909
     30  H         2.4340249701   -2.6536360553   -1.7663219287
     31  H         4.0702504800   -0.5133999976   -1.8167812117
     32  O        -3.2117362802    2.6205815270   -1.4969666170
     33  C        -0.9372807312   -2.2308145598   -2.1763307795
     34  C        -3.5496511451   -1.3249580611    0.5102118232
     35  C        -4.4899361879   -1.2235647994    1.7125940336
     36  C        -5.1786011653    0.0893044258    1.4175192340
     37  C        -4.5220799426    0.4533486316    0.0840228357
     38  O        -4.3185239874   -0.7903462253   -0.5367722689
     39  H        -2.0474853546   -0.3825911286    1.7209978589
     40  H        -3.0837436229    1.7299476904    1.1377887453
     41  H        -1.3910417878   -3.2427125229   -2.1642415377
     42  H        -3.2153081580   -2.3789847306    0.3885436222
     43  H        -5.2410610915   -2.0415449978    1.6312579816
     44  H        -3.9827020641   -1.2852045085    2.6993679785
     45  H        -6.2613260397   -0.1107551613    1.2541316687
     46  H        -5.0541048951    0.8779712255    2.1906678728
     47  H        -5.1658127961    1.1727033625   -0.4687374641
     48  H         0.1254375593   -2.3180724950   -1.8820501156
     49  H        -0.9855585693   -1.8255395023   -3.2079717605
     50  H         4.6520764337    2.9695608696    1.3527556112
     51  H         3.2067840215    3.6734646303    0.5310517764
     52  H         4.6547630302    3.1614373375   -0.4424331762
     53  H         0.4347820897    2.4685605319   -0.4105838855
     54  H         0.4347820897    2.4685605319   -0.4105838855
     55  H         0.0039682823    0.6096749081   -1.3643293296
     56  H        -0.9596160140    1.3591287555    0.4232531418
   Point Group: c1    Number of degrees of freedom:   162


   Energy is              NaN

              Constraints and their Current Values
                                        Value     Constraint
   Dihedral:        1   2   3   4      142.105      142.105
   Dihedral:        3   4   5   6       -9.474       -9.474
   Dihedral:        4   5   6   7      -28.421      -28.421
   Dihedral:        5   6   7   8     -104.210     -104.211
   Dihedral:        6   7   8   9      142.105      142.105
   Dihedral:        7   8   9  10       85.263       85.263
   Dihedral:        8   9  10  11       -9.473       -9.474
   Dihedral:        9  10  11  12       47.368       47.368
   Dihedral:       11  12  13  14     -142.105     -142.105

 Attempting to Generate Delocalized Internal Coordinates

  ***ERROR*** Wrong Number of Internal Coordinates
              Should be: 162  Found: 149
**WARNING** Problems with Internal Coordinates
  Switching to Cartesian Coordinates

   Using Penalty Function Algorithm


 Translations and Rotations Projected Out of Hessian

162 Hessian modes will be used to form the next step
  Hessian Eigenvalues:
     0.999939    0.999955    0.999963    0.999968    0.999978    0.999982
     0.999987    0.999988    0.999990    0.999991    0.999992    0.999992
     0.999993    0.999995    0.999997    0.999997    0.999999    1.000000
     1.000000    1.000000    1.000000    1.000000    1.000000    1.000000
     1.000000    1.000000    1.000000    1.000000    1.000000    1.000000
     1.000000    1.000000    1.000000    1.000000    1.000000    1.000000
     1.000000    1.000000    1.000000    1.000000    1.000000    1.000000
     1.000000    1.000000    1.000000    1.000000    1.000000    1.000000
     1.000000    1.000000    1.000000    1.000000    1.000000    1.000000
     1.000000    1.000000    1.000000    1.000000    1.000000    1.000000
     1.000000    1.000000    1.000000    1.000000    1.000000    1.000000
     1.000000    1.000000    1.000000    1.000000    1.000000    1.000000
     1.000000    1.000000    1.000000    1.000000    1.000000    1.000000
     1.000000    1.000000    1.000000    1.000000    1.000000    1.000000
     1.000000    1.000000    1.000000    1.000000    1.000000    1.000000
     1.000000    1.000000    1.000000    1.000000    1.000000    1.000000
     1.000000    1.000000    1.000000    1.000000    1.000000    1.000000
     1.000000    1.000000    1.000000    1.000000    1.000000    1.000000
     1.000000    1.000000    1.000000    1.000000    1.000000    1.000000
     1.000000    1.000000    1.000000    1.000000    1.000000    1.000000
     1.000000    1.000000    1.000000    1.000000    1.000000    1.000000
     1.000000    1.000000    1.000000    1.000000    1.000000    1.000000
     1.000000    1.000000    1.000000    1.000000    1.000000    1.000001
     1.000001    1.000002    1.000002    1.000004    1.000006    1.000007
     1.000008    1.000010    1.000011    1.000013    1.000015    1.000019
     1.000029    1.000036    1.000056    1.056430    1.105616    1.742326
     3.507125    3.743045    4.914942    6.150993   10.167406   15.244642

 Minimum Search - Taking Simple RFO Step
 Searching for Lamda that Minimizes Along All modes


 ****************************************
 ** UNABLE TO DETERMINE Lamda IN FormD **
 ****************************************



 Taking Simple Newton-Raphson Step
 Step Taken.  Stepsize is       NaN

                             Maximum     Tolerance    Cnvgd?
         Gradient                NaN      0.000300      NO
         Displacement            NaN      0.001200      NO
         Energy change           NaN      0.000001      NO

 Adding empirical dispersion correction 
 ----------------------------------------------------------------
 Doing -D3(op) with
 s6 =   1.00000
 s8 =   0.78311
 a1 =   0.30000
 a2 =   4.25000
 n  =  10.00000
 -D3 energy without 3body term =               NaN hartrees
 ----------------------------------------------------------------
             Standard Nuclear Orientation (Angstroms)
    I     Atom           X                Y                Z
 ----------------------------------------------------------------
    1      O                NaN              NaN              NaN
    2      C                NaN              NaN              NaN
    3      C                NaN              NaN              NaN
    4      C                NaN              NaN              NaN
    5      C                NaN              NaN              NaN
    6      O                NaN              NaN              NaN
    7      C                NaN              NaN              NaN
    8      C                NaN              NaN              NaN
    9      O                NaN              NaN              NaN
   10      C                NaN              NaN              NaN
   11      C                NaN              NaN              NaN
   12      C                NaN              NaN              NaN
   13      C                NaN              NaN              NaN
   14      O                NaN              NaN              NaN
   15      O                NaN              NaN              NaN
   16      O                NaN              NaN              NaN
   17      O                NaN              NaN              NaN
   18      C                NaN              NaN              NaN
   19      C                NaN              NaN              NaN
   20      C                NaN              NaN              NaN
   21      C                NaN              NaN              NaN
   22      C                NaN              NaN              NaN
   23      O                NaN              NaN              NaN
   24      H                NaN              NaN              NaN
   25      H                NaN              NaN              NaN
   26      H                NaN              NaN              NaN
   27      H                NaN              NaN              NaN
   28      H                NaN              NaN              NaN
   29      H                NaN              NaN              NaN
   30      H                NaN              NaN              NaN
   31      H                NaN              NaN              NaN
   32      O                NaN              NaN              NaN
   33      C                NaN              NaN              NaN
   34      C                NaN              NaN              NaN
   35      C                NaN              NaN              NaN
   36      C                NaN              NaN              NaN
   37      C                NaN              NaN              NaN
   38      O                NaN              NaN              NaN
   39      H                NaN              NaN              NaN
   40      H                NaN              NaN              NaN
   41      H                NaN              NaN              NaN
   42      H                NaN              NaN              NaN
   43      H                NaN              NaN              NaN
   44      H                NaN              NaN              NaN
   45      H                NaN              NaN              NaN
   46      H                NaN              NaN              NaN
   47      H                NaN              NaN              NaN
   48      H                NaN              NaN              NaN
   49      H                NaN              NaN              NaN
   50      H                NaN              NaN              NaN
   51      H                NaN              NaN              NaN
   52      H                NaN              NaN              NaN
   53      H                NaN              NaN              NaN
   54      H                NaN              NaN              NaN
   55      H                NaN              NaN              NaN
   56      H                NaN              NaN              NaN
 ----------------------------------------------------------------
 Molecular Point Group                 C1    NOp =  1
 Largest Abelian Subgroup              C1    NOp =  1
 Nuclear Repulsion Energy =              NaN hartrees
 There are      113 alpha and      113 beta electrons
 Applying Cartesian multipole field
    Component          Value
    ---------          -----
     (2,0,0)        1.00000E-12
     (0,2,0)        2.00000E-11
     (0,0,2)       -3.00000E-11
 Requested basis set is STO-3G
 There are 86 shells and 176 basis functions
