mFile = /opt/software/qchem/qchem-5.0.1//bin/mpi/machines
Process 0 of 1 is on vega02.cac.cornell.edu - thread support 0
initial socket setup ...start
initial socket setup ...done 
now start server 0 ... 
vega02.cac.cornell.edu 10.84.3
Q-Chem Developer Version! Running on 10.84.3.*
                  Welcome to Q-Chem
     A Quantum Leap Into The Future Of Chemistry


 Q-Chem 5.0, Q-Chem, Inc., Pleasanton, CA (2017)

 Yihan Shao,  Zhengting Gan,  E. Epifanovsky,  A. T. B. Gilbert,  M. Wormit,  
 J. Kussmann,  A. W. Lange,  A. Behn,  Jia Deng,  Xintian Feng,  D. Ghosh,  
 M. Goldey,  P. R. Horn,  L. D. Jacobson,  I. Kaliman,  T. Kus,  A. Landau,  
 Jie Liu,  E. I. Proynov,  R. M. Richard,  R. P. Steele,  E. J. Sundstrom,  
 H. L. Woodcock III,  P. M. Zimmerman,  D. Zuev,  B. Albrecht,  E. Alguire,  
 S. A. Baeppler,  Z. Benda,  Y. A. Bernard,  E. J. Berquist,  K. B. Bravaya,  
 D. Casanova,  Chun-Min Chang,  Yunqing Chen,  A. Chien,  K. D. Closser,  
 M. P. Coons,  S. Dasgupta,  M. Diedenhofen,  Hainam Do,  R. G. Edgar,  
 Po-Tung Fang,  S. Fatehi,  Qingguo Feng,  Qinghui Ge,  A. Ghysels,  
 J. Gomes,  J. Gonthier,  A. Gunina,  M. W. D. Hanson-Heine,  
 P. H. P. Harbach,  A. W. Hauser,  J. E. Herr,  E. G. Hohenstein,  
 Z. C. Holden,  Kerwin Hui,  T.-C. Jagau,  Hyunjun Ji,  B. Kaduk,  
 K. Khistyaev,  Jaehoon Kim,  P. Klunzinger,  K. Koh,  D. Kosenkov,  
 T. Kowalczyk,  C. M. Krauter,  A. Kunitsa,  Ka Un Lao,  A. Laurent,  
 K. V. Lawler,  Joonho Lee,  D. Lefrancois,  S. Lehtola,  D. S. Levine,  
 Yi-Pei Li,  You-Sheng Lin,  Fenglai Liu,  E. Livshits,  A. Luenser,  
 P. Manohar,  E. Mansoor,  S. F. Manzer,  Shan-Ping Mao,  Yuezhi Mao,  
 N. Mardirossian,  A. V. Marenich,  L. A. Martinez-Martinez,  S. A. Maurer,  
 N. J. Mayhall,  S. C. McKenzie,  J.-M. Mewes,  A. F. Morrison,  K. Nanda,  
 T. S. Nguyen-Beck,  R. Olivares-Amaya,  J. A. Parkhill,  T. M. Perrine,  
 F. Plasser,  S. Prager,  A. Prociuk,  D. R. Rehn,  F. Rob,  M. Schneider,  
 N. Sergueev,  S. M. Sharada,  S. Sharma,  D. W. Small,  T. Stauch,  
 T. Stein,  Yu-Chuan Su,  A. J. W. Thom,  T. Tsuchimochi,  L. Vogt,  
 O. Vydrov,  M. A. Watson,  J. Wenzel,  M. de Wergifosse,  T. A. Wesolowski,  
 A. White,  J. Witte,  A. Yamada,  Jun Yang,  K. Yao,  S. Yeganeh,  
 S. R. Yost,  Zhi-Qiang You,  A. Zech,  Igor Ying Zhang,  Xing Zhang,  
 Yan Zhao,  Ying Zhu,  B. R. Brooks,  G. K. L. Chan,  C. J. Cramer,  
 M. S. Gordon,  W. J. Hehre,  A. Klamt,  M. W. Schmidt,  C. D. Sherrill,  
 D. G. Truhlar,  A. Aspuru-Guzik,  R. Baer,  A. T. Bell,  N. A. Besley,  
 Jeng-Da Chai,  A. Dreuw,  B. D. Dunietz,  T. R. Furlani,  Chao-Ping Hsu,  
 Yousung Jung,  Jing Kong,  D. S. Lambrecht,  WanZhen Liang,  C. Ochsenfeld,  
 V. A. Rassolov,  L. V. Slipchenko,  J. E. Subotnik,  T. Van Voorhis,  
 J. M. Herbert,  A. I. Krylov,  P. M. W. Gill,  M. Head-Gordon

 Contributors to earlier versions of Q-Chem not listed above: 
 R. D. Adamson,  B. Austin,  J. Baker,  G. J. O. Beran,  K. Brandhorst,  
 S. T. Brown,  E. F. C. Byrd,  A. K. Chakraborty,  C.-L. Cheng,  
 Siu Hung Chien,  D. M. Chipman,  D. L. Crittenden,  H. Dachsel,  
 R. A. DiStasio Jr.,  R. J. Doerksen,  A. D. Dutoi,  L. Fusti-Molnar,  
 W. A. Goddard III,  A. Golubeva-Zadorozhnaya,  S. R. Gwaltney,  G. Hawkins,  
 A. Heyden,  S. Hirata,  G. Kedziora,  F. J. Keil,  C. Kelley,  Jihan Kim,  
 R. A. King,  R. Z. Khaliullin,  P. P. Korambath,  W. Kurlancheek,  
 A. M. Lee,  M. S. Lee,  S. V. Levchenko,  Ching Yeh Lin,  D. Liotard,  
 R. C. Lochan,  I. Lotan,  P. E. Maslen,  N. Nair,  D. P. O'Neill,  
 D. Neuhauser,  E. Neuscamman,  C. M. Oana,  R. Olson,  B. Peters,  
 R. Peverati,  P. A. Pieniazek,  Y. M. Rhee,  J. Ritchie,  M. A. Rohrdanz,  
 E. Rosta,  N. J. Russ,  H. F. Schaefer III,  N. E. Schultz,  N. Shenvi,  
 A. C. Simmonett,  A. Sodt,  D. Stuck,  K. S. Thanthiriwatte,  V. Vanovschi,  
 Tao Wang,  A. Warshel,  C. F. Williams,  Q. Wu,  X. Xu,  W. Zhang

 Please cite Q-Chem as follows:
 Y. Shao et al., Mol. Phys. 113, 184-215 (2015)
 DOI: 10.1080/00268976.2014.952696

 Q-Chem 5.0.1 for Intel X86 EM64T Linux

 Parts of Q-Chem use Armadillo 5.200.1 (Boston Tea Smuggler).
 http://arma.sourceforge.net/

 Q-Chem begins on Tue Jan 16 10:15:06 2018  

Host: vega02.cac.cornell.edu
0

     Scratch files written to /scratch/jj585/SOT1001/1119c.save//
 Parallel job on  1  processors

Checking the input file for inconsistencies... 	...done.

--------------------------------------------------------------
User input:
--------------------------------------------------------------
$molecule
0  1
O -3.94934 -3.66094 2.70899
C -3.26408 -4.56952 2.26188
C -3.36658 -6.02376 2.66595
C -4.55778 -6.42467 3.55148
C -5.60993 -5.36381 3.78738
O -5.37997 -4.29275 2.97168
C -4.37078 -4.54107 1.98724
C -3.99766 -6.01987 1.97842
O -4.91618 -6.76125 2.79668
C -6.00231 -6.07176 3.2257
C -6.13989 -4.72048 2.56556
C -5.18309 -4.47394 1.38997
C -4.49914 -5.70297 0.8257
O -4.76863 -6.85979 1.11505
O -1.9376 -4.24124 1.82072
O -3.9173 -5.49097 -0.45702
O -7.06114 -6.9211 3.26625
C -3.6589 -6.44556 -1.42691
C -7.55093 -4.95918 1.66637
C -8.24844 -3.70183 1.04684
C -7.43666 -3.54505 -0.17456
C -6.34196 -4.61423 0.13359
O -7.14252 -5.66548 0.55143
H -7.23568 -4.03899 3.06321
H -5.59997 -3.27919 0.97494
H -8.39351 -5.47836 2.19685
H -9.29442 -3.92454 0.73534
H -8.25584 -2.80807 1.7085
H -8.02371 -3.9108 -1.05097
H -7.09796 -2.50796 -0.39316
H -5.94396 -4.74986 -0.89758
O -5.8678 -4.92542 5.07232
C -1.32786 -3.01016 1.97693
C -2.23835 -7.16748 3.37072
C -1.68275 -6.96873 4.82825
C -2.88717 -7.34741 5.67116
C -3.88539 -7.71415 4.55034
O -3.02855 -8.3173 3.60129
H -2.55541 -5.47156 3.41989
H -4.10084 -5.84688 4.4911
H -1.25508 -2.76419 3.05718
H -1.36754 -7.33919 2.69812
H -0.89844 -7.7418 4.99483
H -1.23435 -5.97674 5.05447
H -2.64063 -8.26008 6.25846
H -3.2605 -6.55927 6.36048
H -4.69574 -8.37771 4.92195
H -1.88575 -2.20616 1.45577
H -0.30415 -3.05805 1.55314
H -2.5705 -6.46369 -1.64045
H -4.2012 -6.17377 -2.35544
H -3.98441 -7.46085 -1.11727
H -2.8059 -6.84215 1.00559
H -2.8059 -6.84215 1.00559
H -3.70824 -3.38293 0.74013
H -3.70824 -3.38293 0.74013
$end

$opt
CONSTRAINT
tors           1           2           3           4      +9.474
tors           3           4           5           6      +9.474
tors           4           5           6           7      +9.474
tors           5           6           7           8      +9.474
tors           6           7           8           9      +9.474
tors           7           8           9          10      +9.474
tors           8           9          10          11      +9.474
tors           9          10          11          12      +9.474
tors          11          12          13          14      +9.474
ENDCONSTRAINT
$end

$rem
JOBTYPE                   OPT
METHOD                    B3LYP
DFT_D                     d3_op
BASIS                     STO-3G
GEOM_OPT_MAX_CYCLES       100
GEOM_OPT_TOL_GRADIENT     300
GEOM_OPT_TOL_DISPLACEMENT 1200
GEOM_OPT_TOL_ENERGY       100
SYMMETRY                  False
THRESH                    12
SCF_CONVERGENCE           8
MAX_SUB_FILE_NUM          128
MEM_STATIC                400
MEM_TOTAL                 4000
$end
--------------------------------------------------------------
 Adding empirical dispersion correction 
 ----------------------------------------------------------------
 Doing -D3(op) with
 s6 =   1.00000
 s8 =   0.78311
 a1 =   0.30000
 a2 =   4.25000
 n  =  10.00000
 -D3 energy without 3body term =               NaN hartrees
 ----------------------------------------------------------------
             Standard Nuclear Orientation (Angstroms)
    I     Atom           X                Y                Z
 ----------------------------------------------------------------
    1      O       0.0225545022    -0.7254295458    -1.8958266499
    2      C       0.5822699403    -1.2407607603    -0.9386649061
    3      C       1.3137886148    -0.4932186483     0.1543373868
    4      C       1.1684179164     1.0372010741     0.1774129601
    5      C       0.1662954752     1.6340657531    -0.7857046546
    6      O      -0.5764884847     0.6405842275    -1.3572674793
    7      C      -0.3680399303    -0.6388405335    -0.7499200720
    8      C       0.4568754469    -0.4878250740     0.5239930798
    9      O       0.5927536804     0.9026612042     0.8570962740
   10      C      -0.1738543060     1.7537964990     0.1311390421
   11      C      -1.1878563120     1.0416290146    -0.7321616705
   12      C      -1.3216767926    -0.4646406220    -0.4647595004
   13      C      -0.7100764774    -0.9629477062     0.8292026631
   14      O      -0.2789296993    -0.2553251508     1.7280706009
   15      O       1.1178395059    -2.5609009770    -1.1184818769
   16      O      -1.1573426576    -2.2617298445     1.2059921338
   17      O      -0.5629333601     2.7747748516     0.9375907767
   18      C      -1.1932883322    -2.7966588044     2.4831993044
   19      C      -2.6243067174     1.5345224351     0.0096068490
   20      C      -3.9692659656     1.2732501198    -0.7480791290
   21      C      -4.1975386318    -0.1337883554    -0.3692400918
   22      C      -2.8347887927    -0.4087197553     0.3405457817
   23      O      -2.7382901123     0.7288722275     1.1261574078
   24      H      -1.9168059039     1.9460392522    -1.4828376867
   25      H      -2.3231186116    -0.7760339711    -1.2854999363
   26      H      -2.6941844906     2.6226083072     0.2780918411
   27      H      -4.8026233603     1.8799666313    -0.3260404081
   28      H      -3.9200100961     1.4489477285    -1.8450567326
   29      H      -4.9951178265    -0.1756770101     0.4108932442
   30      H      -4.4915813495    -0.8109562028    -1.2017314759
   31      H      -3.1252903473    -1.3159184633     0.9173563370
   32      O       0.5910801134     2.5184517445    -1.7589327686
   33      C       1.1644017580    -3.2450742139    -2.3190989419
   34      C       2.9675571300    -0.5157052231     0.7393529219
   35      C       4.1574266675    -0.0301805842    -0.1667723078
   36      C       3.9685839667     1.4758905366    -0.1420425585
   37      C       2.7366402201     1.5693893228     0.7857243576
   38      O       2.9964592257     0.5222370571     1.6993034879
   39      H       2.1225633535    -0.7425664769    -0.7484672514
   40      H       1.8314481027     1.1517171782    -0.8088923811
   41      H       1.7712160114    -2.6724191068    -3.0516157143
   42      H       3.2375534280    -1.5181274813     1.1423873567
   43      H       5.1038538981    -0.2599955259     0.3735876530
   44      H       4.2253667585    -0.4864519883    -1.1784455547
   45      H       4.8460636012     1.9386454240     0.3624940563
   46      H       3.8192534514     1.9596007937    -1.1317024978
   47      H       2.6492003019     2.5736101629     1.2536642610
   48      H       0.1508548892    -3.4129994940    -2.7359788320
   49      H       1.6435108042    -4.2315244607    -2.1540413377
   50      H      -0.5537679167    -3.7023970346     2.5177606283
   51      H      -2.2363967863    -3.0857522260     2.7250190752
   52      H      -0.8435826377    -2.0765503131     3.2524828424
   53      H       1.0209504025    -1.7258048558     1.6158080867
   54      H       1.0209504025    -1.7258048558     1.6158080867
   55      H      -1.1016585281    -2.2420146069    -1.2265409974
   56      H      -1.1016585281    -2.2420146069    -1.2265409974
 ----------------------------------------------------------------
 Molecular Point Group                 C1    NOp =  1
 Largest Abelian Subgroup              C1    NOp =  1
 Nuclear Repulsion Energy =              NaN hartrees
 There are      113 alpha and      113 beta electrons
 Requested basis set is STO-3G
 There are 86 shells and 176 basis functions

 Total QAlloc Memory Limit   4000 MB
 Mega-Array Size       392 MB
 MEM_STATIC part       400 MB
 A cutoff of  1.0D-12 yielded   3072 shell pairs
 There are     14418 function pairs
 
 -------------------------------------------------------
 OpenMP Integral Computing Module                       
 Release: version 1.0, May 2013, Q-Chem Inc. Pittsburgh 
 -------------------------------------------------------
 Integral Job Info:
 Integral job number is                      11
 Integral operator is                         1
 short-range coefficients                     0
 long-range coefficients              100000000
 Omega coefficients                           0
 if combine SR and LR in K                    0
 Integral screening is                        0
 Integral computing path is                   2
 max size of driver memory is            800000
 size of driver memory is                 45569
 size of scratch memory is              1046100
 max col of scratch BK array                289
 max len of scratch array in speh3           22
 max len of scratch index in speh4            8
 max int batch size is                      520
 min int batch size is                       52
 fixed nKL is                                52
 max L of basis functions is                  1
 order of int derivative is                   0
 number of shells is                         86
 number of basis is                         176
 number of cartesian basis is               176
 number of contracted shell pairs          3072
 number of primitive shell pairs          16010
 maxK2 (contraction) of shell pair            9
 max number of K2 of shell pair               1
 max number of CS2 of shell pair            497
 max number of PS2 of shell pair           2112
 mem total for path MDJ                   77674
 -------------------------------------------------------
 Smallest overlap matrix eigenvalue = -1.03E-15

 Q-Chem fatal error occurred in module /opt/software/qchem/qchem-5.0.1/stvman/mkSTV.C, line 276:

 Negative overlap matrix eigenvalue.

