mFile = /opt/software/qchem/qchem-5.0.1//bin/mpi/machines
Process 0 of 1 is on vega02.cac.cornell.edu - thread support 0
initial socket setup ...start
initial socket setup ...done 
now start server 0 ... 
vega02.cac.cornell.edu 10.84.3
Q-Chem Developer Version! Running on 10.84.3.*
                  Welcome to Q-Chem
     A Quantum Leap Into The Future Of Chemistry


 Q-Chem 5.0, Q-Chem, Inc., Pleasanton, CA (2017)

 Yihan Shao,  Zhengting Gan,  E. Epifanovsky,  A. T. B. Gilbert,  M. Wormit,  
 J. Kussmann,  A. W. Lange,  A. Behn,  Jia Deng,  Xintian Feng,  D. Ghosh,  
 M. Goldey,  P. R. Horn,  L. D. Jacobson,  I. Kaliman,  T. Kus,  A. Landau,  
 Jie Liu,  E. I. Proynov,  R. M. Richard,  R. P. Steele,  E. J. Sundstrom,  
 H. L. Woodcock III,  P. M. Zimmerman,  D. Zuev,  B. Albrecht,  E. Alguire,  
 S. A. Baeppler,  Z. Benda,  Y. A. Bernard,  E. J. Berquist,  K. B. Bravaya,  
 D. Casanova,  Chun-Min Chang,  Yunqing Chen,  A. Chien,  K. D. Closser,  
 M. P. Coons,  S. Dasgupta,  M. Diedenhofen,  Hainam Do,  R. G. Edgar,  
 Po-Tung Fang,  S. Fatehi,  Qingguo Feng,  Qinghui Ge,  A. Ghysels,  
 J. Gomes,  J. Gonthier,  A. Gunina,  M. W. D. Hanson-Heine,  
 P. H. P. Harbach,  A. W. Hauser,  J. E. Herr,  E. G. Hohenstein,  
 Z. C. Holden,  Kerwin Hui,  T.-C. Jagau,  Hyunjun Ji,  B. Kaduk,  
 K. Khistyaev,  Jaehoon Kim,  P. Klunzinger,  K. Koh,  D. Kosenkov,  
 T. Kowalczyk,  C. M. Krauter,  A. Kunitsa,  Ka Un Lao,  A. Laurent,  
 K. V. Lawler,  Joonho Lee,  D. Lefrancois,  S. Lehtola,  D. S. Levine,  
 Yi-Pei Li,  You-Sheng Lin,  Fenglai Liu,  E. Livshits,  A. Luenser,  
 P. Manohar,  E. Mansoor,  S. F. Manzer,  Shan-Ping Mao,  Yuezhi Mao,  
 N. Mardirossian,  A. V. Marenich,  L. A. Martinez-Martinez,  S. A. Maurer,  
 N. J. Mayhall,  S. C. McKenzie,  J.-M. Mewes,  A. F. Morrison,  K. Nanda,  
 T. S. Nguyen-Beck,  R. Olivares-Amaya,  J. A. Parkhill,  T. M. Perrine,  
 F. Plasser,  S. Prager,  A. Prociuk,  D. R. Rehn,  F. Rob,  M. Schneider,  
 N. Sergueev,  S. M. Sharada,  S. Sharma,  D. W. Small,  T. Stauch,  
 T. Stein,  Yu-Chuan Su,  A. J. W. Thom,  T. Tsuchimochi,  L. Vogt,  
 O. Vydrov,  M. A. Watson,  J. Wenzel,  M. de Wergifosse,  T. A. Wesolowski,  
 A. White,  J. Witte,  A. Yamada,  Jun Yang,  K. Yao,  S. Yeganeh,  
 S. R. Yost,  Zhi-Qiang You,  A. Zech,  Igor Ying Zhang,  Xing Zhang,  
 Yan Zhao,  Ying Zhu,  B. R. Brooks,  G. K. L. Chan,  C. J. Cramer,  
 M. S. Gordon,  W. J. Hehre,  A. Klamt,  M. W. Schmidt,  C. D. Sherrill,  
 D. G. Truhlar,  A. Aspuru-Guzik,  R. Baer,  A. T. Bell,  N. A. Besley,  
 Jeng-Da Chai,  A. Dreuw,  B. D. Dunietz,  T. R. Furlani,  Chao-Ping Hsu,  
 Yousung Jung,  Jing Kong,  D. S. Lambrecht,  WanZhen Liang,  C. Ochsenfeld,  
 V. A. Rassolov,  L. V. Slipchenko,  J. E. Subotnik,  T. Van Voorhis,  
 J. M. Herbert,  A. I. Krylov,  P. M. W. Gill,  M. Head-Gordon

 Contributors to earlier versions of Q-Chem not listed above: 
 R. D. Adamson,  B. Austin,  J. Baker,  G. J. O. Beran,  K. Brandhorst,  
 S. T. Brown,  E. F. C. Byrd,  A. K. Chakraborty,  C.-L. Cheng,  
 Siu Hung Chien,  D. M. Chipman,  D. L. Crittenden,  H. Dachsel,  
 R. A. DiStasio Jr.,  R. J. Doerksen,  A. D. Dutoi,  L. Fusti-Molnar,  
 W. A. Goddard III,  A. Golubeva-Zadorozhnaya,  S. R. Gwaltney,  G. Hawkins,  
 A. Heyden,  S. Hirata,  G. Kedziora,  F. J. Keil,  C. Kelley,  Jihan Kim,  
 R. A. King,  R. Z. Khaliullin,  P. P. Korambath,  W. Kurlancheek,  
 A. M. Lee,  M. S. Lee,  S. V. Levchenko,  Ching Yeh Lin,  D. Liotard,  
 R. C. Lochan,  I. Lotan,  P. E. Maslen,  N. Nair,  D. P. O'Neill,  
 D. Neuhauser,  E. Neuscamman,  C. M. Oana,  R. Olson,  B. Peters,  
 R. Peverati,  P. A. Pieniazek,  Y. M. Rhee,  J. Ritchie,  M. A. Rohrdanz,  
 E. Rosta,  N. J. Russ,  H. F. Schaefer III,  N. E. Schultz,  N. Shenvi,  
 A. C. Simmonett,  A. Sodt,  D. Stuck,  K. S. Thanthiriwatte,  V. Vanovschi,  
 Tao Wang,  A. Warshel,  C. F. Williams,  Q. Wu,  X. Xu,  W. Zhang

 Please cite Q-Chem as follows:
 Y. Shao et al., Mol. Phys. 113, 184-215 (2015)
 DOI: 10.1080/00268976.2014.952696

 Q-Chem 5.0.1 for Intel X86 EM64T Linux

 Parts of Q-Chem use Armadillo 5.200.1 (Boston Tea Smuggler).
 http://arma.sourceforge.net/

 Q-Chem begins on Tue Jan 16 20:28:33 2018  

Host: vega02.cac.cornell.edu
0

     Scratch files written to /scratch/jj585/SOT1001/1264c.save//
 Parallel job on  1  processors

Checking the input file for inconsistencies... 	...done.

--------------------------------------------------------------
User input:
--------------------------------------------------------------
$molecule
0  1
O -3.94934 -3.66094 2.70899
C -3.26408 -4.56952 2.26188
C -3.36658 -6.02376 2.66595
C -3.41669 -6.33291 4.1712
C -3.53792 -5.14515 5.09996
O -4.18849 -4.12508 4.46622
C -3.31854 -3.30619 3.67763
C -1.86283 -3.66754 3.95414
O -1.69567 -5.09338 3.91022
C -1.96918 -5.74842 5.06575
C -3.27522 -5.31891 5.69061
C -4.08431 -6.45022 6.34159
C -3.33232 -7.74244 6.58931
O -2.89448 -8.48508 5.72251
O -2.51553 -4.33477 1.14057
O -3.43817 -8.45904 7.77073
O -1.10974 -6.46615 5.58425
C -2.787 -9.6413 8.07317
C -2.64733 -5.28331 7.58091
C -3.27177 -4.18668 8.5307
C -4.68123 -4.80594 8.62267
C -4.32674 -6.15266 7.9562
O -3.04865 -6.27876 8.41383
H -4.14881 -4.14519 6.5662
H -5.19201 -6.40643 6.26954
H -1.53523 -5.19668 7.65992
H -2.7659 -4.25277 9.5256
H -3.23747 -3.11596 8.23133
H -4.93733 -4.91469 9.70017
H -5.53139 -4.31414 8.10019
H -5.0254 -6.90476 8.40184
O -2.21749 -3.76937 6.05304
C -2.49735 -3.14421 0.44128
C -4.58845 -6.56694 1.94257
C -4.5141 -8.08789 1.84057
C -4.88893 -8.43146 3.24122
C -4.93555 -7.02082 3.87336
O -5.56543 -6.28292 2.86822
H -2.48089 -6.49594 2.16261
H -2.90834 -7.35058 4.02425
H -2.14789 -2.31187 1.08691
H -4.73163 -6.12862 0.92827
H -5.2816 -8.4955 1.14528
H -3.50305 -8.4294 1.52875
H -5.93721 -8.81867 3.20731
H -4.26954 -9.2052 3.73864
H -5.67343 -7.2403 4.64677
H -3.51452 -2.91366 0.05912
H -1.80589 -3.24011 -0.42058
H -3.05832 -9.95303 9.10233
H -1.68728 -9.4871 8.02677
H -3.08515 -10.44319 7.36532
H -1.34623 -3.28121 3.04888
H -1.08557 -3.04515 4.48275
H -3.34173 -2.41579 4.39551
H -3.34565 -2.11525 3.83562
$end

$opt
CONSTRAINT
tors           1           2           3           4     -47.368
tors           3           4           5           6     +28.421
tors           4           5           6           7     -85.263
tors           5           6           7           8      -9.474
tors           6           7           8           9     +47.368
tors           7           8           9          10     -85.263
tors           8           9          10          11     +47.368
tors           9          10          11          12    +142.105
tors          11          12          13          14     -66.316
ENDCONSTRAINT
$end

$rem
JOBTYPE                   OPT
METHOD                    B3LYP
DFT_D                     d3_op
BASIS                     STO-3G
GEOM_OPT_MAX_CYCLES       100
GEOM_OPT_TOL_GRADIENT     300
GEOM_OPT_TOL_DISPLACEMENT 1200
GEOM_OPT_TOL_ENERGY       100
SYMMETRY                  False
THRESH                    12
SCF_CONVERGENCE           8
MAX_SUB_FILE_NUM          128
MEM_STATIC                400
MEM_TOTAL                 4000
$end
--------------------------------------------------------------
 Adding empirical dispersion correction 
 ----------------------------------------------------------------
 Doing -D3(op) with
 s6 =   1.00000
 s8 =   0.78311
 a1 =   0.30000
 a2 =   4.25000
 n  =  10.00000
 -D3 energy without 3body term =     -0.0927882020 hartrees
 ----------------------------------------------------------------
             Standard Nuclear Orientation (Angstroms)
    I     Atom           X                Y                Z
 ----------------------------------------------------------------
    1      O      -2.7947714772     1.0014485935     0.9050058446
    2      C      -2.8830770485     0.2235356553    -0.0341745548
    3      C      -1.9793837085    -0.9658110132    -0.2737275595
    4      C      -0.4643517450    -0.7321599282    -0.1556275288
    5      C      -0.0289693955     0.6205809309     0.3626388565
    6      O      -0.9884964902     1.1314674368     1.1895084048
    7      C      -2.0212659425     1.8321460014     0.4882917263
    8      C      -1.6343480122     2.0107745622    -0.9761226820
    9      O      -1.1588108912     0.7659601697    -1.5120263228
   10      C       0.1558740825     0.5059685977    -1.3043185834
   11      C       0.5841881372     0.7440175496     0.1241593158
   12      C       1.6018368643    -0.2672416863     0.6718907560
   13      C       2.3000752896    -1.1278884343    -0.3617614890
   14      O       1.7607685207    -1.9724301082    -1.0620884450
   15      O      -4.0141377262     0.2516910312    -0.8040315540
   16      O       3.6609974311    -1.3872291341    -0.3285000220
   17      O       0.8981868822     0.2837457957    -2.2646333496
   18      C       4.3705118890    -2.1585029082    -1.2312497268
   19      C       2.3323658528     1.6092978499    -0.2807011278
   20      C       2.8209723305     2.7475549312     0.6992265437
   21      C       3.1327727788     1.8325327408     1.9009061148
   22      C       2.9991767498     0.4938962572     1.1434731837
   23      O       3.4698713745     0.8966527088    -0.0710531791
   24      H       0.9760006445     1.8559838067     1.3560075114
   25      H       1.5201392891    -0.5618717638     1.7398920107
   26      H       2.3732857402     2.0243024517    -1.3182995522
   27      H       3.7715993169     3.1759346062     0.2956208676
   28      H       2.1539181875     3.6111176932     0.9149539914
   29      H       4.1767547965     2.0391357388     2.2262317524
   30      H       2.4686080945     1.8537517213     2.7931278602
   31      H       3.6878974820    -0.2187210612     1.6632957743
   32      O       0.3592260109     2.5518706971    -0.4522793264
   33      C      -5.0973381342     1.0787177115    -0.5816043162
   34      C      -2.4553117203    -2.0444587930     0.6861166613
   35      C      -1.9993320108    -3.4204922891     0.2087958602
   36      C      -0.5689305099    -3.3445825808     0.6193413007
   37      C      -0.4908613905    -1.8748903609     1.0943040414
   38      O      -1.6943234474    -1.7401396073     1.7907758327
   39      H      -2.2784724376    -1.3168767783    -1.2974710063
   40      H      -0.2331557498    -1.5524627316    -0.9232980156
   41      H      -4.7976144837     2.1459297729    -0.6361424984
   42      H      -3.5593360005    -2.0453707885     0.8363131383
   43      H      -2.4987475945    -4.2413860299     0.7703543052
   44      H      -2.1674169406    -3.5529621210    -0.8822046416
   45      H      -0.4589727010    -3.9951055495     1.5219495092
   46      H       0.1743177463    -3.6911799379    -0.1271146711
   47      H       0.3103978518    -2.0075844244     1.8231231582
   48      H      -5.5358525728     0.8684504036     0.4170583512
   49      H      -5.8666984244     0.8854052915    -1.3567375005
   50      H       5.4430099342    -2.1546434559    -0.9489493753
   51      H       4.2700750277    -1.7301568204    -2.2519096821
   52      H       4.0017016798    -3.2058343328    -1.2242831191
   53      H      -2.6186921298     2.1851988686    -1.4621935781
   54      H      -1.3681242457     2.9685561461    -1.5078277651
   55      H      -1.6747962250     2.8726259727     0.8139630248
   56      H      -2.3055339233     2.9454938933     0.8399763329
 ----------------------------------------------------------------
 Molecular Point Group                 C1    NOp =  1
 Largest Abelian Subgroup              C1    NOp =  1
 Nuclear Repulsion Energy =  3804.2384120666 hartrees
 There are      113 alpha and      113 beta electrons
 Requested basis set is STO-3G
 There are 86 shells and 176 basis functions

 Total QAlloc Memory Limit   4000 MB
 Mega-Array Size       392 MB
 MEM_STATIC part       400 MB
 A cutoff of  1.0D-12 yielded   2892 shell pairs
 There are     13797 function pairs
 
 -------------------------------------------------------
 OpenMP Integral Computing Module                       
 Release: version 1.0, May 2013, Q-Chem Inc. Pittsburgh 
 -------------------------------------------------------
 Integral Job Info:
 Integral job number is                      11
 Integral operator is                         1
 short-range coefficients                     0
 long-range coefficients              100000000
 Omega coefficients                           0
 if combine SR and LR in K                    0
 Integral screening is                        0
 Integral computing path is                   2
 max size of driver memory is            800000
 size of driver memory is                 45569
 size of scratch memory is              1046100
 max col of scratch BK array                289
 max len of scratch array in speh3           22
 max len of scratch index in speh4            8
 max int batch size is                      520
 min int batch size is                       52
 fixed nKL is                                52
 max L of basis functions is                  1
 order of int derivative is                   0
 number of shells is                         86
 number of basis is                         176
 number of cartesian basis is               176
 number of contracted shell pairs          2892
 number of primitive shell pairs          14647
 maxK2 (contraction) of shell pair            9
 max number of K2 of shell pair               1
 max number of CS2 of shell pair            443
 max number of PS2 of shell pair           1938
 mem total for path MDJ                   72810
 -------------------------------------------------------
 Smallest overlap matrix eigenvalue = 6.24E-03

 Scale SEOQF with 1.000000e-02/1.000000e-01/1.000000e-01

 Standard Electronic Orientation quadrupole field applied
 Nucleus-field energy     =     0.0000000278 hartrees
 Guess from superposition of atomic densities
 Warning:  Energy on first SCF cycle will be non-variational
 A restricted hybrid HF-DFT SCF calculation will be
 performed using Pulay DIIS extrapolation
 Exchange:     0.2000 Hartree-Fock + 0.0800 Slater + 0.7200 B88
 Correlation:  0.1900 VWN1RPA + 0.8100 LYP
 Using SG-1 standard quadrature grid
 Dispersion:   Grimme D3
 SCF converges when DIIS error is below 1.0E-08
 using 48 threads for integral computing
 -------------------------------------------------------
 OpenMP Integral computing Module                
 Release: version 1.0, May 2013, Q-Chem Inc. Pittsburgh 
 -------------------------------------------------------
 -------------------------------------------------------
 OpenMP BLAS3 based DFT computing Module                
 Release: version 1.0, May 2013, Q-Chem Inc. Pittsburgh 
 -------------------------------------------------------
 ---------------------------------------
  Cycle       Energy         DIIS Error
 ---------------------------------------
    1   -1510.8407724840      1.01E-01
    2   -1503.9442745439      1.35E-02
    3   -1478.0763800431      4.77E-02
    4   -1499.4003024126      2.43E-02
    5   -1504.1808803572      1.31E-02
    6   -1501.7929930677      2.12E-02
    7   -1502.3941207888      2.27E-02
    8   -1501.6449241148      2.32E-02
    9   -1501.2872217712      2.06E-02
   10   -1501.3563060200      2.05E-02
   11   -1501.3108290116      2.04E-02
   12   -1501.6366934158      2.10E-02
   13   -1501.5545467689      2.10E-02
   14   -1501.8479380229      2.27E-02
   15   -1502.0200878336      2.24E-02
   16   -1502.0629361890      2.24E-02
   17   -1502.1412655633      2.24E-02
   18   -1504.7601469710      1.05E-02
   19   -1502.6279561702      2.16E-02
   20   -1502.3806538932      2.21E-02
   21   -1498.7485701854      2.98E-02
   22   -1503.9331797033      1.30E-02
   23   -1497.8632393399      2.23E-02
   24   -1502.6897553910      2.12E-02
   25   -1502.6103775961      2.07E-02
   26   -1502.7072079164      2.06E-02
   27   -1501.3226967369      1.93E-02
   28   -1502.3054174916      2.09E-02
   29   -1502.4011709421      2.09E-02
   30   -1503.1630856155      2.03E-02
   31   -1502.9239816516      2.08E-02
   32   -1503.1908637396      2.05E-02
   33   -1503.0598618465      2.07E-02
   34   -1503.1966963340      2.04E-02
   35   -1503.0647390857      2.06E-02
   36   -1503.1461406415      2.04E-02
   37   -1504.3095473868      1.40E-02
   38   -1504.3509251003      1.05E-02
   39   -1502.9054901640      2.10E-02
   40   -1502.2546436278      2.15E-02
   41   -1502.5232733950      2.14E-02
   42   -1502.1404286152      2.15E-02
   43   -1500.8284606164      1.87E-02
   44   -1503.5298452583      1.94E-02
   45   -1504.0905641718      1.74E-02
   46   -1504.4725301214      1.54E-02
   47   -1504.1050303732      1.75E-02
   48   -1504.1893851785      1.72E-02
   49   -1504.1634397018      1.73E-02
   50   -1504.7775555070      1.38E-02    Convergence failure

 Q-Chem fatal error occurred in module /opt/software/qchem/qchem-5.0.1/scfman/scfman.C, line 5029:

 SCF failed to converge

