mFile = /opt/software/qchem/qchem-5.0.1//bin/mpi/machines
Process 0 of 1 is on vega02.cac.cornell.edu - thread support 0
initial socket setup ...start
initial socket setup ...done 
now start server 0 ... 
vega02.cac.cornell.edu 10.84.3
Q-Chem Developer Version! Running on 10.84.3.*
                  Welcome to Q-Chem
     A Quantum Leap Into The Future Of Chemistry


 Q-Chem 5.0, Q-Chem, Inc., Pleasanton, CA (2017)

 Yihan Shao,  Zhengting Gan,  E. Epifanovsky,  A. T. B. Gilbert,  M. Wormit,  
 J. Kussmann,  A. W. Lange,  A. Behn,  Jia Deng,  Xintian Feng,  D. Ghosh,  
 M. Goldey,  P. R. Horn,  L. D. Jacobson,  I. Kaliman,  T. Kus,  A. Landau,  
 Jie Liu,  E. I. Proynov,  R. M. Richard,  R. P. Steele,  E. J. Sundstrom,  
 H. L. Woodcock III,  P. M. Zimmerman,  D. Zuev,  B. Albrecht,  E. Alguire,  
 S. A. Baeppler,  Z. Benda,  Y. A. Bernard,  E. J. Berquist,  K. B. Bravaya,  
 D. Casanova,  Chun-Min Chang,  Yunqing Chen,  A. Chien,  K. D. Closser,  
 M. P. Coons,  S. Dasgupta,  M. Diedenhofen,  Hainam Do,  R. G. Edgar,  
 Po-Tung Fang,  S. Fatehi,  Qingguo Feng,  Qinghui Ge,  A. Ghysels,  
 J. Gomes,  J. Gonthier,  A. Gunina,  M. W. D. Hanson-Heine,  
 P. H. P. Harbach,  A. W. Hauser,  J. E. Herr,  E. G. Hohenstein,  
 Z. C. Holden,  Kerwin Hui,  T.-C. Jagau,  Hyunjun Ji,  B. Kaduk,  
 K. Khistyaev,  Jaehoon Kim,  P. Klunzinger,  K. Koh,  D. Kosenkov,  
 T. Kowalczyk,  C. M. Krauter,  A. Kunitsa,  Ka Un Lao,  A. Laurent,  
 K. V. Lawler,  Joonho Lee,  D. Lefrancois,  S. Lehtola,  D. S. Levine,  
 Yi-Pei Li,  You-Sheng Lin,  Fenglai Liu,  E. Livshits,  A. Luenser,  
 P. Manohar,  E. Mansoor,  S. F. Manzer,  Shan-Ping Mao,  Yuezhi Mao,  
 N. Mardirossian,  A. V. Marenich,  L. A. Martinez-Martinez,  S. A. Maurer,  
 N. J. Mayhall,  S. C. McKenzie,  J.-M. Mewes,  A. F. Morrison,  K. Nanda,  
 T. S. Nguyen-Beck,  R. Olivares-Amaya,  J. A. Parkhill,  T. M. Perrine,  
 F. Plasser,  S. Prager,  A. Prociuk,  D. R. Rehn,  F. Rob,  M. Schneider,  
 N. Sergueev,  S. M. Sharada,  S. Sharma,  D. W. Small,  T. Stauch,  
 T. Stein,  Yu-Chuan Su,  A. J. W. Thom,  T. Tsuchimochi,  L. Vogt,  
 O. Vydrov,  M. A. Watson,  J. Wenzel,  M. de Wergifosse,  T. A. Wesolowski,  
 A. White,  J. Witte,  A. Yamada,  Jun Yang,  K. Yao,  S. Yeganeh,  
 S. R. Yost,  Zhi-Qiang You,  A. Zech,  Igor Ying Zhang,  Xing Zhang,  
 Yan Zhao,  Ying Zhu,  B. R. Brooks,  G. K. L. Chan,  C. J. Cramer,  
 M. S. Gordon,  W. J. Hehre,  A. Klamt,  M. W. Schmidt,  C. D. Sherrill,  
 D. G. Truhlar,  A. Aspuru-Guzik,  R. Baer,  A. T. Bell,  N. A. Besley,  
 Jeng-Da Chai,  A. Dreuw,  B. D. Dunietz,  T. R. Furlani,  Chao-Ping Hsu,  
 Yousung Jung,  Jing Kong,  D. S. Lambrecht,  WanZhen Liang,  C. Ochsenfeld,  
 V. A. Rassolov,  L. V. Slipchenko,  J. E. Subotnik,  T. Van Voorhis,  
 J. M. Herbert,  A. I. Krylov,  P. M. W. Gill,  M. Head-Gordon

 Contributors to earlier versions of Q-Chem not listed above: 
 R. D. Adamson,  B. Austin,  J. Baker,  G. J. O. Beran,  K. Brandhorst,  
 S. T. Brown,  E. F. C. Byrd,  A. K. Chakraborty,  C.-L. Cheng,  
 Siu Hung Chien,  D. M. Chipman,  D. L. Crittenden,  H. Dachsel,  
 R. A. DiStasio Jr.,  R. J. Doerksen,  A. D. Dutoi,  L. Fusti-Molnar,  
 W. A. Goddard III,  A. Golubeva-Zadorozhnaya,  S. R. Gwaltney,  G. Hawkins,  
 A. Heyden,  S. Hirata,  G. Kedziora,  F. J. Keil,  C. Kelley,  Jihan Kim,  
 R. A. King,  R. Z. Khaliullin,  P. P. Korambath,  W. Kurlancheek,  
 A. M. Lee,  M. S. Lee,  S. V. Levchenko,  Ching Yeh Lin,  D. Liotard,  
 R. C. Lochan,  I. Lotan,  P. E. Maslen,  N. Nair,  D. P. O'Neill,  
 D. Neuhauser,  E. Neuscamman,  C. M. Oana,  R. Olson,  B. Peters,  
 R. Peverati,  P. A. Pieniazek,  Y. M. Rhee,  J. Ritchie,  M. A. Rohrdanz,  
 E. Rosta,  N. J. Russ,  H. F. Schaefer III,  N. E. Schultz,  N. Shenvi,  
 A. C. Simmonett,  A. Sodt,  D. Stuck,  K. S. Thanthiriwatte,  V. Vanovschi,  
 Tao Wang,  A. Warshel,  C. F. Williams,  Q. Wu,  X. Xu,  W. Zhang

 Please cite Q-Chem as follows:
 Y. Shao et al., Mol. Phys. 113, 184-215 (2015)
 DOI: 10.1080/00268976.2014.952696

 Q-Chem 5.0.1 for Intel X86 EM64T Linux

 Parts of Q-Chem use Armadillo 5.200.1 (Boston Tea Smuggler).
 http://arma.sourceforge.net/

 Q-Chem begins on Tue Jan 16 20:36:24 2018  

Host: vega02.cac.cornell.edu
0

     Scratch files written to /scratch/jj585/SOT1001/1267c.save//
 Parallel job on  1  processors

Checking the input file for inconsistencies... 	...done.

--------------------------------------------------------------
User input:
--------------------------------------------------------------
$molecule
0  1
O -3.94934 -3.66094 2.70899
C -3.26408 -4.56952 2.26188
C -3.36658 -6.02376 2.66595
C -4.55778 -6.42467 3.55148
C -5.60993 -5.36381 3.78738
O -5.37997 -4.29275 2.97168
C -4.37078 -4.54107 1.98724
C -3.99766 -6.01987 1.97842
O -4.91618 -6.76125 2.79668
C -6.00231 -6.07176 3.2257
C -6.13989 -4.72048 2.56556
C -5.18309 -4.47394 1.38997
C -4.49914 -5.70297 0.8257
O -4.76863 -6.85979 1.11505
O -1.93763 -4.24184 1.81938
O -3.91717 -5.491 -0.457
O -7.06114 -6.9211 3.26626
C -3.65868 -6.44555 -1.42681
C -7.55092 -4.95921 1.66636
C -8.24838 -3.70189 1.0467
C -7.43662 -3.54529 -0.17473
C -6.34193 -4.61439 0.13356
O -7.14249 -5.66561 0.55148
H -7.23568 -4.03897 3.06316
H -5.60011 -3.2792 0.97502
H -8.39352 -5.47834 2.19686
H -9.29438 -3.92456 0.73525
H -8.25567 -2.80808 1.70828
H -8.02367 -3.91121 -1.05108
H -7.09793 -2.50824 -0.39352
H -5.94392 -4.75012 -0.8976
O -5.86793 -4.92552 5.07236
C -1.32795 -3.0096 1.96718
C -2.23827 -7.16676 3.37152
C -1.68301 -6.96702 4.82917
C -2.88755 -7.34546 5.67201
C -3.88536 -7.71325 4.55109
O -3.02816 -8.31669 3.60256
H -2.55498 -5.4713 3.41927
H -4.10063 -5.84592 4.49045
H -1.25722 -2.75472 3.04541
H -1.36731 -7.33856 2.69913
H -0.89851 -7.73972 4.99645
H -1.23496 -5.97475 5.05498
H -2.64085 -8.2575 6.26018
H -3.26132 -6.55684 6.36057
H -4.69562 -8.37678 4.92293
H -1.88359 -2.20934 1.43798
H -0.30347 -3.06133 1.54561
H -2.57023 -6.46378 -1.64017
H -4.20077 -6.17372 -2.35547
H -3.98432 -7.46085 -1.11727
H -2.80591 -6.84226 1.00567
H -2.80591 -6.84226 1.00567
H -3.70838 -3.38292 0.74003
H -3.70838 -3.38292 0.74003
$end

$opt
CONSTRAINT
tors           1           2           3           4      +9.474
tors           3           4           5           6      +9.474
tors           4           5           6           7      +9.474
tors           5           6           7           8      +9.474
tors           6           7           8           9      +9.474
tors           7           8           9          10      +9.474
tors           8           9          10          11      +9.474
tors           9          10          11          12      +9.474
tors          11          12          13          14      +9.474
ENDCONSTRAINT
$end

$rem
JOBTYPE                   OPT
METHOD                    B3LYP
DFT_D                     d3_op
BASIS                     STO-3G
GEOM_OPT_MAX_CYCLES       100
GEOM_OPT_TOL_GRADIENT     300
GEOM_OPT_TOL_DISPLACEMENT 1200
GEOM_OPT_TOL_ENERGY       100
SYMMETRY                  False
THRESH                    12
SCF_CONVERGENCE           8
MAX_SUB_FILE_NUM          128
MEM_STATIC                400
MEM_TOTAL                 4000
$end
--------------------------------------------------------------
 Adding empirical dispersion correction 
 ----------------------------------------------------------------
 Doing -D3(op) with
 s6 =   1.00000
 s8 =   0.78311
 a1 =   0.30000
 a2 =   4.25000
 n  =  10.00000
 -D3 energy without 3body term =               NaN hartrees
 ----------------------------------------------------------------
             Standard Nuclear Orientation (Angstroms)
    I     Atom           X                Y                Z
 ----------------------------------------------------------------
    1      O       0.0225790228    -0.7249232566    -1.8959013769
    2      C       0.5821117457    -1.2405701824    -0.9388028365
    3      C       1.3138800316    -0.4934203604     0.1543005949
    4      C       1.1690341468     1.0370461392     0.1775731571
    5      C       0.1671224503     1.6343790440    -0.7854734282
    6      O      -0.5759987043     0.6412262685    -1.3571692646
    7      C      -0.3679927722    -0.6383484345    -0.7499860109
    8      C       0.4569664782    -0.4877806522     0.5239517211
    9      O       0.5933195931     0.9026158559     0.8572355351
   10      C      -0.1729919118     1.7541079115     0.1313836535
   11      C      -1.1872327993     1.0423999096    -0.7320153600
   12      C      -1.3215715897    -0.4638582983    -0.4648087728
   13      C      -0.7101502361    -0.9625424392     0.8290927042
   14      O      -0.2787663211    -0.2551840396     1.7280547765
   15      O       1.1166322881    -2.5615397807    -1.1176243812
   16      O      -1.1577497309    -2.2612908147     1.2057185147
   17      O      -0.5617197004     2.7751218099     0.9379602734
   18      C      -1.1937910718    -2.7963965153     2.4827765125
   19      C      -2.6235061227     1.5356851183     0.0098383704
   20      C      -3.9685820437     1.2748615560    -0.7478055999
   21      C      -4.1973024114    -0.1321012632    -0.3689761906
   22      C      -2.8346047917    -0.4075175537     0.3406468039
   23      O      -2.7376841230     0.7299825494     1.1263419279
   24      H      -1.9159053115     1.9471193414    -1.4825728087
   25      H      -2.3231609066    -0.7746481859    -1.2856140704
   26      H      -2.6930335137     2.6237729959     0.2784117857
   27      H      -4.8017331492     1.8818442673    -0.3257507991
   28      H      -3.9192496810     1.4505402045    -1.8447745544
   29      H      -4.9947991412    -0.1737301792     0.4112676628
   30      H      -4.4916783015    -0.8091641902    -1.2014311809
   31      H      -3.1253695514    -1.3146633128     0.9174205593
   32      O       0.5921881593     2.5188917547    -1.7585058697
   33      C       1.1574116514    -3.2512677869    -2.3153648710
   34      C       2.9678977999    -0.5162976956     0.7383068713
   35      C       4.1573928089    -0.0310273835    -0.1686482574
   36      C       3.9688480819     1.4750771259    -0.1438933904
   37      C       2.7375614324     1.5688220223     0.7848159332
   38      O       2.9976922293     0.5216235486     1.6982425365
   39      H       2.1224017189    -0.7437072528    -0.7484988217
   40      H       1.8314951975     1.1506215470    -0.8092643821
   41      H       1.7583457448    -2.6811068483    -3.0545138409
   42      H       3.2378137932    -1.5188106145     1.1411816379
   43      H       5.1041499163    -0.2610273987     0.3710174828
   44      H       4.2245831246    -0.4872857697    -1.1804053715
   45      H       4.8468767125     1.9377316713     0.3597317639
   46      H       3.8187392853     1.9586540129    -1.1335201556
   47      H       2.6506530231     2.5730875900     1.2527431842
   48      H       0.1419788073    -3.4244934319    -2.7253569833
   49      H       1.6395357708    -4.2359294881    -2.1481697874
   50      H      -0.5543996736    -3.7022498537     2.5172234889
   51      H      -2.2369470407    -3.0854076677     2.7245629697
   52      H      -0.8439904320    -2.0764764906     3.2522212354
   53      H       1.0206935766    -1.7260051115     1.6156695802
   54      H       1.0206935766    -1.7260051115     1.6156695802
   55      H      -1.1023202551    -2.2411767271    -1.2267695876
   56      H      -1.1023202551    -2.2411767271    -1.2267695876
 ----------------------------------------------------------------
 Molecular Point Group                 C1    NOp =  1
 Largest Abelian Subgroup              C1    NOp =  1
 Nuclear Repulsion Energy =              NaN hartrees
 There are      113 alpha and      113 beta electrons
 Requested basis set is STO-3G
 There are 86 shells and 176 basis functions

 Total QAlloc Memory Limit   4000 MB
 Mega-Array Size       392 MB
 MEM_STATIC part       400 MB
 A cutoff of  1.0D-12 yielded   3072 shell pairs
 There are     14418 function pairs
 
 -------------------------------------------------------
 OpenMP Integral Computing Module                       
 Release: version 1.0, May 2013, Q-Chem Inc. Pittsburgh 
 -------------------------------------------------------
 Integral Job Info:
 Integral job number is                      11
 Integral operator is                         1
 short-range coefficients                     0
 long-range coefficients              100000000
 Omega coefficients                           0
 if combine SR and LR in K                    0
 Integral screening is                        0
 Integral computing path is                   2
 max size of driver memory is            800000
 size of driver memory is                 45569
 size of scratch memory is              1046100
 max col of scratch BK array                289
 max len of scratch array in speh3           22
 max len of scratch index in speh4            8
 max int batch size is                      520
 min int batch size is                       52
 fixed nKL is                                52
 max L of basis functions is                  1
 order of int derivative is                   0
 number of shells is                         86
 number of basis is                         176
 number of cartesian basis is               176
 number of contracted shell pairs          3072
 number of primitive shell pairs          16011
 maxK2 (contraction) of shell pair            9
 max number of K2 of shell pair               1
 max number of CS2 of shell pair            496
 max number of PS2 of shell pair           2106
 mem total for path MDJ                   77674
 -------------------------------------------------------
 Smallest overlap matrix eigenvalue = -4.64E-16

 Q-Chem fatal error occurred in module /opt/software/qchem/qchem-5.0.1/stvman/mkSTV.C, line 276:

 Negative overlap matrix eigenvalue.

