mFile = /opt/software/qchem/qchem-5.0.1//bin/mpi/machines
Process 0 of 1 is on vega02.cac.cornell.edu - thread support 0
initial socket setup ...start
initial socket setup ...done 
now start server 0 ... 
vega02.cac.cornell.edu 10.84.3
Q-Chem Developer Version! Running on 10.84.3.*
                  Welcome to Q-Chem
     A Quantum Leap Into The Future Of Chemistry


 Q-Chem 5.0, Q-Chem, Inc., Pleasanton, CA (2017)

 Yihan Shao,  Zhengting Gan,  E. Epifanovsky,  A. T. B. Gilbert,  M. Wormit,  
 J. Kussmann,  A. W. Lange,  A. Behn,  Jia Deng,  Xintian Feng,  D. Ghosh,  
 M. Goldey,  P. R. Horn,  L. D. Jacobson,  I. Kaliman,  T. Kus,  A. Landau,  
 Jie Liu,  E. I. Proynov,  R. M. Richard,  R. P. Steele,  E. J. Sundstrom,  
 H. L. Woodcock III,  P. M. Zimmerman,  D. Zuev,  B. Albrecht,  E. Alguire,  
 S. A. Baeppler,  Z. Benda,  Y. A. Bernard,  E. J. Berquist,  K. B. Bravaya,  
 D. Casanova,  Chun-Min Chang,  Yunqing Chen,  A. Chien,  K. D. Closser,  
 M. P. Coons,  S. Dasgupta,  M. Diedenhofen,  Hainam Do,  R. G. Edgar,  
 Po-Tung Fang,  S. Fatehi,  Qingguo Feng,  Qinghui Ge,  A. Ghysels,  
 J. Gomes,  J. Gonthier,  A. Gunina,  M. W. D. Hanson-Heine,  
 P. H. P. Harbach,  A. W. Hauser,  J. E. Herr,  E. G. Hohenstein,  
 Z. C. Holden,  Kerwin Hui,  T.-C. Jagau,  Hyunjun Ji,  B. Kaduk,  
 K. Khistyaev,  Jaehoon Kim,  P. Klunzinger,  K. Koh,  D. Kosenkov,  
 T. Kowalczyk,  C. M. Krauter,  A. Kunitsa,  Ka Un Lao,  A. Laurent,  
 K. V. Lawler,  Joonho Lee,  D. Lefrancois,  S. Lehtola,  D. S. Levine,  
 Yi-Pei Li,  You-Sheng Lin,  Fenglai Liu,  E. Livshits,  A. Luenser,  
 P. Manohar,  E. Mansoor,  S. F. Manzer,  Shan-Ping Mao,  Yuezhi Mao,  
 N. Mardirossian,  A. V. Marenich,  L. A. Martinez-Martinez,  S. A. Maurer,  
 N. J. Mayhall,  S. C. McKenzie,  J.-M. Mewes,  A. F. Morrison,  K. Nanda,  
 T. S. Nguyen-Beck,  R. Olivares-Amaya,  J. A. Parkhill,  T. M. Perrine,  
 F. Plasser,  S. Prager,  A. Prociuk,  D. R. Rehn,  F. Rob,  M. Schneider,  
 N. Sergueev,  S. M. Sharada,  S. Sharma,  D. W. Small,  T. Stauch,  
 T. Stein,  Yu-Chuan Su,  A. J. W. Thom,  T. Tsuchimochi,  L. Vogt,  
 O. Vydrov,  M. A. Watson,  J. Wenzel,  M. de Wergifosse,  T. A. Wesolowski,  
 A. White,  J. Witte,  A. Yamada,  Jun Yang,  K. Yao,  S. Yeganeh,  
 S. R. Yost,  Zhi-Qiang You,  A. Zech,  Igor Ying Zhang,  Xing Zhang,  
 Yan Zhao,  Ying Zhu,  B. R. Brooks,  G. K. L. Chan,  C. J. Cramer,  
 M. S. Gordon,  W. J. Hehre,  A. Klamt,  M. W. Schmidt,  C. D. Sherrill,  
 D. G. Truhlar,  A. Aspuru-Guzik,  R. Baer,  A. T. Bell,  N. A. Besley,  
 Jeng-Da Chai,  A. Dreuw,  B. D. Dunietz,  T. R. Furlani,  Chao-Ping Hsu,  
 Yousung Jung,  Jing Kong,  D. S. Lambrecht,  WanZhen Liang,  C. Ochsenfeld,  
 V. A. Rassolov,  L. V. Slipchenko,  J. E. Subotnik,  T. Van Voorhis,  
 J. M. Herbert,  A. I. Krylov,  P. M. W. Gill,  M. Head-Gordon

 Contributors to earlier versions of Q-Chem not listed above: 
 R. D. Adamson,  B. Austin,  J. Baker,  G. J. O. Beran,  K. Brandhorst,  
 S. T. Brown,  E. F. C. Byrd,  A. K. Chakraborty,  C.-L. Cheng,  
 Siu Hung Chien,  D. M. Chipman,  D. L. Crittenden,  H. Dachsel,  
 R. A. DiStasio Jr.,  R. J. Doerksen,  A. D. Dutoi,  L. Fusti-Molnar,  
 W. A. Goddard III,  A. Golubeva-Zadorozhnaya,  S. R. Gwaltney,  G. Hawkins,  
 A. Heyden,  S. Hirata,  G. Kedziora,  F. J. Keil,  C. Kelley,  Jihan Kim,  
 R. A. King,  R. Z. Khaliullin,  P. P. Korambath,  W. Kurlancheek,  
 A. M. Lee,  M. S. Lee,  S. V. Levchenko,  Ching Yeh Lin,  D. Liotard,  
 R. C. Lochan,  I. Lotan,  P. E. Maslen,  N. Nair,  D. P. O'Neill,  
 D. Neuhauser,  E. Neuscamman,  C. M. Oana,  R. Olson,  B. Peters,  
 R. Peverati,  P. A. Pieniazek,  Y. M. Rhee,  J. Ritchie,  M. A. Rohrdanz,  
 E. Rosta,  N. J. Russ,  H. F. Schaefer III,  N. E. Schultz,  N. Shenvi,  
 A. C. Simmonett,  A. Sodt,  D. Stuck,  K. S. Thanthiriwatte,  V. Vanovschi,  
 Tao Wang,  A. Warshel,  C. F. Williams,  Q. Wu,  X. Xu,  W. Zhang

 Please cite Q-Chem as follows:
 Y. Shao et al., Mol. Phys. 113, 184-215 (2015)
 DOI: 10.1080/00268976.2014.952696

 Q-Chem 5.0.1 for Intel X86 EM64T Linux

 Parts of Q-Chem use Armadillo 5.200.1 (Boston Tea Smuggler).
 http://arma.sourceforge.net/

 Q-Chem begins on Tue Jan 16 20:57:54 2018  

Host: vega02.cac.cornell.edu
0

     Scratch files written to /scratch/jj585/SOT1001/1272c.save//
 Parallel job on  1  processors

Checking the input file for inconsistencies... 	...done.

--------------------------------------------------------------
User input:
--------------------------------------------------------------
$molecule
0  1
O -3.94934 -3.66094 2.70899
C -3.26408 -4.56952 2.26188
C -3.36658 -6.02376 2.66595
C -4.06137 -6.97914 1.68189
C -4.41791 -6.40938 0.32677
O -4.62628 -7.42435 -0.56308
C -3.53937 -7.60379 -1.47724
C -2.21421 -7.61629 -0.72231
O -1.72043 -8.96132 -0.62261
C -0.47974 -9.16615 -1.13044
C 0.39049 -7.93325 -1.07287
C -0.27715 -6.64554 -1.57717
C -1.78492 -6.69578 -1.7215
O -2.52373 -5.72379 -1.78432
O -2.36528 -4.25568 1.29143
O -1.80208 -7.3068 -3.04725
O -0.12213 -10.2439 -1.57787
C -2.32893 -6.82617 -4.24353
C 0.88264 -7.50102 0.32774
C 2.18784 -6.71834 0.18072
C 1.67322 -5.43928 -0.45542
C 0.1609 -5.7073 -0.42225
O 0.00307 -6.48832 0.73341
H 1.2976 -8.19205 -1.66556
H 0.17273 -6.23897 -2.51519
H 1.00936 -8.35366 1.02941
H 2.54585 -6.48657 1.20964
H 2.99888 -7.2326 -0.37845
H 1.93682 -4.58792 0.21073
H 2.03582 -5.24053 -1.48699
H -0.39362 -4.75784 -0.45195
O -5.00477 -5.34575 0.1943
C -2.21019 -2.96584 0.81065
C -2.29195 -6.91237 3.33737
C -2.94949 -7.76944 4.42634
C -3.79208 -8.7187 3.57127
C -3.34495 -8.30755 2.1528
O -2.00386 -7.92053 2.40625
H -4.11416 -5.87181 3.48122
H -5.11066 -7.13272 2.02687
H -1.90204 -2.28582 1.63366
H -1.42533 -6.3362 3.72525
H -2.1365 -8.35461 4.91365
H -3.509 -7.21745 5.21205
H -3.47019 -9.75975 3.79594
H -4.89117 -8.63401 3.70903
H -3.50521 -9.1415 1.43699
H -3.16416 -2.60701 0.36786
H -1.43476 -2.92792 0.02473
H -3.07762 -7.54977 -4.63157
H -1.51026 -6.73729 -4.98638
H -2.80904 -5.83066 -4.13392
H -2.19272 -7.24194 0.33455
H -2.19272 -7.24194 0.33455
H -3.97522 -7.22918 -2.4491
H -3.65243 -8.65685 -1.82749
$end

$opt
CONSTRAINT
tors           1           2           3           4    +104.211
tors           3           4           5           6    +161.053
tors           4           5           6           7    -104.211
tors           5           6           7           8     +47.368
tors           6           7           8           9    +104.211
tors           7           8           9          10    +123.158
tors           8           9          10          11     +28.421
tors           9          10          11          12     -47.368
tors          11          12          13          14    +161.053
ENDCONSTRAINT
$end

$rem
JOBTYPE                   OPT
METHOD                    B3LYP
DFT_D                     d3_op
BASIS                     STO-3G
GEOM_OPT_MAX_CYCLES       100
GEOM_OPT_TOL_GRADIENT     300
GEOM_OPT_TOL_DISPLACEMENT 1200
GEOM_OPT_TOL_ENERGY       100
SYMMETRY                  False
THRESH                    12
SCF_CONVERGENCE           8
MAX_SUB_FILE_NUM          128
MEM_STATIC                400
MEM_TOTAL                 4000
$end
--------------------------------------------------------------
 Adding empirical dispersion correction 
 ----------------------------------------------------------------
 Doing -D3(op) with
 s6 =   1.00000
 s8 =   0.78311
 a1 =   0.30000
 a2 =   4.25000
 n  =  10.00000
 -D3 energy without 3body term =               NaN hartrees
 ----------------------------------------------------------------
             Standard Nuclear Orientation (Angstroms)
    I     Atom           X                Y                Z
 ----------------------------------------------------------------
    1      O       3.7898168275    -0.8852992287     2.0932598630
    2      C       2.8268144710    -0.3833568823     1.5313999354
    3      C       2.8542125998     0.2802217728     0.1721701890
    4      C       2.2665076291    -0.5108916288    -1.0079148186
    5      C       1.5566407059    -1.8024449261    -0.6672148401
    6      O       0.7446639834    -2.1723592019    -1.7012711302
    7      C      -0.6416102014    -1.9229655665    -1.4457182658
    8      C      -0.8296443160    -0.5118392028    -0.8984613443
    9      O      -1.3600828696     0.3437290590    -1.9229135733
   10      C      -2.5261627540     0.9651965777    -1.6176364203
   11      C      -2.6946243005     1.2053224656    -0.1362123645
   12      C      -2.3910391076    -0.0079660356     0.7548688592
   13      C      -1.6370239653    -1.1428926463     0.0914471736
   14      O      -1.0240563822    -2.0241181402     0.6764800783
   15      O       1.6238320795    -0.4650776636     2.1593053963
   16      O      -2.8029466478    -1.7861269298    -0.5069898935
   17      O      -3.3388741739     1.2924421824    -2.4673622830
   18      C      -3.3113963199    -3.0681187457    -0.3129850670
   19      C      -1.7897447161     2.2890274187     0.4942789359
   20      C      -2.4777789216     2.8556679426     1.7365660812
   21      C      -2.3678439102     1.6700136345     2.6787128228
   22      C      -1.5250906444     0.7156133579     1.8191002376
   23      O      -0.7209822879     1.5898353036     1.0710371885
   24      H      -3.7452286510     1.5566143316    -0.0181786750
   25      H      -3.2852711612    -0.4158563855     1.2854790708
   26      H      -1.5212695031     3.1017363056    -0.2148184072
   27      H      -1.8313992487     3.6776979238     2.1200043262
   28      H      -3.5072195679     3.2450512822     1.5830965772
   29      H      -1.8008635629     1.9923282450     3.5802122459
   30      H      -3.3334463038     1.2107286975     2.9816754466
   31      H      -0.9990818121    -0.0076658297     2.4594366627
   32      O       2.0488019125    -2.6509048296     0.0615888894
   33      C       1.4670299052    -1.0854355453     3.3879057051
   34      C       2.5385280891     1.7527464678    -0.1845881296
   35      C       3.5637328022     2.2586454547    -1.2072342115
   36      C       3.1638201563     1.4426165713    -2.4386414950
   37      C       1.8988674210     0.7292038105    -1.9171402864
   38      O       1.4069491430     1.7039238139    -1.0113361719
   39      H       3.9594480662     0.2165008338     0.0271735078
   40      H       3.1091819193    -0.9813777678    -1.5666189931
   41      H       2.0891701996    -0.5764071478     4.1550827562
   42      H       2.4724808515     2.4155161674     0.7041340291
   43      H       3.3296085028     3.3308338537    -1.3981414000
   44      H       4.6317335847     2.1761662110    -0.9111664706
   45      H       2.9030199223     2.1551413040    -3.2523777095
   46      H       3.9311920377     0.7278930438    -2.8053289865
   47      H       1.2372496861     0.4426074949    -2.7619268576
   48      H       1.7639591510    -2.1538584243     3.3158898137
   49      H       0.4136057316    -1.0465522618     3.7183379350
   50      H      -3.3492709771    -3.5991880034    -1.2883002323
   51      H      -4.3443927866    -2.9886119220     0.0826704783
   52      H      -2.7094840077    -3.6667094593     0.4032208045
   53      H       0.0684044770     0.0437691745    -0.5211544419
   54      H       0.0684044770     0.0437691745    -0.5211544419
   55      H      -1.0538877316    -2.9647201789    -1.3057743494
   56      H      -1.0987837037    -1.8739473508    -2.4620757781
 ----------------------------------------------------------------
 Molecular Point Group                 C1    NOp =  1
 Largest Abelian Subgroup              C1    NOp =  1
 Nuclear Repulsion Energy =              NaN hartrees
 There are      113 alpha and      113 beta electrons
 Requested basis set is STO-3G
 There are 86 shells and 176 basis functions

 Total QAlloc Memory Limit   4000 MB
 Mega-Array Size       392 MB
 MEM_STATIC part       400 MB
 A cutoff of  1.0D-12 yielded   2891 shell pairs
 There are     13820 function pairs
 
 -------------------------------------------------------
 OpenMP Integral Computing Module                       
 Release: version 1.0, May 2013, Q-Chem Inc. Pittsburgh 
 -------------------------------------------------------
 Integral Job Info:
 Integral job number is                      11
 Integral operator is                         1
 short-range coefficients                     0
 long-range coefficients              100000000
 Omega coefficients                           0
 if combine SR and LR in K                    0
 Integral screening is                        0
 Integral computing path is                   2
 max size of driver memory is            800000
 size of driver memory is                 45569
 size of scratch memory is              1046100
 max col of scratch BK array                289
 max len of scratch array in speh3           22
 max len of scratch index in speh4            8
 max int batch size is                      520
 min int batch size is                       52
 fixed nKL is                                52
 max L of basis functions is                  1
 order of int derivative is                   0
 number of shells is                         86
 number of basis is                         176
 number of cartesian basis is               176
 number of contracted shell pairs          2891
 number of primitive shell pairs          14268
 maxK2 (contraction) of shell pair            9
 max number of K2 of shell pair               1
 max number of CS2 of shell pair            456
 max number of PS2 of shell pair           1584
 mem total for path MDJ                   55178
 -------------------------------------------------------
 Smallest overlap matrix eigenvalue = 7.50E-17
 Linear dependence detected in AO basis
 Number of orthogonalized atomic orbitals = 175
 Maximum deviation from orthogonality = 2.776E-15

 Scale SEOQF with 1.000000e-01/1.000000e-01/1.000000e-01

 Standard Electronic Orientation quadrupole field applied
 Nucleus-field energy     =     0.0000000255 hartrees
 Guess from superposition of atomic densities
 Warning:  Energy on first SCF cycle will be non-variational
 A restricted hybrid HF-DFT SCF calculation will be
 performed using Pulay DIIS extrapolation
 Exchange:     0.2000 Hartree-Fock + 0.0800 Slater + 0.7200 B88
 Correlation:  0.1900 VWN1RPA + 0.8100 LYP
 Using SG-1 standard quadrature grid
 Dispersion:   Grimme D3
 SCF converges when DIIS error is below 1.0E-08
 using 48 threads for integral computing
 -------------------------------------------------------
 OpenMP Integral computing Module                
 Release: version 1.0, May 2013, Q-Chem Inc. Pittsburgh 
 -------------------------------------------------------
 -------------------------------------------------------
 OpenMP BLAS3 based DFT computing Module                
 Release: version 1.0, May 2013, Q-Chem Inc. Pittsburgh 
 -------------------------------------------------------
 ---------------------------------------
  Cycle       Energy         DIIS Error
 ---------------------------------------
    1               -nan          -NAN
    2               -nan          -NAN Convergence criterion met
 ---------------------------------------
 SCF time:  CPU 16.42 s  wall 0.39 s
 SCF   energy in the final basis set = -nan
 Total energy in the final basis set = -nan
 
 --------------------------------------------------------------
 
                    Orbital Energies (a.u.)
 --------------------------------------------------------------
 
 Alpha MOs
 -- Occupied --
    NaN     NaN     NaN     NaN     NaN     NaN     NaN     NaN
    NaN     NaN     NaN     NaN     NaN     NaN     NaN     NaN
    NaN     NaN     NaN     NaN     NaN     NaN     NaN     NaN
    NaN     NaN     NaN     NaN     NaN     NaN     NaN     NaN
    NaN     NaN     NaN     NaN     NaN     NaN     NaN     NaN
    NaN     NaN     NaN     NaN     NaN     NaN     NaN     NaN
    NaN     NaN     NaN     NaN     NaN     NaN     NaN     NaN
    NaN     NaN     NaN     NaN     NaN     NaN     NaN     NaN
    NaN     NaN     NaN     NaN     NaN     NaN     NaN     NaN
    NaN     NaN     NaN     NaN     NaN     NaN     NaN     NaN
    NaN     NaN     NaN     NaN     NaN     NaN     NaN     NaN
    NaN     NaN     NaN     NaN     NaN     NaN     NaN     NaN
    NaN     NaN     NaN     NaN     NaN     NaN     NaN     NaN
    NaN     NaN     NaN     NaN     NaN     NaN     NaN     NaN
    NaN
 -- Virtual --
    NaN     NaN     NaN     NaN     NaN     NaN     NaN     NaN
    NaN     NaN     NaN     NaN     NaN     NaN     NaN     NaN
    NaN     NaN     NaN     NaN     NaN     NaN     NaN     NaN
    NaN     NaN     NaN     NaN     NaN     NaN     NaN     NaN
    NaN     NaN     NaN     NaN     NaN     NaN     NaN     NaN
    NaN     NaN     NaN     NaN     NaN     NaN     NaN     NaN
    NaN     NaN     NaN     NaN     NaN     NaN     NaN     NaN
    NaN     NaN     NaN     NaN     NaN     NaN
 --------------------------------------------------------------
 
          Ground-State Mulliken Net Atomic Charges

     Atom                 Charge (a.u.)
  ----------------------------------------
      1 O                          NaN
      2 C                          NaN
      3 C                          NaN
      4 C                          NaN
      5 C                          NaN
      6 O                          NaN
      7 C                          NaN
      8 C                          NaN
      9 O                          NaN
     10 C                          NaN
     11 C                          NaN
     12 C                          NaN
     13 C                          NaN
     14 O                          NaN
     15 O                          NaN
     16 O                          NaN
     17 O                          NaN
     18 C                          NaN
     19 C                          NaN
     20 C                          NaN
     21 C                          NaN
     22 C                          NaN
     23 O                          NaN
     24 H                          NaN
     25 H                          NaN
     26 H                          NaN
     27 H                          NaN
     28 H                          NaN
     29 H                          NaN
     30 H                          NaN
     31 H                          NaN
     32 O                          NaN
     33 C                          NaN
     34 C                          NaN
     35 C                          NaN
     36 C                          NaN
     37 C                          NaN
     38 O                          NaN
     39 H                          NaN
     40 H                          NaN
     41 H                          NaN
     42 H                          NaN
     43 H                          NaN
     44 H                          NaN
     45 H                          NaN
     46 H                          NaN
     47 H                          NaN
     48 H                          NaN
     49 H                          NaN
     50 H                          NaN
     51 H                          NaN
     52 H                          NaN
     53 H                          NaN
     54 H                          NaN
     55 H                          NaN
     56 H                          NaN
  ----------------------------------------
  Sum of atomic charges =          NaN

 -----------------------------------------------------------------
                    Cartesian Multipole Moments
 -----------------------------------------------------------------
    Charge (ESU x 10^10)
                    NaN
    Dipole Moment (Debye)
         X          NaN      Y          NaN      Z          NaN
       Tot          NaN
    Quadrupole Moments (Debye-Ang)
        XX          NaN     XY          NaN     YY          NaN
        XZ          NaN     YZ          NaN     ZZ          NaN
    Octopole Moments (Debye-Ang^2)
       XXX          NaN    XXY          NaN    XYY          NaN
       YYY          NaN    XXZ          NaN    XYZ          NaN
       YYZ          NaN    XZZ          NaN    YZZ          NaN
       ZZZ          NaN
    Hexadecapole Moments (Debye-Ang^3)
      XXXX          NaN   XXXY          NaN   XXYY          NaN
      XYYY          NaN   YYYY          NaN   XXXZ          NaN
      XXYZ          NaN   XYYZ          NaN   YYYZ          NaN
      XXZZ          NaN   XYZZ          NaN   YYZZ          NaN
      XZZZ          NaN   YZZZ          NaN   ZZZZ          NaN
 -----------------------------------------------------------------
 Calculating analytic gradient of the SCF energy
 Gradient of SCF Energy
            1           2           3           4           5           6
    1         nan         nan         nan         nan         nan         nan
    2         nan         nan         nan         nan         nan         nan
    3         nan         nan         nan         nan         nan         nan
            7           8           9          10          11          12
    1         nan         nan         nan         nan         nan         nan
    2         nan         nan         nan         nan         nan         nan
    3         nan         nan         nan         nan         nan         nan
           13          14          15          16          17          18
    1         nan         nan         nan         nan         nan         nan
    2         nan         nan         nan         nan         nan         nan
    3         nan         nan         nan         nan         nan         nan
           19          20          21          22          23          24
    1         nan         nan         nan         nan         nan         nan
    2         nan         nan         nan         nan         nan         nan
    3         nan         nan         nan         nan         nan         nan
           25          26          27          28          29          30
    1         nan         nan         nan         nan         nan         nan
    2         nan         nan         nan         nan         nan         nan
    3         nan         nan         nan         nan         nan         nan
           31          32          33          34          35          36
    1         nan         nan         nan         nan         nan         nan
    2         nan         nan         nan         nan         nan         nan
    3         nan         nan         nan         nan         nan         nan
           37          38          39          40          41          42
    1         nan         nan         nan         nan         nan         nan
    2         nan         nan         nan         nan         nan         nan
    3         nan         nan         nan         nan         nan         nan
           43          44          45          46          47          48
    1         nan         nan         nan         nan         nan         nan
    2         nan         nan         nan         nan         nan         nan
    3         nan         nan         nan         nan         nan         nan
           49          50          51          52          53          54
    1         nan         nan         nan         nan        -nan        -nan
    2         nan         nan         nan         nan        -nan        -nan
    3         nan         nan         nan         nan        -nan        -nan
           55          56
    1         nan         nan
    2         nan         nan
    3         nan         nan
 Max gradient component =       0.000E+00
 RMS gradient           =             NAN
 Gradient time:  CPU 24.27 s  wall 0.53 s
 Geometry Optimization Parameters
   NAtoms,    NIC,     NZ,  NCons,   NDum,   NFix, NCnnct, MaxDiis
       56     530       0       9       0       0       0       0


** CONSTRAINED OPTIMIZATION IN DELOCALIZED INTERNAL COORDINATES **
   Searching for a Minimum

   Optimization Cycle:   1

                       Coordinates (Angstroms)
     ATOM                X               Y               Z
      1  O         3.7898168275   -0.8852992287    2.0932598630
      2  C         2.8268144710   -0.3833568823    1.5313999354
      3  C         2.8542125998    0.2802217728    0.1721701890
      4  C         2.2665076291   -0.5108916288   -1.0079148186
      5  C         1.5566407059   -1.8024449261   -0.6672148401
      6  O         0.7446639834   -2.1723592019   -1.7012711302
      7  C        -0.6416102014   -1.9229655665   -1.4457182658
      8  C        -0.8296443160   -0.5118392028   -0.8984613443
      9  O        -1.3600828696    0.3437290590   -1.9229135733
     10  C        -2.5261627540    0.9651965777   -1.6176364203
     11  C        -2.6946243005    1.2053224656   -0.1362123645
     12  C        -2.3910391076   -0.0079660356    0.7548688592
     13  C        -1.6370239653   -1.1428926463    0.0914471736
     14  O        -1.0240563822   -2.0241181402    0.6764800783
     15  O         1.6238320795   -0.4650776636    2.1593053963
     16  O        -2.8029466478   -1.7861269298   -0.5069898935
     17  O        -3.3388741739    1.2924421824   -2.4673622830
     18  C        -3.3113963199   -3.0681187457   -0.3129850670
     19  C        -1.7897447161    2.2890274187    0.4942789359
     20  C        -2.4777789216    2.8556679426    1.7365660812
     21  C        -2.3678439102    1.6700136345    2.6787128228
     22  C        -1.5250906444    0.7156133579    1.8191002376
     23  O        -0.7209822879    1.5898353036    1.0710371885
     24  H        -3.7452286510    1.5566143316   -0.0181786750
     25  H        -3.2852711612   -0.4158563855    1.2854790708
     26  H        -1.5212695031    3.1017363056   -0.2148184072
     27  H        -1.8313992487    3.6776979238    2.1200043262
     28  H        -3.5072195679    3.2450512822    1.5830965772
     29  H        -1.8008635629    1.9923282450    3.5802122459
     30  H        -3.3334463038    1.2107286975    2.9816754466
     31  H        -0.9990818121   -0.0076658297    2.4594366627
     32  O         2.0488019125   -2.6509048296    0.0615888894
     33  C         1.4670299052   -1.0854355453    3.3879057051
     34  C         2.5385280891    1.7527464678   -0.1845881296
     35  C         3.5637328022    2.2586454547   -1.2072342115
     36  C         3.1638201563    1.4426165713   -2.4386414950
     37  C         1.8988674210    0.7292038105   -1.9171402864
     38  O         1.4069491430    1.7039238139   -1.0113361719
     39  H         3.9594480662    0.2165008338    0.0271735078
     40  H         3.1091819193   -0.9813777678   -1.5666189931
     41  H         2.0891701996   -0.5764071478    4.1550827562
     42  H         2.4724808515    2.4155161674    0.7041340291
     43  H         3.3296085028    3.3308338537   -1.3981414000
     44  H         4.6317335847    2.1761662110   -0.9111664706
     45  H         2.9030199223    2.1551413040   -3.2523777095
     46  H         3.9311920377    0.7278930438   -2.8053289865
     47  H         1.2372496861    0.4426074949   -2.7619268576
     48  H         1.7639591510   -2.1538584243    3.3158898137
     49  H         0.4136057316   -1.0465522618    3.7183379350
     50  H        -3.3492709771   -3.5991880034   -1.2883002323
     51  H        -4.3443927866   -2.9886119220    0.0826704783
     52  H        -2.7094840077   -3.6667094593    0.4032208045
     53  H         0.0684044770    0.0437691745   -0.5211544419
     54  H         0.0684044770    0.0437691745   -0.5211544419
     55  H        -1.0538877316   -2.9647201789   -1.3057743494
     56  H        -1.0987837037   -1.8739473508   -2.4620757781
   Point Group: c1    Number of degrees of freedom:   162


   Energy is              NaN

              Constraints and their Current Values
                                        Value     Constraint
   Dihedral:        1   2   3   4      104.211      104.211
   Dihedral:        3   4   5   6      161.053      161.053
   Dihedral:        4   5   6   7     -104.211     -104.211
   Dihedral:        5   6   7   8       47.369       47.368
   Dihedral:        6   7   8   9      104.211      104.211
   Dihedral:        7   8   9  10      123.158      123.158
   Dihedral:        8   9  10  11       28.420       28.421
   Dihedral:        9  10  11  12      -47.368      -47.368
   Dihedral:       11  12  13  14      161.053      161.053

 Attempting to Generate Delocalized Internal Coordinates

  ***ERROR*** Wrong Number of Internal Coordinates
              Should be: 162  Found: 150
**WARNING** Problems with Internal Coordinates
  Switching to Cartesian Coordinates

   Using Penalty Function Algorithm


 Translations and Rotations Projected Out of Hessian

162 Hessian modes will be used to form the next step
  Hessian Eigenvalues:
     0.999899    0.999914    0.999933    0.999949    0.999965    0.999968
     0.999970    0.999972    0.999986    0.999991    0.999994    0.999994
     0.999994    0.999996    0.999997    0.999998    0.999998    0.999999
     1.000000    1.000000    1.000000    1.000000    1.000000    1.000000
     1.000000    1.000000    1.000000    1.000000    1.000000    1.000000
     1.000000    1.000000    1.000000    1.000000    1.000000    1.000000
     1.000000    1.000000    1.000000    1.000000    1.000000    1.000000
     1.000000    1.000000    1.000000    1.000000    1.000000    1.000000
     1.000000    1.000000    1.000000    1.000000    1.000000    1.000000
     1.000000    1.000000    1.000000    1.000000    1.000000    1.000000
     1.000000    1.000000    1.000000    1.000000    1.000000    1.000000
     1.000000    1.000000    1.000000    1.000000    1.000000    1.000000
     1.000000    1.000000    1.000000    1.000000    1.000000    1.000000
     1.000000    1.000000    1.000000    1.000000    1.000000    1.000000
     1.000000    1.000000    1.000000    1.000000    1.000000    1.000000
     1.000000    1.000000    1.000000    1.000000    1.000000    1.000000
     1.000000    1.000000    1.000000    1.000000    1.000000    1.000000
     1.000000    1.000000    1.000000    1.000000    1.000000    1.000000
     1.000000    1.000000    1.000000    1.000000    1.000000    1.000000
     1.000000    1.000000    1.000000    1.000000    1.000000    1.000000
     1.000000    1.000000    1.000000    1.000000    1.000000    1.000000
     1.000000    1.000000    1.000000    1.000000    1.000000    1.000000
     1.000000    1.000000    1.000000    1.000000    1.000000    1.000000
     1.000000    1.000003    1.000004    1.000005    1.000006    1.000009
     1.000015    1.000016    1.000019    1.000025    1.000041    1.000044
     1.000071    1.000090    1.000155    1.467221    1.565865    1.800861
     3.196411    4.275503    6.947636   12.070468   13.368673   15.723024

 Minimum Search - Taking Simple RFO Step
 Searching for Lamda that Minimizes Along All modes


 ****************************************
 ** UNABLE TO DETERMINE Lamda IN FormD **
 ****************************************



 Taking Simple Newton-Raphson Step
 Step Taken.  Stepsize is       NaN

                             Maximum     Tolerance    Cnvgd?
         Gradient                NaN      0.000300      NO
         Displacement            NaN      0.001200      NO
         Energy change           NaN      0.000001      NO

 Adding empirical dispersion correction 
 ----------------------------------------------------------------
 Doing -D3(op) with
 s6 =   1.00000
 s8 =   0.78311
 a1 =   0.30000
 a2 =   4.25000
 n  =  10.00000
 -D3 energy without 3body term =               NaN hartrees
 ----------------------------------------------------------------
             Standard Nuclear Orientation (Angstroms)
    I     Atom           X                Y                Z
 ----------------------------------------------------------------
    1      O                NaN              NaN              NaN
    2      C                NaN              NaN              NaN
    3      C                NaN              NaN              NaN
    4      C                NaN              NaN              NaN
    5      C                NaN              NaN              NaN
    6      O                NaN              NaN              NaN
    7      C                NaN              NaN              NaN
    8      C                NaN              NaN              NaN
    9      O                NaN              NaN              NaN
   10      C                NaN              NaN              NaN
   11      C                NaN              NaN              NaN
   12      C                NaN              NaN              NaN
   13      C                NaN              NaN              NaN
   14      O                NaN              NaN              NaN
   15      O                NaN              NaN              NaN
   16      O                NaN              NaN              NaN
   17      O                NaN              NaN              NaN
   18      C                NaN              NaN              NaN
   19      C                NaN              NaN              NaN
   20      C                NaN              NaN              NaN
   21      C                NaN              NaN              NaN
   22      C                NaN              NaN              NaN
   23      O                NaN              NaN              NaN
   24      H                NaN              NaN              NaN
   25      H                NaN              NaN              NaN
   26      H                NaN              NaN              NaN
   27      H                NaN              NaN              NaN
   28      H                NaN              NaN              NaN
   29      H                NaN              NaN              NaN
   30      H                NaN              NaN              NaN
   31      H                NaN              NaN              NaN
   32      O                NaN              NaN              NaN
   33      C                NaN              NaN              NaN
   34      C                NaN              NaN              NaN
   35      C                NaN              NaN              NaN
   36      C                NaN              NaN              NaN
   37      C                NaN              NaN              NaN
   38      O                NaN              NaN              NaN
   39      H                NaN              NaN              NaN
   40      H                NaN              NaN              NaN
   41      H                NaN              NaN              NaN
   42      H                NaN              NaN              NaN
   43      H                NaN              NaN              NaN
   44      H                NaN              NaN              NaN
   45      H                NaN              NaN              NaN
   46      H                NaN              NaN              NaN
   47      H                NaN              NaN              NaN
   48      H                NaN              NaN              NaN
   49      H                NaN              NaN              NaN
   50      H                NaN              NaN              NaN
   51      H                NaN              NaN              NaN
   52      H                NaN              NaN              NaN
   53      H                NaN              NaN              NaN
   54      H                NaN              NaN              NaN
   55      H                NaN              NaN              NaN
   56      H                NaN              NaN              NaN
 ----------------------------------------------------------------
 Molecular Point Group                 C1    NOp =  1
 Largest Abelian Subgroup              C1    NOp =  1
 Nuclear Repulsion Energy =              NaN hartrees
 There are      113 alpha and      113 beta electrons
 Applying Cartesian multipole field
    Component          Value
    ---------          -----
     (2,0,0)        1.00000E-11
     (0,2,0)        2.00000E-11
     (0,0,2)       -3.00000E-11
 Requested basis set is STO-3G
 There are 86 shells and 176 basis functions
