mFile = /opt/software/qchem/qchem-5.0.1//bin/mpi/machines
Process 0 of 1 is on vega02.cac.cornell.edu - thread support 0
initial socket setup ...start
initial socket setup ...done 
now start server 0 ... 
vega02.cac.cornell.edu 10.84.3
Q-Chem Developer Version! Running on 10.84.3.*
                  Welcome to Q-Chem
     A Quantum Leap Into The Future Of Chemistry


 Q-Chem 5.0, Q-Chem, Inc., Pleasanton, CA (2017)

 Yihan Shao,  Zhengting Gan,  E. Epifanovsky,  A. T. B. Gilbert,  M. Wormit,  
 J. Kussmann,  A. W. Lange,  A. Behn,  Jia Deng,  Xintian Feng,  D. Ghosh,  
 M. Goldey,  P. R. Horn,  L. D. Jacobson,  I. Kaliman,  T. Kus,  A. Landau,  
 Jie Liu,  E. I. Proynov,  R. M. Richard,  R. P. Steele,  E. J. Sundstrom,  
 H. L. Woodcock III,  P. M. Zimmerman,  D. Zuev,  B. Albrecht,  E. Alguire,  
 S. A. Baeppler,  Z. Benda,  Y. A. Bernard,  E. J. Berquist,  K. B. Bravaya,  
 D. Casanova,  Chun-Min Chang,  Yunqing Chen,  A. Chien,  K. D. Closser,  
 M. P. Coons,  S. Dasgupta,  M. Diedenhofen,  Hainam Do,  R. G. Edgar,  
 Po-Tung Fang,  S. Fatehi,  Qingguo Feng,  Qinghui Ge,  A. Ghysels,  
 J. Gomes,  J. Gonthier,  A. Gunina,  M. W. D. Hanson-Heine,  
 P. H. P. Harbach,  A. W. Hauser,  J. E. Herr,  E. G. Hohenstein,  
 Z. C. Holden,  Kerwin Hui,  T.-C. Jagau,  Hyunjun Ji,  B. Kaduk,  
 K. Khistyaev,  Jaehoon Kim,  P. Klunzinger,  K. Koh,  D. Kosenkov,  
 T. Kowalczyk,  C. M. Krauter,  A. Kunitsa,  Ka Un Lao,  A. Laurent,  
 K. V. Lawler,  Joonho Lee,  D. Lefrancois,  S. Lehtola,  D. S. Levine,  
 Yi-Pei Li,  You-Sheng Lin,  Fenglai Liu,  E. Livshits,  A. Luenser,  
 P. Manohar,  E. Mansoor,  S. F. Manzer,  Shan-Ping Mao,  Yuezhi Mao,  
 N. Mardirossian,  A. V. Marenich,  L. A. Martinez-Martinez,  S. A. Maurer,  
 N. J. Mayhall,  S. C. McKenzie,  J.-M. Mewes,  A. F. Morrison,  K. Nanda,  
 T. S. Nguyen-Beck,  R. Olivares-Amaya,  J. A. Parkhill,  T. M. Perrine,  
 F. Plasser,  S. Prager,  A. Prociuk,  D. R. Rehn,  F. Rob,  M. Schneider,  
 N. Sergueev,  S. M. Sharada,  S. Sharma,  D. W. Small,  T. Stauch,  
 T. Stein,  Yu-Chuan Su,  A. J. W. Thom,  T. Tsuchimochi,  L. Vogt,  
 O. Vydrov,  M. A. Watson,  J. Wenzel,  M. de Wergifosse,  T. A. Wesolowski,  
 A. White,  J. Witte,  A. Yamada,  Jun Yang,  K. Yao,  S. Yeganeh,  
 S. R. Yost,  Zhi-Qiang You,  A. Zech,  Igor Ying Zhang,  Xing Zhang,  
 Yan Zhao,  Ying Zhu,  B. R. Brooks,  G. K. L. Chan,  C. J. Cramer,  
 M. S. Gordon,  W. J. Hehre,  A. Klamt,  M. W. Schmidt,  C. D. Sherrill,  
 D. G. Truhlar,  A. Aspuru-Guzik,  R. Baer,  A. T. Bell,  N. A. Besley,  
 Jeng-Da Chai,  A. Dreuw,  B. D. Dunietz,  T. R. Furlani,  Chao-Ping Hsu,  
 Yousung Jung,  Jing Kong,  D. S. Lambrecht,  WanZhen Liang,  C. Ochsenfeld,  
 V. A. Rassolov,  L. V. Slipchenko,  J. E. Subotnik,  T. Van Voorhis,  
 J. M. Herbert,  A. I. Krylov,  P. M. W. Gill,  M. Head-Gordon

 Contributors to earlier versions of Q-Chem not listed above: 
 R. D. Adamson,  B. Austin,  J. Baker,  G. J. O. Beran,  K. Brandhorst,  
 S. T. Brown,  E. F. C. Byrd,  A. K. Chakraborty,  C.-L. Cheng,  
 Siu Hung Chien,  D. M. Chipman,  D. L. Crittenden,  H. Dachsel,  
 R. A. DiStasio Jr.,  R. J. Doerksen,  A. D. Dutoi,  L. Fusti-Molnar,  
 W. A. Goddard III,  A. Golubeva-Zadorozhnaya,  S. R. Gwaltney,  G. Hawkins,  
 A. Heyden,  S. Hirata,  G. Kedziora,  F. J. Keil,  C. Kelley,  Jihan Kim,  
 R. A. King,  R. Z. Khaliullin,  P. P. Korambath,  W. Kurlancheek,  
 A. M. Lee,  M. S. Lee,  S. V. Levchenko,  Ching Yeh Lin,  D. Liotard,  
 R. C. Lochan,  I. Lotan,  P. E. Maslen,  N. Nair,  D. P. O'Neill,  
 D. Neuhauser,  E. Neuscamman,  C. M. Oana,  R. Olson,  B. Peters,  
 R. Peverati,  P. A. Pieniazek,  Y. M. Rhee,  J. Ritchie,  M. A. Rohrdanz,  
 E. Rosta,  N. J. Russ,  H. F. Schaefer III,  N. E. Schultz,  N. Shenvi,  
 A. C. Simmonett,  A. Sodt,  D. Stuck,  K. S. Thanthiriwatte,  V. Vanovschi,  
 Tao Wang,  A. Warshel,  C. F. Williams,  Q. Wu,  X. Xu,  W. Zhang

 Please cite Q-Chem as follows:
 Y. Shao et al., Mol. Phys. 113, 184-215 (2015)
 DOI: 10.1080/00268976.2014.952696

 Q-Chem 5.0.1 for Intel X86 EM64T Linux

 Parts of Q-Chem use Armadillo 5.200.1 (Boston Tea Smuggler).
 http://arma.sourceforge.net/

 Q-Chem begins on Wed Jan 17 01:19:32 2018  

Host: vega02.cac.cornell.edu
0

     Scratch files written to /scratch/jj585/SOT1001/1341c.save//
 Parallel job on  1  processors

Checking the input file for inconsistencies... 	...done.

--------------------------------------------------------------
User input:
--------------------------------------------------------------
$molecule
0  1
O -3.94934 -3.66094 2.70899
C -3.26408 -4.56952 2.26188
C -3.36658 -6.02376 2.66595
C -4.55778 -6.42467 3.55148
C -5.60993 -5.36381 3.78738
O -5.37997 -4.29275 2.97168
C -4.37078 -4.54107 1.98724
C -3.99766 -6.01987 1.97842
O -4.91618 -6.76125 2.79668
C -6.00231 -6.07176 3.2257
C -6.13989 -4.72048 2.56556
C -5.18309 -4.47394 1.38997
C -4.49914 -5.70297 0.8257
O -4.76863 -6.85979 1.11505
O -1.9379 -4.24131 1.81886
O -3.91709 -5.49112 -0.45696
O -7.06111 -6.92115 3.26633
C -3.66022 -6.44578 -1.4271
C -7.5509 -4.95943 1.66636
C -8.2486 -3.70237 1.04654
C -7.43672 -3.54563 -0.1748
C -6.34192 -4.61458 0.13357
O -7.14238 -5.66587 0.55154
H -7.23568 -4.0389 3.06302
H -5.60017 -3.27931 0.97492
H -8.39345 -5.47857 2.19691
H -9.29447 -3.92549 0.73494
H -8.25637 -2.80852 1.70806
H -8.02365 -3.91162 -1.05121
H -7.09814 -2.50854 -0.39355
H -5.9439 -4.7503 -0.89758
O -5.86844 -4.92579 5.07245
C -1.32786 -3.01002 1.97249
C -2.23802 -7.16498 3.37351
C -1.68318 -6.9626 4.83132
C -2.88809 -7.33937 5.67431
C -3.88512 -7.7104 4.55338
O -3.02724 -8.31498 3.60627
H -2.5542 -5.4709 3.41808
H -4.10039 -5.84334 4.4888
H -1.25347 -2.76246 3.05223
H -1.36685 -7.3373 2.70153
H -0.89872 -7.7349 5.00035
H -1.23523 -5.96988 5.05576
H -2.64115 -8.24918 6.26571
H -3.26276 -6.54876 6.36024
H -4.69512 -8.37357 4.92636
H -1.88613 -2.20654 1.45093
H -0.30481 -3.05862 1.54714
H -2.57179 -6.46616 -1.64027
H -4.20163 -6.17249 -2.35574
H -3.98804 -7.46054 -1.11808
H -2.80594 -6.84248 1.00582
H -2.80594 -6.84248 1.00582
H -3.7084 -3.38278 0.74011
H -3.7084 -3.38278 0.74011
$end

$opt
CONSTRAINT
tors           1           2           3           4      +9.474
tors           3           4           5           6      +9.474
tors           4           5           6           7      +9.474
tors           5           6           7           8      +9.474
tors           6           7           8           9      +9.474
tors           7           8           9          10      +9.474
tors           8           9          10          11      +9.474
tors           9          10          11          12      +9.474
tors          11          12          13          14      +9.474
ENDCONSTRAINT
$end

$rem
JOBTYPE                   OPT
METHOD                    B3LYP
DFT_D                     d3_op
BASIS                     STO-3G
GEOM_OPT_MAX_CYCLES       100
GEOM_OPT_TOL_GRADIENT     300
GEOM_OPT_TOL_DISPLACEMENT 1200
GEOM_OPT_TOL_ENERGY       100
SYMMETRY                  False
THRESH                    12
SCF_CONVERGENCE           8
MAX_SUB_FILE_NUM          128
MEM_STATIC                400
MEM_TOTAL                 4000
$end
--------------------------------------------------------------
 Adding empirical dispersion correction 
 ----------------------------------------------------------------
 Doing -D3(op) with
 s6 =   1.00000
 s8 =   0.78311
 a1 =   0.30000
 a2 =   4.25000
 n  =  10.00000
 -D3 energy without 3body term =               NaN hartrees
 ----------------------------------------------------------------
             Standard Nuclear Orientation (Angstroms)
    I     Atom           X                Y                Z
 ----------------------------------------------------------------
    1      O       0.0243865102    -0.7244840222    -1.8954062129
    2      C       0.5829467253    -1.2405044125    -0.9379409764
    3      C       1.3136007693    -0.4937810218     0.1561987031
    4      C       1.1687272870     1.0366759275     0.1799231501
    5      C       0.1677941642     1.6343836395    -0.7839081354
    6      O      -0.5747424785     0.6414531366    -1.3567483974
    7      C      -0.3673509403    -0.6383587448    -0.7498549222
    8      C       0.4563116334    -0.4882879456     0.5249801599
    9      O       0.5923220262     0.9019782636     0.8589468691
   10      C      -0.1732529669     1.7537527574     0.1326493136
   11      C      -1.1866132156     1.0423806196    -0.7320595405
   12      C      -1.3212198043    -0.4639823927    -0.4655795205
   13      C      -0.7111136275    -0.9631717566     0.8287478756
   14      O      -0.2806462133    -0.2561644363     1.7284251785
   15      O       1.1169464089    -2.5616960008    -1.1169355063
   16      O      -1.1589664500    -2.2620654820     1.2044901279
   17      O      -0.5627212849     2.7744878247     0.9392384039
   18      C      -1.1975947763    -2.7967003302     2.4816756914
   19      C      -2.6235432023     1.5354205587     0.0087176152
   20      C      -3.9680114586     1.2750324635    -0.7500742625
   21      C      -4.1970289944    -0.1321463876    -0.3722031113
   22      C      -2.8349856712    -0.4079069584     0.3385199661
   23      O      -2.7387402813     0.7292666220     1.1247889211
   24      H      -1.9146355527     1.9472822924    -1.4829988932
   25      H      -2.3220328524    -0.7744434200    -1.2873764900
   26      H      -2.6932776463     2.6234024897     0.2776275814
   27      H      -4.8014197152     1.8817872710    -0.3281732874
   28      H      -3.9179508824     1.4514320175    -1.8468942304
   29      H      -4.9952442582    -0.1741865325     0.4072935288
   30      H      -4.4906243409    -0.8087914349    -1.2052678744
   31      H      -3.1263254275    -1.3152826493     0.9146281705
   32      O       0.5936485350     2.5197755458    -1.7559282343
   33      C       1.1630779235    -3.2471916753    -2.3168495058
   34      C       2.9677145851    -0.5162882988     0.7393563341
   35      C       4.1569188928    -0.0310104100    -0.1685608270
   36      C       3.9675353410     1.4749679282    -0.1449177250
   37      C       2.7370884202     1.5687079147     0.7853668212
   38      O       2.9980622898     0.5219066162     1.6989269471
   39      H       2.1227151626    -0.7451462398    -0.7457239137
   40      H       1.8303732460     1.1486730520    -0.8077003776
   41      H       1.7710436371    -2.6762872455    -3.0497233806
   42      H       3.2378170655    -1.5186959126     1.1423601773
   43      H       5.1040007380    -0.2601798000     0.3708029570
   44      H       4.2240706586    -0.4878104013    -1.1801684203
   45      H       4.8463087412     1.9386985641     0.3562796095
   46      H       3.8154524358     1.9573141448    -1.1349453323
   47      H       2.6504323306     2.5732356749     1.2527245326
   48      H       0.1495940292    -3.4143933646    -2.7341795045
   49      H       1.6405527842    -4.2342226760    -2.1504059834
   50      H      -0.5573098367    -3.7018171637     2.5182184340
   51      H      -2.2410687908    -3.0866947155     2.7209447854
   52      H      -0.8506240619    -2.0760190245     3.2516931908
   53      H       1.0190851634    -1.7267580988     1.6169106358
   54      H       1.0190851634    -1.7267580988     1.6169106358
   55      H      -1.1012083965    -2.2409760596    -1.2281719736
   56      H      -1.1012083965    -2.2409760596    -1.2281719736
 ----------------------------------------------------------------
 Molecular Point Group                 C1    NOp =  1
 Largest Abelian Subgroup              C1    NOp =  1
 Nuclear Repulsion Energy =              NaN hartrees
 There are      113 alpha and      113 beta electrons
 Requested basis set is STO-3G
 There are 86 shells and 176 basis functions

 Total QAlloc Memory Limit   4000 MB
 Mega-Array Size       392 MB
 MEM_STATIC part       400 MB
 A cutoff of  1.0D-12 yielded   3072 shell pairs
 There are     14418 function pairs
 
 -------------------------------------------------------
 OpenMP Integral Computing Module                       
 Release: version 1.0, May 2013, Q-Chem Inc. Pittsburgh 
 -------------------------------------------------------
 Integral Job Info:
 Integral job number is                      11
 Integral operator is                         1
 short-range coefficients                     0
 long-range coefficients              100000000
 Omega coefficients                           0
 if combine SR and LR in K                    0
 Integral screening is                        0
 Integral computing path is                   2
 max size of driver memory is            800000
 size of driver memory is                 45569
 size of scratch memory is              1046100
 max col of scratch BK array                289
 max len of scratch array in speh3           22
 max len of scratch index in speh4            8
 max int batch size is                      520
 min int batch size is                       52
 fixed nKL is                                52
 max L of basis functions is                  1
 order of int derivative is                   0
 number of shells is                         86
 number of basis is                         176
 number of cartesian basis is               176
 number of contracted shell pairs          3072
 number of primitive shell pairs          16008
 maxK2 (contraction) of shell pair            9
 max number of K2 of shell pair               1
 max number of CS2 of shell pair            497
 max number of PS2 of shell pair           2112
 mem total for path MDJ                   77674
 -------------------------------------------------------
 Smallest overlap matrix eigenvalue = 2.20E-16
 Linear dependence detected in AO basis
 Number of orthogonalized atomic orbitals = 174
 Maximum deviation from orthogonality = 4.885E-15

 Scale SEOQF with 1.000000e-01/1.000000e-01/1.000000e-01

 Standard Electronic Orientation quadrupole field applied
 Nucleus-field energy     =     0.0000000427 hartrees
 Guess from superposition of atomic densities
 Warning:  Energy on first SCF cycle will be non-variational
 A restricted hybrid HF-DFT SCF calculation will be
 performed using Pulay DIIS extrapolation
 Exchange:     0.2000 Hartree-Fock + 0.0800 Slater + 0.7200 B88
 Correlation:  0.1900 VWN1RPA + 0.8100 LYP
 Using SG-1 standard quadrature grid
 Dispersion:   Grimme D3
 SCF converges when DIIS error is below 1.0E-08
 using 48 threads for integral computing
 -------------------------------------------------------
 OpenMP Integral computing Module                
 Release: version 1.0, May 2013, Q-Chem Inc. Pittsburgh 
 -------------------------------------------------------
 -------------------------------------------------------
 OpenMP BLAS3 based DFT computing Module                
 Release: version 1.0, May 2013, Q-Chem Inc. Pittsburgh 
 -------------------------------------------------------
 ---------------------------------------
  Cycle       Energy         DIIS Error
 ---------------------------------------
    1               -nan          -NAN
    2               -nan          -NAN Convergence criterion met
 ---------------------------------------
 SCF time:  CPU 16.39 s  wall 0.39 s
 SCF   energy in the final basis set = -nan
 Total energy in the final basis set = -nan
 
 --------------------------------------------------------------
 
                    Orbital Energies (a.u.)
 --------------------------------------------------------------
 
 Alpha MOs
 -- Occupied --
    NaN     NaN     NaN     NaN     NaN     NaN     NaN     NaN
    NaN     NaN     NaN     NaN     NaN     NaN     NaN     NaN
    NaN     NaN     NaN     NaN     NaN     NaN     NaN     NaN
    NaN     NaN     NaN     NaN     NaN     NaN     NaN     NaN
    NaN     NaN     NaN     NaN     NaN     NaN     NaN     NaN
    NaN     NaN     NaN     NaN     NaN     NaN     NaN     NaN
    NaN     NaN     NaN     NaN     NaN     NaN     NaN     NaN
    NaN     NaN     NaN     NaN     NaN     NaN     NaN     NaN
    NaN     NaN     NaN     NaN     NaN     NaN     NaN     NaN
    NaN     NaN     NaN     NaN     NaN     NaN     NaN     NaN
    NaN     NaN     NaN     NaN     NaN     NaN     NaN     NaN
    NaN     NaN     NaN     NaN     NaN     NaN     NaN     NaN
    NaN     NaN     NaN     NaN     NaN     NaN     NaN     NaN
    NaN     NaN     NaN     NaN     NaN     NaN     NaN     NaN
    NaN
 -- Virtual --
    NaN     NaN     NaN     NaN     NaN     NaN     NaN     NaN
    NaN     NaN     NaN     NaN     NaN     NaN     NaN     NaN
    NaN     NaN     NaN     NaN     NaN     NaN     NaN     NaN
    NaN     NaN     NaN     NaN     NaN     NaN     NaN     NaN
    NaN     NaN     NaN     NaN     NaN     NaN     NaN     NaN
    NaN     NaN     NaN     NaN     NaN     NaN     NaN     NaN
    NaN     NaN     NaN     NaN     NaN     NaN     NaN     NaN
    NaN     NaN     NaN     NaN     NaN
 --------------------------------------------------------------
 
          Ground-State Mulliken Net Atomic Charges

     Atom                 Charge (a.u.)
  ----------------------------------------
      1 O                          NaN
      2 C                          NaN
      3 C                          NaN
      4 C                          NaN
      5 C                          NaN
      6 O                          NaN
      7 C                          NaN
      8 C                          NaN
      9 O                          NaN
     10 C                          NaN
     11 C                          NaN
     12 C                          NaN
     13 C                          NaN
     14 O                          NaN
     15 O                          NaN
     16 O                          NaN
     17 O                          NaN
     18 C                          NaN
     19 C                          NaN
     20 C                          NaN
     21 C                          NaN
     22 C                          NaN
     23 O                          NaN
     24 H                          NaN
     25 H                          NaN
     26 H                          NaN
     27 H                          NaN
     28 H                          NaN
     29 H                          NaN
     30 H                          NaN
     31 H                          NaN
     32 O                          NaN
     33 C                          NaN
     34 C                          NaN
     35 C                          NaN
     36 C                          NaN
     37 C                          NaN
     38 O                          NaN
     39 H                          NaN
     40 H                          NaN
     41 H                          NaN
     42 H                          NaN
     43 H                          NaN
     44 H                          NaN
     45 H                          NaN
     46 H                          NaN
     47 H                          NaN
     48 H                          NaN
     49 H                          NaN
     50 H                          NaN
     51 H                          NaN
     52 H                          NaN
     53 H                          NaN
     54 H                          NaN
     55 H                          NaN
     56 H                          NaN
  ----------------------------------------
  Sum of atomic charges =          NaN

 -----------------------------------------------------------------
                    Cartesian Multipole Moments
 -----------------------------------------------------------------
    Charge (ESU x 10^10)
                    NaN
    Dipole Moment (Debye)
         X          NaN      Y          NaN      Z          NaN
       Tot          NaN
    Quadrupole Moments (Debye-Ang)
        XX          NaN     XY          NaN     YY          NaN
        XZ          NaN     YZ          NaN     ZZ          NaN
    Octopole Moments (Debye-Ang^2)
       XXX          NaN    XXY          NaN    XYY          NaN
       YYY          NaN    XXZ          NaN    XYZ          NaN
       YYZ          NaN    XZZ          NaN    YZZ          NaN
       ZZZ          NaN
    Hexadecapole Moments (Debye-Ang^3)
      XXXX          NaN   XXXY          NaN   XXYY          NaN
      XYYY          NaN   YYYY          NaN   XXXZ          NaN
      XXYZ          NaN   XYYZ          NaN   YYYZ          NaN
      XXZZ          NaN   XYZZ          NaN   YYZZ          NaN
      XZZZ          NaN   YZZZ          NaN   ZZZZ          NaN
 -----------------------------------------------------------------
 Calculating analytic gradient of the SCF energy
 Gradient of SCF Energy
            1           2           3           4           5           6
    1         nan         nan         nan         nan         nan         nan
    2         nan         nan         nan         nan         nan         nan
    3         nan         nan         nan         nan         nan         nan
            7           8           9          10          11          12
    1         nan         nan         nan         nan         nan         nan
    2         nan         nan         nan         nan         nan         nan
    3         nan         nan         nan         nan         nan         nan
           13          14          15          16          17          18
    1         nan         nan         nan         nan         nan         nan
    2         nan         nan         nan         nan         nan         nan
    3         nan         nan         nan         nan         nan         nan
           19          20          21          22          23          24
    1         nan         nan         nan         nan         nan         nan
    2         nan         nan         nan         nan         nan         nan
    3         nan         nan         nan         nan         nan         nan
           25          26          27          28          29          30
    1         nan         nan         nan         nan         nan         nan
    2         nan         nan         nan         nan         nan         nan
    3         nan         nan         nan         nan         nan         nan
           31          32          33          34          35          36
    1         nan         nan         nan         nan         nan         nan
    2         nan         nan         nan         nan         nan         nan
    3         nan         nan         nan         nan         nan         nan
           37          38          39          40          41          42
    1         nan         nan         nan         nan         nan         nan
    2         nan         nan         nan         nan         nan         nan
    3         nan         nan         nan         nan         nan         nan
           43          44          45          46          47          48
    1         nan         nan         nan         nan         nan         nan
    2         nan         nan         nan         nan         nan         nan
    3         nan         nan         nan         nan         nan         nan
           49          50          51          52          53          54
    1         nan         nan         nan         nan        -nan        -nan
    2         nan         nan         nan         nan        -nan        -nan
    3         nan         nan         nan         nan        -nan        -nan
           55          56
    1        -nan         nan
    2        -nan         nan
    3        -nan         nan
 Max gradient component =       0.000E+00
 RMS gradient           =             NAN
 Gradient time:  CPU 25.92 s  wall 0.57 s

 Q-Chem fatal error occurred in module /opt/software/qchem/qchem-5.0.1/optman/connectivity.C, line 914:

 bad input to GetAngle: bondlength = 0

