mFile = /opt/software/qchem/qchem-5.0.1//bin/mpi/machines
Process 0 of 1 is on vega02.cac.cornell.edu - thread support 0
initial socket setup ...start
initial socket setup ...done 
now start server 0 ... 
vega02.cac.cornell.edu 10.84.3
Q-Chem Developer Version! Running on 10.84.3.*
                  Welcome to Q-Chem
     A Quantum Leap Into The Future Of Chemistry


 Q-Chem 5.0, Q-Chem, Inc., Pleasanton, CA (2017)

 Yihan Shao,  Zhengting Gan,  E. Epifanovsky,  A. T. B. Gilbert,  M. Wormit,  
 J. Kussmann,  A. W. Lange,  A. Behn,  Jia Deng,  Xintian Feng,  D. Ghosh,  
 M. Goldey,  P. R. Horn,  L. D. Jacobson,  I. Kaliman,  T. Kus,  A. Landau,  
 Jie Liu,  E. I. Proynov,  R. M. Richard,  R. P. Steele,  E. J. Sundstrom,  
 H. L. Woodcock III,  P. M. Zimmerman,  D. Zuev,  B. Albrecht,  E. Alguire,  
 S. A. Baeppler,  Z. Benda,  Y. A. Bernard,  E. J. Berquist,  K. B. Bravaya,  
 D. Casanova,  Chun-Min Chang,  Yunqing Chen,  A. Chien,  K. D. Closser,  
 M. P. Coons,  S. Dasgupta,  M. Diedenhofen,  Hainam Do,  R. G. Edgar,  
 Po-Tung Fang,  S. Fatehi,  Qingguo Feng,  Qinghui Ge,  A. Ghysels,  
 J. Gomes,  J. Gonthier,  A. Gunina,  M. W. D. Hanson-Heine,  
 P. H. P. Harbach,  A. W. Hauser,  J. E. Herr,  E. G. Hohenstein,  
 Z. C. Holden,  Kerwin Hui,  T.-C. Jagau,  Hyunjun Ji,  B. Kaduk,  
 K. Khistyaev,  Jaehoon Kim,  P. Klunzinger,  K. Koh,  D. Kosenkov,  
 T. Kowalczyk,  C. M. Krauter,  A. Kunitsa,  Ka Un Lao,  A. Laurent,  
 K. V. Lawler,  Joonho Lee,  D. Lefrancois,  S. Lehtola,  D. S. Levine,  
 Yi-Pei Li,  You-Sheng Lin,  Fenglai Liu,  E. Livshits,  A. Luenser,  
 P. Manohar,  E. Mansoor,  S. F. Manzer,  Shan-Ping Mao,  Yuezhi Mao,  
 N. Mardirossian,  A. V. Marenich,  L. A. Martinez-Martinez,  S. A. Maurer,  
 N. J. Mayhall,  S. C. McKenzie,  J.-M. Mewes,  A. F. Morrison,  K. Nanda,  
 T. S. Nguyen-Beck,  R. Olivares-Amaya,  J. A. Parkhill,  T. M. Perrine,  
 F. Plasser,  S. Prager,  A. Prociuk,  D. R. Rehn,  F. Rob,  M. Schneider,  
 N. Sergueev,  S. M. Sharada,  S. Sharma,  D. W. Small,  T. Stauch,  
 T. Stein,  Yu-Chuan Su,  A. J. W. Thom,  T. Tsuchimochi,  L. Vogt,  
 O. Vydrov,  M. A. Watson,  J. Wenzel,  M. de Wergifosse,  T. A. Wesolowski,  
 A. White,  J. Witte,  A. Yamada,  Jun Yang,  K. Yao,  S. Yeganeh,  
 S. R. Yost,  Zhi-Qiang You,  A. Zech,  Igor Ying Zhang,  Xing Zhang,  
 Yan Zhao,  Ying Zhu,  B. R. Brooks,  G. K. L. Chan,  C. J. Cramer,  
 M. S. Gordon,  W. J. Hehre,  A. Klamt,  M. W. Schmidt,  C. D. Sherrill,  
 D. G. Truhlar,  A. Aspuru-Guzik,  R. Baer,  A. T. Bell,  N. A. Besley,  
 Jeng-Da Chai,  A. Dreuw,  B. D. Dunietz,  T. R. Furlani,  Chao-Ping Hsu,  
 Yousung Jung,  Jing Kong,  D. S. Lambrecht,  WanZhen Liang,  C. Ochsenfeld,  
 V. A. Rassolov,  L. V. Slipchenko,  J. E. Subotnik,  T. Van Voorhis,  
 J. M. Herbert,  A. I. Krylov,  P. M. W. Gill,  M. Head-Gordon

 Contributors to earlier versions of Q-Chem not listed above: 
 R. D. Adamson,  B. Austin,  J. Baker,  G. J. O. Beran,  K. Brandhorst,  
 S. T. Brown,  E. F. C. Byrd,  A. K. Chakraborty,  C.-L. Cheng,  
 Siu Hung Chien,  D. M. Chipman,  D. L. Crittenden,  H. Dachsel,  
 R. A. DiStasio Jr.,  R. J. Doerksen,  A. D. Dutoi,  L. Fusti-Molnar,  
 W. A. Goddard III,  A. Golubeva-Zadorozhnaya,  S. R. Gwaltney,  G. Hawkins,  
 A. Heyden,  S. Hirata,  G. Kedziora,  F. J. Keil,  C. Kelley,  Jihan Kim,  
 R. A. King,  R. Z. Khaliullin,  P. P. Korambath,  W. Kurlancheek,  
 A. M. Lee,  M. S. Lee,  S. V. Levchenko,  Ching Yeh Lin,  D. Liotard,  
 R. C. Lochan,  I. Lotan,  P. E. Maslen,  N. Nair,  D. P. O'Neill,  
 D. Neuhauser,  E. Neuscamman,  C. M. Oana,  R. Olson,  B. Peters,  
 R. Peverati,  P. A. Pieniazek,  Y. M. Rhee,  J. Ritchie,  M. A. Rohrdanz,  
 E. Rosta,  N. J. Russ,  H. F. Schaefer III,  N. E. Schultz,  N. Shenvi,  
 A. C. Simmonett,  A. Sodt,  D. Stuck,  K. S. Thanthiriwatte,  V. Vanovschi,  
 Tao Wang,  A. Warshel,  C. F. Williams,  Q. Wu,  X. Xu,  W. Zhang

 Please cite Q-Chem as follows:
 Y. Shao et al., Mol. Phys. 113, 184-215 (2015)
 DOI: 10.1080/00268976.2014.952696

 Q-Chem 5.0.1 for Intel X86 EM64T Linux

 Parts of Q-Chem use Armadillo 5.200.1 (Boston Tea Smuggler).
 http://arma.sourceforge.net/

 Q-Chem begins on Wed Jan 17 01:19:55 2018  

Host: vega02.cac.cornell.edu
0

     Scratch files written to /scratch/jj585/SOT1001/1342c.save//
 Parallel job on  1  processors

Checking the input file for inconsistencies... 	...done.

--------------------------------------------------------------
User input:
--------------------------------------------------------------
$molecule
0  1
O -3.94934 -3.66094 2.70899
C -3.26408 -4.56952 2.26188
C -3.36658 -6.02376 2.66595
C -4.73745 -6.52338 3.15068
C -5.89497 -5.55994 3.00924
O -6.47736 -5.35235 4.22709
C -5.62276 -4.67026 5.15103
C -4.20952 -4.57235 4.58597
O -4.25718 -4.11658 3.22477
C -3.35799 -4.689 2.38636
C -3.1334 -3.88594 1.12726
C -2.46215 -2.52137 1.34092
C -1.80189 -2.31362 2.6891
O -2.14003 -2.85033 3.73417
O -1.3095 -4.68141 1.82586
O -0.8211 -1.37224 2.73366
O -1.95523 -4.90995 3.7392
C -0.03361 -1.13776 3.84327
C -2.43907 -4.28239 -0.35021
C -2.93619 -3.58887 -1.63519
C -2.36421 -2.19011 -1.41212
C -1.6306 -2.3822 -0.05185
O -1.19056 -3.66888 -0.32395
H -4.15003 -3.64574 0.51984
H -3.21374 -1.69947 1.32119
H -2.41312 -5.35412 -0.59622
H -2.36235 -4.05356 -2.4932
H -3.99665 -3.69394 -1.93828
H -1.55294 -2.07905 -2.19387
H -3.01849 -1.3228 -1.62126
H -0.82149 -1.6247 0.00183
O -6.42121 -5.23396 1.95365
C 0.04882 -4.29348 1.83663
C -3.1433 -7.1104 1.48502
C -2.7769 -8.51356 2.00745
C -4.10732 -8.93518 2.575
C -4.9769 -7.72597 2.19043
O -4.42994 -7.30113 0.96742
H -2.7672 -6.68366 3.41781
H -4.76998 -6.98896 4.16891
H 0.30132 -3.30651 2.20586
H -2.34 -6.84 0.78725
H -2.52195 -9.16118 1.14008
H -1.92316 -8.54061 2.72398
H -4.43946 -9.83931 2.01999
H -4.11142 -9.14643 3.66683
H -6.04446 -8.03498 2.16084
H 0.52313 -4.34593 0.83834
H 0.5251 -4.51247 0.85911
H 0.73246 -0.37635 3.59331
H 0.49276 -2.07083 4.14674
H -0.65735 -0.7795 4.68638
H -3.75771 -3.77427 5.21688
H -3.64325 -5.44474 4.98486
H -5.61393 -5.17584 6.1407
H -6.04614 -3.65065 5.28301
$end

$opt
CONSTRAINT
tors           1           2           3           4     +28.421
tors           3           4           5           6    -123.158
tors           4           5           6           7     +66.316
tors           5           6           7           8      -9.474
tors           6           7           8           9     +47.368
tors           7           8           9          10    -142.105
tors           8           9          10          11    -161.053
tors           9          10          11          12     +66.316
tors          11          12          13          14     -28.421
ENDCONSTRAINT
$end

$rem
JOBTYPE                   OPT
METHOD                    B3LYP
DFT_D                     d3_op
BASIS                     STO-3G
GEOM_OPT_MAX_CYCLES       100
GEOM_OPT_TOL_GRADIENT     300
GEOM_OPT_TOL_DISPLACEMENT 1200
GEOM_OPT_TOL_ENERGY       100
SYMMETRY                  False
THRESH                    12
SCF_CONVERGENCE           8
MAX_SUB_FILE_NUM          128
MEM_STATIC                400
MEM_TOTAL                 4000
$end
--------------------------------------------------------------
 Adding empirical dispersion correction 
 ----------------------------------------------------------------
 Doing -D3(op) with
 s6 =   1.00000
 s8 =   0.78311
 a1 =   0.30000
 a2 =   4.25000
 n  =  10.00000
 -D3 energy without 3body term =     -0.0918827536 hartrees
 ----------------------------------------------------------------
             Standard Nuclear Orientation (Angstroms)
    I     Atom           X                Y                Z
 ----------------------------------------------------------------
    1      O       0.0084655865    -1.0112103347     0.9417217087
    2      C      -0.1031805719    -0.1427578025     0.0882982670
    3      C      -1.3476936386     0.1273008592    -0.7283095572
    4      C      -2.6996395500    -0.2234633900    -0.0856007833
    5      C      -2.6675430675    -0.6388634053     1.3685268249
    6      O      -3.2297548007    -1.8754856981     1.5103493011
    7      C      -2.4732343857    -2.9137948598     0.8788083300
    8      C      -1.3655400112    -2.3100764661     0.0216830514
    9      O      -0.6648971319    -1.3015980731     0.7666220388
   10      C      -0.2847449936    -0.2106309443     0.0564011462
   11      C       0.8080008077     0.5812585441     0.7342628532
   12      C       2.1575973540    -0.1427871552     0.8466257937
   13      C       2.3237416334    -1.3701206897    -0.0267247178
   14      O       1.4181505152    -2.0999528319    -0.4033111747
   15      O       1.1472626854     0.4930329586    -1.3452907805
   16      O       3.6039862384    -1.7255614019    -0.3178717144
   17      O       0.0243419355    -1.1781545526    -1.6214230172
   18      C       3.9376581653    -2.7390180514    -1.1941846650
   19      C       1.3767766197     2.1439912223     0.4964709184
   20      C       1.9519446203     2.9342838972     1.6897400182
   21      C       3.2625931774     2.1767441203     1.8941531515
   22      C       3.1780211984     1.1222370737     0.7512274574
   23      O       2.5876457922     1.9764161338    -0.1680407554
   24      H       0.5338375326     0.9144436838     1.8629850575
   25      H       2.3010062528    -0.5633440167     1.8680768326
   26      H       0.6806707390     2.8383210438     0.0033763866
   27      H       2.2159847535     3.9623737092     1.2963897312
   28      H       1.3095510974     3.1437367511     2.5677711841
   29      H       4.0718797380     2.9070990581     1.5887627021
   30      H       3.5544153649     1.9149593050     2.9287337503
   31      H       4.2152698761     0.8223377476     0.4952541006
   32      O      -2.4459817446     0.1058411431     2.3139301578
   33      C       2.2653788419     0.4497795861    -2.2076041265
   34      C      -1.6605582516     1.6820602963    -1.0600849928
   35      C      -2.6130835722     1.8714341378    -2.2571117729
   36      C      -3.9071799396     1.4165143832    -1.6340095246
   37      C      -3.4469389196     1.1387798342    -0.1927274532
   38      O      -2.4425456711     2.0977327819     0.0240931489
   39      H      -1.6798485341    -0.1919477761    -1.7996504406
   40      H      -3.3569478228    -0.9298084204    -0.6544925154
   41      H       3.0352781938    -0.2889608146    -2.0186215026
   42      H      -0.7641286187     2.2664869047    -1.3053388929
   43      H      -2.6767289893     2.9562499825    -2.4934710922
   44      H      -2.3152716242     1.3305339071    -3.1854187884
   45      H      -4.6114576713     2.2764085397    -1.6534788038
   46      H      -4.3824052758     0.5353200578    -2.1181516134
   47      H      -4.3225689527     1.1934329379     0.4901577386
   48      H       2.8104206706     1.4112729224    -2.2601766656
   49      H       2.6837841638     1.4663345639    -2.3555824105
   50      H       5.0397200449    -2.7741556434    -1.3095683623
   51      H       3.4913817059    -2.5453230844    -2.1957327788
   52      H       3.5693550005    -3.7119614790    -0.8121242605
   53      H      -0.6871525509    -3.1788414702    -0.1337171159
   54      H      -1.7706450578    -2.2241989783    -1.0124127930
   55      H      -3.1259702381    -3.5728580899     0.2666748641
   56      H      -2.0270701362    -3.5236194841     1.6944830733
 ----------------------------------------------------------------
 Molecular Point Group                 C1    NOp =  1
 Largest Abelian Subgroup              C1    NOp =  1
 Nuclear Repulsion Energy =  3915.3535492403 hartrees
 There are      113 alpha and      113 beta electrons
 Requested basis set is STO-3G
 There are 86 shells and 176 basis functions

 Total QAlloc Memory Limit   4000 MB
 Mega-Array Size       392 MB
 MEM_STATIC part       400 MB
 A cutoff of  1.0D-12 yielded   2897 shell pairs
 There are     13856 function pairs
 
 -------------------------------------------------------
 OpenMP Integral Computing Module                       
 Release: version 1.0, May 2013, Q-Chem Inc. Pittsburgh 
 -------------------------------------------------------
 Integral Job Info:
 Integral job number is                      11
 Integral operator is                         1
 short-range coefficients                     0
 long-range coefficients              100000000
 Omega coefficients                           0
 if combine SR and LR in K                    0
 Integral screening is                        0
 Integral computing path is                   2
 max size of driver memory is            800000
 size of driver memory is                 45569
 size of scratch memory is              1046100
 max col of scratch BK array                289
 max len of scratch array in speh3           22
 max len of scratch index in speh4            8
 max int batch size is                      520
 min int batch size is                       52
 fixed nKL is                                52
 max L of basis functions is                  1
 order of int derivative is                   0
 number of shells is                         86
 number of basis is                         176
 number of cartesian basis is               176
 number of contracted shell pairs          2897
 number of primitive shell pairs          14592
 maxK2 (contraction) of shell pair            9
 max number of K2 of shell pair               1
 max number of CS2 of shell pair            424
 max number of PS2 of shell pair           1932
 mem total for path MDJ                   73418
 -------------------------------------------------------
 Smallest overlap matrix eigenvalue = 1.39E-03

 Scale SEOQF with 1.000000e-01/1.000000e-01/1.000000e-01

 Standard Electronic Orientation quadrupole field applied
 Nucleus-field energy     =     0.0000000556 hartrees
 Guess from superposition of atomic densities
 Warning:  Energy on first SCF cycle will be non-variational
 A restricted hybrid HF-DFT SCF calculation will be
 performed using Pulay DIIS extrapolation
 Exchange:     0.2000 Hartree-Fock + 0.0800 Slater + 0.7200 B88
 Correlation:  0.1900 VWN1RPA + 0.8100 LYP
 Using SG-1 standard quadrature grid
 Dispersion:   Grimme D3
 SCF converges when DIIS error is below 1.0E-08
 using 48 threads for integral computing
 -------------------------------------------------------
 OpenMP Integral computing Module                
 Release: version 1.0, May 2013, Q-Chem Inc. Pittsburgh 
 -------------------------------------------------------
 -------------------------------------------------------
 OpenMP BLAS3 based DFT computing Module                
 Release: version 1.0, May 2013, Q-Chem Inc. Pittsburgh 
 -------------------------------------------------------
 ---------------------------------------
  Cycle       Energy         DIIS Error
 ---------------------------------------
    1   -1485.3995190795      1.32E-01
    2   -1459.4336957243      1.71E-02
    3   -1418.5628014404      5.47E-02
    4   -1451.3475859500      2.99E-02
    5   -1455.6670276630      2.35E-02
    6   -1456.9688046285      1.90E-02
    7   -1459.9219284083      1.50E-02
    8   -1460.0469219787      2.16E-02
    9   -1457.9504871734      2.06E-02
   10   -1457.9084527401      2.05E-02
   11   -1458.0077958706      2.10E-02
   12   -1462.4578541829      7.15E-03
   13   -1459.5485207146      2.26E-02
   14   -1460.4665518515      2.01E-02
   15   -1460.3006491940      2.08E-02
   16   -1460.2853418896      2.08E-02
   17   -1461.7927473208      1.20E-02
   18   -1458.0790865083      1.93E-02
   19   -1458.2546393830      1.92E-02
   20   -1461.3579183586      1.27E-02
   21   -1462.0965171183      8.84E-03
   22   -1462.4728706194      6.73E-03
   23   -1461.9698309248      9.68E-03
   24   -1461.9624674825      9.72E-03
   25   -1459.7097921919      1.91E-02
   26   -1461.4260504264      8.77E-03
   27   -1456.8169536261      1.83E-02
   28   -1457.2376642768      1.98E-02
   29   -1457.8237193250      2.19E-02
   30   -1458.0180436526      2.23E-02
   31   -1457.3262521744      1.96E-02
   32   -1457.8769836768      2.20E-02
   33   -1461.2739127776      1.32E-02
   34   -1460.5504462647      1.83E-02
   35   -1458.0005721704      2.23E-02
   36   -1458.9174298990      2.36E-02
   37   -1458.0953979665      2.26E-02
   38   -1458.5253533778      2.34E-02
   39   -1458.1307297930      2.26E-02
   40   -1458.5871849495      2.34E-02
   41   -1461.8722039308      1.01E-02
   42   -1461.1872830483      9.06E-03
   43   -1461.4087571109      1.15E-02
   44   -1461.4247972619      1.12E-02
   45   -1461.9363003378      9.94E-03
   46   -1457.4354850342      2.09E-02
   47   -1461.0948327164      1.45E-02
   48   -1461.1725175041      1.38E-02
   49   -1457.3561924935      2.07E-02
   50   -1457.2682057644      2.02E-02    Convergence failure

 Q-Chem fatal error occurred in module /opt/software/qchem/qchem-5.0.1/scfman/scfman.C, line 5029:

 SCF failed to converge

