mFile = /opt/software/qchem/qchem-5.0.1//bin/mpi/machines
Process 0 of 1 is on vega02.cac.cornell.edu - thread support 0
initial socket setup ...start
initial socket setup ...done 
now start server 0 ... 
vega02.cac.cornell.edu 10.84.3
Q-Chem Developer Version! Running on 10.84.3.*
                  Welcome to Q-Chem
     A Quantum Leap Into The Future Of Chemistry


 Q-Chem 5.0, Q-Chem, Inc., Pleasanton, CA (2017)

 Yihan Shao,  Zhengting Gan,  E. Epifanovsky,  A. T. B. Gilbert,  M. Wormit,  
 J. Kussmann,  A. W. Lange,  A. Behn,  Jia Deng,  Xintian Feng,  D. Ghosh,  
 M. Goldey,  P. R. Horn,  L. D. Jacobson,  I. Kaliman,  T. Kus,  A. Landau,  
 Jie Liu,  E. I. Proynov,  R. M. Richard,  R. P. Steele,  E. J. Sundstrom,  
 H. L. Woodcock III,  P. M. Zimmerman,  D. Zuev,  B. Albrecht,  E. Alguire,  
 S. A. Baeppler,  Z. Benda,  Y. A. Bernard,  E. J. Berquist,  K. B. Bravaya,  
 D. Casanova,  Chun-Min Chang,  Yunqing Chen,  A. Chien,  K. D. Closser,  
 M. P. Coons,  S. Dasgupta,  M. Diedenhofen,  Hainam Do,  R. G. Edgar,  
 Po-Tung Fang,  S. Fatehi,  Qingguo Feng,  Qinghui Ge,  A. Ghysels,  
 J. Gomes,  J. Gonthier,  A. Gunina,  M. W. D. Hanson-Heine,  
 P. H. P. Harbach,  A. W. Hauser,  J. E. Herr,  E. G. Hohenstein,  
 Z. C. Holden,  Kerwin Hui,  T.-C. Jagau,  Hyunjun Ji,  B. Kaduk,  
 K. Khistyaev,  Jaehoon Kim,  P. Klunzinger,  K. Koh,  D. Kosenkov,  
 T. Kowalczyk,  C. M. Krauter,  A. Kunitsa,  Ka Un Lao,  A. Laurent,  
 K. V. Lawler,  Joonho Lee,  D. Lefrancois,  S. Lehtola,  D. S. Levine,  
 Yi-Pei Li,  You-Sheng Lin,  Fenglai Liu,  E. Livshits,  A. Luenser,  
 P. Manohar,  E. Mansoor,  S. F. Manzer,  Shan-Ping Mao,  Yuezhi Mao,  
 N. Mardirossian,  A. V. Marenich,  L. A. Martinez-Martinez,  S. A. Maurer,  
 N. J. Mayhall,  S. C. McKenzie,  J.-M. Mewes,  A. F. Morrison,  K. Nanda,  
 T. S. Nguyen-Beck,  R. Olivares-Amaya,  J. A. Parkhill,  T. M. Perrine,  
 F. Plasser,  S. Prager,  A. Prociuk,  D. R. Rehn,  F. Rob,  M. Schneider,  
 N. Sergueev,  S. M. Sharada,  S. Sharma,  D. W. Small,  T. Stauch,  
 T. Stein,  Yu-Chuan Su,  A. J. W. Thom,  T. Tsuchimochi,  L. Vogt,  
 O. Vydrov,  M. A. Watson,  J. Wenzel,  M. de Wergifosse,  T. A. Wesolowski,  
 A. White,  J. Witte,  A. Yamada,  Jun Yang,  K. Yao,  S. Yeganeh,  
 S. R. Yost,  Zhi-Qiang You,  A. Zech,  Igor Ying Zhang,  Xing Zhang,  
 Yan Zhao,  Ying Zhu,  B. R. Brooks,  G. K. L. Chan,  C. J. Cramer,  
 M. S. Gordon,  W. J. Hehre,  A. Klamt,  M. W. Schmidt,  C. D. Sherrill,  
 D. G. Truhlar,  A. Aspuru-Guzik,  R. Baer,  A. T. Bell,  N. A. Besley,  
 Jeng-Da Chai,  A. Dreuw,  B. D. Dunietz,  T. R. Furlani,  Chao-Ping Hsu,  
 Yousung Jung,  Jing Kong,  D. S. Lambrecht,  WanZhen Liang,  C. Ochsenfeld,  
 V. A. Rassolov,  L. V. Slipchenko,  J. E. Subotnik,  T. Van Voorhis,  
 J. M. Herbert,  A. I. Krylov,  P. M. W. Gill,  M. Head-Gordon

 Contributors to earlier versions of Q-Chem not listed above: 
 R. D. Adamson,  B. Austin,  J. Baker,  G. J. O. Beran,  K. Brandhorst,  
 S. T. Brown,  E. F. C. Byrd,  A. K. Chakraborty,  C.-L. Cheng,  
 Siu Hung Chien,  D. M. Chipman,  D. L. Crittenden,  H. Dachsel,  
 R. A. DiStasio Jr.,  R. J. Doerksen,  A. D. Dutoi,  L. Fusti-Molnar,  
 W. A. Goddard III,  A. Golubeva-Zadorozhnaya,  S. R. Gwaltney,  G. Hawkins,  
 A. Heyden,  S. Hirata,  G. Kedziora,  F. J. Keil,  C. Kelley,  Jihan Kim,  
 R. A. King,  R. Z. Khaliullin,  P. P. Korambath,  W. Kurlancheek,  
 A. M. Lee,  M. S. Lee,  S. V. Levchenko,  Ching Yeh Lin,  D. Liotard,  
 R. C. Lochan,  I. Lotan,  P. E. Maslen,  N. Nair,  D. P. O'Neill,  
 D. Neuhauser,  E. Neuscamman,  C. M. Oana,  R. Olson,  B. Peters,  
 R. Peverati,  P. A. Pieniazek,  Y. M. Rhee,  J. Ritchie,  M. A. Rohrdanz,  
 E. Rosta,  N. J. Russ,  H. F. Schaefer III,  N. E. Schultz,  N. Shenvi,  
 A. C. Simmonett,  A. Sodt,  D. Stuck,  K. S. Thanthiriwatte,  V. Vanovschi,  
 Tao Wang,  A. Warshel,  C. F. Williams,  Q. Wu,  X. Xu,  W. Zhang

 Please cite Q-Chem as follows:
 Y. Shao et al., Mol. Phys. 113, 184-215 (2015)
 DOI: 10.1080/00268976.2014.952696

 Q-Chem 5.0.1 for Intel X86 EM64T Linux

 Parts of Q-Chem use Armadillo 5.200.1 (Boston Tea Smuggler).
 http://arma.sourceforge.net/

 Q-Chem begins on Wed Jan 17 01:39:02 2018  

Host: vega02.cac.cornell.edu
0

     Scratch files written to /scratch/jj585/SOT1001/1346c.save//
 Parallel job on  1  processors

Checking the input file for inconsistencies... 	...done.

--------------------------------------------------------------
User input:
--------------------------------------------------------------
$molecule
0  1
O -3.94934 -3.66094 2.70899
C -3.26408 -4.56952 2.26188
C -3.36658 -6.02376 2.66595
C -4.06137 -6.97914 1.68189
C -4.41791 -6.40938 0.32677
O -3.54466 -5.41184 -0.00151
C -3.81841 -4.82069 -1.27621
C -4.02873 -3.31775 -1.12433
O -3.28554 -2.83115 0.00428
C -2.14928 -2.15361 -0.29401
C -2.12629 -0.7593 0.28568
C -1.22887 -0.58605 1.51974
C -0.23294 -1.69966 1.7741
O -0.51729 -2.84897 2.07873
O -2.07092 -4.50663 2.25613
O 1.08952 -1.39952 1.64659
O -1.46645 -2.43996 -1.27125
C 2.11674 -2.30515 1.81241
C -1.54795 0.33186 -0.64243
C -2.1289 1.69027 -0.25202
C -1.44765 1.91374 1.08238
C -0.4957 0.71064 1.10935
O -0.20579 0.46778 -0.24592
H -3.1833 -0.48126 0.50675
H -1.81263 -0.46278 2.45828
H -1.7258 0.13746 -1.72252
H -1.73211 2.43039 -0.98368
H -3.23806 1.75881 -0.23308
H -0.88552 2.87254 1.03168
H -2.12074 1.91048 1.96714
H 0.37333 0.93677 1.76518
O -5.5095 -6.58758 -0.20053
C -1.96013 -4.10458 1.20511
C -2.07699 -6.88577 2.94981
C -2.40031 -8.13058 3.78337
C -3.03217 -9.01349 2.73358
C -2.99383 -8.0797 1.52722
O -1.76871 -7.408 1.68369
H -3.95198 -5.99572 3.61319
H -4.99659 -7.42532 2.0912
H -2.30262 -2.93419 1.63132
H -1.26341 -6.32777 3.46432
H -1.45139 -8.6096 4.11568
H -3.03606 -7.90512 4.66611
H -2.34743 -9.86712 2.52751
H -4.04306 -9.40234 2.98311
H -3.11253 -8.66662 0.58938
H -2.30262 -2.93419 1.63132
H -1.00467 -4.38088 0.6732
H 3.08549 -1.79024 1.64902
H 2.02082 -3.12994 1.07401
H 2.09987 -2.71954 2.843
H -3.84159 -2.77834 -2.08136
H -5.09635 -3.15113 -0.86907
H -4.62253 -5.27138 -1.90054
H -2.87961 -4.94983 -1.85554
$end

$opt
CONSTRAINT
tors           1           2           3           4    +104.211
tors           3           4           5           6     +28.421
tors           4           5           6           7    -180.000
tors           5           6           7           8    +123.158
tors           6           7           8           9     +28.421
tors           7           8           9          10    +104.211
tors           8           9          10          11    +123.158
tors           9          10          11          12    +104.211
tors          11          12          13          14     -66.316
ENDCONSTRAINT
$end

$rem
JOBTYPE                   OPT
METHOD                    B3LYP
DFT_D                     d3_op
BASIS                     STO-3G
GEOM_OPT_MAX_CYCLES       100
GEOM_OPT_TOL_GRADIENT     300
GEOM_OPT_TOL_DISPLACEMENT 1200
GEOM_OPT_TOL_ENERGY       100
SYMMETRY                  False
THRESH                    12
SCF_CONVERGENCE           8
MAX_SUB_FILE_NUM          128
MEM_STATIC                400
MEM_TOTAL                 4000
$end
--------------------------------------------------------------
 Adding empirical dispersion correction 
 ----------------------------------------------------------------
 Doing -D3(op) with
 s6 =   1.00000
 s8 =   0.78311
 a1 =   0.30000
 a2 =   4.25000
 n  =  10.00000
 -D3 energy without 3body term =               NaN hartrees
 ----------------------------------------------------------------
             Standard Nuclear Orientation (Angstroms)
    I     Atom           X                Y                Z
 ----------------------------------------------------------------
    1      O       0.9131404575    -0.2549792674     2.2313873218
    2      C       1.4708468002     0.0900197167     1.1994253203
    3      C       2.9307950799     0.4671424312     1.0772685719
    4      C       3.8717139409    -0.5650595102     0.4345485540
    5      C       3.2183781300    -1.7854621823    -0.1752604978
    6      O       1.9570057314    -1.4746400653    -0.5968629837
    7      C       1.2715956808    -2.5836678311    -1.1880718742
    8      C      -0.0405803389    -2.8420285844    -0.4548771559
    9      O      -0.5338986154    -1.6178815110     0.1116671837
   10      C      -1.5734480124    -1.0479132402    -0.5468139359
   11      C      -2.7836892205    -0.8397976875     0.3322045777
   12      C      -3.0144205606     0.6098368857     0.7834306354
   13      C      -2.2419496286     1.6693191470     0.0235037942
   14      O      -1.0270518404     1.8052312229     0.0344174235
   15      O       1.0379102826     0.9734357323     0.5213684531
   16      O      -2.9578637647     2.5395437850    -0.7416231890
   17      O      -1.6872526980    -1.1303240420    -1.7648074098
   18      C      -2.4046691791     3.5376612952    -1.5165942104
   19      C      -4.1432323166    -1.1510785827    -0.3320560996
   20      C      -5.1635227402    -1.5140248039     0.7461266728
   21      C      -5.3563327232    -0.1682996878     1.4143421963
   22      C      -4.5255342208     0.7227824015     0.4815333456
   23      O      -4.6219534208     0.0949600428    -0.7739856644
   24      H      -2.6748733235    -1.5267244704     1.2038346725
   25      H      -2.7858981771     0.7631186985     1.8609791346
   26      H      -4.0913838448    -1.9581863067    -1.0948832415
   27      H      -6.1046243613    -1.7879103124     0.2171080142
   28      H      -4.8773763107    -2.3432486796     1.4286223472
   29      H      -6.4365584137     0.0938862335     1.3671291988
   30      H      -4.9908974883    -0.1001403447     2.4620408296
   31      H      -4.8960325735     1.7697121551     0.5374794647
   32      O       3.6357743180    -2.9225411477     0.0096749143
   33      C       0.4472704709     0.3228554669    -0.1902856750
   34      C       3.3814361737     1.7328261693     0.2516491757
   35      C       4.7885232257     2.1946073685     0.6463315598
   36      C       5.6307762679     1.1574854352    -0.0578162089
   37      C       4.5393897912     0.2815937370    -0.6664437312
   38      O       3.5555569820     1.2134789215    -1.0409377522
   39      H       3.2502864306     0.6374268068     2.1306780494
   40      H       4.6513033391    -0.9428752436     1.1350793232
   41      H      -0.4658150982     0.1869300459     0.7133548175
   42      H       2.6939964496     2.6027261773     0.3449098770
   43      H       4.9962508107     3.1853167222     0.1819141939
   44      H       4.9282649569     2.2592196308     1.7465759353
   45      H       6.1786835589     1.6508959840    -0.8922989949
   46      H       6.3530523076     0.6118373681     0.5871284746
   47      H       4.9638404819    -0.3370804608    -1.4881447048
   48      H      -0.4658150982     0.1869300459     0.7133548175
   49      H       0.3152396887     0.7320716541    -1.2330146592
   50      H      -3.2167433560     4.0907794465    -2.0312795556
   51      H      -1.7308965559     3.0966932289    -2.2822908652
   52      H      -1.8353845244     4.2471324243    -0.8788755294
   53      H      -0.7672887376    -3.3926249396    -1.0956809523
   54      H       0.1815097698    -3.5000379247     0.4113976551
   55      H       1.8369793230    -3.5317746611    -1.3328239920
   56      H       0.9991615662    -2.2371303123    -2.2075507753
 ----------------------------------------------------------------
 Molecular Point Group                 C1    NOp =  1
 Largest Abelian Subgroup              C1    NOp =  1
 Nuclear Repulsion Energy =              NaN hartrees
 There are      113 alpha and      113 beta electrons
 Requested basis set is STO-3G
 There are 86 shells and 176 basis functions

 Total QAlloc Memory Limit   4000 MB
 Mega-Array Size       392 MB
 MEM_STATIC part       400 MB
 A cutoff of  1.0D-12 yielded   2501 shell pairs
 There are     12008 function pairs
 
 -------------------------------------------------------
 OpenMP Integral Computing Module                       
 Release: version 1.0, May 2013, Q-Chem Inc. Pittsburgh 
 -------------------------------------------------------
 Integral Job Info:
 Integral job number is                      11
 Integral operator is                         1
 short-range coefficients                     0
 long-range coefficients              100000000
 Omega coefficients                           0
 if combine SR and LR in K                    0
 Integral screening is                        0
 Integral computing path is                   2
 max size of driver memory is            800000
 size of driver memory is                 45569
 size of scratch memory is              1046100
 max col of scratch BK array                289
 max len of scratch array in speh3           22
 max len of scratch index in speh4            8
 max int batch size is                      520
 min int batch size is                       52
 fixed nKL is                                52
 max L of basis functions is                  1
 order of int derivative is                   0
 number of shells is                         86
 number of basis is                         176
 number of cartesian basis is               176
 number of contracted shell pairs          2501
 number of primitive shell pairs          12704
 maxK2 (contraction) of shell pair            9
 max number of K2 of shell pair               1
 max number of CS2 of shell pair            363
 max number of PS2 of shell pair           1482
 mem total for path MDJ                   58826
 -------------------------------------------------------
 Smallest overlap matrix eigenvalue = -9.74E-17

 Q-Chem fatal error occurred in module /opt/software/qchem/qchem-5.0.1/stvman/mkSTV.C, line 276:

 Negative overlap matrix eigenvalue.

