mFile = /opt/software/qchem/qchem-5.0.1//bin/mpi/machines
Process 0 of 1 is on vega02.cac.cornell.edu - thread support 0
initial socket setup ...start
initial socket setup ...done 
now start server 0 ... 
vega02.cac.cornell.edu 10.84.3
Q-Chem Developer Version! Running on 10.84.3.*
                  Welcome to Q-Chem
     A Quantum Leap Into The Future Of Chemistry


 Q-Chem 5.0, Q-Chem, Inc., Pleasanton, CA (2017)

 Yihan Shao,  Zhengting Gan,  E. Epifanovsky,  A. T. B. Gilbert,  M. Wormit,  
 J. Kussmann,  A. W. Lange,  A. Behn,  Jia Deng,  Xintian Feng,  D. Ghosh,  
 M. Goldey,  P. R. Horn,  L. D. Jacobson,  I. Kaliman,  T. Kus,  A. Landau,  
 Jie Liu,  E. I. Proynov,  R. M. Richard,  R. P. Steele,  E. J. Sundstrom,  
 H. L. Woodcock III,  P. M. Zimmerman,  D. Zuev,  B. Albrecht,  E. Alguire,  
 S. A. Baeppler,  Z. Benda,  Y. A. Bernard,  E. J. Berquist,  K. B. Bravaya,  
 D. Casanova,  Chun-Min Chang,  Yunqing Chen,  A. Chien,  K. D. Closser,  
 M. P. Coons,  S. Dasgupta,  M. Diedenhofen,  Hainam Do,  R. G. Edgar,  
 Po-Tung Fang,  S. Fatehi,  Qingguo Feng,  Qinghui Ge,  A. Ghysels,  
 J. Gomes,  J. Gonthier,  A. Gunina,  M. W. D. Hanson-Heine,  
 P. H. P. Harbach,  A. W. Hauser,  J. E. Herr,  E. G. Hohenstein,  
 Z. C. Holden,  Kerwin Hui,  T.-C. Jagau,  Hyunjun Ji,  B. Kaduk,  
 K. Khistyaev,  Jaehoon Kim,  P. Klunzinger,  K. Koh,  D. Kosenkov,  
 T. Kowalczyk,  C. M. Krauter,  A. Kunitsa,  Ka Un Lao,  A. Laurent,  
 K. V. Lawler,  Joonho Lee,  D. Lefrancois,  S. Lehtola,  D. S. Levine,  
 Yi-Pei Li,  You-Sheng Lin,  Fenglai Liu,  E. Livshits,  A. Luenser,  
 P. Manohar,  E. Mansoor,  S. F. Manzer,  Shan-Ping Mao,  Yuezhi Mao,  
 N. Mardirossian,  A. V. Marenich,  L. A. Martinez-Martinez,  S. A. Maurer,  
 N. J. Mayhall,  S. C. McKenzie,  J.-M. Mewes,  A. F. Morrison,  K. Nanda,  
 T. S. Nguyen-Beck,  R. Olivares-Amaya,  J. A. Parkhill,  T. M. Perrine,  
 F. Plasser,  S. Prager,  A. Prociuk,  D. R. Rehn,  F. Rob,  M. Schneider,  
 N. Sergueev,  S. M. Sharada,  S. Sharma,  D. W. Small,  T. Stauch,  
 T. Stein,  Yu-Chuan Su,  A. J. W. Thom,  T. Tsuchimochi,  L. Vogt,  
 O. Vydrov,  M. A. Watson,  J. Wenzel,  M. de Wergifosse,  T. A. Wesolowski,  
 A. White,  J. Witte,  A. Yamada,  Jun Yang,  K. Yao,  S. Yeganeh,  
 S. R. Yost,  Zhi-Qiang You,  A. Zech,  Igor Ying Zhang,  Xing Zhang,  
 Yan Zhao,  Ying Zhu,  B. R. Brooks,  G. K. L. Chan,  C. J. Cramer,  
 M. S. Gordon,  W. J. Hehre,  A. Klamt,  M. W. Schmidt,  C. D. Sherrill,  
 D. G. Truhlar,  A. Aspuru-Guzik,  R. Baer,  A. T. Bell,  N. A. Besley,  
 Jeng-Da Chai,  A. Dreuw,  B. D. Dunietz,  T. R. Furlani,  Chao-Ping Hsu,  
 Yousung Jung,  Jing Kong,  D. S. Lambrecht,  WanZhen Liang,  C. Ochsenfeld,  
 V. A. Rassolov,  L. V. Slipchenko,  J. E. Subotnik,  T. Van Voorhis,  
 J. M. Herbert,  A. I. Krylov,  P. M. W. Gill,  M. Head-Gordon

 Contributors to earlier versions of Q-Chem not listed above: 
 R. D. Adamson,  B. Austin,  J. Baker,  G. J. O. Beran,  K. Brandhorst,  
 S. T. Brown,  E. F. C. Byrd,  A. K. Chakraborty,  C.-L. Cheng,  
 Siu Hung Chien,  D. M. Chipman,  D. L. Crittenden,  H. Dachsel,  
 R. A. DiStasio Jr.,  R. J. Doerksen,  A. D. Dutoi,  L. Fusti-Molnar,  
 W. A. Goddard III,  A. Golubeva-Zadorozhnaya,  S. R. Gwaltney,  G. Hawkins,  
 A. Heyden,  S. Hirata,  G. Kedziora,  F. J. Keil,  C. Kelley,  Jihan Kim,  
 R. A. King,  R. Z. Khaliullin,  P. P. Korambath,  W. Kurlancheek,  
 A. M. Lee,  M. S. Lee,  S. V. Levchenko,  Ching Yeh Lin,  D. Liotard,  
 R. C. Lochan,  I. Lotan,  P. E. Maslen,  N. Nair,  D. P. O'Neill,  
 D. Neuhauser,  E. Neuscamman,  C. M. Oana,  R. Olson,  B. Peters,  
 R. Peverati,  P. A. Pieniazek,  Y. M. Rhee,  J. Ritchie,  M. A. Rohrdanz,  
 E. Rosta,  N. J. Russ,  H. F. Schaefer III,  N. E. Schultz,  N. Shenvi,  
 A. C. Simmonett,  A. Sodt,  D. Stuck,  K. S. Thanthiriwatte,  V. Vanovschi,  
 Tao Wang,  A. Warshel,  C. F. Williams,  Q. Wu,  X. Xu,  W. Zhang

 Please cite Q-Chem as follows:
 Y. Shao et al., Mol. Phys. 113, 184-215 (2015)
 DOI: 10.1080/00268976.2014.952696

 Q-Chem 5.0.1 for Intel X86 EM64T Linux

 Parts of Q-Chem use Armadillo 5.200.1 (Boston Tea Smuggler).
 http://arma.sourceforge.net/

 Q-Chem begins on Wed Jan 17 06:01:57 2018  

Host: vega02.cac.cornell.edu
0

     Scratch files written to /scratch/jj585/SOT1001/1408c.save//
 Parallel job on  1  processors

Checking the input file for inconsistencies... 	...done.

--------------------------------------------------------------
User input:
--------------------------------------------------------------
$molecule
0  1
O -3.94934 -3.66094 2.70899
C -3.26408 -4.56952 2.26188
C -3.36658 -6.02376 2.66595
C -2.09215 -6.69516 3.20345
C -0.90361 -5.79095 3.44399
O -1.18083 -4.92041 4.45924
C -2.57542 -4.62018 4.57858
C -2.96426 -4.50452 6.0488
O -4.02221 -5.42826 6.34935
C -4.58294 -6.04143 5.27756
C -5.68708 -6.99875 5.65843
C -5.21753 -8.41133 6.03582
C -3.73695 -8.56093 6.32252
O -3.14281 -8.05635 7.26431
O -2.25228 -4.22033 1.40467
O -3.18171 -9.66961 5.75355
O -5.01841 -5.30224 4.40653
C -2.03188 -10.31994 6.17689
C -6.45323 -6.61692 6.95021
C -7.84094 -7.258 6.94134
C -7.47924 -8.71494 7.14455
C -5.96744 -8.59216 7.36869
O -5.81123 -7.33254 7.97537
H -6.4453 -7.03901 4.83788
H -5.51577 -9.17457 5.28156
H -6.54375 -5.51868 7.09955
H -8.36875 -6.89304 7.85181
H -8.46786 -7.04467 6.04902
H -7.99103 -9.07848 8.0631
H -7.70809 -9.38561 6.2881
H -5.58629 -9.46282 7.94749
O 0.24685 -5.99517 3.07016
C -1.98623 -2.93156 0.99224
C -4.2742 -7.30796 2.58849
C -3.91657 -8.33301 1.47207
C -2.62542 -8.94143 2.03073
C -2.49005 -8.1598 3.35859
O -3.8441 -8.047 3.70101
H -3.38711 -6.09121 1.55992
H -1.59302 -6.86699 2.2247
H -1.74057 -2.2937 1.86807
H -5.35614 -7.05561 2.5787
H -4.69692 -9.12699 1.4702
H -3.84062 -7.91344 0.44566
H -2.81476 -10.01217 2.26862
H -1.73926 -8.87554 1.363
H -1.81544 -8.64367 4.07808
H -2.86423 -2.51288 0.45575
H -1.11697 -2.94252 0.30335
H -1.29549 -10.37796 5.35127
H -2.29533 -11.35709 6.46924
H -1.55026 -9.82548 7.04665
H -2.08753 -4.72295 6.69629
H -3.34562 -3.49642 6.34727
H -2.51981 -3.5253 4.37507
H -2.51981 -3.5253 4.37507
$end

$opt
CONSTRAINT
tors           1           2           3           4    -123.158
tors           3           4           5           6     +66.316
tors           4           5           6           7     -28.421
tors           5           6           7           8    +142.105
tors           6           7           8           9    -123.158
tors           7           8           9          10      -9.474
tors           8           9          10          11    -180.000
tors           9          10          11          12     -85.263
tors          11          12          13          14     +66.316
ENDCONSTRAINT
$end

$rem
JOBTYPE                   OPT
METHOD                    B3LYP
DFT_D                     d3_op
BASIS                     STO-3G
GEOM_OPT_MAX_CYCLES       100
GEOM_OPT_TOL_GRADIENT     300
GEOM_OPT_TOL_DISPLACEMENT 1200
GEOM_OPT_TOL_ENERGY       100
SYMMETRY                  False
THRESH                    12
SCF_CONVERGENCE           8
MAX_SUB_FILE_NUM          128
MEM_STATIC                400
MEM_TOTAL                 4000
$end
--------------------------------------------------------------
 Adding empirical dispersion correction 
 ----------------------------------------------------------------
 Doing -D3(op) with
 s6 =   1.00000
 s8 =   0.78311
 a1 =   0.30000
 a2 =   4.25000
 n  =  10.00000
 -D3 energy without 3body term =               NaN hartrees
 ----------------------------------------------------------------
             Standard Nuclear Orientation (Angstroms)
    I     Atom           X                Y                Z
 ----------------------------------------------------------------
    1      O       2.6326875296    -2.3413885116     0.7095087248
    2      C       2.8684964736    -1.1446005218     0.7937636093
    3      C       1.8285861518    -0.0555582342     0.9392497296
    4      C       1.8247990396     1.0584155454    -0.1204219700
    5      C       2.7444453202     0.8648710238    -1.3056956870
    6      O       2.3222062124    -0.1983212787    -2.0518589709
    7      C       1.6303045104    -1.1872197265    -1.2820451938
    8      C       0.4686039361    -1.7614138619    -2.0863296584
    9      O      -0.7603858561    -1.5868846148    -1.3638286375
   10      C      -0.6285798847    -1.1580990792    -0.0840241461
   11      C      -1.9539745991    -0.9943100287     0.6210649808
   12      C      -2.6451426657     0.3581220268     0.3941356743
   13      C      -2.1114694188     1.1881628851    -0.7560465832
   14      O      -2.1889393033     0.8920339241    -1.9396334096
   15      O       4.1742441728    -0.7563178914     0.6364695372
   16      O      -1.9600437850     2.5089364934    -0.4497509517
   17      O       0.0915927090    -1.8357263195     0.6349348211
   18      C      -1.9429433714     3.5629787085    -1.3513924981
   19      C      -3.0685390677    -1.9511040441     0.1273375285
   20      C      -4.1268623597    -2.1238444918     1.2167932802
   21      C      -4.7787793701    -0.7566082581     1.1952375245
   22      C      -4.0528006273    -0.1268645724     0.0005699292
   23      O      -3.7708334381    -1.2164931456    -0.8434139614
   24      H      -1.8226223047    -1.1941030211     1.7131501759
   25      H      -2.6615268101     0.9871107473     1.3130999238
   26      H      -2.6855944993    -2.9455676787    -0.1905035333
   27      H      -4.8591905386    -2.8722330189     0.8368658272
   28      H      -3.7517686273    -2.4551539765     2.2089183101
   29      H      -5.8623945755    -0.8881620903     0.9800722062
   30      H      -4.6424964367    -0.1502581899     2.1168902415
   31      H      -4.6662111076     0.6882870327    -0.4439399599
   32      O       3.5250076582     1.6963352287    -1.7578047460
   33      C       5.2280605050    -1.6213541388     0.4291228493
   34      C       0.7646804634     0.5694095772     1.9172393393
   35      C       1.2246510993     1.8223595781     2.7194635256
   36      C       1.2460774086     2.8881545382     1.6181160641
   37      C       0.7901673062     2.0518139081     0.3994434246
   38      O      -0.1237552775     1.1984955113     1.0319147074
   39      H       2.5422839086     0.1995477770     1.7478471445
   40      H       2.6823121974     1.6432586495     0.2786238872
   41      H       5.0716541598    -2.1952720065    -0.5091989188
   42      H       0.3074756364    -0.1947036405     2.5816678658
   43      H       0.4164860052     2.0876930556     3.4376704499
   44      H       2.1730758975     1.7039661924     3.2867361971
   45      H       0.4594986675     3.6429067400     1.8429903249
   46      H       2.2160648610     3.4134808367     1.4815839694
   47      H       0.4276982854     2.6668388545    -0.4355746670
   48      H       5.3231654662    -2.3206419841     1.2869981422
   49      H       6.1659887222    -1.0363245594     0.3378345583
   50      H      -1.0062987655     4.1451670384    -1.2463279102
   51      H      -2.7906719211     4.2413107399    -1.1238479777
   52      H      -2.0370099124     3.2312671680    -2.4068781272
   53      H       0.3942018347    -1.2514839670    -3.0712389372
   54      H       0.5478266845    -2.8576667554    -2.2930631826
   55      H       2.3325615486    -2.0372420567    -1.4480816270
   56      H       2.3325615486    -2.0372420567    -1.4480816270
 ----------------------------------------------------------------
 Molecular Point Group                 C1    NOp =  1
 Largest Abelian Subgroup              C1    NOp =  1
 Nuclear Repulsion Energy =              NaN hartrees
 There are      113 alpha and      113 beta electrons
 Requested basis set is STO-3G
 There are 86 shells and 176 basis functions

 Total QAlloc Memory Limit   4000 MB
 Mega-Array Size       392 MB
 MEM_STATIC part       400 MB
 A cutoff of  1.0D-12 yielded   2766 shell pairs
 There are     13209 function pairs
 
 -------------------------------------------------------
 OpenMP Integral Computing Module                       
 Release: version 1.0, May 2013, Q-Chem Inc. Pittsburgh 
 -------------------------------------------------------
 Integral Job Info:
 Integral job number is                      11
 Integral operator is                         1
 short-range coefficients                     0
 long-range coefficients              100000000
 Omega coefficients                           0
 if combine SR and LR in K                    0
 Integral screening is                        0
 Integral computing path is                   2
 max size of driver memory is            800000
 size of driver memory is                 45569
 size of scratch memory is              1046100
 max col of scratch BK array                289
 max len of scratch array in speh3           22
 max len of scratch index in speh4            8
 max int batch size is                      520
 min int batch size is                       52
 fixed nKL is                                52
 max L of basis functions is                  1
 order of int derivative is                   0
 number of shells is                         86
 number of basis is                         176
 number of cartesian basis is               176
 number of contracted shell pairs          2766
 number of primitive shell pairs          13637
 maxK2 (contraction) of shell pair            9
 max number of K2 of shell pair               1
 max number of CS2 of shell pair            435
 max number of PS2 of shell pair           1464
 mem total for path MDJ                   58826
 -------------------------------------------------------
 Smallest overlap matrix eigenvalue = 3.01E-16
 Linear dependence detected in AO basis
 Number of orthogonalized atomic orbitals = 175
 Maximum deviation from orthogonality = 3.109E-15

 Scale SEOQF with 1.000000e-02/1.000000e-01/1.000000e-01

 Standard Electronic Orientation quadrupole field applied
 Nucleus-field energy     =     0.0000000111 hartrees
 Guess from superposition of atomic densities
 Warning:  Energy on first SCF cycle will be non-variational
 A restricted hybrid HF-DFT SCF calculation will be
 performed using Pulay DIIS extrapolation
 Exchange:     0.2000 Hartree-Fock + 0.0800 Slater + 0.7200 B88
 Correlation:  0.1900 VWN1RPA + 0.8100 LYP
 Using SG-1 standard quadrature grid
 Dispersion:   Grimme D3
 SCF converges when DIIS error is below 1.0E-08
 using 48 threads for integral computing
 -------------------------------------------------------
 OpenMP Integral computing Module                
 Release: version 1.0, May 2013, Q-Chem Inc. Pittsburgh 
 -------------------------------------------------------
 -------------------------------------------------------
 OpenMP BLAS3 based DFT computing Module                
 Release: version 1.0, May 2013, Q-Chem Inc. Pittsburgh 
 -------------------------------------------------------
 ---------------------------------------
  Cycle       Energy         DIIS Error
 ---------------------------------------
    1               -nan          -NAN
    2               -nan          -NAN Convergence criterion met
 ---------------------------------------
 SCF time:  CPU 15.02 s  wall 0.36 s
 SCF   energy in the final basis set = -nan
 Total energy in the final basis set = -nan
 
 --------------------------------------------------------------
 
                    Orbital Energies (a.u.)
 --------------------------------------------------------------
 
 Alpha MOs
 -- Occupied --
    NaN     NaN     NaN     NaN     NaN     NaN     NaN     NaN
    NaN     NaN     NaN     NaN     NaN     NaN     NaN     NaN
    NaN     NaN     NaN     NaN     NaN     NaN     NaN     NaN
    NaN     NaN     NaN     NaN     NaN     NaN     NaN     NaN
    NaN     NaN     NaN     NaN     NaN     NaN     NaN     NaN
    NaN     NaN     NaN     NaN     NaN     NaN     NaN     NaN
    NaN     NaN     NaN     NaN     NaN     NaN     NaN     NaN
    NaN     NaN     NaN     NaN     NaN     NaN     NaN     NaN
    NaN     NaN     NaN     NaN     NaN     NaN     NaN     NaN
    NaN     NaN     NaN     NaN     NaN     NaN     NaN     NaN
    NaN     NaN     NaN     NaN     NaN     NaN     NaN     NaN
    NaN     NaN     NaN     NaN     NaN     NaN     NaN     NaN
    NaN     NaN     NaN     NaN     NaN     NaN     NaN     NaN
    NaN     NaN     NaN     NaN     NaN     NaN     NaN     NaN
    NaN
 -- Virtual --
    NaN     NaN     NaN     NaN     NaN     NaN     NaN     NaN
    NaN     NaN     NaN     NaN     NaN     NaN     NaN     NaN
    NaN     NaN     NaN     NaN     NaN     NaN     NaN     NaN
    NaN     NaN     NaN     NaN     NaN     NaN     NaN     NaN
    NaN     NaN     NaN     NaN     NaN     NaN     NaN     NaN
    NaN     NaN     NaN     NaN     NaN     NaN     NaN     NaN
    NaN     NaN     NaN     NaN     NaN     NaN     NaN     NaN
    NaN     NaN     NaN     NaN     NaN     NaN
 --------------------------------------------------------------
 
          Ground-State Mulliken Net Atomic Charges

     Atom                 Charge (a.u.)
  ----------------------------------------
      1 O                          NaN
      2 C                          NaN
      3 C                          NaN
      4 C                          NaN
      5 C                          NaN
      6 O                          NaN
      7 C                          NaN
      8 C                          NaN
      9 O                          NaN
     10 C                          NaN
     11 C                          NaN
     12 C                          NaN
     13 C                          NaN
     14 O                          NaN
     15 O                          NaN
     16 O                          NaN
     17 O                          NaN
     18 C                          NaN
     19 C                          NaN
     20 C                          NaN
     21 C                          NaN
     22 C                          NaN
     23 O                          NaN
     24 H                          NaN
     25 H                          NaN
     26 H                          NaN
     27 H                          NaN
     28 H                          NaN
     29 H                          NaN
     30 H                          NaN
     31 H                          NaN
     32 O                          NaN
     33 C                          NaN
     34 C                          NaN
     35 C                          NaN
     36 C                          NaN
     37 C                          NaN
     38 O                          NaN
     39 H                          NaN
     40 H                          NaN
     41 H                          NaN
     42 H                          NaN
     43 H                          NaN
     44 H                          NaN
     45 H                          NaN
     46 H                          NaN
     47 H                          NaN
     48 H                          NaN
     49 H                          NaN
     50 H                          NaN
     51 H                          NaN
     52 H                          NaN
     53 H                          NaN
     54 H                          NaN
     55 H                          NaN
     56 H                          NaN
  ----------------------------------------
  Sum of atomic charges =          NaN

 -----------------------------------------------------------------
                    Cartesian Multipole Moments
 -----------------------------------------------------------------
    Charge (ESU x 10^10)
                    NaN
    Dipole Moment (Debye)
         X          NaN      Y          NaN      Z          NaN
       Tot          NaN
    Quadrupole Moments (Debye-Ang)
        XX          NaN     XY          NaN     YY          NaN
        XZ          NaN     YZ          NaN     ZZ          NaN
    Octopole Moments (Debye-Ang^2)
       XXX          NaN    XXY          NaN    XYY          NaN
       YYY          NaN    XXZ          NaN    XYZ          NaN
       YYZ          NaN    XZZ          NaN    YZZ          NaN
       ZZZ          NaN
    Hexadecapole Moments (Debye-Ang^3)
      XXXX          NaN   XXXY          NaN   XXYY          NaN
      XYYY          NaN   YYYY          NaN   XXXZ          NaN
      XXYZ          NaN   XYYZ          NaN   YYYZ          NaN
      XXZZ          NaN   XYZZ          NaN   YYZZ          NaN
      XZZZ          NaN   YZZZ          NaN   ZZZZ          NaN
 -----------------------------------------------------------------
 Calculating analytic gradient of the SCF energy
 Gradient of SCF Energy
            1           2           3           4           5           6
    1         nan         nan         nan         nan         nan         nan
    2         nan         nan         nan         nan         nan         nan
    3         nan         nan         nan         nan         nan         nan
            7           8           9          10          11          12
    1         nan         nan         nan         nan         nan         nan
    2         nan         nan         nan         nan         nan         nan
    3         nan         nan         nan         nan         nan         nan
           13          14          15          16          17          18
    1         nan         nan         nan         nan         nan         nan
    2         nan         nan         nan         nan         nan         nan
    3         nan         nan         nan         nan         nan         nan
           19          20          21          22          23          24
    1         nan         nan         nan         nan         nan         nan
    2         nan         nan         nan         nan         nan         nan
    3         nan         nan         nan         nan         nan         nan
           25          26          27          28          29          30
    1         nan         nan         nan         nan         nan         nan
    2         nan         nan         nan         nan         nan         nan
    3         nan         nan         nan         nan         nan         nan
           31          32          33          34          35          36
    1         nan         nan         nan         nan         nan         nan
    2         nan         nan         nan         nan         nan         nan
    3         nan         nan         nan         nan         nan         nan
           37          38          39          40          41          42
    1         nan         nan         nan         nan         nan         nan
    2         nan         nan         nan         nan         nan         nan
    3         nan         nan         nan         nan         nan         nan
           43          44          45          46          47          48
    1         nan         nan         nan         nan         nan         nan
    2         nan         nan         nan         nan         nan         nan
    3         nan         nan         nan         nan         nan         nan
           49          50          51          52          53          54
    1         nan         nan         nan         nan         nan         nan
    2         nan         nan         nan         nan         nan         nan
    3         nan         nan         nan         nan         nan         nan
           55          56
    1        -nan        -nan
    2        -nan        -nan
    3        -nan        -nan
 Max gradient component =       0.000E+00
 RMS gradient           =             NAN
 Gradient time:  CPU 21.91 s  wall 0.48 s
 Geometry Optimization Parameters
   NAtoms,    NIC,     NZ,  NCons,   NDum,   NFix, NCnnct, MaxDiis
       56     465       0       9       0       0       0       0


** CONSTRAINED OPTIMIZATION IN DELOCALIZED INTERNAL COORDINATES **
   Searching for a Minimum

   Optimization Cycle:   1

                       Coordinates (Angstroms)
     ATOM                X               Y               Z
      1  O         2.6326875296   -2.3413885116    0.7095087248
      2  C         2.8684964736   -1.1446005218    0.7937636093
      3  C         1.8285861518   -0.0555582342    0.9392497296
      4  C         1.8247990396    1.0584155454   -0.1204219700
      5  C         2.7444453202    0.8648710238   -1.3056956870
      6  O         2.3222062124   -0.1983212787   -2.0518589709
      7  C         1.6303045104   -1.1872197265   -1.2820451938
      8  C         0.4686039361   -1.7614138619   -2.0863296584
      9  O        -0.7603858561   -1.5868846148   -1.3638286375
     10  C        -0.6285798847   -1.1580990792   -0.0840241461
     11  C        -1.9539745991   -0.9943100287    0.6210649808
     12  C        -2.6451426657    0.3581220268    0.3941356743
     13  C        -2.1114694188    1.1881628851   -0.7560465832
     14  O        -2.1889393033    0.8920339241   -1.9396334096
     15  O         4.1742441728   -0.7563178914    0.6364695372
     16  O        -1.9600437850    2.5089364934   -0.4497509517
     17  O         0.0915927090   -1.8357263195    0.6349348211
     18  C        -1.9429433714    3.5629787085   -1.3513924981
     19  C        -3.0685390677   -1.9511040441    0.1273375285
     20  C        -4.1268623597   -2.1238444918    1.2167932802
     21  C        -4.7787793701   -0.7566082581    1.1952375245
     22  C        -4.0528006273   -0.1268645724    0.0005699292
     23  O        -3.7708334381   -1.2164931456   -0.8434139614
     24  H        -1.8226223047   -1.1941030211    1.7131501759
     25  H        -2.6615268101    0.9871107473    1.3130999238
     26  H        -2.6855944993   -2.9455676787   -0.1905035333
     27  H        -4.8591905386   -2.8722330189    0.8368658272
     28  H        -3.7517686273   -2.4551539765    2.2089183101
     29  H        -5.8623945755   -0.8881620903    0.9800722062
     30  H        -4.6424964367   -0.1502581899    2.1168902415
     31  H        -4.6662111076    0.6882870327   -0.4439399599
     32  O         3.5250076582    1.6963352287   -1.7578047460
     33  C         5.2280605050   -1.6213541388    0.4291228493
     34  C         0.7646804634    0.5694095772    1.9172393393
     35  C         1.2246510993    1.8223595781    2.7194635256
     36  C         1.2460774086    2.8881545382    1.6181160641
     37  C         0.7901673062    2.0518139081    0.3994434246
     38  O        -0.1237552775    1.1984955113    1.0319147074
     39  H         2.5422839086    0.1995477770    1.7478471445
     40  H         2.6823121974    1.6432586495    0.2786238872
     41  H         5.0716541598   -2.1952720065   -0.5091989188
     42  H         0.3074756364   -0.1947036405    2.5816678658
     43  H         0.4164860052    2.0876930556    3.4376704499
     44  H         2.1730758975    1.7039661924    3.2867361971
     45  H         0.4594986675    3.6429067400    1.8429903249
     46  H         2.2160648610    3.4134808367    1.4815839694
     47  H         0.4276982854    2.6668388545   -0.4355746670
     48  H         5.3231654662   -2.3206419841    1.2869981422
     49  H         6.1659887222   -1.0363245594    0.3378345583
     50  H        -1.0062987655    4.1451670384   -1.2463279102
     51  H        -2.7906719211    4.2413107399   -1.1238479777
     52  H        -2.0370099124    3.2312671680   -2.4068781272
     53  H         0.3942018347   -1.2514839670   -3.0712389372
     54  H         0.5478266845   -2.8576667554   -2.2930631826
     55  H         2.3325615486   -2.0372420567   -1.4480816270
     56  H         2.3325615486   -2.0372420567   -1.4480816270
   Point Group: c1    Number of degrees of freedom:   162


   Energy is              NaN

              Constraints and their Current Values
                                        Value     Constraint
   Dihedral:        1   2   3   4     -123.158     -123.158
   Dihedral:        3   4   5   6       66.315       66.316
   Dihedral:        4   5   6   7      -28.420      -28.421
   Dihedral:        5   6   7   8      142.105      142.105
   Dihedral:        6   7   8   9     -123.158     -123.158
   Dihedral:        7   8   9  10       -9.474       -9.474
   Dihedral:        8   9  10  11     -180.000     -180.000
   Dihedral:        9  10  11  12      -85.263      -85.263
   Dihedral:       11  12  13  14       66.316       66.316

 Attempting to Generate Delocalized Internal Coordinates

  ***ERROR*** Wrong Number of Internal Coordinates
              Should be: 162  Found: 149
**WARNING** Problems with Internal Coordinates
  Switching to Cartesian Coordinates

   Using Penalty Function Algorithm


 Translations and Rotations Projected Out of Hessian

162 Hessian modes will be used to form the next step
  Hessian Eigenvalues:
     0.999859    0.999903    0.999926    0.999960    0.999976    0.999985
     0.999988    0.999992    0.999994    0.999996    0.999997    0.999998
     0.999998    0.999999    0.999999    1.000000    1.000000    1.000000
     1.000000    1.000000    1.000000    1.000000    1.000000    1.000000
     1.000000    1.000000    1.000000    1.000000    1.000000    1.000000
     1.000000    1.000000    1.000000    1.000000    1.000000    1.000000
     1.000000    1.000000    1.000000    1.000000    1.000000    1.000000
     1.000000    1.000000    1.000000    1.000000    1.000000    1.000000
     1.000000    1.000000    1.000000    1.000000    1.000000    1.000000
     1.000000    1.000000    1.000000    1.000000    1.000000    1.000000
     1.000000    1.000000    1.000000    1.000000    1.000000    1.000000
     1.000000    1.000000    1.000000    1.000000    1.000000    1.000000
     1.000000    1.000000    1.000000    1.000000    1.000000    1.000000
     1.000000    1.000000    1.000000    1.000000    1.000000    1.000000
     1.000000    1.000000    1.000000    1.000000    1.000000    1.000000
     1.000000    1.000000    1.000000    1.000000    1.000000    1.000000
     1.000000    1.000000    1.000000    1.000000    1.000000    1.000000
     1.000000    1.000000    1.000000    1.000000    1.000000    1.000000
     1.000000    1.000000    1.000000    1.000000    1.000000    1.000000
     1.000000    1.000000    1.000000    1.000000    1.000000    1.000000
     1.000000    1.000000    1.000000    1.000000    1.000000    1.000000
     1.000000    1.000000    1.000000    1.000000    1.000000    1.000000
     1.000000    1.000000    1.000000    1.000000    1.000000    1.000000
     1.000000    1.000000    1.000001    1.000001    1.000002    1.000003
     1.000003    1.000005    1.000006    1.000009    1.000012    1.000018
     1.000027    1.000046    1.000067    1.000147    1.084993    1.854888
     2.762475    5.614752    7.933239    9.186015   14.226494   17.480754

 Minimum Search - Taking Simple RFO Step
 Searching for Lamda that Minimizes Along All modes


 ****************************************
 ** UNABLE TO DETERMINE Lamda IN FormD **
 ****************************************



 Taking Simple Newton-Raphson Step
 Step Taken.  Stepsize is       NaN

                             Maximum     Tolerance    Cnvgd?
         Gradient                NaN      0.000300      NO
         Displacement            NaN      0.001200      NO
         Energy change           NaN      0.000001      NO

 Adding empirical dispersion correction 
 ----------------------------------------------------------------
 Doing -D3(op) with
 s6 =   1.00000
 s8 =   0.78311
 a1 =   0.30000
 a2 =   4.25000
 n  =  10.00000
 -D3 energy without 3body term =               NaN hartrees
 ----------------------------------------------------------------
             Standard Nuclear Orientation (Angstroms)
    I     Atom           X                Y                Z
 ----------------------------------------------------------------
    1      O                NaN              NaN              NaN
    2      C                NaN              NaN              NaN
    3      C                NaN              NaN              NaN
    4      C                NaN              NaN              NaN
    5      C                NaN              NaN              NaN
    6      O                NaN              NaN              NaN
    7      C                NaN              NaN              NaN
    8      C                NaN              NaN              NaN
    9      O                NaN              NaN              NaN
   10      C                NaN              NaN              NaN
   11      C                NaN              NaN              NaN
   12      C                NaN              NaN              NaN
   13      C                NaN              NaN              NaN
   14      O                NaN              NaN              NaN
   15      O                NaN              NaN              NaN
   16      O                NaN              NaN              NaN
   17      O                NaN              NaN              NaN
   18      C                NaN              NaN              NaN
   19      C                NaN              NaN              NaN
   20      C                NaN              NaN              NaN
   21      C                NaN              NaN              NaN
   22      C                NaN              NaN              NaN
   23      O                NaN              NaN              NaN
   24      H                NaN              NaN              NaN
   25      H                NaN              NaN              NaN
   26      H                NaN              NaN              NaN
   27      H                NaN              NaN              NaN
   28      H                NaN              NaN              NaN
   29      H                NaN              NaN              NaN
   30      H                NaN              NaN              NaN
   31      H                NaN              NaN              NaN
   32      O                NaN              NaN              NaN
   33      C                NaN              NaN              NaN
   34      C                NaN              NaN              NaN
   35      C                NaN              NaN              NaN
   36      C                NaN              NaN              NaN
   37      C                NaN              NaN              NaN
   38      O                NaN              NaN              NaN
   39      H                NaN              NaN              NaN
   40      H                NaN              NaN              NaN
   41      H                NaN              NaN              NaN
   42      H                NaN              NaN              NaN
   43      H                NaN              NaN              NaN
   44      H                NaN              NaN              NaN
   45      H                NaN              NaN              NaN
   46      H                NaN              NaN              NaN
   47      H                NaN              NaN              NaN
   48      H                NaN              NaN              NaN
   49      H                NaN              NaN              NaN
   50      H                NaN              NaN              NaN
   51      H                NaN              NaN              NaN
   52      H                NaN              NaN              NaN
   53      H                NaN              NaN              NaN
   54      H                NaN              NaN              NaN
   55      H                NaN              NaN              NaN
   56      H                NaN              NaN              NaN
 ----------------------------------------------------------------
 Molecular Point Group                 C1    NOp =  1
 Largest Abelian Subgroup              C1    NOp =  1
 Nuclear Repulsion Energy =              NaN hartrees
 There are      113 alpha and      113 beta electrons
 Applying Cartesian multipole field
    Component          Value
    ---------          -----
     (2,0,0)        1.00000E-12
     (0,2,0)        2.00000E-11
     (0,0,2)       -3.00000E-11
 Requested basis set is STO-3G
 There are 86 shells and 176 basis functions
