mFile = /opt/software/qchem/qchem-5.0.1//bin/mpi/machines
Process 0 of 1 is on vega02.cac.cornell.edu - thread support 0
initial socket setup ...start
initial socket setup ...done 
now start server 0 ... 
vega02.cac.cornell.edu 10.84.3
Q-Chem Developer Version! Running on 10.84.3.*
                  Welcome to Q-Chem
     A Quantum Leap Into The Future Of Chemistry


 Q-Chem 5.0, Q-Chem, Inc., Pleasanton, CA (2017)

 Yihan Shao,  Zhengting Gan,  E. Epifanovsky,  A. T. B. Gilbert,  M. Wormit,  
 J. Kussmann,  A. W. Lange,  A. Behn,  Jia Deng,  Xintian Feng,  D. Ghosh,  
 M. Goldey,  P. R. Horn,  L. D. Jacobson,  I. Kaliman,  T. Kus,  A. Landau,  
 Jie Liu,  E. I. Proynov,  R. M. Richard,  R. P. Steele,  E. J. Sundstrom,  
 H. L. Woodcock III,  P. M. Zimmerman,  D. Zuev,  B. Albrecht,  E. Alguire,  
 S. A. Baeppler,  Z. Benda,  Y. A. Bernard,  E. J. Berquist,  K. B. Bravaya,  
 D. Casanova,  Chun-Min Chang,  Yunqing Chen,  A. Chien,  K. D. Closser,  
 M. P. Coons,  S. Dasgupta,  M. Diedenhofen,  Hainam Do,  R. G. Edgar,  
 Po-Tung Fang,  S. Fatehi,  Qingguo Feng,  Qinghui Ge,  A. Ghysels,  
 J. Gomes,  J. Gonthier,  A. Gunina,  M. W. D. Hanson-Heine,  
 P. H. P. Harbach,  A. W. Hauser,  J. E. Herr,  E. G. Hohenstein,  
 Z. C. Holden,  Kerwin Hui,  T.-C. Jagau,  Hyunjun Ji,  B. Kaduk,  
 K. Khistyaev,  Jaehoon Kim,  P. Klunzinger,  K. Koh,  D. Kosenkov,  
 T. Kowalczyk,  C. M. Krauter,  A. Kunitsa,  Ka Un Lao,  A. Laurent,  
 K. V. Lawler,  Joonho Lee,  D. Lefrancois,  S. Lehtola,  D. S. Levine,  
 Yi-Pei Li,  You-Sheng Lin,  Fenglai Liu,  E. Livshits,  A. Luenser,  
 P. Manohar,  E. Mansoor,  S. F. Manzer,  Shan-Ping Mao,  Yuezhi Mao,  
 N. Mardirossian,  A. V. Marenich,  L. A. Martinez-Martinez,  S. A. Maurer,  
 N. J. Mayhall,  S. C. McKenzie,  J.-M. Mewes,  A. F. Morrison,  K. Nanda,  
 T. S. Nguyen-Beck,  R. Olivares-Amaya,  J. A. Parkhill,  T. M. Perrine,  
 F. Plasser,  S. Prager,  A. Prociuk,  D. R. Rehn,  F. Rob,  M. Schneider,  
 N. Sergueev,  S. M. Sharada,  S. Sharma,  D. W. Small,  T. Stauch,  
 T. Stein,  Yu-Chuan Su,  A. J. W. Thom,  T. Tsuchimochi,  L. Vogt,  
 O. Vydrov,  M. A. Watson,  J. Wenzel,  M. de Wergifosse,  T. A. Wesolowski,  
 A. White,  J. Witte,  A. Yamada,  Jun Yang,  K. Yao,  S. Yeganeh,  
 S. R. Yost,  Zhi-Qiang You,  A. Zech,  Igor Ying Zhang,  Xing Zhang,  
 Yan Zhao,  Ying Zhu,  B. R. Brooks,  G. K. L. Chan,  C. J. Cramer,  
 M. S. Gordon,  W. J. Hehre,  A. Klamt,  M. W. Schmidt,  C. D. Sherrill,  
 D. G. Truhlar,  A. Aspuru-Guzik,  R. Baer,  A. T. Bell,  N. A. Besley,  
 Jeng-Da Chai,  A. Dreuw,  B. D. Dunietz,  T. R. Furlani,  Chao-Ping Hsu,  
 Yousung Jung,  Jing Kong,  D. S. Lambrecht,  WanZhen Liang,  C. Ochsenfeld,  
 V. A. Rassolov,  L. V. Slipchenko,  J. E. Subotnik,  T. Van Voorhis,  
 J. M. Herbert,  A. I. Krylov,  P. M. W. Gill,  M. Head-Gordon

 Contributors to earlier versions of Q-Chem not listed above: 
 R. D. Adamson,  B. Austin,  J. Baker,  G. J. O. Beran,  K. Brandhorst,  
 S. T. Brown,  E. F. C. Byrd,  A. K. Chakraborty,  C.-L. Cheng,  
 Siu Hung Chien,  D. M. Chipman,  D. L. Crittenden,  H. Dachsel,  
 R. A. DiStasio Jr.,  R. J. Doerksen,  A. D. Dutoi,  L. Fusti-Molnar,  
 W. A. Goddard III,  A. Golubeva-Zadorozhnaya,  S. R. Gwaltney,  G. Hawkins,  
 A. Heyden,  S. Hirata,  G. Kedziora,  F. J. Keil,  C. Kelley,  Jihan Kim,  
 R. A. King,  R. Z. Khaliullin,  P. P. Korambath,  W. Kurlancheek,  
 A. M. Lee,  M. S. Lee,  S. V. Levchenko,  Ching Yeh Lin,  D. Liotard,  
 R. C. Lochan,  I. Lotan,  P. E. Maslen,  N. Nair,  D. P. O'Neill,  
 D. Neuhauser,  E. Neuscamman,  C. M. Oana,  R. Olson,  B. Peters,  
 R. Peverati,  P. A. Pieniazek,  Y. M. Rhee,  J. Ritchie,  M. A. Rohrdanz,  
 E. Rosta,  N. J. Russ,  H. F. Schaefer III,  N. E. Schultz,  N. Shenvi,  
 A. C. Simmonett,  A. Sodt,  D. Stuck,  K. S. Thanthiriwatte,  V. Vanovschi,  
 Tao Wang,  A. Warshel,  C. F. Williams,  Q. Wu,  X. Xu,  W. Zhang

 Please cite Q-Chem as follows:
 Y. Shao et al., Mol. Phys. 113, 184-215 (2015)
 DOI: 10.1080/00268976.2014.952696

 Q-Chem 5.0.1 for Intel X86 EM64T Linux

 Parts of Q-Chem use Armadillo 5.200.1 (Boston Tea Smuggler).
 http://arma.sourceforge.net/

 Q-Chem begins on Wed Jan 17 06:34:14 2018  

Host: vega02.cac.cornell.edu
0

     Scratch files written to /scratch/jj585/SOT1001/1415c.save//
 Parallel job on  1  processors

Checking the input file for inconsistencies... 	...done.

--------------------------------------------------------------
User input:
--------------------------------------------------------------
$molecule
0  1
O -3.94934 -3.66094 2.70899
C -3.26408 -4.56952 2.26188
C -3.36658 -6.02376 2.66595
C -4.55778 -6.42467 3.55148
C -5.60993 -5.36381 3.78738
O -5.37997 -4.29275 2.97168
C -4.37078 -4.54107 1.98724
C -3.99766 -6.01987 1.97842
O -4.91618 -6.76125 2.79668
C -6.00231 -6.07176 3.2257
C -6.13989 -4.72048 2.56556
C -5.18309 -4.47394 1.38997
C -4.49914 -5.70297 0.8257
O -4.76863 -6.85979 1.11505
O -1.93758 -4.24142 1.82047
O -3.91727 -5.49098 -0.45704
O -7.06114 -6.9211 3.26624
C -3.65875 -6.44553 -1.42685
C -7.55093 -4.95917 1.66637
C -8.24841 -3.7018 1.04683
C -7.43664 -3.54507 -0.17458
C -6.34196 -4.61424 0.13359
O -7.14252 -5.66548 0.55143
H -7.23568 -4.03899 3.06321
H -5.6 -3.27918 0.97497
H -8.39352 -5.47834 2.19684
H -9.2944 -3.92446 0.73535
H -8.25574 -2.80803 1.70848
H -8.02371 -3.91085 -1.05098
H -7.09794 -2.50799 -0.39323
H -5.94395 -4.74989 -0.89758
O -5.86779 -4.92542 5.07232
C -1.32787 -3.01002 1.97438
C -2.23838 -7.16748 3.37077
C -1.68286 -6.96874 4.82834
C -2.8873 -7.34749 5.67119
C -3.88545 -7.7142 4.55033
O -3.02857 -8.31732 3.60128
H -2.55534 -5.47157 3.41983
H -4.1008 -5.84685 4.49107
H -1.2559 -2.76147 3.05408
H -1.36754 -7.33917 2.6982
H -0.89852 -7.74177 4.99494
H -1.23452 -5.97673 5.05461
H -2.64076 -8.26019 6.25844
H -3.26068 -6.5594 6.36053
H -4.69582 -8.37778 4.92187
H -1.88501 -2.2071 1.45078
H -0.30384 -3.05903 1.55146
H -2.57034 -6.46355 -1.6404
H -4.20106 -6.17384 -2.35543
H -3.98414 -7.46088 -1.11721
H -2.8059 -6.84216 1.0056
H -2.8059 -6.84216 1.0056
H -3.70825 -3.38291 0.74007
H -3.70825 -3.38291 0.74007
$end

$opt
CONSTRAINT
tors           1           2           3           4      +9.474
tors           3           4           5           6      +9.474
tors           4           5           6           7      +9.474
tors           5           6           7           8      +9.474
tors           6           7           8           9      +9.474
tors           7           8           9          10      +9.474
tors           8           9          10          11      +9.474
tors           9          10          11          12      +9.474
tors          11          12          13          14      +9.474
ENDCONSTRAINT
$end

$rem
JOBTYPE                   OPT
METHOD                    B3LYP
DFT_D                     d3_op
BASIS                     STO-3G
GEOM_OPT_MAX_CYCLES       100
GEOM_OPT_TOL_GRADIENT     300
GEOM_OPT_TOL_DISPLACEMENT 1200
GEOM_OPT_TOL_ENERGY       100
SYMMETRY                  False
THRESH                    12
SCF_CONVERGENCE           8
MAX_SUB_FILE_NUM          128
MEM_STATIC                400
MEM_TOTAL                 4000
$end
--------------------------------------------------------------
 Adding empirical dispersion correction 
 ----------------------------------------------------------------
 Doing -D3(op) with
 s6 =   1.00000
 s8 =   0.78311
 a1 =   0.30000
 a2 =   4.25000
 n  =  10.00000
 -D3 energy without 3body term =               NaN hartrees
 ----------------------------------------------------------------
             Standard Nuclear Orientation (Angstroms)
    I     Atom           X                Y                Z
 ----------------------------------------------------------------
    1      O       0.0224036553    -0.7253730869    -1.8958807098
    2      C       0.5821503145    -1.2407476481    -0.9387605630
    3      C       1.3138253512    -0.4932633858     0.1541766313
    4      C       1.1685948058     1.0371696391     0.1772524582
    5      C       0.1664480296     1.6341175922    -0.7857882223
    6      O      -0.5764721375     0.6406988700    -1.3572831769
    7      C      -0.3680898256    -0.6387401364    -0.7499430473
    8      C       0.4569427180    -0.4877895977     0.5239019211
    9      O       0.5929736544     0.9026869116     0.8569835686
   10      C      -0.1736164214     1.7538859898     0.1310822099
   11      C      -1.1877529241     1.0418036114    -0.7321307155
   12      C      -1.3216877672    -0.4644519101    -0.4647062933
   13      C      -0.7100273222    -0.9628044875     0.8292099269
   14      O      -0.2787435632    -0.2552141071     1.7280374787
   15      O       1.1175187089    -2.5610612015    -1.1183363163
   16      O      -1.1573674434    -2.2615746961     1.2060615233
   17      O      -0.5625437096     2.7748991491     0.9375625811
   18      C      -1.1931409619    -2.7965360474     2.4831935983
   19      C      -2.6241023539     1.5348295619     0.0097420376
   20      C      -3.9691395206     1.2736395910    -0.7478477579
   21      C      -4.1975022887    -0.1333604519    -0.3689301686
   22      C      -2.8347254075    -0.4083854003     0.3407303067
   23      O      -2.7380639499     0.7292009347     1.1263167182
   24      H      -1.9166818010     1.9462740430    -1.4827543212
   25      H      -2.3232311731    -0.7757232087    -1.2853836906
   26      H      -2.6938768628     2.6229215959     0.2782212011
   27      H      -4.8024219929     1.8804402841    -0.3257984879
   28      H      -3.9199178511     1.4492654297    -1.8448400351
   29      H      -4.9950182728    -0.1751419521     0.4112914119
   30      H      -4.4917001065    -0.8105373037    -1.2013601021
   31      H      -3.1252473573    -1.3155549073     0.9175881173
   32      O       0.5912404714     2.5184507469    -1.7590582918
   33      C       1.1623920948    -3.2467963409    -2.3181422298
   34      C       2.9676485023    -0.5158414978     0.7390365500
   35      C       4.1574602622    -0.0303457703    -0.1671931325
   36      C       3.9687324810     1.4757382046    -0.1423680675
   37      C       2.7368858931     1.5692712679     0.7854855504
   38      O       2.9967009473     0.5220654335     1.6990221120
   39      H       2.1225208472    -0.7427765817    -0.7486599807
   40      H       1.8315535287     1.1515621144    -0.8091227920
   41      H       1.7673074190    -2.6747153905    -3.0526554768
   42      H       3.2376183265    -1.5182928488     1.1420225913
   43      H       5.1039282564    -0.2602620234     0.3730448049
   44      H       4.2252573691    -0.4865618549    -1.1789051197
   45      H       4.8462763596     1.9383940276     0.3621437307
   46      H       3.8193615799     1.9595171474    -1.1319813134
   47      H       2.6495262929     2.5734784543     1.2534771654
   48      H       0.1482668993    -3.4164269202    -2.7328927818
   49      H       1.6426044583    -4.2326372731    -2.1525690138
   50      H      -0.5537409654    -3.7023767121     2.5176172199
   51      H      -2.2362544770    -3.0855299056     2.7252125090
   52      H      -0.8432006736    -2.0765215360     3.2524868468
   53      H       1.0210044184    -1.7258028192     1.6156844798
   54      H       1.0210044184    -1.7258028192     1.6156844798
   55      H      -1.1019428336    -2.2418886867    -1.2264806471
   56      H      -1.1019428336    -2.2418886867    -1.2264806471
 ----------------------------------------------------------------
 Molecular Point Group                 C1    NOp =  1
 Largest Abelian Subgroup              C1    NOp =  1
 Nuclear Repulsion Energy =              NaN hartrees
 There are      113 alpha and      113 beta electrons
 Requested basis set is STO-3G
 There are 86 shells and 176 basis functions

 Total QAlloc Memory Limit   4000 MB
 Mega-Array Size       392 MB
 MEM_STATIC part       400 MB
 A cutoff of  1.0D-12 yielded   3072 shell pairs
 There are     14418 function pairs
 
 -------------------------------------------------------
 OpenMP Integral Computing Module                       
 Release: version 1.0, May 2013, Q-Chem Inc. Pittsburgh 
 -------------------------------------------------------
 Integral Job Info:
 Integral job number is                      11
 Integral operator is                         1
 short-range coefficients                     0
 long-range coefficients              100000000
 Omega coefficients                           0
 if combine SR and LR in K                    0
 Integral screening is                        0
 Integral computing path is                   2
 max size of driver memory is            800000
 size of driver memory is                 45569
 size of scratch memory is              1046100
 max col of scratch BK array                289
 max len of scratch array in speh3           22
 max len of scratch index in speh4            8
 max int batch size is                      520
 min int batch size is                       52
 fixed nKL is                                52
 max L of basis functions is                  1
 order of int derivative is                   0
 number of shells is                         86
 number of basis is                         176
 number of cartesian basis is               176
 number of contracted shell pairs          3072
 number of primitive shell pairs          16009
 maxK2 (contraction) of shell pair            9
 max number of K2 of shell pair               1
 max number of CS2 of shell pair            497
 max number of PS2 of shell pair           2106
 mem total for path MDJ                   77674
 -------------------------------------------------------
 Smallest overlap matrix eigenvalue = -1.17E-16

 Q-Chem fatal error occurred in module /opt/software/qchem/qchem-5.0.1/stvman/mkSTV.C, line 276:

 Negative overlap matrix eigenvalue.

