mFile = /opt/software/qchem/qchem-5.0.1//bin/mpi/machines
Process 0 of 1 is on vega02.cac.cornell.edu - thread support 0
initial socket setup ...start
initial socket setup ...done 
now start server 0 ... 
vega02.cac.cornell.edu 10.84.3
Q-Chem Developer Version! Running on 10.84.3.*
                  Welcome to Q-Chem
     A Quantum Leap Into The Future Of Chemistry


 Q-Chem 5.0, Q-Chem, Inc., Pleasanton, CA (2017)

 Yihan Shao,  Zhengting Gan,  E. Epifanovsky,  A. T. B. Gilbert,  M. Wormit,  
 J. Kussmann,  A. W. Lange,  A. Behn,  Jia Deng,  Xintian Feng,  D. Ghosh,  
 M. Goldey,  P. R. Horn,  L. D. Jacobson,  I. Kaliman,  T. Kus,  A. Landau,  
 Jie Liu,  E. I. Proynov,  R. M. Richard,  R. P. Steele,  E. J. Sundstrom,  
 H. L. Woodcock III,  P. M. Zimmerman,  D. Zuev,  B. Albrecht,  E. Alguire,  
 S. A. Baeppler,  Z. Benda,  Y. A. Bernard,  E. J. Berquist,  K. B. Bravaya,  
 D. Casanova,  Chun-Min Chang,  Yunqing Chen,  A. Chien,  K. D. Closser,  
 M. P. Coons,  S. Dasgupta,  M. Diedenhofen,  Hainam Do,  R. G. Edgar,  
 Po-Tung Fang,  S. Fatehi,  Qingguo Feng,  Qinghui Ge,  A. Ghysels,  
 J. Gomes,  J. Gonthier,  A. Gunina,  M. W. D. Hanson-Heine,  
 P. H. P. Harbach,  A. W. Hauser,  J. E. Herr,  E. G. Hohenstein,  
 Z. C. Holden,  Kerwin Hui,  T.-C. Jagau,  Hyunjun Ji,  B. Kaduk,  
 K. Khistyaev,  Jaehoon Kim,  P. Klunzinger,  K. Koh,  D. Kosenkov,  
 T. Kowalczyk,  C. M. Krauter,  A. Kunitsa,  Ka Un Lao,  A. Laurent,  
 K. V. Lawler,  Joonho Lee,  D. Lefrancois,  S. Lehtola,  D. S. Levine,  
 Yi-Pei Li,  You-Sheng Lin,  Fenglai Liu,  E. Livshits,  A. Luenser,  
 P. Manohar,  E. Mansoor,  S. F. Manzer,  Shan-Ping Mao,  Yuezhi Mao,  
 N. Mardirossian,  A. V. Marenich,  L. A. Martinez-Martinez,  S. A. Maurer,  
 N. J. Mayhall,  S. C. McKenzie,  J.-M. Mewes,  A. F. Morrison,  K. Nanda,  
 T. S. Nguyen-Beck,  R. Olivares-Amaya,  J. A. Parkhill,  T. M. Perrine,  
 F. Plasser,  S. Prager,  A. Prociuk,  D. R. Rehn,  F. Rob,  M. Schneider,  
 N. Sergueev,  S. M. Sharada,  S. Sharma,  D. W. Small,  T. Stauch,  
 T. Stein,  Yu-Chuan Su,  A. J. W. Thom,  T. Tsuchimochi,  L. Vogt,  
 O. Vydrov,  M. A. Watson,  J. Wenzel,  M. de Wergifosse,  T. A. Wesolowski,  
 A. White,  J. Witte,  A. Yamada,  Jun Yang,  K. Yao,  S. Yeganeh,  
 S. R. Yost,  Zhi-Qiang You,  A. Zech,  Igor Ying Zhang,  Xing Zhang,  
 Yan Zhao,  Ying Zhu,  B. R. Brooks,  G. K. L. Chan,  C. J. Cramer,  
 M. S. Gordon,  W. J. Hehre,  A. Klamt,  M. W. Schmidt,  C. D. Sherrill,  
 D. G. Truhlar,  A. Aspuru-Guzik,  R. Baer,  A. T. Bell,  N. A. Besley,  
 Jeng-Da Chai,  A. Dreuw,  B. D. Dunietz,  T. R. Furlani,  Chao-Ping Hsu,  
 Yousung Jung,  Jing Kong,  D. S. Lambrecht,  WanZhen Liang,  C. Ochsenfeld,  
 V. A. Rassolov,  L. V. Slipchenko,  J. E. Subotnik,  T. Van Voorhis,  
 J. M. Herbert,  A. I. Krylov,  P. M. W. Gill,  M. Head-Gordon

 Contributors to earlier versions of Q-Chem not listed above: 
 R. D. Adamson,  B. Austin,  J. Baker,  G. J. O. Beran,  K. Brandhorst,  
 S. T. Brown,  E. F. C. Byrd,  A. K. Chakraborty,  C.-L. Cheng,  
 Siu Hung Chien,  D. M. Chipman,  D. L. Crittenden,  H. Dachsel,  
 R. A. DiStasio Jr.,  R. J. Doerksen,  A. D. Dutoi,  L. Fusti-Molnar,  
 W. A. Goddard III,  A. Golubeva-Zadorozhnaya,  S. R. Gwaltney,  G. Hawkins,  
 A. Heyden,  S. Hirata,  G. Kedziora,  F. J. Keil,  C. Kelley,  Jihan Kim,  
 R. A. King,  R. Z. Khaliullin,  P. P. Korambath,  W. Kurlancheek,  
 A. M. Lee,  M. S. Lee,  S. V. Levchenko,  Ching Yeh Lin,  D. Liotard,  
 R. C. Lochan,  I. Lotan,  P. E. Maslen,  N. Nair,  D. P. O'Neill,  
 D. Neuhauser,  E. Neuscamman,  C. M. Oana,  R. Olson,  B. Peters,  
 R. Peverati,  P. A. Pieniazek,  Y. M. Rhee,  J. Ritchie,  M. A. Rohrdanz,  
 E. Rosta,  N. J. Russ,  H. F. Schaefer III,  N. E. Schultz,  N. Shenvi,  
 A. C. Simmonett,  A. Sodt,  D. Stuck,  K. S. Thanthiriwatte,  V. Vanovschi,  
 Tao Wang,  A. Warshel,  C. F. Williams,  Q. Wu,  X. Xu,  W. Zhang

 Please cite Q-Chem as follows:
 Y. Shao et al., Mol. Phys. 113, 184-215 (2015)
 DOI: 10.1080/00268976.2014.952696

 Q-Chem 5.0.1 for Intel X86 EM64T Linux

 Parts of Q-Chem use Armadillo 5.200.1 (Boston Tea Smuggler).
 http://arma.sourceforge.net/

 Q-Chem begins on Wed Jan 17 10:34:18 2018  

Host: vega02.cac.cornell.edu
0

     Scratch files written to /scratch/jj585/SOT1001/1472c.save//
 Parallel job on  1  processors

Checking the input file for inconsistencies... 	...done.

--------------------------------------------------------------
User input:
--------------------------------------------------------------
$molecule
0  1
O -3.94934 -3.66094 2.70899
C -3.26408 -4.56952 2.26188
C -3.36658 -6.02376 2.66595
C -2.47699 -6.49443 3.82826
C -1.71569 -5.42007 4.57275
O -1.12103 -4.57154 3.68292
C -0.23809 -3.63184 4.30472
C -0.92254 -2.9801 5.50175
O -0.03127 -2.04109 6.12368
C -0.62634 -1.08379 6.87773
C 0.36477 -0.1643 7.55071
C 1.83184 -0.60594 7.44614
C 2.12896 -1.6713 6.41008
O 2.53168 -1.46312 5.27472
O -2.32841 -4.27978 1.31855
O 2.30482 -2.91549 6.94269
O -1.83641 -0.90434 6.93705
C 2.83409 -4.02106 6.30423
C 0.42119 1.2456 6.94322
C 0.95416 2.22704 7.985
C 2.40516 1.79583 8.06243
C 2.43588 0.73106 6.95853
O 1.48291 1.18214 6.02472
H 0.05172 -0.10995 8.618
H 2.27568 -0.92107 8.41714
H -0.55634 1.59266 6.54295
H 0.90828 3.24219 7.52922
H 0.41022 2.23594 8.95402
H 3.04318 2.66515 7.78806
H 2.72694 1.37972 9.0416
H 3.47311 0.6076 6.57526
O -1.19102 -5.72996 5.63827
C -2.08685 -3.01361 0.82786
C -4.75989 -6.33645 3.26043
C -5.05888 -7.83076 3.1471
C -4.12103 -8.38341 4.19659
C -3.5495 -7.08175 4.76758
O -4.6032 -6.16114 4.64555
H -3.26249 -6.63144 1.73893
H -1.73223 -7.25631 3.5071
H -1.77057 -2.33793 1.65121
H -5.5803 -5.75473 2.78479
H -6.10625 -7.98347 3.4938
H -4.94363 -8.2629 2.12987
H -4.72718 -8.91236 4.96553
H -3.32133 -9.05451 3.8149
H -3.17571 -7.25727 5.80004
H -3.00094 -2.61067 0.34174
H -1.27379 -3.06425 0.07508
H 2.10089 -4.85212 6.34526
H 3.75127 -4.34186 6.83944
H 3.0964 -3.81936 5.24398
H -1.79777 -2.4497 5.05996
H -1.31089 -3.61711 6.31594
H 0.07377 -2.86882 3.56046
H 0.66883 -4.16456 4.64736
$end

$opt
CONSTRAINT
tors           1           2           3           4     -90.858
tors           3           4           5           6     -46.240
tors           4           5           6           7    -172.251
tors           5           6           7           8     -48.061
tors           6           7           8           9    +179.851
tors           7           8           9          10    +158.263
tors           8           9          10          11    +177.571
tors           9          10          11          12      -9.257
tors          11          12          13          14     +95.964
ENDCONSTRAINT
$end

$rem
JOBTYPE                   OPT
METHOD                    B3LYP
DFT_D                     d3_op
BASIS                     STO-3G
GEOM_OPT_MAX_CYCLES       100
GEOM_OPT_TOL_GRADIENT     300
GEOM_OPT_TOL_DISPLACEMENT 1200
GEOM_OPT_TOL_ENERGY       100
SYMMETRY                  False
THRESH                    12
SCF_CONVERGENCE           8
MAX_SUB_FILE_NUM          128
MEM_STATIC                400
MEM_TOTAL                 4000
$end
--------------------------------------------------------------
 Adding empirical dispersion correction 
 ----------------------------------------------------------------
 Doing -D3(op) with
 s6 =   1.00000
 s8 =   0.78311
 a1 =   0.30000
 a2 =   4.25000
 n  =  10.00000
 -D3 energy without 3body term =     -0.0691723054 hartrees
 ----------------------------------------------------------------
             Standard Nuclear Orientation (Angstroms)
    I     Atom           X                Y                Z
 ----------------------------------------------------------------
    1      O       3.1007297497     2.3637262627    -0.1959307088
    2      C       3.5397939542     1.6264147075     0.6750460595
    3      C       4.4602834117     0.4485417516     0.4428667085
    4      C       3.8029060926    -0.9214588348     0.2087329717
    5      C       2.2980105519    -0.9301272227     0.0560675521
    6      O       1.7281917578    -0.1631864276     1.0320437117
    7      C       0.3004038029    -0.2615226904     1.0637597817
    8      C      -0.2692414076    -0.0952884018    -0.3412271030
    9      O      -1.7013433334    -0.1982457382    -0.3040413683
   10      C      -2.3540648014     0.3690319208    -1.3486818519
   11      C      -3.8504979463     0.1770131145    -1.2817520872
   12      C      -4.3304502495    -0.7943134582    -0.1934296923
   13      C      -3.3139707851    -1.1445396872     0.8746544030
   14      O      -3.2185631173    -0.6037218980     1.9668897880
   15      O       3.1936941653     1.8637227636     1.9685679681
   16      O      -2.7544585415    -2.3785258153     0.7108460009
   17      O      -1.8160509310     1.0549560255    -2.2089374928
   18      C      -2.0072909491    -3.0776371749     1.6398383717
   19      C      -4.6286571418     1.4524522998    -0.9243049199
   20      C      -6.0612757836     1.3353521585    -1.4405204243
   21      C      -6.6151925463     0.2842779303    -0.4993734348
   22      C      -5.4190338590     0.1000184916     0.4432436324
   23      O      -4.8067347049     1.3681451208     0.4671329914
   24      H      -4.1546775594    -0.1884853331    -2.2887018460
   25      H      -4.7642949736    -1.7379346365    -0.5940538176
   26      H      -4.1506928378     2.3816231261    -1.3043355991
   27      H      -6.5646020308     2.3055421363    -1.2265952009
   28      H      -6.1607409107     1.1021282679    -2.5224922351
   29      H      -7.4805724244     0.7236661348     0.0447968987
   30      H      -6.9113186682    -0.6745940512    -0.9772203063
   31      H      -5.7633738711    -0.2933668426     1.4254158537
   32      O       1.7750418563    -1.9588657406    -0.3620760795
   33      C       2.3632081050     2.8872463947     2.3747780847
   34      C       5.2286969302     0.6007083087    -0.8908799939
   35      C       6.5048941929    -0.2393983375    -0.8636319710
   36      C       5.9250296080    -1.6315036156    -0.9741483180
   37      C       4.4394930180    -1.2979707603    -1.1442416774
   38      O       4.4387825313    -0.0754431921    -1.8357065161
   39      H       5.2172006253     0.4559469529     1.2592595586
   40      H       4.0517143887    -1.6508976827     1.0114070878
   41      H       1.3616193217     2.7760412808     1.9068731209
   42      H       5.4822194103     1.6565482667    -1.1330214217
   43      H       7.0658757427    -0.0151774168    -1.7993294812
   44      H       7.1686338836    -0.0676158915     0.0108534944
   45      H       6.3253099164    -2.1062425314    -1.8976597068
   46      H       6.1033970734    -2.2927262646    -0.0986186430
   47      H       3.9211041576    -2.1417459616    -1.6500245214
   48      H       2.8011462250     3.8692684466     2.0953559689
   49      H       2.2488401455     2.8470116720     3.4773250626
   50      H      -1.0176546822    -3.3220842142     1.2030407885
   51      H      -2.5256078902    -4.0293063464     1.8770194698
   52      H      -1.8585052401    -2.5119012827     2.5839915381
   53      H       0.0378019447     0.9337911436    -0.6399741300
   54      H       0.0645989177    -0.7756439298    -1.1444517363
   55      H      -0.1081996377     0.5078959818     1.7525393276
   56      H       0.0181983297    -1.2560132782     1.4575175701
 ----------------------------------------------------------------
 Molecular Point Group                 C1    NOp =  1
 Largest Abelian Subgroup              C1    NOp =  1
 Nuclear Repulsion Energy =  3211.6756593191 hartrees
 There are      113 alpha and      113 beta electrons
 Requested basis set is STO-3G
 There are 86 shells and 176 basis functions

 Total QAlloc Memory Limit   4000 MB
 Mega-Array Size       392 MB
 MEM_STATIC part       400 MB
 A cutoff of  1.0D-12 yielded   2136 shell pairs
 There are     10119 function pairs
 
 -------------------------------------------------------
 OpenMP Integral Computing Module                       
 Release: version 1.0, May 2013, Q-Chem Inc. Pittsburgh 
 -------------------------------------------------------
 Integral Job Info:
 Integral job number is                      11
 Integral operator is                         1
 short-range coefficients                     0
 long-range coefficients              100000000
 Omega coefficients                           0
 if combine SR and LR in K                    0
 Integral screening is                        0
 Integral computing path is                   2
 max size of driver memory is            800000
 size of driver memory is                 45569
 size of scratch memory is              1046100
 max col of scratch BK array                289
 max len of scratch array in speh3           22
 max len of scratch index in speh4            8
 max int batch size is                      520
 min int batch size is                       52
 fixed nKL is                                52
 max L of basis functions is                  1
 order of int derivative is                   0
 number of shells is                         86
 number of basis is                         176
 number of cartesian basis is               176
 number of contracted shell pairs          2136
 number of primitive shell pairs          11123
 maxK2 (contraction) of shell pair            9
 max number of K2 of shell pair               1
 max number of CS2 of shell pair            291
 max number of PS2 of shell pair           1248
 mem total for path MDJ                   52138
 -------------------------------------------------------
 Smallest overlap matrix eigenvalue = 1.93E-01

 Scale SEOQF with 1.000000e-02/1.000000e-01/1.000000e-01

 Standard Electronic Orientation quadrupole field applied
 Nucleus-field energy     =     0.0000000099 hartrees
 Guess from superposition of atomic densities
 Warning:  Energy on first SCF cycle will be non-variational
 A restricted hybrid HF-DFT SCF calculation will be
 performed using Pulay DIIS extrapolation
 Exchange:     0.2000 Hartree-Fock + 0.0800 Slater + 0.7200 B88
 Correlation:  0.1900 VWN1RPA + 0.8100 LYP
 Using SG-1 standard quadrature grid
 Dispersion:   Grimme D3
 SCF converges when DIIS error is below 1.0E-08
 using 48 threads for integral computing
 -------------------------------------------------------
 OpenMP Integral computing Module                
 Release: version 1.0, May 2013, Q-Chem Inc. Pittsburgh 
 -------------------------------------------------------
 -------------------------------------------------------
 OpenMP BLAS3 based DFT computing Module                
 Release: version 1.0, May 2013, Q-Chem Inc. Pittsburgh 
 -------------------------------------------------------
 ---------------------------------------
  Cycle       Energy         DIIS Error
 ---------------------------------------
    1   -1509.4806430325      8.30E-02
    2   -1509.5717207696      1.06E-02
    3   -1507.3183130391      2.67E-02
    4   -1510.0705574863      3.68E-03
    5   -1510.1231955603      1.30E-03
    6   -1510.1303851102      2.61E-04
    7   -1510.1306708804      7.76E-05
    8   -1510.1306914358      3.86E-05
    9   -1510.1306978362      8.06E-06
   10   -1510.1306980882      2.87E-06
   11   -1510.1306981170      1.32E-06
   12   -1510.1306981246      1.74E-07
   13   -1510.1306981247      5.50E-08
   14   -1510.1306981247      2.05E-08
   15   -1510.1306981246      1.12E-08
   16   -1510.1306981246      2.70E-09 Convergence criterion met
 ---------------------------------------
 SCF time:  CPU 115.59 s  wall 2.46 s
 SCF   energy in the final basis set = -1510.13069812
 Total energy in the final basis set = -1510.13069812
 
 --------------------------------------------------------------
 
                    Orbital Energies (a.u.)
 --------------------------------------------------------------
 
 Alpha MOs
 -- Occupied --
-18.963 -18.962 -18.925 -18.908 -18.898 -18.897 -18.878 -18.868
-18.850 -18.833 -10.119 -10.116 -10.107 -10.105 -10.096 -10.088
-10.079 -10.072 -10.069 -10.066 -10.065 -10.064 -10.043 -10.038
-10.037 -10.034 -10.016 -10.016 -10.015 -10.015  -1.063  -1.054
 -1.037  -1.027  -1.025  -1.020  -0.966  -0.958  -0.942  -0.931
 -0.786  -0.782  -0.752  -0.742  -0.730  -0.722  -0.717  -0.679
 -0.676  -0.641  -0.606  -0.600  -0.557  -0.554  -0.538  -0.536
 -0.526  -0.522  -0.509  -0.493  -0.482  -0.478  -0.475  -0.465
 -0.459  -0.445  -0.443  -0.428  -0.426  -0.420  -0.419  -0.416
 -0.405  -0.401  -0.394  -0.388  -0.380  -0.374  -0.367  -0.361
 -0.358  -0.349  -0.346  -0.341  -0.332  -0.329  -0.324  -0.317
 -0.312  -0.308  -0.307  -0.305  -0.298  -0.298  -0.293  -0.277
 -0.275  -0.257  -0.237  -0.235  -0.233  -0.221  -0.209  -0.197
 -0.186  -0.167  -0.161  -0.155  -0.153  -0.152  -0.150  -0.137
 -0.129
 -- Virtual --
  0.076   0.109   0.121   0.133   0.217   0.247   0.253   0.292
  0.298   0.312   0.328   0.332   0.334   0.341   0.343   0.354
  0.359   0.374   0.382   0.383   0.389   0.393   0.395   0.399
  0.403   0.405   0.407   0.411   0.417   0.418   0.420   0.427
  0.430   0.432   0.436   0.443   0.446   0.450   0.451   0.457
  0.463   0.469   0.470   0.473   0.481   0.485   0.489   0.489
  0.490   0.498   0.509   0.514   0.522   0.548   0.550   0.562
  0.565   0.581   0.581   0.661   0.685   0.695   0.703
 --------------------------------------------------------------
 
          Ground-State Mulliken Net Atomic Charges

     Atom                 Charge (a.u.)
  ----------------------------------------
      1 O                    -0.240361
      2 C                     0.239321
      3 C                    -0.084350
      4 C                    -0.077586
      5 C                     0.230986
      6 O                    -0.178289
      7 C                    -0.036570
      8 C                    -0.042204
      9 O                    -0.180885
     10 C                     0.236123
     11 C                    -0.083915
     12 C                    -0.083556
     13 C                     0.252449
     14 O                    -0.253250
     15 O                    -0.210973
     16 O                    -0.222457
     17 O                    -0.228433
     18 C                    -0.104027
     19 C                     0.038900
     20 C                    -0.140996
     21 C                    -0.144674
     22 C                     0.043114
     23 O                    -0.207864
     24 H                     0.088880
     25 H                     0.086217
     26 H                     0.088256
     27 H                     0.075709
     28 H                     0.073215
     29 H                     0.076274
     30 H                     0.071541
     31 H                     0.086230
     32 O                    -0.224265
     33 C                    -0.096953
     34 C                     0.042155
     35 C                    -0.143160
     36 C                    -0.144032
     37 C                     0.038857
     38 O                    -0.210979
     39 H                     0.085254
     40 H                     0.091295
     41 H                     0.083340
     42 H                     0.086755
     43 H                     0.075688
     44 H                     0.071564
     45 H                     0.075531
     46 H                     0.070916
     47 H                     0.089861
     48 H                     0.085275
     49 H                     0.093018
     50 H                     0.083879
     51 H                     0.083728
     52 H                     0.087785
     53 H                     0.097976
     54 H                     0.109082
     55 H                     0.106233
     56 H                     0.094371
  ----------------------------------------
  Sum of atomic charges =    -0.000000

 -----------------------------------------------------------------
                    Cartesian Multipole Moments
 -----------------------------------------------------------------
    Charge (ESU x 10^10)
                 0.0000
    Dipole Moment (Debye)
         X       0.5985      Y      -1.7200      Z       1.3373
       Tot       2.2594
    Quadrupole Moments (Debye-Ang)
        XX    -138.9665     XY       1.0563     YY    -159.1103
        XZ      12.1629     YZ       2.0411     ZZ    -165.6696
    Octopole Moments (Debye-Ang^2)
       XXX      10.6132    XXY     -22.6385    XYY       1.1987
       YYY       7.2088    XXZ     -21.9302    XYZ      16.6961
       YYZ      27.3545    XZZ       0.6205    YZZ      -6.7031
       ZZZ      19.5011
    Hexadecapole Moments (Debye-Ang^3)
      XXXX  -14606.2346   XXXY      72.1697   XXYY   -2912.4164
      XYYY      80.4132   YYYY   -2058.4268   XXXZ     108.7637
      XXYZ     -16.3823   XYYZ      11.8236   YYYZ      -0.3506
      XXZZ   -2893.2022   XYZZ      42.0410   YYZZ    -562.7078
      XZZZ       2.3998   YZZZ      40.5970   ZZZZ   -1551.9541
 -----------------------------------------------------------------
 Calculating analytic gradient of the SCF energy
 Gradient of SCF Energy
            1           2           3           4           5           6
    1   0.0189555   0.0200878  -0.0368920  -0.0234656  -0.0263246  -0.0098805
    2  -0.0361483  -0.0149841  -0.0021144   0.0019254   0.0371862  -0.0606936
    3   0.0590246   0.0100857  -0.0389380  -0.0204581  -0.0289567  -0.0299569
            7           8           9          10          11          12
    1   0.0249948  -0.0011883   0.0048740   0.0152051   0.0037251   0.0227599
    2   0.0305083  -0.0382558   0.0266669  -0.0196772   0.0372725   0.0299911
    3  -0.0161384   0.0331250  -0.0522486   0.0154311   0.0343939   0.0247787
           13          14          15          16          17          18
    1  -0.0013935  -0.0045199  -0.0590929   0.0239369  -0.0311007  -0.0243293
    2   0.0075872  -0.0460918   0.0820366   0.0395009  -0.0275918   0.0076603
    3  -0.0357271  -0.0556762  -0.0703027   0.1032934   0.0407898  -0.0447759
           19          20          21          22          23          24
    1  -0.0195839   0.0257774   0.0410333   0.0326878  -0.0208209  -0.0011551
    2  -0.0399836  -0.0268800   0.0218593   0.0508748  -0.0522720  -0.0029629
    3   0.0533431   0.0379704   0.0016042  -0.0434793  -0.0660700  -0.0054962
           25          26          27          28          29          30
    1  -0.0055723  -0.0040207  -0.0030596  -0.0023819  -0.0050041   0.0007853
    2  -0.0065112   0.0013733   0.0066401  -0.0018924   0.0121133  -0.0086419
    3   0.0014724  -0.0117556   0.0087423  -0.0078260   0.0013388  -0.0017169
           31          32          33          34          35          36
    1  -0.0093154   0.0390169   0.0341247  -0.0332239  -0.0499335  -0.0229851
    2  -0.0104436   0.0402691  -0.0453459  -0.0652305  -0.0148848   0.0445450
    3  -0.0026694   0.0458556   0.0083952  -0.0156093  -0.0014842  -0.0016888
           37          38          39          40          41          42
    1   0.0152547   0.0369272   0.0091463   0.0019754   0.0044916   0.0127928
    2   0.0714012  -0.0260769   0.0077743  -0.0044780  -0.0078195   0.0027320
    3   0.0018824   0.0738260  -0.0005131   0.0032000  -0.0005243   0.0063232
           43          44          45          46          47          48
    1  -0.0007646   0.0058225   0.0062965  -0.0016423   0.0080011   0.0066513
    2  -0.0014330   0.0003375   0.0041553  -0.0046459  -0.0108457  -0.0066842
    3  -0.0115232   0.0058583  -0.0107054   0.0072958   0.0032102  -0.0003712
           49          50          51          52          53          54
    1  -0.0020177  -0.0036373  -0.0003347  -0.0012245   0.0030991  -0.0132595
    2   0.0026814   0.0015481   0.0030314  -0.0004586  -0.0003106   0.0088181
    3   0.0006666  -0.0011517  -0.0024345  -0.0031922   0.0085871  -0.0081050
           55          56
    1  -0.0034079   0.0031096
    2  -0.0010643   0.0039333
    3   0.0029666  -0.0039653
 Max gradient component =       1.033E-01
 RMS gradient           =       2.771E-02
 Gradient time:  CPU 32.36 s  wall 0.70 s
 Geometry Optimization Parameters
   NAtoms,    NIC,     NZ,  NCons,   NDum,   NFix, NCnnct, MaxDiis
       56     458       0       9       0       0       0       0

